[0.032s] Invoking command in '/home/saul/bumperbot_ws/build/bumperbot_controller': CMAKE_PREFIX_PATH=/opt/ros/humble /usr/bin/cmake --build /home/saul/bumperbot_ws/build/bumperbot_controller -- -j8 -l8
[0.080s] -- Found ament_cmake: 1.3.12 (/opt/ros/humble/share/ament_cmake/cmake)
[0.292s] -- Found ament_lint_auto: 0.12.14 (/opt/ros/humble/share/ament_lint_auto/cmake)
[0.401s] -- Added test 'lint_cmake' to check CMake code style
[0.403s] -- Added test 'xmllint' to check XML markup files
[0.406s] -- Configuring done
[0.415s] -- Generating done
[0.419s] -- Build files have been written to: /home/saul/bumperbot_ws/build/bumperbot_controller
[0.461s] Invoked command in '/home/saul/bumperbot_ws/build/bumperbot_controller' returned '0': CMAKE_PREFIX_PATH=/opt/ros/humble /usr/bin/cmake --build /home/saul/bumperbot_ws/build/bumperbot_controller -- -j8 -l8
[0.479s] Invoking command in '/home/saul/bumperbot_ws/build/bumperbot_controller': CMAKE_PREFIX_PATH=/opt/ros/humble /usr/bin/cmake --install /home/saul/bumperbot_ws/build/bumperbot_controller
[0.490s] -- Install configuration: ""
[0.490s] -- Installing: /home/saul/bumperbot_ws/install/bumperbot_controller/share/bumperbot_controller/config
[0.490s] -- Installing: /home/saul/bumperbot_ws/install/bumperbot_controller/share/bumperbot_controller/config/bumperbot_controller.yaml
[0.491s] -- Up-to-date: /home/saul/bumperbot_ws/install/bumperbot_controller/share/ament_index/resource_index/package_run_dependencies/bumperbot_controller
[0.491s] -- Up-to-date: /home/saul/bumperbot_ws/install/bumperbot_controller/share/ament_index/resource_index/parent_prefix_path/bumperbot_controller
[0.491s] -- Up-to-date: /home/saul/bumperbot_ws/install/bumperbot_controller/share/bumperbot_controller/environment/ament_prefix_path.sh
[0.491s] -- Installing: /home/saul/bumperbot_ws/install/bumperbot_controller/share/bumperbot_controller/environment/ament_prefix_path.dsv
[0.491s] -- Up-to-date: /home/saul/bumperbot_ws/install/bumperbot_controller/share/bumperbot_controller/environment/path.sh
[0.491s] -- Installing: /home/saul/bumperbot_ws/install/bumperbot_controller/share/bumperbot_controller/environment/path.dsv
[0.491s] -- Up-to-date: /home/saul/bumperbot_ws/install/bumperbot_controller/share/bumperbot_controller/local_setup.bash
[0.492s] -- Up-to-date: /home/saul/bumperbot_ws/install/bumperbot_controller/share/bumperbot_controller/local_setup.sh
[0.492s] -- Up-to-date: /home/saul/bumperbot_ws/install/bumperbot_controller/share/bumperbot_controller/local_setup.zsh
[0.492s] -- Installing: /home/saul/bumperbot_ws/install/bumperbot_controller/share/bumperbot_controller/local_setup.dsv
[0.492s] -- Installing: /home/saul/bumperbot_ws/install/bumperbot_controller/share/bumperbot_controller/package.dsv
[0.492s] -- Up-to-date: /home/saul/bumperbot_ws/install/bumperbot_controller/share/ament_index/resource_index/packages/bumperbot_controller
[0.492s] -- Up-to-date: /home/saul/bumperbot_ws/install/bumperbot_controller/share/bumperbot_controller/cmake/bumperbot_controllerConfig.cmake
[0.492s] -- Up-to-date: /home/saul/bumperbot_ws/install/bumperbot_controller/share/bumperbot_controller/cmake/bumperbot_controllerConfig-version.cmake
[0.492s] -- Up-to-date: /home/saul/bumperbot_ws/install/bumperbot_controller/share/bumperbot_controller/package.xml
[0.495s] Invoked command in '/home/saul/bumperbot_ws/build/bumperbot_controller' returned '0': CMAKE_PREFIX_PATH=/opt/ros/humble /usr/bin/cmake --install /home/saul/bumperbot_ws/build/bumperbot_controller
