[0.034s] Invoking command in '/home/saul/bumperbot_ws/build/bumperbot_description': CMAKE_PREFIX_PATH=/opt/ros/humble /usr/bin/cmake /home/saul/bumperbot_ws/src/bumperbot_description -DCMAKE_INSTALL_PREFIX=/home/saul/bumperbot_ws/install/bumperbot_description
[0.249s] -- Found ament_cmake: 1.3.12 (/opt/ros/humble/share/ament_cmake/cmake)
[0.579s] -- Override CMake install command with custom implementation using symlinks instead of copying resources
[0.663s] -- Found ament_lint_auto: 0.12.14 (/opt/ros/humble/share/ament_lint_auto/cmake)
[0.902s] -- Added test 'flake8' to check Python code syntax and style conventions
[0.905s] -- Added test 'lint_cmake' to check CMake code style
[0.908s] -- Added test 'pep257' to check Python code against some of the docstring style conventions in PEP 257
[0.915s] -- Added test 'xmllint' to check XML markup files
[0.938s] -- Configuring done
[0.985s] -- Generating done
[0.990s] -- Build files have been written to: /home/saul/bumperbot_ws/build/bumperbot_description
[1.001s] Invoked command in '/home/saul/bumperbot_ws/build/bumperbot_description' returned '0': CMAKE_PREFIX_PATH=/opt/ros/humble /usr/bin/cmake /home/saul/bumperbot_ws/src/bumperbot_description -DCMAKE_INSTALL_PREFIX=/home/saul/bumperbot_ws/install/bumperbot_description
[1.006s] Invoking command in '/home/saul/bumperbot_ws/build/bumperbot_description': CMAKE_PREFIX_PATH=/opt/ros/humble /usr/bin/cmake --build /home/saul/bumperbot_ws/build/bumperbot_description -- -j8 -l8
[1.081s] Invoked command in '/home/saul/bumperbot_ws/build/bumperbot_description' returned '0': CMAKE_PREFIX_PATH=/opt/ros/humble /usr/bin/cmake --build /home/saul/bumperbot_ws/build/bumperbot_description -- -j8 -l8
[1.097s] Invoking command in '/home/saul/bumperbot_ws/build/bumperbot_description': CMAKE_PREFIX_PATH=/opt/ros/humble /usr/bin/cmake --install /home/saul/bumperbot_ws/build/bumperbot_description
[1.110s] -- Install configuration: ""
[1.110s] -- Execute custom install script
[1.111s] -- Up-to-date symlink: /home/saul/bumperbot_ws/install/bumperbot_description/share/bumperbot_description/meshes/casterwheel.STL
[1.111s] -- Up-to-date symlink: /home/saul/bumperbot_ws/install/bumperbot_description/share/bumperbot_description/meshes/imu_link.STL
[1.111s] -- Up-to-date symlink: /home/saul/bumperbot_ws/install/bumperbot_description/share/bumperbot_description/meshes/sasi.STL
[1.111s] -- Up-to-date symlink: /home/saul/bumperbot_ws/install/bumperbot_description/share/bumperbot_description/meshes/wheel_left_link.STL
[1.112s] -- Up-to-date symlink: /home/saul/bumperbot_ws/install/bumperbot_description/share/bumperbot_description/meshes/wheel_right_link.STL
[1.112s] -- Up-to-date symlink: /home/saul/bumperbot_ws/install/bumperbot_description/share/bumperbot_description/urdf/bumperbot.xacro
[1.112s] -- Up-to-date symlink: /home/saul/bumperbot_ws/install/bumperbot_description/share/bumperbot_description/urdf/bumperbot_gazebo.xacro
[1.112s] -- Symlinking: /home/saul/bumperbot_ws/install/bumperbot_description/share/bumperbot_description/urdf/bumperbot_ros2_control.xacro
[1.126s] -- Up-to-date symlink: /home/saul/bumperbot_ws/install/bumperbot_description/share/bumperbot_description/launch/display.launch.py
[1.127s] -- Up-to-date symlink: /home/saul/bumperbot_ws/install/bumperbot_description/share/bumperbot_description/launch/gazebo.launch.py
[1.127s] -- Up-to-date symlink: /home/saul/bumperbot_ws/install/bumperbot_description/share/ament_index/resource_index/package_run_dependencies/bumperbot_description
[1.127s] -- Up-to-date symlink: /home/saul/bumperbot_ws/install/bumperbot_description/share/ament_index/resource_index/parent_prefix_path/bumperbot_description
[1.128s] -- Up-to-date symlink: /home/saul/bumperbot_ws/install/bumperbot_description/share/bumperbot_description/environment/ament_prefix_path.sh
[1.128s] -- Up-to-date symlink: /home/saul/bumperbot_ws/install/bumperbot_description/share/bumperbot_description/environment/ament_prefix_path.dsv
[1.128s] -- Up-to-date symlink: /home/saul/bumperbot_ws/install/bumperbot_description/share/bumperbot_description/environment/path.sh
[1.128s] -- Up-to-date symlink: /home/saul/bumperbot_ws/install/bumperbot_description/share/bumperbot_description/environment/path.dsv
[1.129s] -- Up-to-date symlink: /home/saul/bumperbot_ws/install/bumperbot_description/share/bumperbot_description/local_setup.bash
[1.129s] -- Up-to-date symlink: /home/saul/bumperbot_ws/install/bumperbot_description/share/bumperbot_description/local_setup.sh
[1.129s] -- Up-to-date symlink: /home/saul/bumperbot_ws/install/bumperbot_description/share/bumperbot_description/local_setup.zsh
[1.129s] -- Up-to-date symlink: /home/saul/bumperbot_ws/install/bumperbot_description/share/bumperbot_description/local_setup.dsv
[1.129s] -- Symlinking: /home/saul/bumperbot_ws/install/bumperbot_description/share/bumperbot_description/package.dsv
[1.144s] -- Up-to-date symlink: /home/saul/bumperbot_ws/install/bumperbot_description/share/ament_index/resource_index/packages/bumperbot_description
[1.145s] -- Up-to-date symlink: /home/saul/bumperbot_ws/install/bumperbot_description/share/bumperbot_description/cmake/bumperbot_descriptionConfig.cmake
[1.145s] -- Up-to-date symlink: /home/saul/bumperbot_ws/install/bumperbot_description/share/bumperbot_description/cmake/bumperbot_descriptionConfig-version.cmake
[1.145s] -- Up-to-date symlink: /home/saul/bumperbot_ws/install/bumperbot_description/share/bumperbot_description/package.xml
[1.149s] Invoked command in '/home/saul/bumperbot_ws/build/bumperbot_description' returned '0': CMAKE_PREFIX_PATH=/opt/ros/humble /usr/bin/cmake --install /home/saul/bumperbot_ws/build/bumperbot_description
