[0.043s] Invoking command in '/home/saul/bumperbot_ws/build/bumperbot_bringup': /usr/bin/cmake /home/saul/bumperbot_ws/src/bumperbot_bringup -DCMAKE_INSTALL_PREFIX=/home/saul/bumperbot_ws/install/bumperbot_bringup
[0.069s] -- Found ament_cmake: 1.3.12 (/opt/ros/humble/share/ament_cmake/cmake)
[0.339s] -- Override CMake install command with custom implementation using symlinks instead of copying resources
[0.450s] Error parsing '/home/saul/bumperbot_ws/src/bumperbot_bringup/package.xml':
[0.563s] Traceback (most recent call last):
[0.563s]   File "/opt/ros/humble/share/ament_cmake_core/cmake/core/package_xml_2_cmake.py", line 150, in <module>
[0.563s]     main()
[0.563s]   File "/opt/ros/humble/share/ament_cmake_core/cmake/core/package_xml_2_cmake.py", line 53, in main
[0.564s]     raise e
[0.564s]   File "/opt/ros/humble/share/ament_cmake_core/cmake/core/package_xml_2_cmake.py", line 49, in main
[0.564s]     package = parse_package_string(
[0.564s]   File "/usr/lib/python3/dist-packages/catkin_pkg/package.py", line 788, in parse_package_string
[0.567s]     pkg.validate(warnings=warnings)
[0.568s]   File "/usr/lib/python3/dist-packages/catkin_pkg/package.py", line 330, in validate
[0.568s]     raise InvalidPackage('\n'.join(errors), self.filename)
[0.568s] catkin_pkg.package.InvalidPackage: Error(s) in package '/home/saul/bumperbot_ws/src/bumperbot_bringup/package.xml':
[0.568s] Package 'bumperbot_bringup' must declare at least one maintainer
[0.606s] [31mCMake Error at /opt/ros/humble/share/ament_cmake_core/cmake/core/ament_package_xml.cmake:95 (message):
[0.606s]   execute_process(/usr/bin/python3
[0.606s]   /opt/ros/humble/share/ament_cmake_core/cmake/core/package_xml_2_cmake.py
[0.606s]   /home/saul/bumperbot_ws/src/bumperbot_bringup/package.xml
[0.606s]   /home/saul/bumperbot_ws/build/bumperbot_bringup/ament_cmake_core/package.cmake)
[0.606s]   returned error code 1
[0.607s] Call Stack (most recent call first):
[0.607s]   /opt/ros/humble/share/ament_cmake_core/cmake/core/ament_package_xml.cmake:49 (_ament_package_xml)
[0.607s]   /opt/ros/humble/share/ament_cmake_core/cmake/core/ament_package.cmake:63 (ament_package_xml)
[0.607s]   CMakeLists.txt:15 (ament_package)
[0.607s] 
[0.607s] [0m
[0.608s] -- Configuring incomplete, errors occurred!
[0.608s] See also "/home/saul/bumperbot_ws/build/bumperbot_bringup/CMakeFiles/CMakeOutput.log".
[0.614s] Invoked command in '/home/saul/bumperbot_ws/build/bumperbot_bringup' returned '1': /usr/bin/cmake /home/saul/bumperbot_ws/src/bumperbot_bringup -DCMAKE_INSTALL_PREFIX=/home/saul/bumperbot_ws/install/bumperbot_bringup
