[0.644s] DEBUG:colcon:Command line arguments: ['/usr/bin/colcon', 'build']
[0.644s] DEBUG:colcon:Parsed command line arguments: Namespace(log_base=None, log_level=None, verb_name='build', build_base='build', install_base='install', merge_install=False, symlink_install=False, test_result_base=None, continue_on_error=False, executor='parallel', parallel_workers=8, event_handlers=None, ignore_user_meta=False, metas=['./colcon.meta'], base_paths=['.'], packages_ignore=None, packages_ignore_regex=None, paths=None, packages_up_to=None, packages_up_to_regex=None, packages_above=None, packages_above_and_dependencies=None, packages_above_depth=None, packages_select_by_dep=None, packages_skip_by_dep=None, packages_skip_up_to=None, packages_select_build_failed=False, packages_skip_build_finished=False, packages_select_test_failures=False, packages_skip_test_passed=False, packages_select=None, packages_skip=None, packages_select_regex=None, packages_skip_regex=None, packages_start=None, packages_end=None, allow_overriding=[], cmake_args=None, cmake_target=None, cmake_target_skip_unavailable=False, cmake_clean_cache=False, cmake_clean_first=False, cmake_force_configure=False, ament_cmake_args=None, catkin_cmake_args=None, catkin_skip_building_tests=False, verb_parser=<colcon_defaults.argument_parser.defaults.DefaultArgumentsDecorator object at 0x72a3074648e0>, verb_extension=<colcon_core.verb.build.BuildVerb object at 0x72a3074643d0>, main=<bound method BuildVerb.main of <colcon_core.verb.build.BuildVerb object at 0x72a3074643d0>>)
[1.216s] Level 1:colcon.colcon_core.package_discovery:discover_packages(colcon_meta) check parameters
[1.217s] Level 1:colcon.colcon_core.package_discovery:discover_packages(recursive) check parameters
[1.217s] Level 1:colcon.colcon_core.package_discovery:discover_packages(ignore) check parameters
[1.217s] Level 1:colcon.colcon_core.package_discovery:discover_packages(path) check parameters
[1.217s] Level 1:colcon.colcon_core.package_discovery:discover_packages(colcon_meta) discover
[1.217s] Level 1:colcon.colcon_core.package_discovery:discover_packages(recursive) discover
[1.217s] INFO:colcon.colcon_core.package_discovery:Crawling recursively for packages in '/home/saul/bumperbot_ws'
[1.218s] Level 1:colcon.colcon_core.package_identification:_identify(.) by extensions ['ignore', 'ignore_ament_install']
[1.218s] Level 1:colcon.colcon_core.package_identification:_identify(.) by extension 'ignore'
[1.218s] Level 1:colcon.colcon_core.package_identification:_identify(.) by extension 'ignore_ament_install'
[1.218s] Level 1:colcon.colcon_core.package_identification:_identify(.) by extensions ['colcon_pkg']
[1.218s] Level 1:colcon.colcon_core.package_identification:_identify(.) by extension 'colcon_pkg'
[1.218s] Level 1:colcon.colcon_core.package_identification:_identify(.) by extensions ['colcon_meta']
[1.218s] Level 1:colcon.colcon_core.package_identification:_identify(.) by extension 'colcon_meta'
[1.218s] Level 1:colcon.colcon_core.package_identification:_identify(.) by extensions ['ros']
[1.218s] Level 1:colcon.colcon_core.package_identification:_identify(.) by extension 'ros'
[1.252s] Level 1:colcon.colcon_core.package_identification:_identify(.) by extensions ['cmake', 'python']
[1.252s] Level 1:colcon.colcon_core.package_identification:_identify(.) by extension 'cmake'
[1.252s] Level 1:colcon.colcon_core.package_identification:_identify(.) by extension 'python'
[1.252s] Level 1:colcon.colcon_core.package_identification:_identify(.) by extensions ['python_setup_py']
[1.252s] Level 1:colcon.colcon_core.package_identification:_identify(.) by extension 'python_setup_py'
[1.252s] Level 1:colcon.colcon_core.package_identification:_identify(build) by extensions ['ignore', 'ignore_ament_install']
[1.252s] Level 1:colcon.colcon_core.package_identification:_identify(build) by extension 'ignore'
[1.252s] Level 1:colcon.colcon_core.package_identification:_identify(build) ignored
[1.253s] Level 1:colcon.colcon_core.package_identification:_identify(install) by extensions ['ignore', 'ignore_ament_install']
[1.253s] Level 1:colcon.colcon_core.package_identification:_identify(install) by extension 'ignore'
[1.253s] Level 1:colcon.colcon_core.package_identification:_identify(install) ignored
[1.253s] Level 1:colcon.colcon_core.package_identification:_identify(log) by extensions ['ignore', 'ignore_ament_install']
[1.253s] Level 1:colcon.colcon_core.package_identification:_identify(log) by extension 'ignore'
[1.253s] Level 1:colcon.colcon_core.package_identification:_identify(log) ignored
[1.253s] Level 1:colcon.colcon_core.package_identification:_identify(src) by extensions ['ignore', 'ignore_ament_install']
[1.253s] Level 1:colcon.colcon_core.package_identification:_identify(src) by extension 'ignore'
[1.253s] Level 1:colcon.colcon_core.package_identification:_identify(src) by extension 'ignore_ament_install'
[1.253s] Level 1:colcon.colcon_core.package_identification:_identify(src) by extensions ['colcon_pkg']
[1.254s] Level 1:colcon.colcon_core.package_identification:_identify(src) by extension 'colcon_pkg'
[1.254s] Level 1:colcon.colcon_core.package_identification:_identify(src) by extensions ['colcon_meta']
[1.254s] Level 1:colcon.colcon_core.package_identification:_identify(src) by extension 'colcon_meta'
[1.254s] Level 1:colcon.colcon_core.package_identification:_identify(src) by extensions ['ros']
[1.254s] Level 1:colcon.colcon_core.package_identification:_identify(src) by extension 'ros'
[1.254s] Level 1:colcon.colcon_core.package_identification:_identify(src) by extensions ['cmake', 'python']
[1.254s] Level 1:colcon.colcon_core.package_identification:_identify(src) by extension 'cmake'
[1.254s] Level 1:colcon.colcon_core.package_identification:_identify(src) by extension 'python'
[1.254s] Level 1:colcon.colcon_core.package_identification:_identify(src) by extensions ['python_setup_py']
[1.254s] Level 1:colcon.colcon_core.package_identification:_identify(src) by extension 'python_setup_py'
[1.254s] Level 1:colcon.colcon_core.package_identification:_identify(src/bumperbot_description) by extensions ['ignore', 'ignore_ament_install']
[1.254s] Level 1:colcon.colcon_core.package_identification:_identify(src/bumperbot_description) by extension 'ignore'
[1.255s] Level 1:colcon.colcon_core.package_identification:_identify(src/bumperbot_description) by extension 'ignore_ament_install'
[1.255s] Level 1:colcon.colcon_core.package_identification:_identify(src/bumperbot_description) by extensions ['colcon_pkg']
[1.255s] Level 1:colcon.colcon_core.package_identification:_identify(src/bumperbot_description) by extension 'colcon_pkg'
[1.255s] Level 1:colcon.colcon_core.package_identification:_identify(src/bumperbot_description) by extensions ['colcon_meta']
[1.255s] Level 1:colcon.colcon_core.package_identification:_identify(src/bumperbot_description) by extension 'colcon_meta'
[1.255s] Level 1:colcon.colcon_core.package_identification:_identify(src/bumperbot_description) by extensions ['ros']
[1.255s] Level 1:colcon.colcon_core.package_identification:_identify(src/bumperbot_description) by extension 'ros'
[1.260s] DEBUG:colcon.colcon_core.package_identification:Package 'src/bumperbot_description' with type 'ros.ament_cmake' and name 'bumperbot_description'
[1.261s] Level 1:colcon.colcon_core.package_identification:_identify(src/bumperbot_py_examples) by extensions ['ignore', 'ignore_ament_install']
[1.261s] Level 1:colcon.colcon_core.package_identification:_identify(src/bumperbot_py_examples) by extension 'ignore'
[1.261s] Level 1:colcon.colcon_core.package_identification:_identify(src/bumperbot_py_examples) by extension 'ignore_ament_install'
[1.261s] Level 1:colcon.colcon_core.package_identification:_identify(src/bumperbot_py_examples) by extensions ['colcon_pkg']
[1.261s] Level 1:colcon.colcon_core.package_identification:_identify(src/bumperbot_py_examples) by extension 'colcon_pkg'
[1.261s] Level 1:colcon.colcon_core.package_identification:_identify(src/bumperbot_py_examples) by extensions ['colcon_meta']
[1.261s] Level 1:colcon.colcon_core.package_identification:_identify(src/bumperbot_py_examples) by extension 'colcon_meta'
[1.262s] Level 1:colcon.colcon_core.package_identification:_identify(src/bumperbot_py_examples) by extensions ['ros']
[1.262s] Level 1:colcon.colcon_core.package_identification:_identify(src/bumperbot_py_examples) by extension 'ros'
[1.263s] DEBUG:colcon.colcon_core.package_identification:Package 'src/bumperbot_py_examples' with type 'ros.ament_python' and name 'bumperbot_py_examples'
[1.263s] Level 1:colcon.colcon_core.package_discovery:discover_packages(recursive) using defaults
[1.264s] Level 1:colcon.colcon_core.package_discovery:discover_packages(ignore) discover
[1.264s] Level 1:colcon.colcon_core.package_discovery:discover_packages(ignore) using defaults
[1.264s] Level 1:colcon.colcon_core.package_discovery:discover_packages(path) discover
[1.264s] Level 1:colcon.colcon_core.package_discovery:discover_packages(path) using defaults
[1.344s] Level 1:colcon.colcon_core.package_discovery:discover_packages(prefix_path) check parameters
[1.344s] Level 1:colcon.colcon_core.package_discovery:discover_packages(prefix_path) discover
[1.351s] DEBUG:colcon.colcon_installed_package_information.package_discovery:Found 385 installed packages in /opt/ros/humble
[1.354s] Level 1:colcon.colcon_core.package_discovery:discover_packages(prefix_path) using defaults
[1.430s] Level 5:colcon.colcon_core.verb:set package 'bumperbot_description' build argument 'cmake_args' from command line to 'None'
[1.431s] Level 5:colcon.colcon_core.verb:set package 'bumperbot_description' build argument 'cmake_target' from command line to 'None'
[1.431s] Level 5:colcon.colcon_core.verb:set package 'bumperbot_description' build argument 'cmake_target_skip_unavailable' from command line to 'False'
[1.431s] Level 5:colcon.colcon_core.verb:set package 'bumperbot_description' build argument 'cmake_clean_cache' from command line to 'False'
[1.431s] Level 5:colcon.colcon_core.verb:set package 'bumperbot_description' build argument 'cmake_clean_first' from command line to 'False'
[1.431s] Level 5:colcon.colcon_core.verb:set package 'bumperbot_description' build argument 'cmake_force_configure' from command line to 'False'
[1.431s] Level 5:colcon.colcon_core.verb:set package 'bumperbot_description' build argument 'ament_cmake_args' from command line to 'None'
[1.431s] Level 5:colcon.colcon_core.verb:set package 'bumperbot_description' build argument 'catkin_cmake_args' from command line to 'None'
[1.431s] Level 5:colcon.colcon_core.verb:set package 'bumperbot_description' build argument 'catkin_skip_building_tests' from command line to 'False'
[1.431s] DEBUG:colcon.colcon_core.verb:Building package 'bumperbot_description' with the following arguments: {'ament_cmake_args': None, 'build_base': '/home/saul/bumperbot_ws/build/bumperbot_description', 'catkin_cmake_args': None, 'catkin_skip_building_tests': False, 'cmake_args': None, 'cmake_clean_cache': False, 'cmake_clean_first': False, 'cmake_force_configure': False, 'cmake_target': None, 'cmake_target_skip_unavailable': False, 'install_base': '/home/saul/bumperbot_ws/install/bumperbot_description', 'merge_install': False, 'path': '/home/saul/bumperbot_ws/src/bumperbot_description', 'symlink_install': False, 'test_result_base': None}
[1.431s] Level 5:colcon.colcon_core.verb:set package 'bumperbot_py_examples' build argument 'cmake_args' from command line to 'None'
[1.431s] Level 5:colcon.colcon_core.verb:set package 'bumperbot_py_examples' build argument 'cmake_target' from command line to 'None'
[1.432s] Level 5:colcon.colcon_core.verb:set package 'bumperbot_py_examples' build argument 'cmake_target_skip_unavailable' from command line to 'False'
[1.432s] Level 5:colcon.colcon_core.verb:set package 'bumperbot_py_examples' build argument 'cmake_clean_cache' from command line to 'False'
[1.432s] Level 5:colcon.colcon_core.verb:set package 'bumperbot_py_examples' build argument 'cmake_clean_first' from command line to 'False'
[1.432s] Level 5:colcon.colcon_core.verb:set package 'bumperbot_py_examples' build argument 'cmake_force_configure' from command line to 'False'
[1.432s] Level 5:colcon.colcon_core.verb:set package 'bumperbot_py_examples' build argument 'ament_cmake_args' from command line to 'None'
[1.432s] Level 5:colcon.colcon_core.verb:set package 'bumperbot_py_examples' build argument 'catkin_cmake_args' from command line to 'None'
[1.432s] Level 5:colcon.colcon_core.verb:set package 'bumperbot_py_examples' build argument 'catkin_skip_building_tests' from command line to 'False'
[1.432s] DEBUG:colcon.colcon_core.verb:Building package 'bumperbot_py_examples' with the following arguments: {'ament_cmake_args': None, 'build_base': '/home/saul/bumperbot_ws/build/bumperbot_py_examples', 'catkin_cmake_args': None, 'catkin_skip_building_tests': False, 'cmake_args': None, 'cmake_clean_cache': False, 'cmake_clean_first': False, 'cmake_force_configure': False, 'cmake_target': None, 'cmake_target_skip_unavailable': False, 'install_base': '/home/saul/bumperbot_ws/install/bumperbot_py_examples', 'merge_install': False, 'path': '/home/saul/bumperbot_ws/src/bumperbot_py_examples', 'symlink_install': False, 'test_result_base': None}
[1.432s] INFO:colcon.colcon_core.executor:Executing jobs using 'parallel' executor
[1.434s] DEBUG:colcon.colcon_parallel_executor.executor.parallel:run_until_complete
[1.434s] INFO:colcon.colcon_ros.task.ament_cmake.build:Building ROS package in '/home/saul/bumperbot_ws/src/bumperbot_description' with build type 'ament_cmake'
[1.434s] INFO:colcon.colcon_cmake.task.cmake.build:Building CMake package in '/home/saul/bumperbot_ws/src/bumperbot_description'
[1.450s] INFO:colcon.colcon_core.plugin_system:Skipping extension 'colcon_core.shell.bat': Not used on non-Windows systems
[1.450s] INFO:colcon.colcon_core.shell:Skip shell extension 'powershell' for command environment: Not usable outside of PowerShell
[1.450s] DEBUG:colcon.colcon_core.shell:Skip shell extension 'dsv' for command environment
[1.455s] INFO:colcon.colcon_ros.task.ament_python.build:Building ROS package in '/home/saul/bumperbot_ws/src/bumperbot_py_examples' with build type 'ament_python'
[1.455s] Level 1:colcon.colcon_core.shell:create_environment_hook('bumperbot_py_examples', 'ament_prefix_path')
[1.456s] INFO:colcon.colcon_core.shell:Creating environment hook '/home/saul/bumperbot_ws/install/bumperbot_py_examples/share/bumperbot_py_examples/hook/ament_prefix_path.ps1'
[1.458s] INFO:colcon.colcon_core.shell:Creating environment descriptor '/home/saul/bumperbot_ws/install/bumperbot_py_examples/share/bumperbot_py_examples/hook/ament_prefix_path.dsv'
[1.459s] INFO:colcon.colcon_core.shell:Creating environment hook '/home/saul/bumperbot_ws/install/bumperbot_py_examples/share/bumperbot_py_examples/hook/ament_prefix_path.sh'
[1.461s] INFO:colcon.colcon_core.shell:Skip shell extension 'powershell' for command environment: Not usable outside of PowerShell
[1.461s] DEBUG:colcon.colcon_core.shell:Skip shell extension 'dsv' for command environment
[1.470s] DEBUG:colcon.colcon_core.event_handler.log_command:Invoking command in '/home/saul/bumperbot_ws/build/bumperbot_description': CMAKE_PREFIX_PATH=/opt/ros/humble /usr/bin/cmake --build /home/saul/bumperbot_ws/build/bumperbot_description -- -j8 -l8
[1.856s] INFO:colcon.colcon_core.task.python.build:Building Python package in '/home/saul/bumperbot_ws/src/bumperbot_py_examples'
[1.857s] INFO:colcon.colcon_core.shell:Skip shell extension 'powershell' for command environment: Not usable outside of PowerShell
[1.857s] DEBUG:colcon.colcon_core.shell:Skip shell extension 'dsv' for command environment
[1.864s] DEBUG:colcon.colcon_core.event_handler.log_command:Invoked command in '/home/saul/bumperbot_ws/build/bumperbot_description' returned '0': CMAKE_PREFIX_PATH=/opt/ros/humble /usr/bin/cmake --build /home/saul/bumperbot_ws/build/bumperbot_description -- -j8 -l8
[1.880s] DEBUG:colcon.colcon_core.event_handler.log_command:Invoking command in '/home/saul/bumperbot_ws/build/bumperbot_description': CMAKE_PREFIX_PATH=/opt/ros/humble /usr/bin/cmake --install /home/saul/bumperbot_ws/build/bumperbot_description
[1.900s] Level 1:colcon.colcon_core.environment:create_environment_scripts_only(bumperbot_description)
[1.900s] DEBUG:colcon.colcon_core.event_handler.log_command:Invoked command in '/home/saul/bumperbot_ws/build/bumperbot_description' returned '0': CMAKE_PREFIX_PATH=/opt/ros/humble /usr/bin/cmake --install /home/saul/bumperbot_ws/build/bumperbot_description
[1.910s] Level 1:colcon.colcon_core.environment:checking '/home/saul/bumperbot_ws/install/bumperbot_description' for CMake module files
[1.911s] Level 1:colcon.colcon_core.environment:checking '/home/saul/bumperbot_ws/install/bumperbot_description' for CMake config files
[1.912s] Level 1:colcon.colcon_core.shell:create_environment_hook('bumperbot_description', 'cmake_prefix_path')
[1.912s] INFO:colcon.colcon_core.shell:Creating environment hook '/home/saul/bumperbot_ws/install/bumperbot_description/share/bumperbot_description/hook/cmake_prefix_path.ps1'
[1.913s] INFO:colcon.colcon_core.shell:Creating environment descriptor '/home/saul/bumperbot_ws/install/bumperbot_description/share/bumperbot_description/hook/cmake_prefix_path.dsv'
[1.913s] INFO:colcon.colcon_core.shell:Creating environment hook '/home/saul/bumperbot_ws/install/bumperbot_description/share/bumperbot_description/hook/cmake_prefix_path.sh'
[1.914s] Level 1:colcon.colcon_core.environment:checking '/home/saul/bumperbot_ws/install/bumperbot_description/bin'
[1.914s] Level 1:colcon.colcon_core.environment:checking '/home/saul/bumperbot_ws/install/bumperbot_description/lib/pkgconfig/bumperbot_description.pc'
[1.914s] Level 1:colcon.colcon_core.environment:checking '/home/saul/bumperbot_ws/install/bumperbot_description/lib/python3.10/site-packages'
[1.915s] Level 1:colcon.colcon_core.environment:checking '/home/saul/bumperbot_ws/install/bumperbot_description/bin'
[1.915s] INFO:colcon.colcon_core.shell:Creating package script '/home/saul/bumperbot_ws/install/bumperbot_description/share/bumperbot_description/package.ps1'
[1.917s] INFO:colcon.colcon_core.shell:Creating package descriptor '/home/saul/bumperbot_ws/install/bumperbot_description/share/bumperbot_description/package.dsv'
[1.918s] INFO:colcon.colcon_core.shell:Creating package script '/home/saul/bumperbot_ws/install/bumperbot_description/share/bumperbot_description/package.sh'
[1.920s] INFO:colcon.colcon_core.shell:Creating package script '/home/saul/bumperbot_ws/install/bumperbot_description/share/bumperbot_description/package.bash'
[1.921s] INFO:colcon.colcon_core.shell:Creating package script '/home/saul/bumperbot_ws/install/bumperbot_description/share/bumperbot_description/package.zsh'
[1.923s] Level 1:colcon.colcon_core.environment:create_file_with_runtime_dependencies(/home/saul/bumperbot_ws/install/bumperbot_description/share/colcon-core/packages/bumperbot_description)
[1.924s] Level 1:colcon.colcon_core.environment:create_environment_scripts_only(bumperbot_description)
[1.924s] Level 1:colcon.colcon_core.environment:checking '/home/saul/bumperbot_ws/install/bumperbot_description' for CMake module files
[1.925s] Level 1:colcon.colcon_core.environment:checking '/home/saul/bumperbot_ws/install/bumperbot_description' for CMake config files
[1.925s] Level 1:colcon.colcon_core.shell:create_environment_hook('bumperbot_description', 'cmake_prefix_path')
[1.926s] INFO:colcon.colcon_core.shell:Creating environment hook '/home/saul/bumperbot_ws/install/bumperbot_description/share/bumperbot_description/hook/cmake_prefix_path.ps1'
[1.926s] INFO:colcon.colcon_core.shell:Creating environment descriptor '/home/saul/bumperbot_ws/install/bumperbot_description/share/bumperbot_description/hook/cmake_prefix_path.dsv'
[1.927s] INFO:colcon.colcon_core.shell:Creating environment hook '/home/saul/bumperbot_ws/install/bumperbot_description/share/bumperbot_description/hook/cmake_prefix_path.sh'
[1.927s] Level 1:colcon.colcon_core.environment:checking '/home/saul/bumperbot_ws/install/bumperbot_description/bin'
[1.927s] Level 1:colcon.colcon_core.environment:checking '/home/saul/bumperbot_ws/install/bumperbot_description/lib/pkgconfig/bumperbot_description.pc'
[1.928s] Level 1:colcon.colcon_core.environment:checking '/home/saul/bumperbot_ws/install/bumperbot_description/lib/python3.10/site-packages'
[1.928s] Level 1:colcon.colcon_core.environment:checking '/home/saul/bumperbot_ws/install/bumperbot_description/bin'
[1.929s] INFO:colcon.colcon_core.shell:Creating package script '/home/saul/bumperbot_ws/install/bumperbot_description/share/bumperbot_description/package.ps1'
[1.929s] INFO:colcon.colcon_core.shell:Creating package descriptor '/home/saul/bumperbot_ws/install/bumperbot_description/share/bumperbot_description/package.dsv'
[1.930s] INFO:colcon.colcon_core.shell:Creating package script '/home/saul/bumperbot_ws/install/bumperbot_description/share/bumperbot_description/package.sh'
[1.930s] INFO:colcon.colcon_core.shell:Creating package script '/home/saul/bumperbot_ws/install/bumperbot_description/share/bumperbot_description/package.bash'
[1.931s] INFO:colcon.colcon_core.shell:Creating package script '/home/saul/bumperbot_ws/install/bumperbot_description/share/bumperbot_description/package.zsh'
[1.931s] Level 1:colcon.colcon_core.environment:create_file_with_runtime_dependencies(/home/saul/bumperbot_ws/install/bumperbot_description/share/colcon-core/packages/bumperbot_description)
[2.721s] DEBUG:colcon.colcon_core.event_handler.log_command:Invoking command in '/home/saul/bumperbot_ws/src/bumperbot_py_examples': PYTHONPATH=/home/saul/bumperbot_ws/build/bumperbot_py_examples/prefix_override:/usr/lib/python3/dist-packages/colcon_core/task/python/colcon_distutils_commands:/home/saul/bumperbot_ws/install/bumperbot_py_examples/lib/python3.10/site-packages:${PYTHONPATH} /usr/bin/python3 -W ignore:setup.py install is deprecated -W ignore:easy_install command is deprecated setup.py egg_info --egg-base ../../build/bumperbot_py_examples build --build-base /home/saul/bumperbot_ws/build/bumperbot_py_examples/build install --record /home/saul/bumperbot_ws/build/bumperbot_py_examples/install.log --single-version-externally-managed install_data
[3.148s] Level 1:colcon.colcon_core.environment:checking '/home/saul/bumperbot_ws/install/bumperbot_py_examples' for CMake module files
[3.150s] DEBUG:colcon.colcon_core.event_handler.log_command:Invoked command in '/home/saul/bumperbot_ws/src/bumperbot_py_examples' returned '0': PYTHONPATH=/home/saul/bumperbot_ws/build/bumperbot_py_examples/prefix_override:/usr/lib/python3/dist-packages/colcon_core/task/python/colcon_distutils_commands:/home/saul/bumperbot_ws/install/bumperbot_py_examples/lib/python3.10/site-packages:${PYTHONPATH} /usr/bin/python3 -W ignore:setup.py install is deprecated -W ignore:easy_install command is deprecated setup.py egg_info --egg-base ../../build/bumperbot_py_examples build --build-base /home/saul/bumperbot_ws/build/bumperbot_py_examples/build install --record /home/saul/bumperbot_ws/build/bumperbot_py_examples/install.log --single-version-externally-managed install_data
[3.151s] Level 1:colcon.colcon_core.environment:checking '/home/saul/bumperbot_ws/install/bumperbot_py_examples' for CMake config files
[3.153s] Level 1:colcon.colcon_core.environment:checking '/home/saul/bumperbot_ws/install/bumperbot_py_examples/lib'
[3.153s] Level 1:colcon.colcon_core.environment:checking '/home/saul/bumperbot_ws/install/bumperbot_py_examples/bin'
[3.154s] Level 1:colcon.colcon_core.environment:checking '/home/saul/bumperbot_ws/install/bumperbot_py_examples/lib/pkgconfig/bumperbot_py_examples.pc'
[3.154s] Level 1:colcon.colcon_core.environment:checking '/home/saul/bumperbot_ws/install/bumperbot_py_examples/lib/python3.10/site-packages'
[3.155s] Level 1:colcon.colcon_core.shell:create_environment_hook('bumperbot_py_examples', 'pythonpath')
[3.155s] INFO:colcon.colcon_core.shell:Creating environment hook '/home/saul/bumperbot_ws/install/bumperbot_py_examples/share/bumperbot_py_examples/hook/pythonpath.ps1'
[3.157s] INFO:colcon.colcon_core.shell:Creating environment descriptor '/home/saul/bumperbot_ws/install/bumperbot_py_examples/share/bumperbot_py_examples/hook/pythonpath.dsv'
[3.158s] INFO:colcon.colcon_core.shell:Creating environment hook '/home/saul/bumperbot_ws/install/bumperbot_py_examples/share/bumperbot_py_examples/hook/pythonpath.sh'
[3.159s] Level 1:colcon.colcon_core.environment:checking '/home/saul/bumperbot_ws/install/bumperbot_py_examples/bin'
[3.159s] Level 1:colcon.colcon_core.environment:create_environment_scripts_only(bumperbot_py_examples)
[3.160s] INFO:colcon.colcon_core.shell:Creating package script '/home/saul/bumperbot_ws/install/bumperbot_py_examples/share/bumperbot_py_examples/package.ps1'
[3.162s] INFO:colcon.colcon_core.shell:Creating package descriptor '/home/saul/bumperbot_ws/install/bumperbot_py_examples/share/bumperbot_py_examples/package.dsv'
[3.163s] INFO:colcon.colcon_core.shell:Creating package script '/home/saul/bumperbot_ws/install/bumperbot_py_examples/share/bumperbot_py_examples/package.sh'
[3.164s] INFO:colcon.colcon_core.shell:Creating package script '/home/saul/bumperbot_ws/install/bumperbot_py_examples/share/bumperbot_py_examples/package.bash'
[3.164s] INFO:colcon.colcon_core.shell:Creating package script '/home/saul/bumperbot_ws/install/bumperbot_py_examples/share/bumperbot_py_examples/package.zsh'
[3.166s] Level 1:colcon.colcon_core.environment:create_file_with_runtime_dependencies(/home/saul/bumperbot_ws/install/bumperbot_py_examples/share/colcon-core/packages/bumperbot_py_examples)
[3.166s] DEBUG:colcon.colcon_parallel_executor.executor.parallel:closing loop
[3.167s] DEBUG:colcon.colcon_parallel_executor.executor.parallel:loop closed
[3.167s] DEBUG:colcon.colcon_parallel_executor.executor.parallel:run_until_complete finished with '0'
[3.167s] DEBUG:colcon.colcon_core.event_reactor:joining thread
[3.176s] INFO:colcon.colcon_core.plugin_system:Skipping extension 'colcon_notification.desktop_notification.terminal_notifier': Not used on non-Darwin systems
[3.176s] INFO:colcon.colcon_core.plugin_system:Skipping extension 'colcon_notification.desktop_notification.win32': Not used on non-Windows systems
[3.176s] INFO:colcon.colcon_notification.desktop_notification:Sending desktop notification using 'notify2'
[3.220s] DEBUG:colcon.colcon_core.event_reactor:joined thread
[3.221s] INFO:colcon.colcon_core.shell:Creating prefix script '/home/saul/bumperbot_ws/install/local_setup.ps1'
[3.223s] INFO:colcon.colcon_core.shell:Creating prefix util module '/home/saul/bumperbot_ws/install/_local_setup_util_ps1.py'
[3.226s] INFO:colcon.colcon_core.shell:Creating prefix chain script '/home/saul/bumperbot_ws/install/setup.ps1'
[3.228s] INFO:colcon.colcon_core.shell:Creating prefix script '/home/saul/bumperbot_ws/install/local_setup.sh'
[3.231s] INFO:colcon.colcon_core.shell:Creating prefix util module '/home/saul/bumperbot_ws/install/_local_setup_util_sh.py'
[3.232s] INFO:colcon.colcon_core.shell:Creating prefix chain script '/home/saul/bumperbot_ws/install/setup.sh'
[3.234s] INFO:colcon.colcon_core.shell:Creating prefix script '/home/saul/bumperbot_ws/install/local_setup.bash'
[3.235s] INFO:colcon.colcon_core.shell:Creating prefix chain script '/home/saul/bumperbot_ws/install/setup.bash'
[3.237s] INFO:colcon.colcon_core.shell:Creating prefix script '/home/saul/bumperbot_ws/install/local_setup.zsh'
[3.239s] INFO:colcon.colcon_core.shell:Creating prefix chain script '/home/saul/bumperbot_ws/install/setup.zsh'
