[1.683s] Invoking command in '/home/saul/bumperbot_ws/src/bumperbot_py_examples': PYTHONPATH=/home/saul/bumperbot_ws/build/bumperbot_py_examples/prefix_override:/usr/lib/python3/dist-packages/colcon_core/task/python/colcon_distutils_commands:/home/saul/bumperbot_ws/install/bumperbot_py_examples/lib/python3.10/site-packages:${PYTHONPATH} /usr/bin/python3 -W ignore:setup.py install is deprecated -W ignore:easy_install command is deprecated setup.py egg_info --egg-base ../../build/bumperbot_py_examples build --build-base /home/saul/bumperbot_ws/build/bumperbot_py_examples/build install --record /home/saul/bumperbot_ws/build/bumperbot_py_examples/install.log --single-version-externally-managed install_data
[2.075s] running egg_info
[2.077s] writing ../../build/bumperbot_py_examples/bumperbot_py_examples.egg-info/PKG-INFO
[2.078s] writing dependency_links to ../../build/bumperbot_py_examples/bumperbot_py_examples.egg-info/dependency_links.txt
[2.078s] writing entry points to ../../build/bumperbot_py_examples/bumperbot_py_examples.egg-info/entry_points.txt
[2.078s] writing requirements to ../../build/bumperbot_py_examples/bumperbot_py_examples.egg-info/requires.txt
[2.078s] writing top-level names to ../../build/bumperbot_py_examples/bumperbot_py_examples.egg-info/top_level.txt
[2.082s] reading manifest file '../../build/bumperbot_py_examples/bumperbot_py_examples.egg-info/SOURCES.txt'
[2.086s] writing manifest file '../../build/bumperbot_py_examples/bumperbot_py_examples.egg-info/SOURCES.txt'
[2.086s] running build
[2.086s] running build_py
[2.086s] running install
[2.086s] running install_lib
[2.086s] running install_data
[2.087s] running install_egg_info
[2.089s] removing '/home/saul/bumperbot_ws/install/bumperbot_py_examples/lib/python3.10/site-packages/bumperbot_py_examples-0.0.0-py3.10.egg-info' (and everything under it)
[2.090s] Copying ../../build/bumperbot_py_examples/bumperbot_py_examples.egg-info to /home/saul/bumperbot_ws/install/bumperbot_py_examples/lib/python3.10/site-packages/bumperbot_py_examples-0.0.0-py3.10.egg-info
[2.203s] running install_scripts
[2.232s] Installing simple_publisher script to /home/saul/bumperbot_ws/install/bumperbot_py_examples/lib/bumperbot_py_examples
[2.232s] Installing simple_subscriber script to /home/saul/bumperbot_ws/install/bumperbot_py_examples/lib/bumperbot_py_examples
[2.233s] writing list of installed files to '/home/saul/bumperbot_ws/build/bumperbot_py_examples/install.log'
[2.263s] Invoked command in '/home/saul/bumperbot_ws/src/bumperbot_py_examples' returned '0': PYTHONPATH=/home/saul/bumperbot_ws/build/bumperbot_py_examples/prefix_override:/usr/lib/python3/dist-packages/colcon_core/task/python/colcon_distutils_commands:/home/saul/bumperbot_ws/install/bumperbot_py_examples/lib/python3.10/site-packages:${PYTHONPATH} /usr/bin/python3 -W ignore:setup.py install is deprecated -W ignore:easy_install command is deprecated setup.py egg_info --egg-base ../../build/bumperbot_py_examples build --build-base /home/saul/bumperbot_ws/build/bumperbot_py_examples/build install --record /home/saul/bumperbot_ws/build/bumperbot_py_examples/install.log --single-version-externally-managed install_data
