[0.036s] Invoking command in '/home/saul/bumperbot_ws/build/bumperbot_controller': CMAKE_PREFIX_PATH=/opt/ros/humble /usr/bin/cmake --build /home/saul/bumperbot_ws/build/bumperbot_controller -- -j8 -l8
[0.456s] Invoked command in '/home/saul/bumperbot_ws/build/bumperbot_controller' returned '0': CMAKE_PREFIX_PATH=/opt/ros/humble /usr/bin/cmake --build /home/saul/bumperbot_ws/build/bumperbot_controller -- -j8 -l8
[0.469s] Invoking command in '/home/saul/bumperbot_ws/build/bumperbot_controller': CMAKE_PREFIX_PATH=/opt/ros/humble /usr/bin/cmake --install /home/saul/bumperbot_ws/build/bumperbot_controller
[0.479s] -- Install configuration: ""
[0.479s] -- Up-to-date: /home/saul/bumperbot_ws/install/bumperbot_controller/share/bumperbot_controller/config
[0.480s] -- Installing: /home/saul/bumperbot_ws/install/bumperbot_controller/share/bumperbot_controller/config/bumperbot_controller.yaml
[0.480s] -- Up-to-date: /home/saul/bumperbot_ws/install/bumperbot_controller/share/bumperbot_controller/launch
[0.480s] -- Up-to-date: /home/saul/bumperbot_ws/install/bumperbot_controller/share/bumperbot_controller/launch/controller.launch.py
[0.480s] -- Up-to-date: /home/saul/bumperbot_ws/install/bumperbot_controller/share/ament_index/resource_index/package_run_dependencies/bumperbot_controller
[0.480s] -- Up-to-date: /home/saul/bumperbot_ws/install/bumperbot_controller/share/ament_index/resource_index/parent_prefix_path/bumperbot_controller
[0.481s] -- Up-to-date: /home/saul/bumperbot_ws/install/bumperbot_controller/share/bumperbot_controller/environment/ament_prefix_path.sh
[0.481s] -- Up-to-date: /home/saul/bumperbot_ws/install/bumperbot_controller/share/bumperbot_controller/environment/ament_prefix_path.dsv
[0.481s] -- Up-to-date: /home/saul/bumperbot_ws/install/bumperbot_controller/share/bumperbot_controller/environment/path.sh
[0.481s] -- Up-to-date: /home/saul/bumperbot_ws/install/bumperbot_controller/share/bumperbot_controller/environment/path.dsv
[0.481s] -- Up-to-date: /home/saul/bumperbot_ws/install/bumperbot_controller/share/bumperbot_controller/local_setup.bash
[0.482s] -- Up-to-date: /home/saul/bumperbot_ws/install/bumperbot_controller/share/bumperbot_controller/local_setup.sh
[0.482s] -- Up-to-date: /home/saul/bumperbot_ws/install/bumperbot_controller/share/bumperbot_controller/local_setup.zsh
[0.482s] -- Up-to-date: /home/saul/bumperbot_ws/install/bumperbot_controller/share/bumperbot_controller/local_setup.dsv
[0.482s] -- Installing: /home/saul/bumperbot_ws/install/bumperbot_controller/share/bumperbot_controller/package.dsv
[0.482s] -- Up-to-date: /home/saul/bumperbot_ws/install/bumperbot_controller/share/ament_index/resource_index/packages/bumperbot_controller
[0.483s] -- Up-to-date: /home/saul/bumperbot_ws/install/bumperbot_controller/share/bumperbot_controller/cmake/bumperbot_controllerConfig.cmake
[0.483s] -- Up-to-date: /home/saul/bumperbot_ws/install/bumperbot_controller/share/bumperbot_controller/cmake/bumperbot_controllerConfig-version.cmake
[0.483s] -- Up-to-date: /home/saul/bumperbot_ws/install/bumperbot_controller/share/bumperbot_controller/package.xml
[0.485s] Invoked command in '/home/saul/bumperbot_ws/build/bumperbot_controller' returned '0': CMAKE_PREFIX_PATH=/opt/ros/humble /usr/bin/cmake --install /home/saul/bumperbot_ws/build/bumperbot_controller
