[0.041s] Invoking command in '/home/saul/bumperbot_ws/build/bumperbot_firmware': CMAKE_PREFIX_PATH=${CMAKE_PREFIX_PATH}:/home/saul/bumperbot_ws/install/bumperbot_py_examples:/opt/ros/humble /usr/bin/cmake --build /home/saul/bumperbot_ws/build/bumperbot_firmware -- -j8 -l8
[0.084s] -- Found ament_cmake: 1.3.12 (/opt/ros/humble/share/ament_cmake/cmake)
[0.369s] -- Override CMake install command with custom implementation using symlinks instead of copying resources
[0.384s] -- Found rclcpp: 16.0.17 (/opt/ros/humble/share/rclcpp/cmake)
[0.445s] -- Found rosidl_generator_c: 3.1.8 (/opt/ros/humble/share/rosidl_generator_c/cmake)
[0.451s] -- Found rosidl_adapter: 3.1.8 (/opt/ros/humble/share/rosidl_adapter/cmake)
[0.466s] -- Found rosidl_generator_cpp: 3.1.8 (/opt/ros/humble/share/rosidl_generator_cpp/cmake)
[0.490s] -- Using all available rosidl_typesupport_c: rosidl_typesupport_fastrtps_c;rosidl_typesupport_introspection_c
[0.521s] -- Using all available rosidl_typesupport_cpp: rosidl_typesupport_fastrtps_cpp;rosidl_typesupport_introspection_cpp
[0.601s] -- Found rmw_implementation_cmake: 6.1.2 (/opt/ros/humble/share/rmw_implementation_cmake/cmake)
[0.604s] -- Found rmw_cyclonedds_cpp: 1.3.4 (/opt/ros/humble/share/rmw_cyclonedds_cpp/cmake)
[0.646s] -- Using RMW implementation 'rmw_cyclonedds_cpp' as default
[0.730s] -- Found rclpy: 3.3.19 (/opt/ros/humble/share/rclpy/cmake)
[0.731s] -- Found hardware_interface: 2.53.0 (/opt/ros/humble/share/hardware_interface/cmake)
[1.195s] -- Configuring done
[1.242s] -- Generating done
[1.260s] -- Build files have been written to: /home/saul/bumperbot_ws/build/bumperbot_firmware
[1.307s] [35m[1mConsolidate compiler generated dependencies of target bumperbot_firmware[0m
[1.308s] [35m[1mConsolidate compiler generated dependencies of target simple_serial_receiver[0m
[1.312s] [35m[1mConsolidate compiler generated dependencies of target simple_serial_transmitter[0m
[1.345s] [ 50%] Built target bumperbot_firmware
[1.345s] [ 66%] Built target simple_serial_receiver
[1.348s] [ 66%] Built target ament_cmake_python_symlink_bumperbot_firmware
[1.352s] [100%] Built target simple_serial_transmitter
[1.761s] running egg_info
[1.762s] writing bumperbot_firmware.egg-info/PKG-INFO
[1.762s] writing dependency_links to bumperbot_firmware.egg-info/dependency_links.txt
[1.762s] writing top-level names to bumperbot_firmware.egg-info/top_level.txt
[1.765s] reading manifest file 'bumperbot_firmware.egg-info/SOURCES.txt'
[1.766s] writing manifest file 'bumperbot_firmware.egg-info/SOURCES.txt'
[1.804s] [100%] Built target ament_cmake_python_build_bumperbot_firmware_egg
