[0.031s] Invoking command in '/home/saul/bumperbot_ws/build/bumperbot_description': CMAKE_PREFIX_PATH=/opt/ros/humble /usr/bin/cmake --build /home/saul/bumperbot_ws/build/bumperbot_description -- -j8 -l8
[0.467s] Invoked command in '/home/saul/bumperbot_ws/build/bumperbot_description' returned '0': CMAKE_PREFIX_PATH=/opt/ros/humble /usr/bin/cmake --build /home/saul/bumperbot_ws/build/bumperbot_description -- -j8 -l8
[0.470s] Invoking command in '/home/saul/bumperbot_ws/build/bumperbot_description': CMAKE_PREFIX_PATH=/opt/ros/humble /usr/bin/cmake --install /home/saul/bumperbot_ws/build/bumperbot_description
[0.483s] -- Install configuration: ""
[0.483s] -- Execute custom install script
[0.484s] -- Up-to-date symlink: /home/saul/bumperbot_ws/install/bumperbot_description/share/bumperbot_description/meshes/casterwheel.STL
[0.485s] -- Up-to-date symlink: /home/saul/bumperbot_ws/install/bumperbot_description/share/bumperbot_description/meshes/imu_link.STL
[0.485s] -- Up-to-date symlink: /home/saul/bumperbot_ws/install/bumperbot_description/share/bumperbot_description/meshes/sasi.STL
[0.485s] -- Up-to-date symlink: /home/saul/bumperbot_ws/install/bumperbot_description/share/bumperbot_description/meshes/wheel_left_link.STL
[0.486s] -- Up-to-date symlink: /home/saul/bumperbot_ws/install/bumperbot_description/share/bumperbot_description/meshes/wheel_right_link.STL
[0.486s] -- Up-to-date symlink: /home/saul/bumperbot_ws/install/bumperbot_description/share/bumperbot_description/urdf/bumperbot.xacro
[0.486s] -- Up-to-date symlink: /home/saul/bumperbot_ws/install/bumperbot_description/share/bumperbot_description/urdf/bumperbot_gazebo.xacro
[0.487s] -- Up-to-date symlink: /home/saul/bumperbot_ws/install/bumperbot_description/share/bumperbot_description/urdf/bumperbot_ros2_control.xacro
[0.487s] -- Up-to-date symlink: /home/saul/bumperbot_ws/install/bumperbot_description/share/bumperbot_description/launch/display.launch.py
[0.488s] -- Up-to-date symlink: /home/saul/bumperbot_ws/install/bumperbot_description/share/bumperbot_description/launch/gazebo.launch.py
[0.488s] -- Up-to-date symlink: /home/saul/bumperbot_ws/install/bumperbot_description/share/ament_index/resource_index/package_run_dependencies/bumperbot_description
[0.488s] -- Up-to-date symlink: /home/saul/bumperbot_ws/install/bumperbot_description/share/ament_index/resource_index/parent_prefix_path/bumperbot_description
[0.488s] -- Up-to-date symlink: /home/saul/bumperbot_ws/install/bumperbot_description/share/bumperbot_description/environment/ament_prefix_path.sh
[0.489s] -- Up-to-date symlink: /home/saul/bumperbot_ws/install/bumperbot_description/share/bumperbot_description/environment/ament_prefix_path.dsv
[0.489s] -- Up-to-date symlink: /home/saul/bumperbot_ws/install/bumperbot_description/share/bumperbot_description/environment/path.sh
[0.489s] -- Up-to-date symlink: /home/saul/bumperbot_ws/install/bumperbot_description/share/bumperbot_description/environment/path.dsv
[0.489s] -- Up-to-date symlink: /home/saul/bumperbot_ws/install/bumperbot_description/share/bumperbot_description/local_setup.bash
[0.489s] -- Up-to-date symlink: /home/saul/bumperbot_ws/install/bumperbot_description/share/bumperbot_description/local_setup.sh
[0.489s] -- Up-to-date symlink: /home/saul/bumperbot_ws/install/bumperbot_description/share/bumperbot_description/local_setup.zsh
[0.490s] -- Up-to-date symlink: /home/saul/bumperbot_ws/install/bumperbot_description/share/bumperbot_description/local_setup.dsv
[0.490s] -- Symlinking: /home/saul/bumperbot_ws/install/bumperbot_description/share/bumperbot_description/package.dsv
[0.502s] -- Up-to-date symlink: /home/saul/bumperbot_ws/install/bumperbot_description/share/ament_index/resource_index/packages/bumperbot_description
[0.502s] -- Up-to-date symlink: /home/saul/bumperbot_ws/install/bumperbot_description/share/bumperbot_description/cmake/bumperbot_descriptionConfig.cmake
[0.503s] -- Up-to-date symlink: /home/saul/bumperbot_ws/install/bumperbot_description/share/bumperbot_description/cmake/bumperbot_descriptionConfig-version.cmake
[0.504s] -- Up-to-date symlink: /home/saul/bumperbot_ws/install/bumperbot_description/share/bumperbot_description/package.xml
[0.517s] Invoked command in '/home/saul/bumperbot_ws/build/bumperbot_description' returned '0': CMAKE_PREFIX_PATH=/opt/ros/humble /usr/bin/cmake --install /home/saul/bumperbot_ws/build/bumperbot_description
