[0.038s] Invoking command in '/home/saul/bumperbot_ws/build/bumperbot_localization': CMAKE_PREFIX_PATH=/opt/ros/humble /usr/bin/cmake /home/saul/bumperbot_ws/src/bumperbot_localization -DAMENT_CMAKE_SYMLINK_INSTALL=1 -DCMAKE_INSTALL_PREFIX=/home/saul/bumperbot_ws/install/bumperbot_localization
[0.146s] -- The C compiler identification is GNU 11.4.0
[0.256s] -- The CXX compiler identification is GNU 11.4.0
[0.272s] -- Detecting C compiler ABI info
[0.383s] -- Detecting C compiler ABI info - done
[0.396s] -- Check for working C compiler: /usr/bin/cc - skipped
[0.397s] -- Detecting C compile features
[0.398s] -- Detecting C compile features - done
[0.405s] -- Detecting CXX compiler ABI info
[0.548s] -- Detecting CXX compiler ABI info - done
[0.567s] -- Check for working CXX compiler: /usr/bin/c++ - skipped
[0.568s] -- Detecting CXX compile features
[0.569s] -- Detecting CXX compile features - done
[0.574s] -- Found ament_cmake: 1.3.12 (/opt/ros/humble/share/ament_cmake/cmake)
[0.874s] -- Found Python3: /usr/bin/python3 (found version "3.10.12") found components: Interpreter 
[1.015s] -- Override CMake install command with custom implementation using symlinks instead of copying resources
[1.065s] -- Found rclcpp: 16.0.17 (/opt/ros/humble/share/rclcpp/cmake)
[1.120s] -- Found rosidl_generator_c: 3.1.8 (/opt/ros/humble/share/rosidl_generator_c/cmake)
[1.127s] -- Found rosidl_adapter: 3.1.8 (/opt/ros/humble/share/rosidl_adapter/cmake)
[1.139s] -- Found rosidl_generator_cpp: 3.1.8 (/opt/ros/humble/share/rosidl_generator_cpp/cmake)
[1.159s] -- Using all available rosidl_typesupport_c: rosidl_typesupport_fastrtps_c;rosidl_typesupport_introspection_c
[1.189s] -- Using all available rosidl_typesupport_cpp: rosidl_typesupport_fastrtps_cpp;rosidl_typesupport_introspection_cpp
[1.266s] -- Found rmw_implementation_cmake: 6.1.2 (/opt/ros/humble/share/rmw_implementation_cmake/cmake)
[1.270s] -- Found rmw_cyclonedds_cpp: 1.3.4 (/opt/ros/humble/share/rmw_cyclonedds_cpp/cmake)
[1.305s] -- Using RMW implementation 'rmw_cyclonedds_cpp' as default
[1.323s] -- Looking for pthread.h
[1.453s] -- Looking for pthread.h - found
[1.454s] -- Performing Test CMAKE_HAVE_LIBC_PTHREAD
[1.585s] -- Performing Test CMAKE_HAVE_LIBC_PTHREAD - Success
[1.587s] -- Found Threads: TRUE  
[1.710s] -- Found rclpy: 3.3.19 (/opt/ros/humble/share/rclpy/cmake)
[1.713s] -- Found nav_msgs: 4.9.0 (/opt/ros/humble/share/nav_msgs/cmake)
[1.788s] -- Found sensor_msgs: 4.9.0 (/opt/ros/humble/share/sensor_msgs/cmake)
[2.093s] -- Configuring done
[2.120s] -- Generating done
[2.133s] -- Build files have been written to: /home/saul/bumperbot_ws/build/bumperbot_localization
[2.146s] Invoked command in '/home/saul/bumperbot_ws/build/bumperbot_localization' returned '0': CMAKE_PREFIX_PATH=/opt/ros/humble /usr/bin/cmake /home/saul/bumperbot_ws/src/bumperbot_localization -DAMENT_CMAKE_SYMLINK_INSTALL=1 -DCMAKE_INSTALL_PREFIX=/home/saul/bumperbot_ws/install/bumperbot_localization
[2.149s] Invoking command in '/home/saul/bumperbot_ws/build/bumperbot_localization': CMAKE_PREFIX_PATH=/opt/ros/humble /usr/bin/cmake --build /home/saul/bumperbot_ws/build/bumperbot_localization -- -j8 -l8
[2.220s] [ 25%] [32mBuilding CXX object CMakeFiles/kalman_filter.dir/src/kalman_filter.cpp.o[0m
[2.223s] [ 50%] [32mBuilding CXX object CMakeFiles/imu_republisher.dir/src/imu_republisher.cpp.o[0m
[2.238s] [ 50%] Built target ament_cmake_python_symlink_bumperbot_localization
[2.896s] running egg_info
[2.897s] creating bumperbot_localization.egg-info
[2.899s] writing bumperbot_localization.egg-info/PKG-INFO
[2.902s] writing dependency_links to bumperbot_localization.egg-info/dependency_links.txt
[2.902s] writing top-level names to bumperbot_localization.egg-info/top_level.txt
[2.903s] writing manifest file 'bumperbot_localization.egg-info/SOURCES.txt'
[2.904s] reading manifest file 'bumperbot_localization.egg-info/SOURCES.txt'
[2.905s] writing manifest file 'bumperbot_localization.egg-info/SOURCES.txt'
[2.972s] [ 50%] Built target ament_cmake_python_build_bumperbot_localization_egg
[40.896s] [ 75%] [32m[1mLinking CXX executable imu_republisher[0m
[42.397s] [ 75%] Built target imu_republisher
[48.064s] [100%] [32m[1mLinking CXX executable kalman_filter[0m
[49.400s] [100%] Built target kalman_filter
[49.421s] Invoked command in '/home/saul/bumperbot_ws/build/bumperbot_localization' returned '0': CMAKE_PREFIX_PATH=/opt/ros/humble /usr/bin/cmake --build /home/saul/bumperbot_ws/build/bumperbot_localization -- -j8 -l8
[49.423s] Invoking command in '/home/saul/bumperbot_ws/build/bumperbot_localization': CMAKE_PREFIX_PATH=/opt/ros/humble /usr/bin/cmake --install /home/saul/bumperbot_ws/build/bumperbot_localization
[49.439s] -- Install configuration: ""
[49.440s] -- Execute custom install script
[49.440s] -- Symlinking: /home/saul/bumperbot_ws/install/bumperbot_localization/share/bumperbot_localization/environment/pythonpath.sh
[49.465s] -- Symlinking: /home/saul/bumperbot_ws/install/bumperbot_localization/share/bumperbot_localization/environment/pythonpath.dsv
[49.484s] -- Symlinking: /home/saul/bumperbot_ws/install/bumperbot_localization/local/lib/python3.10/dist-packages/bumperbot_localization-0.0.0-py3.10.egg-info/PKG-INFO
[49.502s] -- Symlinking: /home/saul/bumperbot_ws/install/bumperbot_localization/local/lib/python3.10/dist-packages/bumperbot_localization-0.0.0-py3.10.egg-info/SOURCES.txt
[49.520s] -- Symlinking: /home/saul/bumperbot_ws/install/bumperbot_localization/local/lib/python3.10/dist-packages/bumperbot_localization-0.0.0-py3.10.egg-info/dependency_links.txt
[49.538s] -- Symlinking: /home/saul/bumperbot_ws/install/bumperbot_localization/local/lib/python3.10/dist-packages/bumperbot_localization-0.0.0-py3.10.egg-info/top_level.txt
[49.556s] -- Symlinking: /home/saul/bumperbot_ws/install/bumperbot_localization/local/lib/python3.10/dist-packages/bumperbot_localization/__init__.py
[49.574s] -- Symlinking: /home/saul/bumperbot_ws/install/bumperbot_localization/local/lib/python3.10/dist-packages/bumperbot_localization/imu_republisher.py
[49.594s] -- Symlinking: /home/saul/bumperbot_ws/install/bumperbot_localization/local/lib/python3.10/dist-packages/bumperbot_localization/kalman_filter.py
[49.612s] -- Symlinking: /home/saul/bumperbot_ws/install/bumperbot_localization/include/include/bumperbot_localization/kalman_filter.hpp
[49.630s] -- Symlinking: /home/saul/bumperbot_ws/install/bumperbot_localization/lib/bumperbot_localization/kalman_filter
[49.648s] -- Symlinking: /home/saul/bumperbot_ws/install/bumperbot_localization/lib/bumperbot_localization/imu_republisher
[49.666s] -- Symlinking: /home/saul/bumperbot_ws/install/bumperbot_localization/share/bumperbot_localization/launch/local_localization.launch.py
[49.684s] -- Symlinking: /home/saul/bumperbot_ws/install/bumperbot_localization/share/bumperbot_localization/config/ekf.yaml
[49.702s] -- Symlinking: /home/saul/bumperbot_ws/install/bumperbot_localization/lib/bumperbot_localization/kalman_filter.py
[49.713s] -- Symlinking: /home/saul/bumperbot_ws/install/bumperbot_localization/lib/bumperbot_localization/imu_republisher.py
[49.730s] -- Symlinking: /home/saul/bumperbot_ws/install/bumperbot_localization/share/ament_index/resource_index/package_run_dependencies/bumperbot_localization
[49.748s] -- Symlinking: /home/saul/bumperbot_ws/install/bumperbot_localization/share/ament_index/resource_index/parent_prefix_path/bumperbot_localization
[49.767s] -- Symlinking: /home/saul/bumperbot_ws/install/bumperbot_localization/share/bumperbot_localization/environment/ament_prefix_path.sh
[49.785s] -- Symlinking: /home/saul/bumperbot_ws/install/bumperbot_localization/share/bumperbot_localization/environment/ament_prefix_path.dsv
[49.803s] -- Symlinking: /home/saul/bumperbot_ws/install/bumperbot_localization/share/bumperbot_localization/environment/path.sh
[49.814s] -- Symlinking: /home/saul/bumperbot_ws/install/bumperbot_localization/share/bumperbot_localization/environment/path.dsv
[49.832s] -- Symlinking: /home/saul/bumperbot_ws/install/bumperbot_localization/share/bumperbot_localization/local_setup.bash
[49.850s] -- Symlinking: /home/saul/bumperbot_ws/install/bumperbot_localization/share/bumperbot_localization/local_setup.sh
[49.867s] -- Symlinking: /home/saul/bumperbot_ws/install/bumperbot_localization/share/bumperbot_localization/local_setup.zsh
[49.886s] -- Symlinking: /home/saul/bumperbot_ws/install/bumperbot_localization/share/bumperbot_localization/local_setup.dsv
[49.904s] -- Symlinking: /home/saul/bumperbot_ws/install/bumperbot_localization/share/bumperbot_localization/package.dsv
[49.922s] -- Symlinking: /home/saul/bumperbot_ws/install/bumperbot_localization/share/ament_index/resource_index/packages/bumperbot_localization
[49.934s] -- Symlinking: /home/saul/bumperbot_ws/install/bumperbot_localization/share/bumperbot_localization/cmake/bumperbot_localizationConfig.cmake
[49.951s] -- Symlinking: /home/saul/bumperbot_ws/install/bumperbot_localization/share/bumperbot_localization/cmake/bumperbot_localizationConfig-version.cmake
[49.969s] -- Symlinking: /home/saul/bumperbot_ws/install/bumperbot_localization/share/bumperbot_localization/package.xml
[50.051s] Listing '/home/saul/bumperbot_ws/install/bumperbot_localization/local/lib/python3.10/dist-packages/bumperbot_localization'...
[50.052s] Compiling '/home/saul/bumperbot_ws/install/bumperbot_localization/local/lib/python3.10/dist-packages/bumperbot_localization/__init__.py'...
[50.052s] Compiling '/home/saul/bumperbot_ws/install/bumperbot_localization/local/lib/python3.10/dist-packages/bumperbot_localization/imu_republisher.py'...
[50.052s] Compiling '/home/saul/bumperbot_ws/install/bumperbot_localization/local/lib/python3.10/dist-packages/bumperbot_localization/kalman_filter.py'...
[50.067s] Invoked command in '/home/saul/bumperbot_ws/build/bumperbot_localization' returned '0': CMAKE_PREFIX_PATH=/opt/ros/humble /usr/bin/cmake --install /home/saul/bumperbot_ws/build/bumperbot_localization
