[0.024s] Invoking command in '/home/saul/bumperbot_ws/build/bumperbot_description': CMAKE_PREFIX_PATH=${CMAKE_PREFIX_PATH}:/home/saul/bumperbot_ws/install/bumperbot_py_examples:/opt/ros/humble /usr/bin/cmake /home/saul/bumperbot_ws/src/bumperbot_description -DCMAKE_INSTALL_PREFIX=/home/saul/bumperbot_ws/install/bumperbot_description
[0.428s] -- The C compiler identification is GNU 11.4.0
[0.875s] -- The CXX compiler identification is GNU 11.4.0
[0.893s] -- Detecting C compiler ABI info
[1.011s] -- Detecting C compiler ABI info - done
[1.032s] -- Check for working C compiler: /usr/bin/cc - skipped
[1.033s] -- Detecting C compile features
[1.033s] -- Detecting C compile features - done
[1.040s] -- Detecting CXX compiler ABI info
[1.167s] -- Detecting CXX compiler ABI info - done
[1.184s] -- Check for working CXX compiler: /usr/bin/c++ - skipped
[1.184s] -- Detecting CXX compile features
[1.186s] -- Detecting CXX compile features - done
[1.192s] -- Found ament_cmake: 1.3.12 (/opt/ros/humble/share/ament_cmake/cmake)
[1.406s] -- Found Python3: /usr/bin/python3 (found version "3.10.12") found components: Interpreter 
[1.560s] -- Found ament_lint_auto: 0.12.14 (/opt/ros/humble/share/ament_lint_auto/cmake)
[1.686s] -- Added test 'flake8' to check Python code syntax and style conventions
[1.687s] -- Added test 'lint_cmake' to check CMake code style
[1.688s] -- Added test 'pep257' to check Python code against some of the docstring style conventions in PEP 257
[1.691s] -- Added test 'xmllint' to check XML markup files
[1.693s] -- Configuring done
[1.698s] -- Generating done
[1.702s] -- Build files have been written to: /home/saul/bumperbot_ws/build/bumperbot_description
[1.709s] Invoked command in '/home/saul/bumperbot_ws/build/bumperbot_description' returned '0': CMAKE_PREFIX_PATH=${CMAKE_PREFIX_PATH}:/home/saul/bumperbot_ws/install/bumperbot_py_examples:/opt/ros/humble /usr/bin/cmake /home/saul/bumperbot_ws/src/bumperbot_description -DCMAKE_INSTALL_PREFIX=/home/saul/bumperbot_ws/install/bumperbot_description
[1.711s] Invoking command in '/home/saul/bumperbot_ws/build/bumperbot_description': CMAKE_PREFIX_PATH=${CMAKE_PREFIX_PATH}:/home/saul/bumperbot_ws/install/bumperbot_py_examples:/opt/ros/humble /usr/bin/cmake --build /home/saul/bumperbot_ws/build/bumperbot_description -- -j8 -l8
[1.774s] Invoked command in '/home/saul/bumperbot_ws/build/bumperbot_description' returned '0': CMAKE_PREFIX_PATH=${CMAKE_PREFIX_PATH}:/home/saul/bumperbot_ws/install/bumperbot_py_examples:/opt/ros/humble /usr/bin/cmake --build /home/saul/bumperbot_ws/build/bumperbot_description -- -j8 -l8
[1.776s] Invoking command in '/home/saul/bumperbot_ws/build/bumperbot_description': CMAKE_PREFIX_PATH=${CMAKE_PREFIX_PATH}:/home/saul/bumperbot_ws/install/bumperbot_py_examples:/opt/ros/humble /usr/bin/cmake --install /home/saul/bumperbot_ws/build/bumperbot_description
[1.786s] -- Install configuration: ""
[1.786s] -- Installing: /home/saul/bumperbot_ws/install/bumperbot_description/share/bumperbot_description/meshes
[1.787s] -- Installing: /home/saul/bumperbot_ws/install/bumperbot_description/share/bumperbot_description/meshes/wheel_left_link.STL
[1.790s] -- Installing: /home/saul/bumperbot_ws/install/bumperbot_description/share/bumperbot_description/meshes/sasi.STL
[1.796s] -- Installing: /home/saul/bumperbot_ws/install/bumperbot_description/share/bumperbot_description/meshes/wheel_right_link.STL
[1.797s] -- Installing: /home/saul/bumperbot_ws/install/bumperbot_description/share/bumperbot_description/meshes/casterwheel.STL
[1.799s] -- Installing: /home/saul/bumperbot_ws/install/bumperbot_description/share/bumperbot_description/meshes/imu_link.STL
[1.806s] -- Installing: /home/saul/bumperbot_ws/install/bumperbot_description/share/bumperbot_description/urdf
[1.806s] -- Installing: /home/saul/bumperbot_ws/install/bumperbot_description/share/bumperbot_description/urdf/bumperbot_ros2_control.xacro
[1.807s] -- Installing: /home/saul/bumperbot_ws/install/bumperbot_description/share/bumperbot_description/urdf/bumperbot_gazebo.xacro
[1.807s] -- Installing: /home/saul/bumperbot_ws/install/bumperbot_description/share/bumperbot_description/urdf/bumperbot.xacro
[1.807s] -- Installing: /home/saul/bumperbot_ws/install/bumperbot_description/share/bumperbot_description/launch
[1.807s] -- Installing: /home/saul/bumperbot_ws/install/bumperbot_description/share/bumperbot_description/launch/gazebo.launch.py
[1.808s] -- Installing: /home/saul/bumperbot_ws/install/bumperbot_description/share/bumperbot_description/launch/display.launch.py
[1.808s] -- Installing: /home/saul/bumperbot_ws/install/bumperbot_description/share/ament_index/resource_index/package_run_dependencies/bumperbot_description
[1.808s] -- Installing: /home/saul/bumperbot_ws/install/bumperbot_description/share/ament_index/resource_index/parent_prefix_path/bumperbot_description
[1.808s] -- Installing: /home/saul/bumperbot_ws/install/bumperbot_description/share/bumperbot_description/environment/ament_prefix_path.sh
[1.809s] -- Installing: /home/saul/bumperbot_ws/install/bumperbot_description/share/bumperbot_description/environment/ament_prefix_path.dsv
[1.809s] -- Installing: /home/saul/bumperbot_ws/install/bumperbot_description/share/bumperbot_description/environment/path.sh
[1.809s] -- Installing: /home/saul/bumperbot_ws/install/bumperbot_description/share/bumperbot_description/environment/path.dsv
[1.809s] -- Installing: /home/saul/bumperbot_ws/install/bumperbot_description/share/bumperbot_description/local_setup.bash
[1.809s] -- Installing: /home/saul/bumperbot_ws/install/bumperbot_description/share/bumperbot_description/local_setup.sh
[1.809s] -- Installing: /home/saul/bumperbot_ws/install/bumperbot_description/share/bumperbot_description/local_setup.zsh
[1.809s] -- Installing: /home/saul/bumperbot_ws/install/bumperbot_description/share/bumperbot_description/local_setup.dsv
[1.810s] -- Installing: /home/saul/bumperbot_ws/install/bumperbot_description/share/bumperbot_description/package.dsv
[1.810s] -- Installing: /home/saul/bumperbot_ws/install/bumperbot_description/share/ament_index/resource_index/packages/bumperbot_description
[1.810s] -- Installing: /home/saul/bumperbot_ws/install/bumperbot_description/share/bumperbot_description/cmake/bumperbot_descriptionConfig.cmake
[1.811s] -- Installing: /home/saul/bumperbot_ws/install/bumperbot_description/share/bumperbot_description/cmake/bumperbot_descriptionConfig-version.cmake
[1.811s] -- Installing: /home/saul/bumperbot_ws/install/bumperbot_description/share/bumperbot_description/package.xml
[1.814s] Invoked command in '/home/saul/bumperbot_ws/build/bumperbot_description' returned '0': CMAKE_PREFIX_PATH=${CMAKE_PREFIX_PATH}:/home/saul/bumperbot_ws/install/bumperbot_py_examples:/opt/ros/humble /usr/bin/cmake --install /home/saul/bumperbot_ws/build/bumperbot_description
