[0.141s] DEBUG:colcon:Command line arguments: ['/usr/bin/colcon', 'build', '--symlink-install']
[0.141s] DEBUG:colcon:Parsed command line arguments: Namespace(log_base=None, log_level=None, verb_name='build', build_base='build', install_base='install', merge_install=False, symlink_install=True, test_result_base=None, continue_on_error=False, executor='parallel', parallel_workers=8, event_handlers=None, ignore_user_meta=False, metas=['./colcon.meta'], base_paths=['.'], packages_ignore=None, packages_ignore_regex=None, paths=None, packages_up_to=None, packages_up_to_regex=None, packages_above=None, packages_above_and_dependencies=None, packages_above_depth=None, packages_select_by_dep=None, packages_skip_by_dep=None, packages_skip_up_to=None, packages_select_build_failed=False, packages_skip_build_finished=False, packages_select_test_failures=False, packages_skip_test_passed=False, packages_select=None, packages_skip=None, packages_select_regex=None, packages_skip_regex=None, packages_start=None, packages_end=None, allow_overriding=[], cmake_args=None, cmake_target=None, cmake_target_skip_unavailable=False, cmake_clean_cache=False, cmake_clean_first=False, cmake_force_configure=False, ament_cmake_args=None, catkin_cmake_args=None, catkin_skip_building_tests=False, verb_parser=<colcon_defaults.argument_parser.defaults.DefaultArgumentsDecorator object at 0x7797cc15ded0>, verb_extension=<colcon_core.verb.build.BuildVerb object at 0x7797cc15d9c0>, main=<bound method BuildVerb.main of <colcon_core.verb.build.BuildVerb object at 0x7797cc15d9c0>>)
[0.396s] Level 1:colcon.colcon_core.package_discovery:discover_packages(colcon_meta) check parameters
[0.396s] Level 1:colcon.colcon_core.package_discovery:discover_packages(recursive) check parameters
[0.396s] Level 1:colcon.colcon_core.package_discovery:discover_packages(ignore) check parameters
[0.397s] Level 1:colcon.colcon_core.package_discovery:discover_packages(path) check parameters
[0.397s] Level 1:colcon.colcon_core.package_discovery:discover_packages(colcon_meta) discover
[0.397s] Level 1:colcon.colcon_core.package_discovery:discover_packages(recursive) discover
[0.397s] INFO:colcon.colcon_core.package_discovery:Crawling recursively for packages in '/home/saul/bumperbot_ws'
[0.397s] Level 1:colcon.colcon_core.package_identification:_identify(.) by extensions ['ignore', 'ignore_ament_install']
[0.397s] Level 1:colcon.colcon_core.package_identification:_identify(.) by extension 'ignore'
[0.397s] Level 1:colcon.colcon_core.package_identification:_identify(.) by extension 'ignore_ament_install'
[0.397s] Level 1:colcon.colcon_core.package_identification:_identify(.) by extensions ['colcon_pkg']
[0.397s] Level 1:colcon.colcon_core.package_identification:_identify(.) by extension 'colcon_pkg'
[0.397s] Level 1:colcon.colcon_core.package_identification:_identify(.) by extensions ['colcon_meta']
[0.397s] Level 1:colcon.colcon_core.package_identification:_identify(.) by extension 'colcon_meta'
[0.397s] Level 1:colcon.colcon_core.package_identification:_identify(.) by extensions ['ros']
[0.397s] Level 1:colcon.colcon_core.package_identification:_identify(.) by extension 'ros'
[0.411s] Level 1:colcon.colcon_core.package_identification:_identify(.) by extensions ['cmake', 'python']
[0.411s] Level 1:colcon.colcon_core.package_identification:_identify(.) by extension 'cmake'
[0.411s] Level 1:colcon.colcon_core.package_identification:_identify(.) by extension 'python'
[0.412s] Level 1:colcon.colcon_core.package_identification:_identify(.) by extensions ['python_setup_py']
[0.412s] Level 1:colcon.colcon_core.package_identification:_identify(.) by extension 'python_setup_py'
[0.412s] Level 1:colcon.colcon_core.package_identification:_identify(build) by extensions ['ignore', 'ignore_ament_install']
[0.412s] Level 1:colcon.colcon_core.package_identification:_identify(build) by extension 'ignore'
[0.412s] Level 1:colcon.colcon_core.package_identification:_identify(build) ignored
[0.412s] Level 1:colcon.colcon_core.package_identification:_identify(install) by extensions ['ignore', 'ignore_ament_install']
[0.412s] Level 1:colcon.colcon_core.package_identification:_identify(install) by extension 'ignore'
[0.412s] Level 1:colcon.colcon_core.package_identification:_identify(install) ignored
[0.412s] Level 1:colcon.colcon_core.package_identification:_identify(log) by extensions ['ignore', 'ignore_ament_install']
[0.413s] Level 1:colcon.colcon_core.package_identification:_identify(log) by extension 'ignore'
[0.413s] Level 1:colcon.colcon_core.package_identification:_identify(log) ignored
[0.413s] Level 1:colcon.colcon_core.package_identification:_identify(src) by extensions ['ignore', 'ignore_ament_install']
[0.413s] Level 1:colcon.colcon_core.package_identification:_identify(src) by extension 'ignore'
[0.413s] Level 1:colcon.colcon_core.package_identification:_identify(src) by extension 'ignore_ament_install'
[0.413s] Level 1:colcon.colcon_core.package_identification:_identify(src) by extensions ['colcon_pkg']
[0.413s] Level 1:colcon.colcon_core.package_identification:_identify(src) by extension 'colcon_pkg'
[0.413s] Level 1:colcon.colcon_core.package_identification:_identify(src) by extensions ['colcon_meta']
[0.413s] Level 1:colcon.colcon_core.package_identification:_identify(src) by extension 'colcon_meta'
[0.413s] Level 1:colcon.colcon_core.package_identification:_identify(src) by extensions ['ros']
[0.413s] Level 1:colcon.colcon_core.package_identification:_identify(src) by extension 'ros'
[0.413s] Level 1:colcon.colcon_core.package_identification:_identify(src) by extensions ['cmake', 'python']
[0.413s] Level 1:colcon.colcon_core.package_identification:_identify(src) by extension 'cmake'
[0.414s] Level 1:colcon.colcon_core.package_identification:_identify(src) by extension 'python'
[0.414s] Level 1:colcon.colcon_core.package_identification:_identify(src) by extensions ['python_setup_py']
[0.414s] Level 1:colcon.colcon_core.package_identification:_identify(src) by extension 'python_setup_py'
[0.414s] Level 1:colcon.colcon_core.package_identification:_identify(src/bumperbot_bringup) by extensions ['ignore', 'ignore_ament_install']
[0.414s] Level 1:colcon.colcon_core.package_identification:_identify(src/bumperbot_bringup) by extension 'ignore'
[0.414s] Level 1:colcon.colcon_core.package_identification:_identify(src/bumperbot_bringup) by extension 'ignore_ament_install'
[0.414s] Level 1:colcon.colcon_core.package_identification:_identify(src/bumperbot_bringup) by extensions ['colcon_pkg']
[0.414s] Level 1:colcon.colcon_core.package_identification:_identify(src/bumperbot_bringup) by extension 'colcon_pkg'
[0.414s] Level 1:colcon.colcon_core.package_identification:_identify(src/bumperbot_bringup) by extensions ['colcon_meta']
[0.414s] Level 1:colcon.colcon_core.package_identification:_identify(src/bumperbot_bringup) by extension 'colcon_meta'
[0.414s] Level 1:colcon.colcon_core.package_identification:_identify(src/bumperbot_bringup) by extensions ['ros']
[0.414s] Level 1:colcon.colcon_core.package_identification:_identify(src/bumperbot_bringup) by extension 'ros'
[0.417s] DEBUG:colcon.colcon_core.package_identification:Package 'src/bumperbot_bringup' with type 'ros.ament_cmake' and name 'bumperbot_bringup'
[0.417s] Level 1:colcon.colcon_core.package_identification:_identify(src/bumperbot_controller) by extensions ['ignore', 'ignore_ament_install']
[0.417s] Level 1:colcon.colcon_core.package_identification:_identify(src/bumperbot_controller) by extension 'ignore'
[0.417s] Level 1:colcon.colcon_core.package_identification:_identify(src/bumperbot_controller) by extension 'ignore_ament_install'
[0.418s] Level 1:colcon.colcon_core.package_identification:_identify(src/bumperbot_controller) by extensions ['colcon_pkg']
[0.418s] Level 1:colcon.colcon_core.package_identification:_identify(src/bumperbot_controller) by extension 'colcon_pkg'
[0.418s] Level 1:colcon.colcon_core.package_identification:_identify(src/bumperbot_controller) by extensions ['colcon_meta']
[0.418s] Level 1:colcon.colcon_core.package_identification:_identify(src/bumperbot_controller) by extension 'colcon_meta'
[0.418s] Level 1:colcon.colcon_core.package_identification:_identify(src/bumperbot_controller) by extensions ['ros']
[0.418s] Level 1:colcon.colcon_core.package_identification:_identify(src/bumperbot_controller) by extension 'ros'
[0.420s] DEBUG:colcon.colcon_core.package_identification:Package 'src/bumperbot_controller' with type 'ros.ament_cmake' and name 'bumperbot_controller'
[0.420s] Level 1:colcon.colcon_core.package_identification:_identify(src/bumperbot_cpp_examples) by extensions ['ignore', 'ignore_ament_install']
[0.420s] Level 1:colcon.colcon_core.package_identification:_identify(src/bumperbot_cpp_examples) by extension 'ignore'
[0.420s] Level 1:colcon.colcon_core.package_identification:_identify(src/bumperbot_cpp_examples) by extension 'ignore_ament_install'
[0.420s] Level 1:colcon.colcon_core.package_identification:_identify(src/bumperbot_cpp_examples) by extensions ['colcon_pkg']
[0.420s] Level 1:colcon.colcon_core.package_identification:_identify(src/bumperbot_cpp_examples) by extension 'colcon_pkg'
[0.420s] Level 1:colcon.colcon_core.package_identification:_identify(src/bumperbot_cpp_examples) by extensions ['colcon_meta']
[0.420s] Level 1:colcon.colcon_core.package_identification:_identify(src/bumperbot_cpp_examples) by extension 'colcon_meta'
[0.421s] Level 1:colcon.colcon_core.package_identification:_identify(src/bumperbot_cpp_examples) by extensions ['ros']
[0.421s] Level 1:colcon.colcon_core.package_identification:_identify(src/bumperbot_cpp_examples) by extension 'ros'
[0.422s] DEBUG:colcon.colcon_core.package_identification:Package 'src/bumperbot_cpp_examples' with type 'ros.ament_cmake' and name 'bumperbot_cpp_examples'
[0.422s] Level 1:colcon.colcon_core.package_identification:_identify(src/bumperbot_description) by extensions ['ignore', 'ignore_ament_install']
[0.422s] Level 1:colcon.colcon_core.package_identification:_identify(src/bumperbot_description) by extension 'ignore'
[0.422s] Level 1:colcon.colcon_core.package_identification:_identify(src/bumperbot_description) by extension 'ignore_ament_install'
[0.423s] Level 1:colcon.colcon_core.package_identification:_identify(src/bumperbot_description) by extensions ['colcon_pkg']
[0.423s] Level 1:colcon.colcon_core.package_identification:_identify(src/bumperbot_description) by extension 'colcon_pkg'
[0.423s] Level 1:colcon.colcon_core.package_identification:_identify(src/bumperbot_description) by extensions ['colcon_meta']
[0.423s] Level 1:colcon.colcon_core.package_identification:_identify(src/bumperbot_description) by extension 'colcon_meta'
[0.423s] Level 1:colcon.colcon_core.package_identification:_identify(src/bumperbot_description) by extensions ['ros']
[0.423s] Level 1:colcon.colcon_core.package_identification:_identify(src/bumperbot_description) by extension 'ros'
[0.426s] DEBUG:colcon.colcon_core.package_identification:Package 'src/bumperbot_description' with type 'ros.ament_cmake' and name 'bumperbot_description'
[0.426s] Level 1:colcon.colcon_core.package_identification:_identify(src/bumperbot_firmware) by extensions ['ignore', 'ignore_ament_install']
[0.426s] Level 1:colcon.colcon_core.package_identification:_identify(src/bumperbot_firmware) by extension 'ignore'
[0.426s] Level 1:colcon.colcon_core.package_identification:_identify(src/bumperbot_firmware) by extension 'ignore_ament_install'
[0.426s] Level 1:colcon.colcon_core.package_identification:_identify(src/bumperbot_firmware) by extensions ['colcon_pkg']
[0.427s] Level 1:colcon.colcon_core.package_identification:_identify(src/bumperbot_firmware) by extension 'colcon_pkg'
[0.427s] Level 1:colcon.colcon_core.package_identification:_identify(src/bumperbot_firmware) by extensions ['colcon_meta']
[0.427s] Level 1:colcon.colcon_core.package_identification:_identify(src/bumperbot_firmware) by extension 'colcon_meta'
[0.427s] Level 1:colcon.colcon_core.package_identification:_identify(src/bumperbot_firmware) by extensions ['ros']
[0.427s] Level 1:colcon.colcon_core.package_identification:_identify(src/bumperbot_firmware) by extension 'ros'
[0.428s] DEBUG:colcon.colcon_core.package_identification:Package 'src/bumperbot_firmware' with type 'ros.ament_cmake' and name 'bumperbot_firmware'
[0.428s] Level 1:colcon.colcon_core.package_identification:_identify(src/bumperbot_localization) by extensions ['ignore', 'ignore_ament_install']
[0.428s] Level 1:colcon.colcon_core.package_identification:_identify(src/bumperbot_localization) by extension 'ignore'
[0.429s] Level 1:colcon.colcon_core.package_identification:_identify(src/bumperbot_localization) by extension 'ignore_ament_install'
[0.429s] Level 1:colcon.colcon_core.package_identification:_identify(src/bumperbot_localization) by extensions ['colcon_pkg']
[0.429s] Level 1:colcon.colcon_core.package_identification:_identify(src/bumperbot_localization) by extension 'colcon_pkg'
[0.429s] Level 1:colcon.colcon_core.package_identification:_identify(src/bumperbot_localization) by extensions ['colcon_meta']
[0.429s] Level 1:colcon.colcon_core.package_identification:_identify(src/bumperbot_localization) by extension 'colcon_meta'
[0.429s] Level 1:colcon.colcon_core.package_identification:_identify(src/bumperbot_localization) by extensions ['ros']
[0.429s] Level 1:colcon.colcon_core.package_identification:_identify(src/bumperbot_localization) by extension 'ros'
[0.430s] DEBUG:colcon.colcon_core.package_identification:Package 'src/bumperbot_localization' with type 'ros.ament_cmake' and name 'bumperbot_localization'
[0.430s] Level 1:colcon.colcon_core.package_identification:_identify(src/bumperbot_msgs) by extensions ['ignore', 'ignore_ament_install']
[0.430s] Level 1:colcon.colcon_core.package_identification:_identify(src/bumperbot_msgs) by extension 'ignore'
[0.430s] Level 1:colcon.colcon_core.package_identification:_identify(src/bumperbot_msgs) by extension 'ignore_ament_install'
[0.430s] Level 1:colcon.colcon_core.package_identification:_identify(src/bumperbot_msgs) by extensions ['colcon_pkg']
[0.431s] Level 1:colcon.colcon_core.package_identification:_identify(src/bumperbot_msgs) by extension 'colcon_pkg'
[0.431s] Level 1:colcon.colcon_core.package_identification:_identify(src/bumperbot_msgs) by extensions ['colcon_meta']
[0.431s] Level 1:colcon.colcon_core.package_identification:_identify(src/bumperbot_msgs) by extension 'colcon_meta'
[0.431s] Level 1:colcon.colcon_core.package_identification:_identify(src/bumperbot_msgs) by extensions ['ros']
[0.431s] Level 1:colcon.colcon_core.package_identification:_identify(src/bumperbot_msgs) by extension 'ros'
[0.432s] DEBUG:colcon.colcon_core.package_identification:Package 'src/bumperbot_msgs' with type 'ros.ament_cmake' and name 'bumperbot_msgs'
[0.432s] Level 1:colcon.colcon_core.package_identification:_identify(src/bumperbot_py_examples) by extensions ['ignore', 'ignore_ament_install']
[0.432s] Level 1:colcon.colcon_core.package_identification:_identify(src/bumperbot_py_examples) by extension 'ignore'
[0.432s] Level 1:colcon.colcon_core.package_identification:_identify(src/bumperbot_py_examples) by extension 'ignore_ament_install'
[0.432s] Level 1:colcon.colcon_core.package_identification:_identify(src/bumperbot_py_examples) by extensions ['colcon_pkg']
[0.432s] Level 1:colcon.colcon_core.package_identification:_identify(src/bumperbot_py_examples) by extension 'colcon_pkg'
[0.432s] Level 1:colcon.colcon_core.package_identification:_identify(src/bumperbot_py_examples) by extensions ['colcon_meta']
[0.432s] Level 1:colcon.colcon_core.package_identification:_identify(src/bumperbot_py_examples) by extension 'colcon_meta'
[0.432s] Level 1:colcon.colcon_core.package_identification:_identify(src/bumperbot_py_examples) by extensions ['ros']
[0.432s] Level 1:colcon.colcon_core.package_identification:_identify(src/bumperbot_py_examples) by extension 'ros'
[0.434s] DEBUG:colcon.colcon_core.package_identification:Package 'src/bumperbot_py_examples' with type 'ros.ament_python' and name 'bumperbot_py_examples'
[0.434s] Level 1:colcon.colcon_core.package_discovery:discover_packages(recursive) using defaults
[0.434s] Level 1:colcon.colcon_core.package_discovery:discover_packages(ignore) discover
[0.434s] Level 1:colcon.colcon_core.package_discovery:discover_packages(ignore) using defaults
[0.434s] Level 1:colcon.colcon_core.package_discovery:discover_packages(path) discover
[0.434s] Level 1:colcon.colcon_core.package_discovery:discover_packages(path) using defaults
[0.474s] Level 1:colcon.colcon_core.package_discovery:discover_packages(prefix_path) check parameters
[0.474s] Level 1:colcon.colcon_core.package_discovery:discover_packages(prefix_path) discover
[0.476s] DEBUG:colcon.colcon_installed_package_information.package_discovery:Found 8 installed packages in /home/saul/bumperbot_ws/install
[0.479s] DEBUG:colcon.colcon_installed_package_information.package_discovery:Found 385 installed packages in /opt/ros/humble
[0.482s] Level 1:colcon.colcon_core.package_discovery:discover_packages(prefix_path) using defaults
[0.554s] Level 5:colcon.colcon_core.verb:set package 'bumperbot_bringup' build argument 'cmake_args' from command line to 'None'
[0.554s] Level 5:colcon.colcon_core.verb:set package 'bumperbot_bringup' build argument 'cmake_target' from command line to 'None'
[0.554s] Level 5:colcon.colcon_core.verb:set package 'bumperbot_bringup' build argument 'cmake_target_skip_unavailable' from command line to 'False'
[0.554s] Level 5:colcon.colcon_core.verb:set package 'bumperbot_bringup' build argument 'cmake_clean_cache' from command line to 'False'
[0.554s] Level 5:colcon.colcon_core.verb:set package 'bumperbot_bringup' build argument 'cmake_clean_first' from command line to 'False'
[0.554s] Level 5:colcon.colcon_core.verb:set package 'bumperbot_bringup' build argument 'cmake_force_configure' from command line to 'False'
[0.554s] Level 5:colcon.colcon_core.verb:set package 'bumperbot_bringup' build argument 'ament_cmake_args' from command line to 'None'
[0.554s] Level 5:colcon.colcon_core.verb:set package 'bumperbot_bringup' build argument 'catkin_cmake_args' from command line to 'None'
[0.554s] Level 5:colcon.colcon_core.verb:set package 'bumperbot_bringup' build argument 'catkin_skip_building_tests' from command line to 'False'
[0.554s] DEBUG:colcon.colcon_core.verb:Building package 'bumperbot_bringup' with the following arguments: {'ament_cmake_args': None, 'build_base': '/home/saul/bumperbot_ws/build/bumperbot_bringup', 'catkin_cmake_args': None, 'catkin_skip_building_tests': False, 'cmake_args': None, 'cmake_clean_cache': False, 'cmake_clean_first': False, 'cmake_force_configure': False, 'cmake_target': None, 'cmake_target_skip_unavailable': False, 'install_base': '/home/saul/bumperbot_ws/install/bumperbot_bringup', 'merge_install': False, 'path': '/home/saul/bumperbot_ws/src/bumperbot_bringup', 'symlink_install': True, 'test_result_base': None}
[0.555s] Level 5:colcon.colcon_core.verb:set package 'bumperbot_controller' build argument 'cmake_args' from command line to 'None'
[0.555s] Level 5:colcon.colcon_core.verb:set package 'bumperbot_controller' build argument 'cmake_target' from command line to 'None'
[0.555s] Level 5:colcon.colcon_core.verb:set package 'bumperbot_controller' build argument 'cmake_target_skip_unavailable' from command line to 'False'
[0.555s] Level 5:colcon.colcon_core.verb:set package 'bumperbot_controller' build argument 'cmake_clean_cache' from command line to 'False'
[0.555s] Level 5:colcon.colcon_core.verb:set package 'bumperbot_controller' build argument 'cmake_clean_first' from command line to 'False'
[0.555s] Level 5:colcon.colcon_core.verb:set package 'bumperbot_controller' build argument 'cmake_force_configure' from command line to 'False'
[0.555s] Level 5:colcon.colcon_core.verb:set package 'bumperbot_controller' build argument 'ament_cmake_args' from command line to 'None'
[0.555s] Level 5:colcon.colcon_core.verb:set package 'bumperbot_controller' build argument 'catkin_cmake_args' from command line to 'None'
[0.555s] Level 5:colcon.colcon_core.verb:set package 'bumperbot_controller' build argument 'catkin_skip_building_tests' from command line to 'False'
[0.555s] DEBUG:colcon.colcon_core.verb:Building package 'bumperbot_controller' with the following arguments: {'ament_cmake_args': None, 'build_base': '/home/saul/bumperbot_ws/build/bumperbot_controller', 'catkin_cmake_args': None, 'catkin_skip_building_tests': False, 'cmake_args': None, 'cmake_clean_cache': False, 'cmake_clean_first': False, 'cmake_force_configure': False, 'cmake_target': None, 'cmake_target_skip_unavailable': False, 'install_base': '/home/saul/bumperbot_ws/install/bumperbot_controller', 'merge_install': False, 'path': '/home/saul/bumperbot_ws/src/bumperbot_controller', 'symlink_install': True, 'test_result_base': None}
[0.556s] Level 5:colcon.colcon_core.verb:set package 'bumperbot_description' build argument 'cmake_args' from command line to 'None'
[0.556s] Level 5:colcon.colcon_core.verb:set package 'bumperbot_description' build argument 'cmake_target' from command line to 'None'
[0.556s] Level 5:colcon.colcon_core.verb:set package 'bumperbot_description' build argument 'cmake_target_skip_unavailable' from command line to 'False'
[0.556s] Level 5:colcon.colcon_core.verb:set package 'bumperbot_description' build argument 'cmake_clean_cache' from command line to 'False'
[0.556s] Level 5:colcon.colcon_core.verb:set package 'bumperbot_description' build argument 'cmake_clean_first' from command line to 'False'
[0.556s] Level 5:colcon.colcon_core.verb:set package 'bumperbot_description' build argument 'cmake_force_configure' from command line to 'False'
[0.556s] Level 5:colcon.colcon_core.verb:set package 'bumperbot_description' build argument 'ament_cmake_args' from command line to 'None'
[0.556s] Level 5:colcon.colcon_core.verb:set package 'bumperbot_description' build argument 'catkin_cmake_args' from command line to 'None'
[0.556s] Level 5:colcon.colcon_core.verb:set package 'bumperbot_description' build argument 'catkin_skip_building_tests' from command line to 'False'
[0.556s] DEBUG:colcon.colcon_core.verb:Building package 'bumperbot_description' with the following arguments: {'ament_cmake_args': None, 'build_base': '/home/saul/bumperbot_ws/build/bumperbot_description', 'catkin_cmake_args': None, 'catkin_skip_building_tests': False, 'cmake_args': None, 'cmake_clean_cache': False, 'cmake_clean_first': False, 'cmake_force_configure': False, 'cmake_target': None, 'cmake_target_skip_unavailable': False, 'install_base': '/home/saul/bumperbot_ws/install/bumperbot_description', 'merge_install': False, 'path': '/home/saul/bumperbot_ws/src/bumperbot_description', 'symlink_install': True, 'test_result_base': None}
[0.556s] Level 5:colcon.colcon_core.verb:set package 'bumperbot_firmware' build argument 'cmake_args' from command line to 'None'
[0.556s] Level 5:colcon.colcon_core.verb:set package 'bumperbot_firmware' build argument 'cmake_target' from command line to 'None'
[0.557s] Level 5:colcon.colcon_core.verb:set package 'bumperbot_firmware' build argument 'cmake_target_skip_unavailable' from command line to 'False'
[0.557s] Level 5:colcon.colcon_core.verb:set package 'bumperbot_firmware' build argument 'cmake_clean_cache' from command line to 'False'
[0.557s] Level 5:colcon.colcon_core.verb:set package 'bumperbot_firmware' build argument 'cmake_clean_first' from command line to 'False'
[0.557s] Level 5:colcon.colcon_core.verb:set package 'bumperbot_firmware' build argument 'cmake_force_configure' from command line to 'False'
[0.557s] Level 5:colcon.colcon_core.verb:set package 'bumperbot_firmware' build argument 'ament_cmake_args' from command line to 'None'
[0.557s] Level 5:colcon.colcon_core.verb:set package 'bumperbot_firmware' build argument 'catkin_cmake_args' from command line to 'None'
[0.557s] Level 5:colcon.colcon_core.verb:set package 'bumperbot_firmware' build argument 'catkin_skip_building_tests' from command line to 'False'
[0.557s] DEBUG:colcon.colcon_core.verb:Building package 'bumperbot_firmware' with the following arguments: {'ament_cmake_args': None, 'build_base': '/home/saul/bumperbot_ws/build/bumperbot_firmware', 'catkin_cmake_args': None, 'catkin_skip_building_tests': False, 'cmake_args': None, 'cmake_clean_cache': False, 'cmake_clean_first': False, 'cmake_force_configure': False, 'cmake_target': None, 'cmake_target_skip_unavailable': False, 'install_base': '/home/saul/bumperbot_ws/install/bumperbot_firmware', 'merge_install': False, 'path': '/home/saul/bumperbot_ws/src/bumperbot_firmware', 'symlink_install': True, 'test_result_base': None}
[0.558s] Level 5:colcon.colcon_core.verb:set package 'bumperbot_localization' build argument 'cmake_args' from command line to 'None'
[0.558s] Level 5:colcon.colcon_core.verb:set package 'bumperbot_localization' build argument 'cmake_target' from command line to 'None'
[0.558s] Level 5:colcon.colcon_core.verb:set package 'bumperbot_localization' build argument 'cmake_target_skip_unavailable' from command line to 'False'
[0.558s] Level 5:colcon.colcon_core.verb:set package 'bumperbot_localization' build argument 'cmake_clean_cache' from command line to 'False'
[0.558s] Level 5:colcon.colcon_core.verb:set package 'bumperbot_localization' build argument 'cmake_clean_first' from command line to 'False'
[0.558s] Level 5:colcon.colcon_core.verb:set package 'bumperbot_localization' build argument 'cmake_force_configure' from command line to 'False'
[0.558s] Level 5:colcon.colcon_core.verb:set package 'bumperbot_localization' build argument 'ament_cmake_args' from command line to 'None'
[0.558s] Level 5:colcon.colcon_core.verb:set package 'bumperbot_localization' build argument 'catkin_cmake_args' from command line to 'None'
[0.559s] Level 5:colcon.colcon_core.verb:set package 'bumperbot_localization' build argument 'catkin_skip_building_tests' from command line to 'False'
[0.559s] DEBUG:colcon.colcon_core.verb:Building package 'bumperbot_localization' with the following arguments: {'ament_cmake_args': None, 'build_base': '/home/saul/bumperbot_ws/build/bumperbot_localization', 'catkin_cmake_args': None, 'catkin_skip_building_tests': False, 'cmake_args': None, 'cmake_clean_cache': False, 'cmake_clean_first': False, 'cmake_force_configure': False, 'cmake_target': None, 'cmake_target_skip_unavailable': False, 'install_base': '/home/saul/bumperbot_ws/install/bumperbot_localization', 'merge_install': False, 'path': '/home/saul/bumperbot_ws/src/bumperbot_localization', 'symlink_install': True, 'test_result_base': None}
[0.559s] Level 5:colcon.colcon_core.verb:set package 'bumperbot_msgs' build argument 'cmake_args' from command line to 'None'
[0.559s] Level 5:colcon.colcon_core.verb:set package 'bumperbot_msgs' build argument 'cmake_target' from command line to 'None'
[0.559s] Level 5:colcon.colcon_core.verb:set package 'bumperbot_msgs' build argument 'cmake_target_skip_unavailable' from command line to 'False'
[0.559s] Level 5:colcon.colcon_core.verb:set package 'bumperbot_msgs' build argument 'cmake_clean_cache' from command line to 'False'
[0.559s] Level 5:colcon.colcon_core.verb:set package 'bumperbot_msgs' build argument 'cmake_clean_first' from command line to 'False'
[0.559s] Level 5:colcon.colcon_core.verb:set package 'bumperbot_msgs' build argument 'cmake_force_configure' from command line to 'False'
[0.559s] Level 5:colcon.colcon_core.verb:set package 'bumperbot_msgs' build argument 'ament_cmake_args' from command line to 'None'
[0.559s] Level 5:colcon.colcon_core.verb:set package 'bumperbot_msgs' build argument 'catkin_cmake_args' from command line to 'None'
[0.559s] Level 5:colcon.colcon_core.verb:set package 'bumperbot_msgs' build argument 'catkin_skip_building_tests' from command line to 'False'
[0.560s] DEBUG:colcon.colcon_core.verb:Building package 'bumperbot_msgs' with the following arguments: {'ament_cmake_args': None, 'build_base': '/home/saul/bumperbot_ws/build/bumperbot_msgs', 'catkin_cmake_args': None, 'catkin_skip_building_tests': False, 'cmake_args': None, 'cmake_clean_cache': False, 'cmake_clean_first': False, 'cmake_force_configure': False, 'cmake_target': None, 'cmake_target_skip_unavailable': False, 'install_base': '/home/saul/bumperbot_ws/install/bumperbot_msgs', 'merge_install': False, 'path': '/home/saul/bumperbot_ws/src/bumperbot_msgs', 'symlink_install': True, 'test_result_base': None}
[0.560s] Level 5:colcon.colcon_core.verb:set package 'bumperbot_cpp_examples' build argument 'cmake_args' from command line to 'None'
[0.560s] Level 5:colcon.colcon_core.verb:set package 'bumperbot_cpp_examples' build argument 'cmake_target' from command line to 'None'
[0.560s] Level 5:colcon.colcon_core.verb:set package 'bumperbot_cpp_examples' build argument 'cmake_target_skip_unavailable' from command line to 'False'
[0.560s] Level 5:colcon.colcon_core.verb:set package 'bumperbot_cpp_examples' build argument 'cmake_clean_cache' from command line to 'False'
[0.560s] Level 5:colcon.colcon_core.verb:set package 'bumperbot_cpp_examples' build argument 'cmake_clean_first' from command line to 'False'
[0.560s] Level 5:colcon.colcon_core.verb:set package 'bumperbot_cpp_examples' build argument 'cmake_force_configure' from command line to 'False'
[0.560s] Level 5:colcon.colcon_core.verb:set package 'bumperbot_cpp_examples' build argument 'ament_cmake_args' from command line to 'None'
[0.560s] Level 5:colcon.colcon_core.verb:set package 'bumperbot_cpp_examples' build argument 'catkin_cmake_args' from command line to 'None'
[0.560s] Level 5:colcon.colcon_core.verb:set package 'bumperbot_cpp_examples' build argument 'catkin_skip_building_tests' from command line to 'False'
[0.560s] DEBUG:colcon.colcon_core.verb:Building package 'bumperbot_cpp_examples' with the following arguments: {'ament_cmake_args': None, 'build_base': '/home/saul/bumperbot_ws/build/bumperbot_cpp_examples', 'catkin_cmake_args': None, 'catkin_skip_building_tests': False, 'cmake_args': None, 'cmake_clean_cache': False, 'cmake_clean_first': False, 'cmake_force_configure': False, 'cmake_target': None, 'cmake_target_skip_unavailable': False, 'install_base': '/home/saul/bumperbot_ws/install/bumperbot_cpp_examples', 'merge_install': False, 'path': '/home/saul/bumperbot_ws/src/bumperbot_cpp_examples', 'symlink_install': True, 'test_result_base': None}
[0.561s] Level 5:colcon.colcon_core.verb:set package 'bumperbot_py_examples' build argument 'cmake_args' from command line to 'None'
[0.561s] Level 5:colcon.colcon_core.verb:set package 'bumperbot_py_examples' build argument 'cmake_target' from command line to 'None'
[0.561s] Level 5:colcon.colcon_core.verb:set package 'bumperbot_py_examples' build argument 'cmake_target_skip_unavailable' from command line to 'False'
[0.561s] Level 5:colcon.colcon_core.verb:set package 'bumperbot_py_examples' build argument 'cmake_clean_cache' from command line to 'False'
[0.561s] Level 5:colcon.colcon_core.verb:set package 'bumperbot_py_examples' build argument 'cmake_clean_first' from command line to 'False'
[0.561s] Level 5:colcon.colcon_core.verb:set package 'bumperbot_py_examples' build argument 'cmake_force_configure' from command line to 'False'
[0.561s] Level 5:colcon.colcon_core.verb:set package 'bumperbot_py_examples' build argument 'ament_cmake_args' from command line to 'None'
[0.561s] Level 5:colcon.colcon_core.verb:set package 'bumperbot_py_examples' build argument 'catkin_cmake_args' from command line to 'None'
[0.561s] Level 5:colcon.colcon_core.verb:set package 'bumperbot_py_examples' build argument 'catkin_skip_building_tests' from command line to 'False'
[0.561s] DEBUG:colcon.colcon_core.verb:Building package 'bumperbot_py_examples' with the following arguments: {'ament_cmake_args': None, 'build_base': '/home/saul/bumperbot_ws/build/bumperbot_py_examples', 'catkin_cmake_args': None, 'catkin_skip_building_tests': False, 'cmake_args': None, 'cmake_clean_cache': False, 'cmake_clean_first': False, 'cmake_force_configure': False, 'cmake_target': None, 'cmake_target_skip_unavailable': False, 'install_base': '/home/saul/bumperbot_ws/install/bumperbot_py_examples', 'merge_install': False, 'path': '/home/saul/bumperbot_ws/src/bumperbot_py_examples', 'symlink_install': True, 'test_result_base': None}
[0.561s] INFO:colcon.colcon_core.executor:Executing jobs using 'parallel' executor
[0.563s] DEBUG:colcon.colcon_parallel_executor.executor.parallel:run_until_complete
[0.563s] INFO:colcon.colcon_ros.task.ament_cmake.build:Building ROS package in '/home/saul/bumperbot_ws/src/bumperbot_msgs' with build type 'ament_cmake'
[0.564s] INFO:colcon.colcon_cmake.task.cmake.build:Building CMake package in '/home/saul/bumperbot_ws/src/bumperbot_msgs'
[0.567s] INFO:colcon.colcon_core.plugin_system:Skipping extension 'colcon_core.shell.bat': Not used on non-Windows systems
[0.568s] INFO:colcon.colcon_core.shell:Skip shell extension 'powershell' for command environment: Not usable outside of PowerShell
[0.568s] DEBUG:colcon.colcon_core.shell:Skip shell extension 'dsv' for command environment
[0.574s] INFO:colcon.colcon_ros.task.ament_cmake.build:Building ROS package in '/home/saul/bumperbot_ws/src/bumperbot_bringup' with build type 'ament_cmake'
[0.574s] INFO:colcon.colcon_cmake.task.cmake.build:Building CMake package in '/home/saul/bumperbot_ws/src/bumperbot_bringup'
[0.574s] INFO:colcon.colcon_core.shell:Skip shell extension 'powershell' for command environment: Not usable outside of PowerShell
[0.574s] DEBUG:colcon.colcon_core.shell:Skip shell extension 'dsv' for command environment
[0.580s] INFO:colcon.colcon_ros.task.ament_cmake.build:Building ROS package in '/home/saul/bumperbot_ws/src/bumperbot_controller' with build type 'ament_cmake'
[0.580s] INFO:colcon.colcon_cmake.task.cmake.build:Building CMake package in '/home/saul/bumperbot_ws/src/bumperbot_controller'
[0.581s] INFO:colcon.colcon_core.shell:Skip shell extension 'powershell' for command environment: Not usable outside of PowerShell
[0.581s] DEBUG:colcon.colcon_core.shell:Skip shell extension 'dsv' for command environment
[0.586s] INFO:colcon.colcon_ros.task.ament_cmake.build:Building ROS package in '/home/saul/bumperbot_ws/src/bumperbot_description' with build type 'ament_cmake'
[0.586s] INFO:colcon.colcon_cmake.task.cmake.build:Building CMake package in '/home/saul/bumperbot_ws/src/bumperbot_description'
[0.587s] INFO:colcon.colcon_core.shell:Skip shell extension 'powershell' for command environment: Not usable outside of PowerShell
[0.587s] DEBUG:colcon.colcon_core.shell:Skip shell extension 'dsv' for command environment
[0.592s] INFO:colcon.colcon_ros.task.ament_cmake.build:Building ROS package in '/home/saul/bumperbot_ws/src/bumperbot_firmware' with build type 'ament_cmake'
[0.592s] INFO:colcon.colcon_cmake.task.cmake.build:Building CMake package in '/home/saul/bumperbot_ws/src/bumperbot_firmware'
[0.593s] INFO:colcon.colcon_core.shell:Skip shell extension 'powershell' for command environment: Not usable outside of PowerShell
[0.593s] DEBUG:colcon.colcon_core.shell:Skip shell extension 'dsv' for command environment
[0.599s] INFO:colcon.colcon_ros.task.ament_cmake.build:Building ROS package in '/home/saul/bumperbot_ws/src/bumperbot_localization' with build type 'ament_cmake'
[0.599s] INFO:colcon.colcon_cmake.task.cmake.build:Building CMake package in '/home/saul/bumperbot_ws/src/bumperbot_localization'
[0.599s] INFO:colcon.colcon_core.shell:Skip shell extension 'powershell' for command environment: Not usable outside of PowerShell
[0.599s] DEBUG:colcon.colcon_core.shell:Skip shell extension 'dsv' for command environment
[0.611s] DEBUG:colcon.colcon_core.event_handler.log_command:Invoking command in '/home/saul/bumperbot_ws/build/bumperbot_msgs': CMAKE_PREFIX_PATH=${CMAKE_PREFIX_PATH}:/home/saul/bumperbot_ws/install/bumperbot_py_examples:/opt/ros/humble /usr/bin/cmake --build /home/saul/bumperbot_ws/build/bumperbot_msgs -- -j8 -l8
[0.618s] DEBUG:colcon.colcon_core.event_handler.log_command:Invoking command in '/home/saul/bumperbot_ws/build/bumperbot_bringup': CMAKE_PREFIX_PATH=${CMAKE_PREFIX_PATH}:/home/saul/bumperbot_ws/install/bumperbot_py_examples:/opt/ros/humble /usr/bin/cmake /home/saul/bumperbot_ws/src/bumperbot_bringup -DAMENT_CMAKE_SYMLINK_INSTALL=1 -DCMAKE_INSTALL_PREFIX=/home/saul/bumperbot_ws/install/bumperbot_bringup
[0.621s] DEBUG:colcon.colcon_core.event_handler.log_command:Invoking command in '/home/saul/bumperbot_ws/build/bumperbot_controller': CMAKE_PREFIX_PATH=${CMAKE_PREFIX_PATH}:/home/saul/bumperbot_ws/install/bumperbot_py_examples:/opt/ros/humble /usr/bin/cmake --build /home/saul/bumperbot_ws/build/bumperbot_controller -- -j8 -l8
[0.627s] DEBUG:colcon.colcon_core.event_handler.log_command:Invoking command in '/home/saul/bumperbot_ws/build/bumperbot_description': CMAKE_PREFIX_PATH=${CMAKE_PREFIX_PATH}:/home/saul/bumperbot_ws/install/bumperbot_py_examples:/opt/ros/humble /usr/bin/cmake --build /home/saul/bumperbot_ws/build/bumperbot_description -- -j8 -l8
[0.633s] DEBUG:colcon.colcon_core.event_handler.log_command:Invoking command in '/home/saul/bumperbot_ws/build/bumperbot_firmware': CMAKE_PREFIX_PATH=${CMAKE_PREFIX_PATH}:/home/saul/bumperbot_ws/install/bumperbot_py_examples:/opt/ros/humble /usr/bin/cmake --build /home/saul/bumperbot_ws/build/bumperbot_firmware -- -j8 -l8
[0.641s] DEBUG:colcon.colcon_core.event_handler.log_command:Invoking command in '/home/saul/bumperbot_ws/build/bumperbot_localization': CMAKE_PREFIX_PATH=${CMAKE_PREFIX_PATH}:/home/saul/bumperbot_ws/install/bumperbot_py_examples:/opt/ros/humble /usr/bin/cmake --build /home/saul/bumperbot_ws/build/bumperbot_localization -- -j8 -l8
[0.699s] DEBUG:colcon.colcon_core.event_handler.log_command:Invoked command in '/home/saul/bumperbot_ws/build/bumperbot_description' returned '0': CMAKE_PREFIX_PATH=${CMAKE_PREFIX_PATH}:/home/saul/bumperbot_ws/install/bumperbot_py_examples:/opt/ros/humble /usr/bin/cmake --build /home/saul/bumperbot_ws/build/bumperbot_description -- -j8 -l8
[0.744s] DEBUG:colcon.colcon_core.event_handler.log_command:Invoking command in '/home/saul/bumperbot_ws/build/bumperbot_description': CMAKE_PREFIX_PATH=${CMAKE_PREFIX_PATH}:/home/saul/bumperbot_ws/install/bumperbot_py_examples:/opt/ros/humble /usr/bin/cmake --install /home/saul/bumperbot_ws/build/bumperbot_description
[0.902s] Level 1:colcon.colcon_core.environment:create_environment_scripts_only(bumperbot_description)
[0.905s] DEBUG:colcon.colcon_core.event_handler.log_command:Invoked command in '/home/saul/bumperbot_ws/build/bumperbot_description' returned '0': CMAKE_PREFIX_PATH=${CMAKE_PREFIX_PATH}:/home/saul/bumperbot_ws/install/bumperbot_py_examples:/opt/ros/humble /usr/bin/cmake --install /home/saul/bumperbot_ws/build/bumperbot_description
[0.924s] Level 1:colcon.colcon_core.environment:checking '/home/saul/bumperbot_ws/install/bumperbot_description' for CMake module files
[0.926s] Level 1:colcon.colcon_core.environment:checking '/home/saul/bumperbot_ws/install/bumperbot_description' for CMake config files
[0.928s] Level 1:colcon.colcon_core.shell:create_environment_hook('bumperbot_description', 'cmake_prefix_path')
[0.929s] INFO:colcon.colcon_core.shell:Creating environment hook '/home/saul/bumperbot_ws/install/bumperbot_description/share/bumperbot_description/hook/cmake_prefix_path.ps1'
[0.931s] INFO:colcon.colcon_core.shell:Creating environment descriptor '/home/saul/bumperbot_ws/install/bumperbot_description/share/bumperbot_description/hook/cmake_prefix_path.dsv'
[0.932s] INFO:colcon.colcon_core.shell:Creating environment hook '/home/saul/bumperbot_ws/install/bumperbot_description/share/bumperbot_description/hook/cmake_prefix_path.sh'
[0.934s] Level 1:colcon.colcon_core.environment:checking '/home/saul/bumperbot_ws/install/bumperbot_description/bin'
[0.935s] Level 1:colcon.colcon_core.environment:checking '/home/saul/bumperbot_ws/install/bumperbot_description/lib/pkgconfig/bumperbot_description.pc'
[0.935s] Level 1:colcon.colcon_core.environment:checking '/home/saul/bumperbot_ws/install/bumperbot_description/lib/python3.10/site-packages'
[0.936s] Level 1:colcon.colcon_core.environment:checking '/home/saul/bumperbot_ws/install/bumperbot_description/bin'
[0.937s] INFO:colcon.colcon_core.shell:Creating package script '/home/saul/bumperbot_ws/install/bumperbot_description/share/bumperbot_description/package.ps1'
[0.940s] INFO:colcon.colcon_core.shell:Creating package descriptor '/home/saul/bumperbot_ws/install/bumperbot_description/share/bumperbot_description/package.dsv'
[0.941s] INFO:colcon.colcon_core.shell:Creating package script '/home/saul/bumperbot_ws/install/bumperbot_description/share/bumperbot_description/package.sh'
[0.943s] INFO:colcon.colcon_core.shell:Creating package script '/home/saul/bumperbot_ws/install/bumperbot_description/share/bumperbot_description/package.bash'
[0.945s] INFO:colcon.colcon_core.shell:Creating package script '/home/saul/bumperbot_ws/install/bumperbot_description/share/bumperbot_description/package.zsh'
[0.947s] Level 1:colcon.colcon_core.environment:create_file_with_runtime_dependencies(/home/saul/bumperbot_ws/install/bumperbot_description/share/colcon-core/packages/bumperbot_description)
[0.949s] Level 1:colcon.colcon_core.environment:create_environment_scripts_only(bumperbot_description)
[0.950s] Level 1:colcon.colcon_core.environment:checking '/home/saul/bumperbot_ws/install/bumperbot_description' for CMake module files
[0.951s] Level 1:colcon.colcon_core.environment:checking '/home/saul/bumperbot_ws/install/bumperbot_description' for CMake config files
[0.952s] Level 1:colcon.colcon_core.shell:create_environment_hook('bumperbot_description', 'cmake_prefix_path')
[0.953s] INFO:colcon.colcon_core.shell:Creating environment hook '/home/saul/bumperbot_ws/install/bumperbot_description/share/bumperbot_description/hook/cmake_prefix_path.ps1'
[0.954s] INFO:colcon.colcon_core.shell:Creating environment descriptor '/home/saul/bumperbot_ws/install/bumperbot_description/share/bumperbot_description/hook/cmake_prefix_path.dsv'
[0.955s] INFO:colcon.colcon_core.shell:Creating environment hook '/home/saul/bumperbot_ws/install/bumperbot_description/share/bumperbot_description/hook/cmake_prefix_path.sh'
[0.956s] Level 1:colcon.colcon_core.environment:checking '/home/saul/bumperbot_ws/install/bumperbot_description/bin'
[0.956s] Level 1:colcon.colcon_core.environment:checking '/home/saul/bumperbot_ws/install/bumperbot_description/lib/pkgconfig/bumperbot_description.pc'
[0.957s] Level 1:colcon.colcon_core.environment:checking '/home/saul/bumperbot_ws/install/bumperbot_description/lib/python3.10/site-packages'
[0.958s] Level 1:colcon.colcon_core.environment:checking '/home/saul/bumperbot_ws/install/bumperbot_description/bin'
[0.959s] INFO:colcon.colcon_core.shell:Creating package script '/home/saul/bumperbot_ws/install/bumperbot_description/share/bumperbot_description/package.ps1'
[0.960s] INFO:colcon.colcon_core.shell:Creating package descriptor '/home/saul/bumperbot_ws/install/bumperbot_description/share/bumperbot_description/package.dsv'
[0.961s] INFO:colcon.colcon_core.shell:Creating package script '/home/saul/bumperbot_ws/install/bumperbot_description/share/bumperbot_description/package.sh'
[0.962s] INFO:colcon.colcon_core.shell:Creating package script '/home/saul/bumperbot_ws/install/bumperbot_description/share/bumperbot_description/package.bash'
[0.963s] INFO:colcon.colcon_core.shell:Creating package script '/home/saul/bumperbot_ws/install/bumperbot_description/share/bumperbot_description/package.zsh'
[0.965s] Level 1:colcon.colcon_core.environment:create_file_with_runtime_dependencies(/home/saul/bumperbot_ws/install/bumperbot_description/share/colcon-core/packages/bumperbot_description)
[1.188s] DEBUG:colcon.colcon_core.event_handler.log_command:Invoked command in '/home/saul/bumperbot_ws/build/bumperbot_bringup' returned '0': CMAKE_PREFIX_PATH=${CMAKE_PREFIX_PATH}:/home/saul/bumperbot_ws/install/bumperbot_py_examples:/opt/ros/humble /usr/bin/cmake /home/saul/bumperbot_ws/src/bumperbot_bringup -DAMENT_CMAKE_SYMLINK_INSTALL=1 -DCMAKE_INSTALL_PREFIX=/home/saul/bumperbot_ws/install/bumperbot_bringup
[1.190s] DEBUG:colcon.colcon_core.event_handler.log_command:Invoking command in '/home/saul/bumperbot_ws/build/bumperbot_bringup': CMAKE_PREFIX_PATH=${CMAKE_PREFIX_PATH}:/home/saul/bumperbot_ws/install/bumperbot_py_examples:/opt/ros/humble /usr/bin/cmake --build /home/saul/bumperbot_ws/build/bumperbot_bringup -- -j8 -l8
[1.242s] DEBUG:colcon.colcon_core.event_handler.log_command:Invoked command in '/home/saul/bumperbot_ws/build/bumperbot_bringup' returned '0': CMAKE_PREFIX_PATH=${CMAKE_PREFIX_PATH}:/home/saul/bumperbot_ws/install/bumperbot_py_examples:/opt/ros/humble /usr/bin/cmake --build /home/saul/bumperbot_ws/build/bumperbot_bringup -- -j8 -l8
[1.244s] DEBUG:colcon.colcon_core.event_handler.log_command:Invoking command in '/home/saul/bumperbot_ws/build/bumperbot_bringup': CMAKE_PREFIX_PATH=${CMAKE_PREFIX_PATH}:/home/saul/bumperbot_ws/install/bumperbot_py_examples:/opt/ros/humble /usr/bin/cmake --install /home/saul/bumperbot_ws/build/bumperbot_bringup
[1.273s] Level 1:colcon.colcon_core.environment:create_environment_scripts_only(bumperbot_bringup)
[1.273s] DEBUG:colcon.colcon_core.event_handler.log_command:Invoked command in '/home/saul/bumperbot_ws/build/bumperbot_bringup' returned '0': CMAKE_PREFIX_PATH=${CMAKE_PREFIX_PATH}:/home/saul/bumperbot_ws/install/bumperbot_py_examples:/opt/ros/humble /usr/bin/cmake --install /home/saul/bumperbot_ws/build/bumperbot_bringup
[1.274s] Level 1:colcon.colcon_core.environment:checking '/home/saul/bumperbot_ws/install/bumperbot_bringup' for CMake module files
[1.275s] Level 1:colcon.colcon_core.environment:checking '/home/saul/bumperbot_ws/install/bumperbot_bringup' for CMake config files
[1.276s] Level 1:colcon.colcon_core.shell:create_environment_hook('bumperbot_bringup', 'cmake_prefix_path')
[1.276s] INFO:colcon.colcon_core.shell:Creating environment hook '/home/saul/bumperbot_ws/install/bumperbot_bringup/share/bumperbot_bringup/hook/cmake_prefix_path.ps1'
[1.277s] INFO:colcon.colcon_core.shell:Creating environment descriptor '/home/saul/bumperbot_ws/install/bumperbot_bringup/share/bumperbot_bringup/hook/cmake_prefix_path.dsv'
[1.278s] INFO:colcon.colcon_core.shell:Creating environment hook '/home/saul/bumperbot_ws/install/bumperbot_bringup/share/bumperbot_bringup/hook/cmake_prefix_path.sh'
[1.279s] Level 1:colcon.colcon_core.environment:checking '/home/saul/bumperbot_ws/install/bumperbot_bringup/bin'
[1.279s] Level 1:colcon.colcon_core.environment:checking '/home/saul/bumperbot_ws/install/bumperbot_bringup/lib/pkgconfig/bumperbot_bringup.pc'
[1.280s] Level 1:colcon.colcon_core.environment:checking '/home/saul/bumperbot_ws/install/bumperbot_bringup/lib/python3.10/site-packages'
[1.281s] Level 1:colcon.colcon_core.environment:checking '/home/saul/bumperbot_ws/install/bumperbot_bringup/bin'
[1.282s] INFO:colcon.colcon_core.shell:Creating package script '/home/saul/bumperbot_ws/install/bumperbot_bringup/share/bumperbot_bringup/package.ps1'
[1.282s] INFO:colcon.colcon_core.shell:Creating package descriptor '/home/saul/bumperbot_ws/install/bumperbot_bringup/share/bumperbot_bringup/package.dsv'
[1.283s] INFO:colcon.colcon_core.shell:Creating package script '/home/saul/bumperbot_ws/install/bumperbot_bringup/share/bumperbot_bringup/package.sh'
[1.284s] INFO:colcon.colcon_core.shell:Creating package script '/home/saul/bumperbot_ws/install/bumperbot_bringup/share/bumperbot_bringup/package.bash'
[1.285s] INFO:colcon.colcon_core.shell:Creating package script '/home/saul/bumperbot_ws/install/bumperbot_bringup/share/bumperbot_bringup/package.zsh'
[1.286s] Level 1:colcon.colcon_core.environment:create_file_with_runtime_dependencies(/home/saul/bumperbot_ws/install/bumperbot_bringup/share/colcon-core/packages/bumperbot_bringup)
[1.287s] Level 1:colcon.colcon_core.environment:create_environment_scripts_only(bumperbot_bringup)
[1.287s] Level 1:colcon.colcon_core.environment:checking '/home/saul/bumperbot_ws/install/bumperbot_bringup' for CMake module files
[1.288s] Level 1:colcon.colcon_core.environment:checking '/home/saul/bumperbot_ws/install/bumperbot_bringup' for CMake config files
[1.289s] Level 1:colcon.colcon_core.shell:create_environment_hook('bumperbot_bringup', 'cmake_prefix_path')
[1.289s] INFO:colcon.colcon_core.shell:Creating environment hook '/home/saul/bumperbot_ws/install/bumperbot_bringup/share/bumperbot_bringup/hook/cmake_prefix_path.ps1'
[1.290s] INFO:colcon.colcon_core.shell:Creating environment descriptor '/home/saul/bumperbot_ws/install/bumperbot_bringup/share/bumperbot_bringup/hook/cmake_prefix_path.dsv'
[1.291s] INFO:colcon.colcon_core.shell:Creating environment hook '/home/saul/bumperbot_ws/install/bumperbot_bringup/share/bumperbot_bringup/hook/cmake_prefix_path.sh'
[1.292s] Level 1:colcon.colcon_core.environment:checking '/home/saul/bumperbot_ws/install/bumperbot_bringup/bin'
[1.292s] Level 1:colcon.colcon_core.environment:checking '/home/saul/bumperbot_ws/install/bumperbot_bringup/lib/pkgconfig/bumperbot_bringup.pc'
[1.292s] Level 1:colcon.colcon_core.environment:checking '/home/saul/bumperbot_ws/install/bumperbot_bringup/lib/python3.10/site-packages'
[1.293s] Level 1:colcon.colcon_core.environment:checking '/home/saul/bumperbot_ws/install/bumperbot_bringup/bin'
[1.294s] INFO:colcon.colcon_core.shell:Creating package script '/home/saul/bumperbot_ws/install/bumperbot_bringup/share/bumperbot_bringup/package.ps1'
[1.295s] INFO:colcon.colcon_core.shell:Creating package descriptor '/home/saul/bumperbot_ws/install/bumperbot_bringup/share/bumperbot_bringup/package.dsv'
[1.296s] INFO:colcon.colcon_core.shell:Creating package script '/home/saul/bumperbot_ws/install/bumperbot_bringup/share/bumperbot_bringup/package.sh'
[1.297s] INFO:colcon.colcon_core.shell:Creating package script '/home/saul/bumperbot_ws/install/bumperbot_bringup/share/bumperbot_bringup/package.bash'
[1.298s] INFO:colcon.colcon_core.shell:Creating package script '/home/saul/bumperbot_ws/install/bumperbot_bringup/share/bumperbot_bringup/package.zsh'
[1.298s] Level 1:colcon.colcon_core.environment:create_file_with_runtime_dependencies(/home/saul/bumperbot_ws/install/bumperbot_bringup/share/colcon-core/packages/bumperbot_bringup)
[1.464s] DEBUG:colcon.colcon_core.event_handler.log_command:Invoked command in '/home/saul/bumperbot_ws/build/bumperbot_controller' returned '0': CMAKE_PREFIX_PATH=${CMAKE_PREFIX_PATH}:/home/saul/bumperbot_ws/install/bumperbot_py_examples:/opt/ros/humble /usr/bin/cmake --build /home/saul/bumperbot_ws/build/bumperbot_controller -- -j8 -l8
[1.467s] DEBUG:colcon.colcon_core.event_handler.log_command:Invoking command in '/home/saul/bumperbot_ws/build/bumperbot_controller': CMAKE_PREFIX_PATH=${CMAKE_PREFIX_PATH}:/home/saul/bumperbot_ws/install/bumperbot_py_examples:/opt/ros/humble /usr/bin/cmake --install /home/saul/bumperbot_ws/build/bumperbot_controller
[1.485s] DEBUG:colcon.colcon_core.event_handler.log_command:Invoked command in '/home/saul/bumperbot_ws/build/bumperbot_localization' returned '0': CMAKE_PREFIX_PATH=${CMAKE_PREFIX_PATH}:/home/saul/bumperbot_ws/install/bumperbot_py_examples:/opt/ros/humble /usr/bin/cmake --build /home/saul/bumperbot_ws/build/bumperbot_localization -- -j8 -l8
[1.490s] DEBUG:colcon.colcon_core.event_handler.log_command:Invoking command in '/home/saul/bumperbot_ws/build/bumperbot_localization': CMAKE_PREFIX_PATH=${CMAKE_PREFIX_PATH}:/home/saul/bumperbot_ws/install/bumperbot_py_examples:/opt/ros/humble /usr/bin/cmake --install /home/saul/bumperbot_ws/build/bumperbot_localization
[1.535s] DEBUG:colcon.colcon_core.event_handler.log_command:Invoked command in '/home/saul/bumperbot_ws/build/bumperbot_msgs' returned '0': CMAKE_PREFIX_PATH=${CMAKE_PREFIX_PATH}:/home/saul/bumperbot_ws/install/bumperbot_py_examples:/opt/ros/humble /usr/bin/cmake --build /home/saul/bumperbot_ws/build/bumperbot_msgs -- -j8 -l8
[1.538s] DEBUG:colcon.colcon_core.event_handler.log_command:Invoking command in '/home/saul/bumperbot_ws/build/bumperbot_msgs': CMAKE_PREFIX_PATH=${CMAKE_PREFIX_PATH}:/home/saul/bumperbot_ws/install/bumperbot_py_examples:/opt/ros/humble /usr/bin/cmake --install /home/saul/bumperbot_ws/build/bumperbot_msgs
[1.559s] DEBUG:colcon.colcon_core.event_handler.log_command:Invoked command in '/home/saul/bumperbot_ws/build/bumperbot_firmware' returned '0': CMAKE_PREFIX_PATH=${CMAKE_PREFIX_PATH}:/home/saul/bumperbot_ws/install/bumperbot_py_examples:/opt/ros/humble /usr/bin/cmake --build /home/saul/bumperbot_ws/build/bumperbot_firmware -- -j8 -l8
[1.565s] DEBUG:colcon.colcon_core.event_handler.log_command:Invoking command in '/home/saul/bumperbot_ws/build/bumperbot_firmware': CMAKE_PREFIX_PATH=${CMAKE_PREFIX_PATH}:/home/saul/bumperbot_ws/install/bumperbot_py_examples:/opt/ros/humble /usr/bin/cmake --install /home/saul/bumperbot_ws/build/bumperbot_firmware
[1.566s] Level 1:colcon.colcon_core.environment:create_environment_scripts_only(bumperbot_controller)
[1.567s] Level 1:colcon.colcon_core.environment:checking '/home/saul/bumperbot_ws/install/bumperbot_controller' for CMake module files
[1.571s] DEBUG:colcon.colcon_core.event_handler.log_command:Invoked command in '/home/saul/bumperbot_ws/build/bumperbot_controller' returned '0': CMAKE_PREFIX_PATH=${CMAKE_PREFIX_PATH}:/home/saul/bumperbot_ws/install/bumperbot_py_examples:/opt/ros/humble /usr/bin/cmake --install /home/saul/bumperbot_ws/build/bumperbot_controller
[1.573s] Level 1:colcon.colcon_core.environment:checking '/home/saul/bumperbot_ws/install/bumperbot_controller' for CMake config files
[1.577s] Level 1:colcon.colcon_core.shell:create_environment_hook('bumperbot_controller', 'cmake_prefix_path')
[1.578s] INFO:colcon.colcon_core.shell:Creating environment hook '/home/saul/bumperbot_ws/install/bumperbot_controller/share/bumperbot_controller/hook/cmake_prefix_path.ps1'
[1.580s] INFO:colcon.colcon_core.shell:Creating environment descriptor '/home/saul/bumperbot_ws/install/bumperbot_controller/share/bumperbot_controller/hook/cmake_prefix_path.dsv'
[1.582s] INFO:colcon.colcon_core.shell:Creating environment hook '/home/saul/bumperbot_ws/install/bumperbot_controller/share/bumperbot_controller/hook/cmake_prefix_path.sh'
[1.584s] Level 1:colcon.colcon_core.environment:checking '/home/saul/bumperbot_ws/install/bumperbot_controller/lib'
[1.585s] Level 1:colcon.colcon_core.environment:checking '/home/saul/bumperbot_ws/install/bumperbot_controller/bin'
[1.585s] Level 1:colcon.colcon_core.environment:checking '/home/saul/bumperbot_ws/install/bumperbot_controller/lib/pkgconfig/bumperbot_controller.pc'
[1.586s] Level 1:colcon.colcon_core.environment:checking '/home/saul/bumperbot_ws/install/bumperbot_controller/lib/python3.10/site-packages'
[1.587s] Level 1:colcon.colcon_core.environment:checking '/home/saul/bumperbot_ws/install/bumperbot_controller/bin'
[1.587s] INFO:colcon.colcon_core.shell:Creating package script '/home/saul/bumperbot_ws/install/bumperbot_controller/share/bumperbot_controller/package.ps1'
[1.589s] INFO:colcon.colcon_core.shell:Creating package descriptor '/home/saul/bumperbot_ws/install/bumperbot_controller/share/bumperbot_controller/package.dsv'
[1.590s] INFO:colcon.colcon_core.shell:Creating package script '/home/saul/bumperbot_ws/install/bumperbot_controller/share/bumperbot_controller/package.sh'
[1.591s] INFO:colcon.colcon_core.shell:Creating package script '/home/saul/bumperbot_ws/install/bumperbot_controller/share/bumperbot_controller/package.bash'
[1.592s] INFO:colcon.colcon_core.shell:Creating package script '/home/saul/bumperbot_ws/install/bumperbot_controller/share/bumperbot_controller/package.zsh'
[1.593s] Level 1:colcon.colcon_core.environment:create_file_with_runtime_dependencies(/home/saul/bumperbot_ws/install/bumperbot_controller/share/colcon-core/packages/bumperbot_controller)
[1.594s] Level 1:colcon.colcon_core.environment:create_environment_scripts_only(bumperbot_controller)
[1.595s] Level 1:colcon.colcon_core.environment:checking '/home/saul/bumperbot_ws/install/bumperbot_controller' for CMake module files
[1.598s] Level 1:colcon.colcon_core.environment:checking '/home/saul/bumperbot_ws/install/bumperbot_controller' for CMake config files
[1.603s] Level 1:colcon.colcon_core.shell:create_environment_hook('bumperbot_controller', 'cmake_prefix_path')
[1.604s] INFO:colcon.colcon_core.shell:Creating environment hook '/home/saul/bumperbot_ws/install/bumperbot_controller/share/bumperbot_controller/hook/cmake_prefix_path.ps1'
[1.606s] INFO:colcon.colcon_core.shell:Creating environment descriptor '/home/saul/bumperbot_ws/install/bumperbot_controller/share/bumperbot_controller/hook/cmake_prefix_path.dsv'
[1.609s] INFO:colcon.colcon_core.shell:Creating environment hook '/home/saul/bumperbot_ws/install/bumperbot_controller/share/bumperbot_controller/hook/cmake_prefix_path.sh'
[1.611s] Level 1:colcon.colcon_core.environment:checking '/home/saul/bumperbot_ws/install/bumperbot_controller/lib'
[1.611s] Level 1:colcon.colcon_core.environment:checking '/home/saul/bumperbot_ws/install/bumperbot_controller/bin'
[1.611s] Level 1:colcon.colcon_core.environment:checking '/home/saul/bumperbot_ws/install/bumperbot_controller/lib/pkgconfig/bumperbot_controller.pc'
[1.612s] Level 1:colcon.colcon_core.environment:checking '/home/saul/bumperbot_ws/install/bumperbot_controller/lib/python3.10/site-packages'
[1.612s] Level 1:colcon.colcon_core.environment:checking '/home/saul/bumperbot_ws/install/bumperbot_controller/bin'
[1.613s] INFO:colcon.colcon_core.shell:Creating package script '/home/saul/bumperbot_ws/install/bumperbot_controller/share/bumperbot_controller/package.ps1'
[1.614s] INFO:colcon.colcon_core.shell:Creating package descriptor '/home/saul/bumperbot_ws/install/bumperbot_controller/share/bumperbot_controller/package.dsv'
[1.615s] INFO:colcon.colcon_core.shell:Creating package script '/home/saul/bumperbot_ws/install/bumperbot_controller/share/bumperbot_controller/package.sh'
[1.616s] INFO:colcon.colcon_core.shell:Creating package script '/home/saul/bumperbot_ws/install/bumperbot_controller/share/bumperbot_controller/package.bash'
[1.617s] INFO:colcon.colcon_core.shell:Creating package script '/home/saul/bumperbot_ws/install/bumperbot_controller/share/bumperbot_controller/package.zsh'
[1.618s] Level 1:colcon.colcon_core.environment:create_file_with_runtime_dependencies(/home/saul/bumperbot_ws/install/bumperbot_controller/share/colcon-core/packages/bumperbot_controller)
[1.620s] Level 1:colcon.colcon_core.environment:create_environment_scripts_only(bumperbot_localization)
[1.621s] Level 1:colcon.colcon_core.environment:checking '/home/saul/bumperbot_ws/install/bumperbot_localization' for CMake module files
[1.622s] DEBUG:colcon.colcon_core.event_handler.log_command:Invoked command in '/home/saul/bumperbot_ws/build/bumperbot_localization' returned '0': CMAKE_PREFIX_PATH=${CMAKE_PREFIX_PATH}:/home/saul/bumperbot_ws/install/bumperbot_py_examples:/opt/ros/humble /usr/bin/cmake --install /home/saul/bumperbot_ws/build/bumperbot_localization
[1.623s] Level 1:colcon.colcon_core.environment:checking '/home/saul/bumperbot_ws/install/bumperbot_localization' for CMake config files
[1.624s] Level 1:colcon.colcon_core.shell:create_environment_hook('bumperbot_localization', 'cmake_prefix_path')
[1.625s] INFO:colcon.colcon_core.shell:Creating environment hook '/home/saul/bumperbot_ws/install/bumperbot_localization/share/bumperbot_localization/hook/cmake_prefix_path.ps1'
[1.626s] INFO:colcon.colcon_core.shell:Creating environment descriptor '/home/saul/bumperbot_ws/install/bumperbot_localization/share/bumperbot_localization/hook/cmake_prefix_path.dsv'
[1.626s] INFO:colcon.colcon_core.shell:Creating environment hook '/home/saul/bumperbot_ws/install/bumperbot_localization/share/bumperbot_localization/hook/cmake_prefix_path.sh'
[1.627s] Level 1:colcon.colcon_core.environment:checking '/home/saul/bumperbot_ws/install/bumperbot_localization/lib'
[1.628s] Level 1:colcon.colcon_core.environment:checking '/home/saul/bumperbot_ws/install/bumperbot_localization/bin'
[1.628s] Level 1:colcon.colcon_core.environment:checking '/home/saul/bumperbot_ws/install/bumperbot_localization/lib/pkgconfig/bumperbot_localization.pc'
[1.628s] Level 1:colcon.colcon_core.environment:checking '/home/saul/bumperbot_ws/install/bumperbot_localization/lib/python3.10/site-packages'
[1.629s] Level 1:colcon.colcon_core.environment:checking '/home/saul/bumperbot_ws/install/bumperbot_localization/bin'
[1.630s] INFO:colcon.colcon_core.shell:Creating package script '/home/saul/bumperbot_ws/install/bumperbot_localization/share/bumperbot_localization/package.ps1'
[1.631s] INFO:colcon.colcon_core.shell:Creating package descriptor '/home/saul/bumperbot_ws/install/bumperbot_localization/share/bumperbot_localization/package.dsv'
[1.632s] INFO:colcon.colcon_core.shell:Creating package script '/home/saul/bumperbot_ws/install/bumperbot_localization/share/bumperbot_localization/package.sh'
[1.632s] INFO:colcon.colcon_core.shell:Creating package script '/home/saul/bumperbot_ws/install/bumperbot_localization/share/bumperbot_localization/package.bash'
[1.633s] INFO:colcon.colcon_core.shell:Creating package script '/home/saul/bumperbot_ws/install/bumperbot_localization/share/bumperbot_localization/package.zsh'
[1.634s] Level 1:colcon.colcon_core.environment:create_file_with_runtime_dependencies(/home/saul/bumperbot_ws/install/bumperbot_localization/share/colcon-core/packages/bumperbot_localization)
[1.635s] Level 1:colcon.colcon_core.environment:create_environment_scripts_only(bumperbot_localization)
[1.636s] Level 1:colcon.colcon_core.environment:checking '/home/saul/bumperbot_ws/install/bumperbot_localization' for CMake module files
[1.636s] Level 1:colcon.colcon_core.environment:checking '/home/saul/bumperbot_ws/install/bumperbot_localization' for CMake config files
[1.637s] Level 1:colcon.colcon_core.shell:create_environment_hook('bumperbot_localization', 'cmake_prefix_path')
[1.637s] INFO:colcon.colcon_core.shell:Creating environment hook '/home/saul/bumperbot_ws/install/bumperbot_localization/share/bumperbot_localization/hook/cmake_prefix_path.ps1'
[1.638s] INFO:colcon.colcon_core.shell:Creating environment descriptor '/home/saul/bumperbot_ws/install/bumperbot_localization/share/bumperbot_localization/hook/cmake_prefix_path.dsv'
[1.639s] INFO:colcon.colcon_core.shell:Creating environment hook '/home/saul/bumperbot_ws/install/bumperbot_localization/share/bumperbot_localization/hook/cmake_prefix_path.sh'
[1.639s] Level 1:colcon.colcon_core.environment:checking '/home/saul/bumperbot_ws/install/bumperbot_localization/lib'
[1.640s] Level 1:colcon.colcon_core.environment:checking '/home/saul/bumperbot_ws/install/bumperbot_localization/bin'
[1.640s] Level 1:colcon.colcon_core.environment:checking '/home/saul/bumperbot_ws/install/bumperbot_localization/lib/pkgconfig/bumperbot_localization.pc'
[1.640s] Level 1:colcon.colcon_core.environment:checking '/home/saul/bumperbot_ws/install/bumperbot_localization/lib/python3.10/site-packages'
[1.641s] Level 1:colcon.colcon_core.environment:checking '/home/saul/bumperbot_ws/install/bumperbot_localization/bin'
[1.641s] INFO:colcon.colcon_core.shell:Creating package script '/home/saul/bumperbot_ws/install/bumperbot_localization/share/bumperbot_localization/package.ps1'
[1.642s] INFO:colcon.colcon_core.shell:Creating package descriptor '/home/saul/bumperbot_ws/install/bumperbot_localization/share/bumperbot_localization/package.dsv'
[1.643s] INFO:colcon.colcon_core.shell:Creating package script '/home/saul/bumperbot_ws/install/bumperbot_localization/share/bumperbot_localization/package.sh'
[1.644s] INFO:colcon.colcon_core.shell:Creating package script '/home/saul/bumperbot_ws/install/bumperbot_localization/share/bumperbot_localization/package.bash'
[1.644s] INFO:colcon.colcon_core.shell:Creating package script '/home/saul/bumperbot_ws/install/bumperbot_localization/share/bumperbot_localization/package.zsh'
[1.645s] Level 1:colcon.colcon_core.environment:create_file_with_runtime_dependencies(/home/saul/bumperbot_ws/install/bumperbot_localization/share/colcon-core/packages/bumperbot_localization)
[1.656s] Level 1:colcon.colcon_core.environment:create_environment_scripts_only(bumperbot_firmware)
[1.657s] Level 1:colcon.colcon_core.environment:checking '/home/saul/bumperbot_ws/install/bumperbot_firmware' for CMake module files
[1.658s] DEBUG:colcon.colcon_core.event_handler.log_command:Invoked command in '/home/saul/bumperbot_ws/build/bumperbot_firmware' returned '0': CMAKE_PREFIX_PATH=${CMAKE_PREFIX_PATH}:/home/saul/bumperbot_ws/install/bumperbot_py_examples:/opt/ros/humble /usr/bin/cmake --install /home/saul/bumperbot_ws/build/bumperbot_firmware
[1.659s] Level 1:colcon.colcon_core.environment:checking '/home/saul/bumperbot_ws/install/bumperbot_firmware' for CMake config files
[1.659s] Level 1:colcon.colcon_core.shell:create_environment_hook('bumperbot_firmware', 'cmake_prefix_path')
[1.660s] INFO:colcon.colcon_core.shell:Creating environment hook '/home/saul/bumperbot_ws/install/bumperbot_firmware/share/bumperbot_firmware/hook/cmake_prefix_path.ps1'
[1.660s] INFO:colcon.colcon_core.shell:Creating environment descriptor '/home/saul/bumperbot_ws/install/bumperbot_firmware/share/bumperbot_firmware/hook/cmake_prefix_path.dsv'
[1.661s] INFO:colcon.colcon_core.shell:Creating environment hook '/home/saul/bumperbot_ws/install/bumperbot_firmware/share/bumperbot_firmware/hook/cmake_prefix_path.sh'
[1.662s] Level 1:colcon.colcon_core.environment:checking '/home/saul/bumperbot_ws/install/bumperbot_firmware/lib'
[1.662s] Level 1:colcon.colcon_core.shell:create_environment_hook('bumperbot_firmware', 'ld_library_path_lib')
[1.662s] INFO:colcon.colcon_core.shell:Creating environment hook '/home/saul/bumperbot_ws/install/bumperbot_firmware/share/bumperbot_firmware/hook/ld_library_path_lib.ps1'
[1.664s] INFO:colcon.colcon_core.shell:Creating environment descriptor '/home/saul/bumperbot_ws/install/bumperbot_firmware/share/bumperbot_firmware/hook/ld_library_path_lib.dsv'
[1.666s] INFO:colcon.colcon_core.shell:Creating environment hook '/home/saul/bumperbot_ws/install/bumperbot_firmware/share/bumperbot_firmware/hook/ld_library_path_lib.sh'
[1.668s] Level 1:colcon.colcon_core.environment:checking '/home/saul/bumperbot_ws/install/bumperbot_firmware/bin'
[1.668s] Level 1:colcon.colcon_core.shell:create_environment_hook('bumperbot_firmware', 'path')
[1.668s] INFO:colcon.colcon_core.shell:Creating environment hook '/home/saul/bumperbot_ws/install/bumperbot_firmware/share/bumperbot_firmware/hook/path.ps1'
[1.669s] INFO:colcon.colcon_core.shell:Creating environment descriptor '/home/saul/bumperbot_ws/install/bumperbot_firmware/share/bumperbot_firmware/hook/path.dsv'
[1.670s] INFO:colcon.colcon_core.shell:Creating environment hook '/home/saul/bumperbot_ws/install/bumperbot_firmware/share/bumperbot_firmware/hook/path.sh'
[1.670s] Level 1:colcon.colcon_core.environment:checking '/home/saul/bumperbot_ws/install/bumperbot_firmware/lib/pkgconfig/bumperbot_firmware.pc'
[1.671s] Level 1:colcon.colcon_core.environment:checking '/home/saul/bumperbot_ws/install/bumperbot_firmware/lib/python3.10/site-packages'
[1.671s] Level 1:colcon.colcon_core.environment:checking '/home/saul/bumperbot_ws/install/bumperbot_firmware/bin'
[1.671s] Level 1:colcon.colcon_core.shell:create_environment_hook('bumperbot_firmware', 'pythonscriptspath')
[1.672s] INFO:colcon.colcon_core.shell:Creating environment hook '/home/saul/bumperbot_ws/install/bumperbot_firmware/share/bumperbot_firmware/hook/pythonscriptspath.ps1'
[1.672s] INFO:colcon.colcon_core.shell:Creating environment descriptor '/home/saul/bumperbot_ws/install/bumperbot_firmware/share/bumperbot_firmware/hook/pythonscriptspath.dsv'
[1.673s] INFO:colcon.colcon_core.shell:Creating environment hook '/home/saul/bumperbot_ws/install/bumperbot_firmware/share/bumperbot_firmware/hook/pythonscriptspath.sh'
[1.674s] INFO:colcon.colcon_core.shell:Creating package script '/home/saul/bumperbot_ws/install/bumperbot_firmware/share/bumperbot_firmware/package.ps1'
[1.674s] INFO:colcon.colcon_core.shell:Creating package descriptor '/home/saul/bumperbot_ws/install/bumperbot_firmware/share/bumperbot_firmware/package.dsv'
[1.675s] INFO:colcon.colcon_core.shell:Creating package script '/home/saul/bumperbot_ws/install/bumperbot_firmware/share/bumperbot_firmware/package.sh'
[1.676s] INFO:colcon.colcon_core.shell:Creating package script '/home/saul/bumperbot_ws/install/bumperbot_firmware/share/bumperbot_firmware/package.bash'
[1.676s] INFO:colcon.colcon_core.shell:Creating package script '/home/saul/bumperbot_ws/install/bumperbot_firmware/share/bumperbot_firmware/package.zsh'
[1.677s] Level 1:colcon.colcon_core.environment:create_file_with_runtime_dependencies(/home/saul/bumperbot_ws/install/bumperbot_firmware/share/colcon-core/packages/bumperbot_firmware)
[1.677s] Level 1:colcon.colcon_core.environment:create_environment_scripts_only(bumperbot_firmware)
[1.678s] Level 1:colcon.colcon_core.environment:checking '/home/saul/bumperbot_ws/install/bumperbot_firmware' for CMake module files
[1.679s] Level 1:colcon.colcon_core.environment:checking '/home/saul/bumperbot_ws/install/bumperbot_firmware' for CMake config files
[1.679s] Level 1:colcon.colcon_core.shell:create_environment_hook('bumperbot_firmware', 'cmake_prefix_path')
[1.680s] INFO:colcon.colcon_core.shell:Creating environment hook '/home/saul/bumperbot_ws/install/bumperbot_firmware/share/bumperbot_firmware/hook/cmake_prefix_path.ps1'
[1.680s] INFO:colcon.colcon_core.shell:Creating environment descriptor '/home/saul/bumperbot_ws/install/bumperbot_firmware/share/bumperbot_firmware/hook/cmake_prefix_path.dsv'
[1.681s] INFO:colcon.colcon_core.shell:Creating environment hook '/home/saul/bumperbot_ws/install/bumperbot_firmware/share/bumperbot_firmware/hook/cmake_prefix_path.sh'
[1.682s] Level 1:colcon.colcon_core.environment:checking '/home/saul/bumperbot_ws/install/bumperbot_firmware/lib'
[1.682s] Level 1:colcon.colcon_core.shell:create_environment_hook('bumperbot_firmware', 'ld_library_path_lib')
[1.682s] INFO:colcon.colcon_core.shell:Creating environment hook '/home/saul/bumperbot_ws/install/bumperbot_firmware/share/bumperbot_firmware/hook/ld_library_path_lib.ps1'
[1.683s] INFO:colcon.colcon_core.shell:Creating environment descriptor '/home/saul/bumperbot_ws/install/bumperbot_firmware/share/bumperbot_firmware/hook/ld_library_path_lib.dsv'
[1.683s] INFO:colcon.colcon_core.shell:Creating environment hook '/home/saul/bumperbot_ws/install/bumperbot_firmware/share/bumperbot_firmware/hook/ld_library_path_lib.sh'
[1.684s] Level 1:colcon.colcon_core.environment:checking '/home/saul/bumperbot_ws/install/bumperbot_firmware/bin'
[1.684s] Level 1:colcon.colcon_core.shell:create_environment_hook('bumperbot_firmware', 'path')
[1.684s] INFO:colcon.colcon_core.shell:Creating environment hook '/home/saul/bumperbot_ws/install/bumperbot_firmware/share/bumperbot_firmware/hook/path.ps1'
[1.685s] INFO:colcon.colcon_core.shell:Creating environment descriptor '/home/saul/bumperbot_ws/install/bumperbot_firmware/share/bumperbot_firmware/hook/path.dsv'
[1.685s] INFO:colcon.colcon_core.shell:Creating environment hook '/home/saul/bumperbot_ws/install/bumperbot_firmware/share/bumperbot_firmware/hook/path.sh'
[1.686s] Level 1:colcon.colcon_core.environment:checking '/home/saul/bumperbot_ws/install/bumperbot_firmware/lib/pkgconfig/bumperbot_firmware.pc'
[1.687s] Level 1:colcon.colcon_core.environment:checking '/home/saul/bumperbot_ws/install/bumperbot_firmware/lib/python3.10/site-packages'
[1.687s] Level 1:colcon.colcon_core.environment:checking '/home/saul/bumperbot_ws/install/bumperbot_firmware/bin'
[1.687s] Level 1:colcon.colcon_core.shell:create_environment_hook('bumperbot_firmware', 'pythonscriptspath')
[1.688s] INFO:colcon.colcon_core.shell:Creating environment hook '/home/saul/bumperbot_ws/install/bumperbot_firmware/share/bumperbot_firmware/hook/pythonscriptspath.ps1'
[1.689s] INFO:colcon.colcon_core.shell:Creating environment descriptor '/home/saul/bumperbot_ws/install/bumperbot_firmware/share/bumperbot_firmware/hook/pythonscriptspath.dsv'
[1.689s] INFO:colcon.colcon_core.shell:Creating environment hook '/home/saul/bumperbot_ws/install/bumperbot_firmware/share/bumperbot_firmware/hook/pythonscriptspath.sh'
[1.690s] INFO:colcon.colcon_core.shell:Creating package script '/home/saul/bumperbot_ws/install/bumperbot_firmware/share/bumperbot_firmware/package.ps1'
[1.691s] INFO:colcon.colcon_core.shell:Creating package descriptor '/home/saul/bumperbot_ws/install/bumperbot_firmware/share/bumperbot_firmware/package.dsv'
[1.692s] INFO:colcon.colcon_core.shell:Creating package script '/home/saul/bumperbot_ws/install/bumperbot_firmware/share/bumperbot_firmware/package.sh'
[1.693s] INFO:colcon.colcon_core.shell:Creating package script '/home/saul/bumperbot_ws/install/bumperbot_firmware/share/bumperbot_firmware/package.bash'
[1.693s] INFO:colcon.colcon_core.shell:Creating package script '/home/saul/bumperbot_ws/install/bumperbot_firmware/share/bumperbot_firmware/package.zsh'
[1.694s] Level 1:colcon.colcon_core.environment:create_file_with_runtime_dependencies(/home/saul/bumperbot_ws/install/bumperbot_firmware/share/colcon-core/packages/bumperbot_firmware)
[1.695s] Level 1:colcon.colcon_core.environment:create_environment_scripts_only(bumperbot_msgs)
[1.695s] Level 1:colcon.colcon_core.environment:checking '/home/saul/bumperbot_ws/install/bumperbot_msgs' for CMake module files
[1.697s] DEBUG:colcon.colcon_core.event_handler.log_command:Invoked command in '/home/saul/bumperbot_ws/build/bumperbot_msgs' returned '0': CMAKE_PREFIX_PATH=${CMAKE_PREFIX_PATH}:/home/saul/bumperbot_ws/install/bumperbot_py_examples:/opt/ros/humble /usr/bin/cmake --install /home/saul/bumperbot_ws/build/bumperbot_msgs
[1.698s] Level 1:colcon.colcon_core.environment:checking '/home/saul/bumperbot_ws/install/bumperbot_msgs' for CMake config files
[1.698s] Level 1:colcon.colcon_core.shell:create_environment_hook('bumperbot_msgs', 'cmake_prefix_path')
[1.698s] INFO:colcon.colcon_core.shell:Creating environment hook '/home/saul/bumperbot_ws/install/bumperbot_msgs/share/bumperbot_msgs/hook/cmake_prefix_path.ps1'
[1.699s] INFO:colcon.colcon_core.shell:Creating environment descriptor '/home/saul/bumperbot_ws/install/bumperbot_msgs/share/bumperbot_msgs/hook/cmake_prefix_path.dsv'
[1.700s] INFO:colcon.colcon_core.shell:Creating environment hook '/home/saul/bumperbot_ws/install/bumperbot_msgs/share/bumperbot_msgs/hook/cmake_prefix_path.sh'
[1.700s] Level 1:colcon.colcon_core.environment:checking '/home/saul/bumperbot_ws/install/bumperbot_msgs/lib'
[1.701s] Level 1:colcon.colcon_core.shell:create_environment_hook('bumperbot_msgs', 'ld_library_path_lib')
[1.701s] INFO:colcon.colcon_core.shell:Creating environment hook '/home/saul/bumperbot_ws/install/bumperbot_msgs/share/bumperbot_msgs/hook/ld_library_path_lib.ps1'
[1.701s] INFO:colcon.colcon_core.shell:Creating environment descriptor '/home/saul/bumperbot_ws/install/bumperbot_msgs/share/bumperbot_msgs/hook/ld_library_path_lib.dsv'
[1.702s] INFO:colcon.colcon_core.shell:Creating environment hook '/home/saul/bumperbot_ws/install/bumperbot_msgs/share/bumperbot_msgs/hook/ld_library_path_lib.sh'
[1.702s] Level 1:colcon.colcon_core.environment:checking '/home/saul/bumperbot_ws/install/bumperbot_msgs/bin'
[1.703s] Level 1:colcon.colcon_core.environment:checking '/home/saul/bumperbot_ws/install/bumperbot_msgs/lib/pkgconfig/bumperbot_msgs.pc'
[1.703s] Level 1:colcon.colcon_core.environment:checking '/home/saul/bumperbot_ws/install/bumperbot_msgs/lib/python3.10/site-packages'
[1.703s] Level 1:colcon.colcon_core.environment:checking '/home/saul/bumperbot_ws/install/bumperbot_msgs/bin'
[1.704s] INFO:colcon.colcon_core.shell:Creating package script '/home/saul/bumperbot_ws/install/bumperbot_msgs/share/bumperbot_msgs/package.ps1'
[1.704s] INFO:colcon.colcon_core.shell:Creating package descriptor '/home/saul/bumperbot_ws/install/bumperbot_msgs/share/bumperbot_msgs/package.dsv'
[1.705s] INFO:colcon.colcon_core.shell:Creating package script '/home/saul/bumperbot_ws/install/bumperbot_msgs/share/bumperbot_msgs/package.sh'
[1.706s] INFO:colcon.colcon_core.shell:Creating package script '/home/saul/bumperbot_ws/install/bumperbot_msgs/share/bumperbot_msgs/package.bash'
[1.706s] INFO:colcon.colcon_core.shell:Creating package script '/home/saul/bumperbot_ws/install/bumperbot_msgs/share/bumperbot_msgs/package.zsh'
[1.707s] Level 1:colcon.colcon_core.environment:create_file_with_runtime_dependencies(/home/saul/bumperbot_ws/install/bumperbot_msgs/share/colcon-core/packages/bumperbot_msgs)
[1.707s] Level 1:colcon.colcon_core.environment:create_environment_scripts_only(bumperbot_msgs)
[1.708s] Level 1:colcon.colcon_core.environment:checking '/home/saul/bumperbot_ws/install/bumperbot_msgs' for CMake module files
[1.709s] Level 1:colcon.colcon_core.environment:checking '/home/saul/bumperbot_ws/install/bumperbot_msgs' for CMake config files
[1.709s] Level 1:colcon.colcon_core.shell:create_environment_hook('bumperbot_msgs', 'cmake_prefix_path')
[1.710s] INFO:colcon.colcon_core.shell:Creating environment hook '/home/saul/bumperbot_ws/install/bumperbot_msgs/share/bumperbot_msgs/hook/cmake_prefix_path.ps1'
[1.710s] INFO:colcon.colcon_core.shell:Creating environment descriptor '/home/saul/bumperbot_ws/install/bumperbot_msgs/share/bumperbot_msgs/hook/cmake_prefix_path.dsv'
[1.711s] INFO:colcon.colcon_core.shell:Creating environment hook '/home/saul/bumperbot_ws/install/bumperbot_msgs/share/bumperbot_msgs/hook/cmake_prefix_path.sh'
[1.711s] Level 1:colcon.colcon_core.environment:checking '/home/saul/bumperbot_ws/install/bumperbot_msgs/lib'
[1.711s] Level 1:colcon.colcon_core.shell:create_environment_hook('bumperbot_msgs', 'ld_library_path_lib')
[1.712s] INFO:colcon.colcon_core.shell:Creating environment hook '/home/saul/bumperbot_ws/install/bumperbot_msgs/share/bumperbot_msgs/hook/ld_library_path_lib.ps1'
[1.712s] INFO:colcon.colcon_core.shell:Creating environment descriptor '/home/saul/bumperbot_ws/install/bumperbot_msgs/share/bumperbot_msgs/hook/ld_library_path_lib.dsv'
[1.713s] INFO:colcon.colcon_core.shell:Creating environment hook '/home/saul/bumperbot_ws/install/bumperbot_msgs/share/bumperbot_msgs/hook/ld_library_path_lib.sh'
[1.713s] Level 1:colcon.colcon_core.environment:checking '/home/saul/bumperbot_ws/install/bumperbot_msgs/bin'
[1.713s] Level 1:colcon.colcon_core.environment:checking '/home/saul/bumperbot_ws/install/bumperbot_msgs/lib/pkgconfig/bumperbot_msgs.pc'
[1.713s] Level 1:colcon.colcon_core.environment:checking '/home/saul/bumperbot_ws/install/bumperbot_msgs/lib/python3.10/site-packages'
[1.714s] Level 1:colcon.colcon_core.environment:checking '/home/saul/bumperbot_ws/install/bumperbot_msgs/bin'
[1.714s] INFO:colcon.colcon_core.shell:Creating package script '/home/saul/bumperbot_ws/install/bumperbot_msgs/share/bumperbot_msgs/package.ps1'
[1.715s] INFO:colcon.colcon_core.shell:Creating package descriptor '/home/saul/bumperbot_ws/install/bumperbot_msgs/share/bumperbot_msgs/package.dsv'
[1.716s] INFO:colcon.colcon_core.shell:Creating package script '/home/saul/bumperbot_ws/install/bumperbot_msgs/share/bumperbot_msgs/package.sh'
[1.716s] INFO:colcon.colcon_core.shell:Creating package script '/home/saul/bumperbot_ws/install/bumperbot_msgs/share/bumperbot_msgs/package.bash'
[1.717s] INFO:colcon.colcon_core.shell:Creating package script '/home/saul/bumperbot_ws/install/bumperbot_msgs/share/bumperbot_msgs/package.zsh'
[1.717s] Level 1:colcon.colcon_core.environment:create_file_with_runtime_dependencies(/home/saul/bumperbot_ws/install/bumperbot_msgs/share/colcon-core/packages/bumperbot_msgs)
[1.718s] INFO:colcon.colcon_ros.task.ament_cmake.build:Building ROS package in '/home/saul/bumperbot_ws/src/bumperbot_cpp_examples' with build type 'ament_cmake'
[1.718s] INFO:colcon.colcon_cmake.task.cmake.build:Building CMake package in '/home/saul/bumperbot_ws/src/bumperbot_cpp_examples'
[1.718s] INFO:colcon.colcon_core.shell:Skip shell extension 'powershell' for command environment: Not usable outside of PowerShell
[1.718s] DEBUG:colcon.colcon_core.shell:Skip shell extension 'dsv' for command environment
[1.725s] INFO:colcon.colcon_ros.task.ament_python.build:Building ROS package in '/home/saul/bumperbot_ws/src/bumperbot_py_examples' with build type 'ament_python'
[1.725s] Level 1:colcon.colcon_core.shell:create_environment_hook('bumperbot_py_examples', 'ament_prefix_path')
[1.725s] INFO:colcon.colcon_core.shell:Creating environment hook '/home/saul/bumperbot_ws/install/bumperbot_py_examples/share/bumperbot_py_examples/hook/ament_prefix_path.ps1'
[1.726s] INFO:colcon.colcon_core.shell:Creating environment descriptor '/home/saul/bumperbot_ws/install/bumperbot_py_examples/share/bumperbot_py_examples/hook/ament_prefix_path.dsv'
[1.727s] INFO:colcon.colcon_core.shell:Creating environment hook '/home/saul/bumperbot_ws/install/bumperbot_py_examples/share/bumperbot_py_examples/hook/ament_prefix_path.sh'
[1.727s] INFO:colcon.colcon_core.shell:Skip shell extension 'powershell' for command environment: Not usable outside of PowerShell
[1.727s] DEBUG:colcon.colcon_core.shell:Skip shell extension 'dsv' for command environment
[1.738s] DEBUG:colcon.colcon_core.event_handler.log_command:Invoking command in '/home/saul/bumperbot_ws/build/bumperbot_cpp_examples': CMAKE_PREFIX_PATH=/home/saul/bumperbot_ws/install/bumperbot_msgs:/home/saul/bumperbot_ws/install/bumperbot_cpp_examples:/home/saul/bumperbot_ws/install/bumperbot_localization:/home/saul/bumperbot_ws/install/bumperbot_firmware:/home/saul/bumperbot_ws/install/bumperbot_description:/home/saul/bumperbot_ws/install/bumperbot_controller:/home/saul/bumperbot_ws/install/bumperbot_bringup:/home/saul/bumperbot_ws/install/bumperbot_py_examples:/opt/ros/humble LD_LIBRARY_PATH=/home/saul/bumperbot_ws/install/bumperbot_msgs/lib:/home/saul/bumperbot_ws/install/bumperbot_firmware/lib:/usr/lib/x86_64-linux-gnu/gazebo-11/plugins:/opt/ros/humble/opt/rviz_ogre_vendor/lib:/opt/ros/humble/lib/x86_64-linux-gnu:/opt/ros/humble/lib:/usr/share/gazebo/../../lib/x86_64-linux-gnu/gazebo-11/plugins /usr/bin/cmake --build /home/saul/bumperbot_ws/build/bumperbot_cpp_examples -- -j8 -l8
[2.143s] INFO:colcon.colcon_core.task.python.build:Building Python package in '/home/saul/bumperbot_ws/src/bumperbot_py_examples'
[2.144s] INFO:colcon.colcon_core.shell:Skip shell extension 'powershell' for command environment: Not usable outside of PowerShell
[2.144s] DEBUG:colcon.colcon_core.shell:Skip shell extension 'dsv' for command environment
[2.650s] DEBUG:colcon.colcon_core.event_handler.log_command:Invoked command in '/home/saul/bumperbot_ws/build/bumperbot_cpp_examples' returned '0': CMAKE_PREFIX_PATH=/home/saul/bumperbot_ws/install/bumperbot_msgs:/home/saul/bumperbot_ws/install/bumperbot_cpp_examples:/home/saul/bumperbot_ws/install/bumperbot_localization:/home/saul/bumperbot_ws/install/bumperbot_firmware:/home/saul/bumperbot_ws/install/bumperbot_description:/home/saul/bumperbot_ws/install/bumperbot_controller:/home/saul/bumperbot_ws/install/bumperbot_bringup:/home/saul/bumperbot_ws/install/bumperbot_py_examples:/opt/ros/humble LD_LIBRARY_PATH=/home/saul/bumperbot_ws/install/bumperbot_msgs/lib:/home/saul/bumperbot_ws/install/bumperbot_firmware/lib:/usr/lib/x86_64-linux-gnu/gazebo-11/plugins:/opt/ros/humble/opt/rviz_ogre_vendor/lib:/opt/ros/humble/lib/x86_64-linux-gnu:/opt/ros/humble/lib:/usr/share/gazebo/../../lib/x86_64-linux-gnu/gazebo-11/plugins /usr/bin/cmake --build /home/saul/bumperbot_ws/build/bumperbot_cpp_examples -- -j8 -l8
[2.652s] DEBUG:colcon.colcon_core.event_handler.log_command:Invoking command in '/home/saul/bumperbot_ws/build/bumperbot_cpp_examples': CMAKE_PREFIX_PATH=/home/saul/bumperbot_ws/install/bumperbot_msgs:/home/saul/bumperbot_ws/install/bumperbot_cpp_examples:/home/saul/bumperbot_ws/install/bumperbot_localization:/home/saul/bumperbot_ws/install/bumperbot_firmware:/home/saul/bumperbot_ws/install/bumperbot_description:/home/saul/bumperbot_ws/install/bumperbot_controller:/home/saul/bumperbot_ws/install/bumperbot_bringup:/home/saul/bumperbot_ws/install/bumperbot_py_examples:/opt/ros/humble LD_LIBRARY_PATH=/home/saul/bumperbot_ws/install/bumperbot_msgs/lib:/home/saul/bumperbot_ws/install/bumperbot_firmware/lib:/usr/lib/x86_64-linux-gnu/gazebo-11/plugins:/opt/ros/humble/opt/rviz_ogre_vendor/lib:/opt/ros/humble/lib/x86_64-linux-gnu:/opt/ros/humble/lib:/usr/share/gazebo/../../lib/x86_64-linux-gnu/gazebo-11/plugins /usr/bin/cmake --install /home/saul/bumperbot_ws/build/bumperbot_cpp_examples
[2.680s] Level 1:colcon.colcon_core.environment:create_environment_scripts_only(bumperbot_cpp_examples)
[2.680s] Level 1:colcon.colcon_core.environment:checking '/home/saul/bumperbot_ws/install/bumperbot_cpp_examples' for CMake module files
[2.681s] DEBUG:colcon.colcon_core.event_handler.log_command:Invoked command in '/home/saul/bumperbot_ws/build/bumperbot_cpp_examples' returned '0': CMAKE_PREFIX_PATH=/home/saul/bumperbot_ws/install/bumperbot_msgs:/home/saul/bumperbot_ws/install/bumperbot_cpp_examples:/home/saul/bumperbot_ws/install/bumperbot_localization:/home/saul/bumperbot_ws/install/bumperbot_firmware:/home/saul/bumperbot_ws/install/bumperbot_description:/home/saul/bumperbot_ws/install/bumperbot_controller:/home/saul/bumperbot_ws/install/bumperbot_bringup:/home/saul/bumperbot_ws/install/bumperbot_py_examples:/opt/ros/humble LD_LIBRARY_PATH=/home/saul/bumperbot_ws/install/bumperbot_msgs/lib:/home/saul/bumperbot_ws/install/bumperbot_firmware/lib:/usr/lib/x86_64-linux-gnu/gazebo-11/plugins:/opt/ros/humble/opt/rviz_ogre_vendor/lib:/opt/ros/humble/lib/x86_64-linux-gnu:/opt/ros/humble/lib:/usr/share/gazebo/../../lib/x86_64-linux-gnu/gazebo-11/plugins /usr/bin/cmake --install /home/saul/bumperbot_ws/build/bumperbot_cpp_examples
[2.682s] Level 1:colcon.colcon_core.environment:checking '/home/saul/bumperbot_ws/install/bumperbot_cpp_examples' for CMake config files
[2.682s] Level 1:colcon.colcon_core.shell:create_environment_hook('bumperbot_cpp_examples', 'cmake_prefix_path')
[2.683s] INFO:colcon.colcon_core.shell:Creating environment hook '/home/saul/bumperbot_ws/install/bumperbot_cpp_examples/share/bumperbot_cpp_examples/hook/cmake_prefix_path.ps1'
[2.683s] INFO:colcon.colcon_core.shell:Creating environment descriptor '/home/saul/bumperbot_ws/install/bumperbot_cpp_examples/share/bumperbot_cpp_examples/hook/cmake_prefix_path.dsv'
[2.684s] INFO:colcon.colcon_core.shell:Creating environment hook '/home/saul/bumperbot_ws/install/bumperbot_cpp_examples/share/bumperbot_cpp_examples/hook/cmake_prefix_path.sh'
[2.684s] Level 1:colcon.colcon_core.environment:checking '/home/saul/bumperbot_ws/install/bumperbot_cpp_examples/lib'
[2.684s] Level 1:colcon.colcon_core.environment:checking '/home/saul/bumperbot_ws/install/bumperbot_cpp_examples/bin'
[2.685s] Level 1:colcon.colcon_core.environment:checking '/home/saul/bumperbot_ws/install/bumperbot_cpp_examples/lib/pkgconfig/bumperbot_cpp_examples.pc'
[2.685s] Level 1:colcon.colcon_core.environment:checking '/home/saul/bumperbot_ws/install/bumperbot_cpp_examples/lib/python3.10/site-packages'
[2.685s] Level 1:colcon.colcon_core.environment:checking '/home/saul/bumperbot_ws/install/bumperbot_cpp_examples/bin'
[2.686s] INFO:colcon.colcon_core.shell:Creating package script '/home/saul/bumperbot_ws/install/bumperbot_cpp_examples/share/bumperbot_cpp_examples/package.ps1'
[2.686s] INFO:colcon.colcon_core.shell:Creating package descriptor '/home/saul/bumperbot_ws/install/bumperbot_cpp_examples/share/bumperbot_cpp_examples/package.dsv'
[2.687s] INFO:colcon.colcon_core.shell:Creating package script '/home/saul/bumperbot_ws/install/bumperbot_cpp_examples/share/bumperbot_cpp_examples/package.sh'
[2.688s] INFO:colcon.colcon_core.shell:Creating package script '/home/saul/bumperbot_ws/install/bumperbot_cpp_examples/share/bumperbot_cpp_examples/package.bash'
[2.688s] INFO:colcon.colcon_core.shell:Creating package script '/home/saul/bumperbot_ws/install/bumperbot_cpp_examples/share/bumperbot_cpp_examples/package.zsh'
[2.689s] Level 1:colcon.colcon_core.environment:create_file_with_runtime_dependencies(/home/saul/bumperbot_ws/install/bumperbot_cpp_examples/share/colcon-core/packages/bumperbot_cpp_examples)
[2.690s] Level 1:colcon.colcon_core.environment:create_environment_scripts_only(bumperbot_cpp_examples)
[2.691s] Level 1:colcon.colcon_core.environment:checking '/home/saul/bumperbot_ws/install/bumperbot_cpp_examples' for CMake module files
[2.691s] Level 1:colcon.colcon_core.environment:checking '/home/saul/bumperbot_ws/install/bumperbot_cpp_examples' for CMake config files
[2.692s] Level 1:colcon.colcon_core.shell:create_environment_hook('bumperbot_cpp_examples', 'cmake_prefix_path')
[2.692s] INFO:colcon.colcon_core.shell:Creating environment hook '/home/saul/bumperbot_ws/install/bumperbot_cpp_examples/share/bumperbot_cpp_examples/hook/cmake_prefix_path.ps1'
[2.693s] INFO:colcon.colcon_core.shell:Creating environment descriptor '/home/saul/bumperbot_ws/install/bumperbot_cpp_examples/share/bumperbot_cpp_examples/hook/cmake_prefix_path.dsv'
[2.693s] INFO:colcon.colcon_core.shell:Creating environment hook '/home/saul/bumperbot_ws/install/bumperbot_cpp_examples/share/bumperbot_cpp_examples/hook/cmake_prefix_path.sh'
[2.694s] Level 1:colcon.colcon_core.environment:checking '/home/saul/bumperbot_ws/install/bumperbot_cpp_examples/lib'
[2.694s] Level 1:colcon.colcon_core.environment:checking '/home/saul/bumperbot_ws/install/bumperbot_cpp_examples/bin'
[2.694s] Level 1:colcon.colcon_core.environment:checking '/home/saul/bumperbot_ws/install/bumperbot_cpp_examples/lib/pkgconfig/bumperbot_cpp_examples.pc'
[2.695s] Level 1:colcon.colcon_core.environment:checking '/home/saul/bumperbot_ws/install/bumperbot_cpp_examples/lib/python3.10/site-packages'
[2.695s] Level 1:colcon.colcon_core.environment:checking '/home/saul/bumperbot_ws/install/bumperbot_cpp_examples/bin'
[2.696s] INFO:colcon.colcon_core.shell:Creating package script '/home/saul/bumperbot_ws/install/bumperbot_cpp_examples/share/bumperbot_cpp_examples/package.ps1'
[2.697s] INFO:colcon.colcon_core.shell:Creating package descriptor '/home/saul/bumperbot_ws/install/bumperbot_cpp_examples/share/bumperbot_cpp_examples/package.dsv'
[2.697s] INFO:colcon.colcon_core.shell:Creating package script '/home/saul/bumperbot_ws/install/bumperbot_cpp_examples/share/bumperbot_cpp_examples/package.sh'
[2.698s] INFO:colcon.colcon_core.shell:Creating package script '/home/saul/bumperbot_ws/install/bumperbot_cpp_examples/share/bumperbot_cpp_examples/package.bash'
[2.699s] INFO:colcon.colcon_core.shell:Creating package script '/home/saul/bumperbot_ws/install/bumperbot_cpp_examples/share/bumperbot_cpp_examples/package.zsh'
[2.699s] Level 1:colcon.colcon_core.environment:create_file_with_runtime_dependencies(/home/saul/bumperbot_ws/install/bumperbot_cpp_examples/share/colcon-core/packages/bumperbot_cpp_examples)
[2.801s] DEBUG:colcon.colcon_core.event_handler.log_command:Invoking command in '/home/saul/bumperbot_ws/build/bumperbot_py_examples': CMAKE_PREFIX_PATH=/home/saul/bumperbot_ws/install/bumperbot_msgs:/home/saul/bumperbot_ws/install/bumperbot_cpp_examples:/home/saul/bumperbot_ws/install/bumperbot_localization:/home/saul/bumperbot_ws/install/bumperbot_firmware:/home/saul/bumperbot_ws/install/bumperbot_description:/home/saul/bumperbot_ws/install/bumperbot_controller:/home/saul/bumperbot_ws/install/bumperbot_bringup LD_LIBRARY_PATH=/home/saul/bumperbot_ws/install/bumperbot_msgs/lib:/home/saul/bumperbot_ws/install/bumperbot_firmware/lib:/usr/lib/x86_64-linux-gnu/gazebo-11/plugins:/opt/ros/humble/opt/rviz_ogre_vendor/lib:/opt/ros/humble/lib/x86_64-linux-gnu:/opt/ros/humble/lib:/usr/share/gazebo/../../lib/x86_64-linux-gnu/gazebo-11/plugins PYTHONPATH=/home/saul/bumperbot_ws/build/bumperbot_py_examples/prefix_override:/usr/lib/python3/dist-packages/colcon_core/task/python/colcon_distutils_commands:/home/saul/bumperbot_ws/install/bumperbot_py_examples/lib/python3.10/site-packages:${PYTHONPATH} /usr/bin/python3 -W ignore:setup.py install is deprecated -W ignore:easy_install command is deprecated setup.py develop --editable --build-directory /home/saul/bumperbot_ws/build/bumperbot_py_examples/build --no-deps symlink_data
[3.535s] Level 1:colcon.colcon_core.shell:create_environment_hook('bumperbot_py_examples', 'pythonpath_develop')
[3.535s] INFO:colcon.colcon_core.shell:Creating environment hook '/home/saul/bumperbot_ws/build/bumperbot_py_examples/share/bumperbot_py_examples/hook/pythonpath_develop.ps1'
[3.536s] DEBUG:colcon.colcon_core.event_handler.log_command:Invoked command in '/home/saul/bumperbot_ws/build/bumperbot_py_examples' returned '0': CMAKE_PREFIX_PATH=/home/saul/bumperbot_ws/install/bumperbot_msgs:/home/saul/bumperbot_ws/install/bumperbot_cpp_examples:/home/saul/bumperbot_ws/install/bumperbot_localization:/home/saul/bumperbot_ws/install/bumperbot_firmware:/home/saul/bumperbot_ws/install/bumperbot_description:/home/saul/bumperbot_ws/install/bumperbot_controller:/home/saul/bumperbot_ws/install/bumperbot_bringup LD_LIBRARY_PATH=/home/saul/bumperbot_ws/install/bumperbot_msgs/lib:/home/saul/bumperbot_ws/install/bumperbot_firmware/lib:/usr/lib/x86_64-linux-gnu/gazebo-11/plugins:/opt/ros/humble/opt/rviz_ogre_vendor/lib:/opt/ros/humble/lib/x86_64-linux-gnu:/opt/ros/humble/lib:/usr/share/gazebo/../../lib/x86_64-linux-gnu/gazebo-11/plugins PYTHONPATH=/home/saul/bumperbot_ws/build/bumperbot_py_examples/prefix_override:/usr/lib/python3/dist-packages/colcon_core/task/python/colcon_distutils_commands:/home/saul/bumperbot_ws/install/bumperbot_py_examples/lib/python3.10/site-packages:${PYTHONPATH} /usr/bin/python3 -W ignore:setup.py install is deprecated -W ignore:easy_install command is deprecated setup.py develop --editable --build-directory /home/saul/bumperbot_ws/build/bumperbot_py_examples/build --no-deps symlink_data
[3.536s] INFO:colcon.colcon_core.shell:Creating environment descriptor '/home/saul/bumperbot_ws/build/bumperbot_py_examples/share/bumperbot_py_examples/hook/pythonpath_develop.dsv'
[3.537s] INFO:colcon.colcon_core.shell:Creating environment hook '/home/saul/bumperbot_ws/build/bumperbot_py_examples/share/bumperbot_py_examples/hook/pythonpath_develop.sh'
[3.538s] Level 1:colcon.colcon_core.environment:checking '/home/saul/bumperbot_ws/install/bumperbot_py_examples' for CMake module files
[3.538s] Level 1:colcon.colcon_core.environment:checking '/home/saul/bumperbot_ws/install/bumperbot_py_examples' for CMake config files
[3.539s] Level 1:colcon.colcon_core.environment:checking '/home/saul/bumperbot_ws/install/bumperbot_py_examples/lib'
[3.539s] Level 1:colcon.colcon_core.environment:checking '/home/saul/bumperbot_ws/install/bumperbot_py_examples/bin'
[3.539s] Level 1:colcon.colcon_core.environment:checking '/home/saul/bumperbot_ws/install/bumperbot_py_examples/lib/pkgconfig/bumperbot_py_examples.pc'
[3.539s] Level 1:colcon.colcon_core.environment:checking '/home/saul/bumperbot_ws/install/bumperbot_py_examples/lib/python3.10/site-packages'
[3.540s] Level 1:colcon.colcon_core.shell:create_environment_hook('bumperbot_py_examples', 'pythonpath')
[3.540s] INFO:colcon.colcon_core.shell:Creating environment hook '/home/saul/bumperbot_ws/install/bumperbot_py_examples/share/bumperbot_py_examples/hook/pythonpath.ps1'
[3.541s] INFO:colcon.colcon_core.shell:Creating environment descriptor '/home/saul/bumperbot_ws/install/bumperbot_py_examples/share/bumperbot_py_examples/hook/pythonpath.dsv'
[3.541s] INFO:colcon.colcon_core.shell:Creating environment hook '/home/saul/bumperbot_ws/install/bumperbot_py_examples/share/bumperbot_py_examples/hook/pythonpath.sh'
[3.542s] Level 1:colcon.colcon_core.environment:checking '/home/saul/bumperbot_ws/install/bumperbot_py_examples/bin'
[3.542s] Level 1:colcon.colcon_core.environment:create_environment_scripts_only(bumperbot_py_examples)
[3.543s] INFO:colcon.colcon_core.shell:Creating package script '/home/saul/bumperbot_ws/install/bumperbot_py_examples/share/bumperbot_py_examples/package.ps1'
[3.543s] INFO:colcon.colcon_core.shell:Creating package descriptor '/home/saul/bumperbot_ws/install/bumperbot_py_examples/share/bumperbot_py_examples/package.dsv'
[3.544s] INFO:colcon.colcon_core.shell:Creating package script '/home/saul/bumperbot_ws/install/bumperbot_py_examples/share/bumperbot_py_examples/package.sh'
[3.545s] INFO:colcon.colcon_core.shell:Creating package script '/home/saul/bumperbot_ws/install/bumperbot_py_examples/share/bumperbot_py_examples/package.bash'
[3.545s] INFO:colcon.colcon_core.shell:Creating package script '/home/saul/bumperbot_ws/install/bumperbot_py_examples/share/bumperbot_py_examples/package.zsh'
[3.546s] Level 1:colcon.colcon_core.environment:create_file_with_runtime_dependencies(/home/saul/bumperbot_ws/install/bumperbot_py_examples/share/colcon-core/packages/bumperbot_py_examples)
[3.546s] DEBUG:colcon.colcon_parallel_executor.executor.parallel:closing loop
[3.546s] DEBUG:colcon.colcon_parallel_executor.executor.parallel:loop closed
[3.546s] DEBUG:colcon.colcon_parallel_executor.executor.parallel:run_until_complete finished with '0'
[3.547s] DEBUG:colcon.colcon_core.event_reactor:joining thread
[3.555s] INFO:colcon.colcon_core.plugin_system:Skipping extension 'colcon_notification.desktop_notification.terminal_notifier': Not used on non-Darwin systems
[3.555s] INFO:colcon.colcon_core.plugin_system:Skipping extension 'colcon_notification.desktop_notification.win32': Not used on non-Windows systems
[3.555s] INFO:colcon.colcon_notification.desktop_notification:Sending desktop notification using 'notify2'
[3.570s] DEBUG:colcon.colcon_core.event_reactor:joined thread
[3.571s] INFO:colcon.colcon_core.shell:Creating prefix script '/home/saul/bumperbot_ws/install/local_setup.ps1'
[3.573s] INFO:colcon.colcon_core.shell:Creating prefix util module '/home/saul/bumperbot_ws/install/_local_setup_util_ps1.py'
[3.577s] INFO:colcon.colcon_core.shell:Creating prefix chain script '/home/saul/bumperbot_ws/install/setup.ps1'
[3.580s] INFO:colcon.colcon_core.shell:Creating prefix script '/home/saul/bumperbot_ws/install/local_setup.sh'
[3.582s] INFO:colcon.colcon_core.shell:Creating prefix util module '/home/saul/bumperbot_ws/install/_local_setup_util_sh.py'
[3.582s] INFO:colcon.colcon_core.shell:Creating prefix chain script '/home/saul/bumperbot_ws/install/setup.sh'
[3.585s] INFO:colcon.colcon_core.shell:Creating prefix script '/home/saul/bumperbot_ws/install/local_setup.bash'
[3.586s] INFO:colcon.colcon_core.shell:Creating prefix chain script '/home/saul/bumperbot_ws/install/setup.bash'
[3.589s] INFO:colcon.colcon_core.shell:Creating prefix script '/home/saul/bumperbot_ws/install/local_setup.zsh'
[3.591s] INFO:colcon.colcon_core.shell:Creating prefix chain script '/home/saul/bumperbot_ws/install/setup.zsh'
