[0.136s] DEBUG:colcon:Command line arguments: ['/usr/bin/colcon', 'build']
[0.136s] DEBUG:colcon:Parsed command line arguments: Namespace(log_base=None, log_level=None, verb_name='build', build_base='build', install_base='install', merge_install=False, symlink_install=False, test_result_base=None, continue_on_error=False, executor='parallel', parallel_workers=8, event_handlers=None, ignore_user_meta=False, metas=['./colcon.meta'], base_paths=['.'], packages_ignore=None, packages_ignore_regex=None, paths=None, packages_up_to=None, packages_up_to_regex=None, packages_above=None, packages_above_and_dependencies=None, packages_above_depth=None, packages_select_by_dep=None, packages_skip_by_dep=None, packages_skip_up_to=None, packages_select_build_failed=False, packages_skip_build_finished=False, packages_select_test_failures=False, packages_skip_test_passed=False, packages_select=None, packages_skip=None, packages_select_regex=None, packages_skip_regex=None, packages_start=None, packages_end=None, allow_overriding=[], cmake_args=None, cmake_target=None, cmake_target_skip_unavailable=False, cmake_clean_cache=False, cmake_clean_first=False, cmake_force_configure=False, ament_cmake_args=None, catkin_cmake_args=None, catkin_skip_building_tests=False, verb_parser=<colcon_defaults.argument_parser.defaults.DefaultArgumentsDecorator object at 0x7fa51ad60c10>, verb_extension=<colcon_core.verb.build.BuildVerb object at 0x7fa51ad60700>, main=<bound method BuildVerb.main of <colcon_core.verb.build.BuildVerb object at 0x7fa51ad60700>>)
[0.390s] Level 1:colcon.colcon_core.package_discovery:discover_packages(colcon_meta) check parameters
[0.390s] Level 1:colcon.colcon_core.package_discovery:discover_packages(recursive) check parameters
[0.390s] Level 1:colcon.colcon_core.package_discovery:discover_packages(ignore) check parameters
[0.390s] Level 1:colcon.colcon_core.package_discovery:discover_packages(path) check parameters
[0.390s] Level 1:colcon.colcon_core.package_discovery:discover_packages(colcon_meta) discover
[0.391s] Level 1:colcon.colcon_core.package_discovery:discover_packages(recursive) discover
[0.391s] INFO:colcon.colcon_core.package_discovery:Crawling recursively for packages in '/home/saul/bumperbot_ws'
[0.391s] Level 1:colcon.colcon_core.package_identification:_identify(.) by extensions ['ignore', 'ignore_ament_install']
[0.391s] Level 1:colcon.colcon_core.package_identification:_identify(.) by extension 'ignore'
[0.391s] Level 1:colcon.colcon_core.package_identification:_identify(.) by extension 'ignore_ament_install'
[0.391s] Level 1:colcon.colcon_core.package_identification:_identify(.) by extensions ['colcon_pkg']
[0.391s] Level 1:colcon.colcon_core.package_identification:_identify(.) by extension 'colcon_pkg'
[0.391s] Level 1:colcon.colcon_core.package_identification:_identify(.) by extensions ['colcon_meta']
[0.391s] Level 1:colcon.colcon_core.package_identification:_identify(.) by extension 'colcon_meta'
[0.391s] Level 1:colcon.colcon_core.package_identification:_identify(.) by extensions ['ros']
[0.391s] Level 1:colcon.colcon_core.package_identification:_identify(.) by extension 'ros'
[0.405s] Level 1:colcon.colcon_core.package_identification:_identify(.) by extensions ['cmake', 'python']
[0.405s] Level 1:colcon.colcon_core.package_identification:_identify(.) by extension 'cmake'
[0.405s] Level 1:colcon.colcon_core.package_identification:_identify(.) by extension 'python'
[0.405s] Level 1:colcon.colcon_core.package_identification:_identify(.) by extensions ['python_setup_py']
[0.405s] Level 1:colcon.colcon_core.package_identification:_identify(.) by extension 'python_setup_py'
[0.406s] Level 1:colcon.colcon_core.package_identification:_identify(build) by extensions ['ignore', 'ignore_ament_install']
[0.406s] Level 1:colcon.colcon_core.package_identification:_identify(build) by extension 'ignore'
[0.406s] Level 1:colcon.colcon_core.package_identification:_identify(build) ignored
[0.406s] Level 1:colcon.colcon_core.package_identification:_identify(install) by extensions ['ignore', 'ignore_ament_install']
[0.406s] Level 1:colcon.colcon_core.package_identification:_identify(install) by extension 'ignore'
[0.406s] Level 1:colcon.colcon_core.package_identification:_identify(install) ignored
[0.406s] Level 1:colcon.colcon_core.package_identification:_identify(log) by extensions ['ignore', 'ignore_ament_install']
[0.407s] Level 1:colcon.colcon_core.package_identification:_identify(log) by extension 'ignore'
[0.407s] Level 1:colcon.colcon_core.package_identification:_identify(log) ignored
[0.407s] Level 1:colcon.colcon_core.package_identification:_identify(src) by extensions ['ignore', 'ignore_ament_install']
[0.407s] Level 1:colcon.colcon_core.package_identification:_identify(src) by extension 'ignore'
[0.407s] Level 1:colcon.colcon_core.package_identification:_identify(src) by extension 'ignore_ament_install'
[0.407s] Level 1:colcon.colcon_core.package_identification:_identify(src) by extensions ['colcon_pkg']
[0.407s] Level 1:colcon.colcon_core.package_identification:_identify(src) by extension 'colcon_pkg'
[0.407s] Level 1:colcon.colcon_core.package_identification:_identify(src) by extensions ['colcon_meta']
[0.407s] Level 1:colcon.colcon_core.package_identification:_identify(src) by extension 'colcon_meta'
[0.407s] Level 1:colcon.colcon_core.package_identification:_identify(src) by extensions ['ros']
[0.407s] Level 1:colcon.colcon_core.package_identification:_identify(src) by extension 'ros'
[0.407s] Level 1:colcon.colcon_core.package_identification:_identify(src) by extensions ['cmake', 'python']
[0.407s] Level 1:colcon.colcon_core.package_identification:_identify(src) by extension 'cmake'
[0.407s] Level 1:colcon.colcon_core.package_identification:_identify(src) by extension 'python'
[0.408s] Level 1:colcon.colcon_core.package_identification:_identify(src) by extensions ['python_setup_py']
[0.408s] Level 1:colcon.colcon_core.package_identification:_identify(src) by extension 'python_setup_py'
[0.408s] Level 1:colcon.colcon_core.package_identification:_identify(src/bumperbot_controller) by extensions ['ignore', 'ignore_ament_install']
[0.408s] Level 1:colcon.colcon_core.package_identification:_identify(src/bumperbot_controller) by extension 'ignore'
[0.408s] Level 1:colcon.colcon_core.package_identification:_identify(src/bumperbot_controller) by extension 'ignore_ament_install'
[0.408s] Level 1:colcon.colcon_core.package_identification:_identify(src/bumperbot_controller) by extensions ['colcon_pkg']
[0.408s] Level 1:colcon.colcon_core.package_identification:_identify(src/bumperbot_controller) by extension 'colcon_pkg'
[0.408s] Level 1:colcon.colcon_core.package_identification:_identify(src/bumperbot_controller) by extensions ['colcon_meta']
[0.408s] Level 1:colcon.colcon_core.package_identification:_identify(src/bumperbot_controller) by extension 'colcon_meta'
[0.408s] Level 1:colcon.colcon_core.package_identification:_identify(src/bumperbot_controller) by extensions ['ros']
[0.408s] Level 1:colcon.colcon_core.package_identification:_identify(src/bumperbot_controller) by extension 'ros'
[0.411s] DEBUG:colcon.colcon_core.package_identification:Package 'src/bumperbot_controller' with type 'ros.ament_cmake' and name 'bumperbot_controller'
[0.411s] Level 1:colcon.colcon_core.package_identification:_identify(src/bumperbot_description) by extensions ['ignore', 'ignore_ament_install']
[0.412s] Level 1:colcon.colcon_core.package_identification:_identify(src/bumperbot_description) by extension 'ignore'
[0.412s] Level 1:colcon.colcon_core.package_identification:_identify(src/bumperbot_description) by extension 'ignore_ament_install'
[0.412s] Level 1:colcon.colcon_core.package_identification:_identify(src/bumperbot_description) by extensions ['colcon_pkg']
[0.412s] Level 1:colcon.colcon_core.package_identification:_identify(src/bumperbot_description) by extension 'colcon_pkg'
[0.412s] Level 1:colcon.colcon_core.package_identification:_identify(src/bumperbot_description) by extensions ['colcon_meta']
[0.412s] Level 1:colcon.colcon_core.package_identification:_identify(src/bumperbot_description) by extension 'colcon_meta'
[0.412s] Level 1:colcon.colcon_core.package_identification:_identify(src/bumperbot_description) by extensions ['ros']
[0.412s] Level 1:colcon.colcon_core.package_identification:_identify(src/bumperbot_description) by extension 'ros'
[0.415s] DEBUG:colcon.colcon_core.package_identification:Package 'src/bumperbot_description' with type 'ros.ament_cmake' and name 'bumperbot_description'
[0.415s] Level 1:colcon.colcon_core.package_identification:_identify(src/bumperbot_py_examples) by extensions ['ignore', 'ignore_ament_install']
[0.416s] Level 1:colcon.colcon_core.package_identification:_identify(src/bumperbot_py_examples) by extension 'ignore'
[0.416s] Level 1:colcon.colcon_core.package_identification:_identify(src/bumperbot_py_examples) by extension 'ignore_ament_install'
[0.416s] Level 1:colcon.colcon_core.package_identification:_identify(src/bumperbot_py_examples) by extensions ['colcon_pkg']
[0.416s] Level 1:colcon.colcon_core.package_identification:_identify(src/bumperbot_py_examples) by extension 'colcon_pkg'
[0.416s] Level 1:colcon.colcon_core.package_identification:_identify(src/bumperbot_py_examples) by extensions ['colcon_meta']
[0.416s] Level 1:colcon.colcon_core.package_identification:_identify(src/bumperbot_py_examples) by extension 'colcon_meta'
[0.416s] Level 1:colcon.colcon_core.package_identification:_identify(src/bumperbot_py_examples) by extensions ['ros']
[0.416s] Level 1:colcon.colcon_core.package_identification:_identify(src/bumperbot_py_examples) by extension 'ros'
[0.417s] DEBUG:colcon.colcon_core.package_identification:Package 'src/bumperbot_py_examples' with type 'ros.ament_python' and name 'bumperbot_py_examples'
[0.417s] Level 1:colcon.colcon_core.package_discovery:discover_packages(recursive) using defaults
[0.417s] Level 1:colcon.colcon_core.package_discovery:discover_packages(ignore) discover
[0.417s] Level 1:colcon.colcon_core.package_discovery:discover_packages(ignore) using defaults
[0.417s] Level 1:colcon.colcon_core.package_discovery:discover_packages(path) discover
[0.417s] Level 1:colcon.colcon_core.package_discovery:discover_packages(path) using defaults
[0.454s] Level 1:colcon.colcon_core.package_discovery:discover_packages(prefix_path) check parameters
[0.454s] Level 1:colcon.colcon_core.package_discovery:discover_packages(prefix_path) discover
[0.457s] DEBUG:colcon.colcon_installed_package_information.package_discovery:Found 3 installed packages in /home/saul/bumperbot_ws/install
[0.459s] DEBUG:colcon.colcon_installed_package_information.package_discovery:Found 385 installed packages in /opt/ros/humble
[0.462s] Level 1:colcon.colcon_core.package_discovery:discover_packages(prefix_path) using defaults
[0.534s] Level 5:colcon.colcon_core.verb:set package 'bumperbot_controller' build argument 'cmake_args' from command line to 'None'
[0.534s] Level 5:colcon.colcon_core.verb:set package 'bumperbot_controller' build argument 'cmake_target' from command line to 'None'
[0.534s] Level 5:colcon.colcon_core.verb:set package 'bumperbot_controller' build argument 'cmake_target_skip_unavailable' from command line to 'False'
[0.534s] Level 5:colcon.colcon_core.verb:set package 'bumperbot_controller' build argument 'cmake_clean_cache' from command line to 'False'
[0.534s] Level 5:colcon.colcon_core.verb:set package 'bumperbot_controller' build argument 'cmake_clean_first' from command line to 'False'
[0.534s] Level 5:colcon.colcon_core.verb:set package 'bumperbot_controller' build argument 'cmake_force_configure' from command line to 'False'
[0.534s] Level 5:colcon.colcon_core.verb:set package 'bumperbot_controller' build argument 'ament_cmake_args' from command line to 'None'
[0.534s] Level 5:colcon.colcon_core.verb:set package 'bumperbot_controller' build argument 'catkin_cmake_args' from command line to 'None'
[0.534s] Level 5:colcon.colcon_core.verb:set package 'bumperbot_controller' build argument 'catkin_skip_building_tests' from command line to 'False'
[0.535s] DEBUG:colcon.colcon_core.verb:Building package 'bumperbot_controller' with the following arguments: {'ament_cmake_args': None, 'build_base': '/home/saul/bumperbot_ws/build/bumperbot_controller', 'catkin_cmake_args': None, 'catkin_skip_building_tests': False, 'cmake_args': None, 'cmake_clean_cache': False, 'cmake_clean_first': False, 'cmake_force_configure': False, 'cmake_target': None, 'cmake_target_skip_unavailable': False, 'install_base': '/home/saul/bumperbot_ws/install/bumperbot_controller', 'merge_install': False, 'path': '/home/saul/bumperbot_ws/src/bumperbot_controller', 'symlink_install': False, 'test_result_base': None}
[0.535s] Level 5:colcon.colcon_core.verb:set package 'bumperbot_description' build argument 'cmake_args' from command line to 'None'
[0.535s] Level 5:colcon.colcon_core.verb:set package 'bumperbot_description' build argument 'cmake_target' from command line to 'None'
[0.535s] Level 5:colcon.colcon_core.verb:set package 'bumperbot_description' build argument 'cmake_target_skip_unavailable' from command line to 'False'
[0.535s] Level 5:colcon.colcon_core.verb:set package 'bumperbot_description' build argument 'cmake_clean_cache' from command line to 'False'
[0.535s] Level 5:colcon.colcon_core.verb:set package 'bumperbot_description' build argument 'cmake_clean_first' from command line to 'False'
[0.535s] Level 5:colcon.colcon_core.verb:set package 'bumperbot_description' build argument 'cmake_force_configure' from command line to 'False'
[0.535s] Level 5:colcon.colcon_core.verb:set package 'bumperbot_description' build argument 'ament_cmake_args' from command line to 'None'
[0.535s] Level 5:colcon.colcon_core.verb:set package 'bumperbot_description' build argument 'catkin_cmake_args' from command line to 'None'
[0.535s] Level 5:colcon.colcon_core.verb:set package 'bumperbot_description' build argument 'catkin_skip_building_tests' from command line to 'False'
[0.535s] DEBUG:colcon.colcon_core.verb:Building package 'bumperbot_description' with the following arguments: {'ament_cmake_args': None, 'build_base': '/home/saul/bumperbot_ws/build/bumperbot_description', 'catkin_cmake_args': None, 'catkin_skip_building_tests': False, 'cmake_args': None, 'cmake_clean_cache': False, 'cmake_clean_first': False, 'cmake_force_configure': False, 'cmake_target': None, 'cmake_target_skip_unavailable': False, 'install_base': '/home/saul/bumperbot_ws/install/bumperbot_description', 'merge_install': False, 'path': '/home/saul/bumperbot_ws/src/bumperbot_description', 'symlink_install': False, 'test_result_base': None}
[0.536s] Level 5:colcon.colcon_core.verb:set package 'bumperbot_py_examples' build argument 'cmake_args' from command line to 'None'
[0.536s] Level 5:colcon.colcon_core.verb:set package 'bumperbot_py_examples' build argument 'cmake_target' from command line to 'None'
[0.536s] Level 5:colcon.colcon_core.verb:set package 'bumperbot_py_examples' build argument 'cmake_target_skip_unavailable' from command line to 'False'
[0.536s] Level 5:colcon.colcon_core.verb:set package 'bumperbot_py_examples' build argument 'cmake_clean_cache' from command line to 'False'
[0.536s] Level 5:colcon.colcon_core.verb:set package 'bumperbot_py_examples' build argument 'cmake_clean_first' from command line to 'False'
[0.536s] Level 5:colcon.colcon_core.verb:set package 'bumperbot_py_examples' build argument 'cmake_force_configure' from command line to 'False'
[0.536s] Level 5:colcon.colcon_core.verb:set package 'bumperbot_py_examples' build argument 'ament_cmake_args' from command line to 'None'
[0.536s] Level 5:colcon.colcon_core.verb:set package 'bumperbot_py_examples' build argument 'catkin_cmake_args' from command line to 'None'
[0.536s] Level 5:colcon.colcon_core.verb:set package 'bumperbot_py_examples' build argument 'catkin_skip_building_tests' from command line to 'False'
[0.536s] DEBUG:colcon.colcon_core.verb:Building package 'bumperbot_py_examples' with the following arguments: {'ament_cmake_args': None, 'build_base': '/home/saul/bumperbot_ws/build/bumperbot_py_examples', 'catkin_cmake_args': None, 'catkin_skip_building_tests': False, 'cmake_args': None, 'cmake_clean_cache': False, 'cmake_clean_first': False, 'cmake_force_configure': False, 'cmake_target': None, 'cmake_target_skip_unavailable': False, 'install_base': '/home/saul/bumperbot_ws/install/bumperbot_py_examples', 'merge_install': False, 'path': '/home/saul/bumperbot_ws/src/bumperbot_py_examples', 'symlink_install': False, 'test_result_base': None}
[0.537s] INFO:colcon.colcon_core.executor:Executing jobs using 'parallel' executor
[0.538s] DEBUG:colcon.colcon_parallel_executor.executor.parallel:run_until_complete
[0.538s] INFO:colcon.colcon_ros.task.ament_cmake.build:Building ROS package in '/home/saul/bumperbot_ws/src/bumperbot_controller' with build type 'ament_cmake'
[0.539s] INFO:colcon.colcon_cmake.task.cmake.build:Building CMake package in '/home/saul/bumperbot_ws/src/bumperbot_controller'
[0.542s] INFO:colcon.colcon_core.plugin_system:Skipping extension 'colcon_core.shell.bat': Not used on non-Windows systems
[0.542s] INFO:colcon.colcon_core.shell:Skip shell extension 'powershell' for command environment: Not usable outside of PowerShell
[0.542s] DEBUG:colcon.colcon_core.shell:Skip shell extension 'dsv' for command environment
[0.548s] INFO:colcon.colcon_ros.task.ament_cmake.build:Building ROS package in '/home/saul/bumperbot_ws/src/bumperbot_description' with build type 'ament_cmake'
[0.548s] INFO:colcon.colcon_cmake.task.cmake.build:Building CMake package in '/home/saul/bumperbot_ws/src/bumperbot_description'
[0.548s] INFO:colcon.colcon_core.shell:Skip shell extension 'powershell' for command environment: Not usable outside of PowerShell
[0.548s] DEBUG:colcon.colcon_core.shell:Skip shell extension 'dsv' for command environment
[0.554s] INFO:colcon.colcon_ros.task.ament_python.build:Building ROS package in '/home/saul/bumperbot_ws/src/bumperbot_py_examples' with build type 'ament_python'
[0.554s] Level 1:colcon.colcon_core.shell:create_environment_hook('bumperbot_py_examples', 'ament_prefix_path')
[0.554s] INFO:colcon.colcon_core.shell:Creating environment hook '/home/saul/bumperbot_ws/install/bumperbot_py_examples/share/bumperbot_py_examples/hook/ament_prefix_path.ps1'
[0.555s] INFO:colcon.colcon_core.shell:Creating environment descriptor '/home/saul/bumperbot_ws/install/bumperbot_py_examples/share/bumperbot_py_examples/hook/ament_prefix_path.dsv'
[0.556s] INFO:colcon.colcon_core.shell:Creating environment hook '/home/saul/bumperbot_ws/install/bumperbot_py_examples/share/bumperbot_py_examples/hook/ament_prefix_path.sh'
[0.557s] INFO:colcon.colcon_core.shell:Skip shell extension 'powershell' for command environment: Not usable outside of PowerShell
[0.557s] DEBUG:colcon.colcon_core.shell:Skip shell extension 'dsv' for command environment
[0.567s] DEBUG:colcon.colcon_core.event_handler.log_command:Invoking command in '/home/saul/bumperbot_ws/build/bumperbot_controller': CMAKE_PREFIX_PATH=${CMAKE_PREFIX_PATH}:/home/saul/bumperbot_ws/install/bumperbot_py_examples:/opt/ros/humble /usr/bin/cmake --build /home/saul/bumperbot_ws/build/bumperbot_controller -- -j8 -l8
[0.572s] DEBUG:colcon.colcon_core.event_handler.log_command:Invoking command in '/home/saul/bumperbot_ws/build/bumperbot_description': CMAKE_PREFIX_PATH=${CMAKE_PREFIX_PATH}:/home/saul/bumperbot_ws/install/bumperbot_py_examples:/opt/ros/humble /usr/bin/cmake --build /home/saul/bumperbot_ws/build/bumperbot_description -- -j8 -l8
[0.987s] INFO:colcon.colcon_core.task.python.build:Building Python package in '/home/saul/bumperbot_ws/src/bumperbot_py_examples'
[0.988s] INFO:colcon.colcon_core.shell:Skip shell extension 'powershell' for command environment: Not usable outside of PowerShell
[0.988s] DEBUG:colcon.colcon_core.shell:Skip shell extension 'dsv' for command environment
[0.997s] DEBUG:colcon.colcon_core.event_handler.log_command:Invoked command in '/home/saul/bumperbot_ws/build/bumperbot_controller' returned '0': CMAKE_PREFIX_PATH=${CMAKE_PREFIX_PATH}:/home/saul/bumperbot_ws/install/bumperbot_py_examples:/opt/ros/humble /usr/bin/cmake --build /home/saul/bumperbot_ws/build/bumperbot_controller -- -j8 -l8
[1.010s] DEBUG:colcon.colcon_core.event_handler.log_command:Invoking command in '/home/saul/bumperbot_ws/build/bumperbot_controller': CMAKE_PREFIX_PATH=${CMAKE_PREFIX_PATH}:/home/saul/bumperbot_ws/install/bumperbot_py_examples:/opt/ros/humble /usr/bin/cmake --install /home/saul/bumperbot_ws/build/bumperbot_controller
[1.010s] DEBUG:colcon.colcon_core.event_handler.log_command:Invoked command in '/home/saul/bumperbot_ws/build/bumperbot_description' returned '0': CMAKE_PREFIX_PATH=${CMAKE_PREFIX_PATH}:/home/saul/bumperbot_ws/install/bumperbot_py_examples:/opt/ros/humble /usr/bin/cmake --build /home/saul/bumperbot_ws/build/bumperbot_description -- -j8 -l8
[1.013s] DEBUG:colcon.colcon_core.event_handler.log_command:Invoking command in '/home/saul/bumperbot_ws/build/bumperbot_description': CMAKE_PREFIX_PATH=${CMAKE_PREFIX_PATH}:/home/saul/bumperbot_ws/install/bumperbot_py_examples:/opt/ros/humble /usr/bin/cmake --install /home/saul/bumperbot_ws/build/bumperbot_description
[1.024s] Level 1:colcon.colcon_core.environment:create_environment_scripts_only(bumperbot_controller)
[1.030s] DEBUG:colcon.colcon_core.event_handler.log_command:Invoked command in '/home/saul/bumperbot_ws/build/bumperbot_controller' returned '0': CMAKE_PREFIX_PATH=${CMAKE_PREFIX_PATH}:/home/saul/bumperbot_ws/install/bumperbot_py_examples:/opt/ros/humble /usr/bin/cmake --install /home/saul/bumperbot_ws/build/bumperbot_controller
[1.034s] Level 1:colcon.colcon_core.environment:checking '/home/saul/bumperbot_ws/install/bumperbot_controller' for CMake module files
[1.035s] Level 1:colcon.colcon_core.environment:checking '/home/saul/bumperbot_ws/install/bumperbot_controller' for CMake config files
[1.036s] Level 1:colcon.colcon_core.shell:create_environment_hook('bumperbot_controller', 'cmake_prefix_path')
[1.036s] INFO:colcon.colcon_core.shell:Creating environment hook '/home/saul/bumperbot_ws/install/bumperbot_controller/share/bumperbot_controller/hook/cmake_prefix_path.ps1'
[1.037s] INFO:colcon.colcon_core.shell:Creating environment descriptor '/home/saul/bumperbot_ws/install/bumperbot_controller/share/bumperbot_controller/hook/cmake_prefix_path.dsv'
[1.038s] INFO:colcon.colcon_core.shell:Creating environment hook '/home/saul/bumperbot_ws/install/bumperbot_controller/share/bumperbot_controller/hook/cmake_prefix_path.sh'
[1.040s] Level 1:colcon.colcon_core.environment:checking '/home/saul/bumperbot_ws/install/bumperbot_controller/bin'
[1.040s] Level 1:colcon.colcon_core.environment:checking '/home/saul/bumperbot_ws/install/bumperbot_controller/lib/pkgconfig/bumperbot_controller.pc'
[1.040s] Level 1:colcon.colcon_core.environment:checking '/home/saul/bumperbot_ws/install/bumperbot_controller/lib/python3.10/site-packages'
[1.041s] Level 1:colcon.colcon_core.environment:checking '/home/saul/bumperbot_ws/install/bumperbot_controller/bin'
[1.042s] INFO:colcon.colcon_core.shell:Creating package script '/home/saul/bumperbot_ws/install/bumperbot_controller/share/bumperbot_controller/package.ps1'
[1.044s] INFO:colcon.colcon_core.shell:Creating package descriptor '/home/saul/bumperbot_ws/install/bumperbot_controller/share/bumperbot_controller/package.dsv'
[1.045s] INFO:colcon.colcon_core.shell:Creating package script '/home/saul/bumperbot_ws/install/bumperbot_controller/share/bumperbot_controller/package.sh'
[1.046s] INFO:colcon.colcon_core.shell:Creating package script '/home/saul/bumperbot_ws/install/bumperbot_controller/share/bumperbot_controller/package.bash'
[1.048s] INFO:colcon.colcon_core.shell:Creating package script '/home/saul/bumperbot_ws/install/bumperbot_controller/share/bumperbot_controller/package.zsh'
[1.049s] Level 1:colcon.colcon_core.environment:create_file_with_runtime_dependencies(/home/saul/bumperbot_ws/install/bumperbot_controller/share/colcon-core/packages/bumperbot_controller)
[1.051s] Level 1:colcon.colcon_core.environment:create_environment_scripts_only(bumperbot_controller)
[1.051s] Level 1:colcon.colcon_core.environment:checking '/home/saul/bumperbot_ws/install/bumperbot_controller' for CMake module files
[1.052s] Level 1:colcon.colcon_core.environment:checking '/home/saul/bumperbot_ws/install/bumperbot_controller' for CMake config files
[1.053s] Level 1:colcon.colcon_core.shell:create_environment_hook('bumperbot_controller', 'cmake_prefix_path')
[1.053s] INFO:colcon.colcon_core.shell:Creating environment hook '/home/saul/bumperbot_ws/install/bumperbot_controller/share/bumperbot_controller/hook/cmake_prefix_path.ps1'
[1.054s] INFO:colcon.colcon_core.shell:Creating environment descriptor '/home/saul/bumperbot_ws/install/bumperbot_controller/share/bumperbot_controller/hook/cmake_prefix_path.dsv'
[1.055s] INFO:colcon.colcon_core.shell:Creating environment hook '/home/saul/bumperbot_ws/install/bumperbot_controller/share/bumperbot_controller/hook/cmake_prefix_path.sh'
[1.056s] Level 1:colcon.colcon_core.environment:checking '/home/saul/bumperbot_ws/install/bumperbot_controller/bin'
[1.056s] Level 1:colcon.colcon_core.environment:checking '/home/saul/bumperbot_ws/install/bumperbot_controller/lib/pkgconfig/bumperbot_controller.pc'
[1.057s] Level 1:colcon.colcon_core.environment:checking '/home/saul/bumperbot_ws/install/bumperbot_controller/lib/python3.10/site-packages'
[1.057s] Level 1:colcon.colcon_core.environment:checking '/home/saul/bumperbot_ws/install/bumperbot_controller/bin'
[1.058s] INFO:colcon.colcon_core.shell:Creating package script '/home/saul/bumperbot_ws/install/bumperbot_controller/share/bumperbot_controller/package.ps1'
[1.059s] INFO:colcon.colcon_core.shell:Creating package descriptor '/home/saul/bumperbot_ws/install/bumperbot_controller/share/bumperbot_controller/package.dsv'
[1.060s] INFO:colcon.colcon_core.shell:Creating package script '/home/saul/bumperbot_ws/install/bumperbot_controller/share/bumperbot_controller/package.sh'
[1.061s] INFO:colcon.colcon_core.shell:Creating package script '/home/saul/bumperbot_ws/install/bumperbot_controller/share/bumperbot_controller/package.bash'
[1.062s] INFO:colcon.colcon_core.shell:Creating package script '/home/saul/bumperbot_ws/install/bumperbot_controller/share/bumperbot_controller/package.zsh'
[1.063s] Level 1:colcon.colcon_core.environment:create_file_with_runtime_dependencies(/home/saul/bumperbot_ws/install/bumperbot_controller/share/colcon-core/packages/bumperbot_controller)
[1.064s] Level 1:colcon.colcon_core.environment:create_environment_scripts_only(bumperbot_description)
[1.065s] Level 1:colcon.colcon_core.environment:checking '/home/saul/bumperbot_ws/install/bumperbot_description' for CMake module files
[1.066s] DEBUG:colcon.colcon_core.event_handler.log_command:Invoked command in '/home/saul/bumperbot_ws/build/bumperbot_description' returned '0': CMAKE_PREFIX_PATH=${CMAKE_PREFIX_PATH}:/home/saul/bumperbot_ws/install/bumperbot_py_examples:/opt/ros/humble /usr/bin/cmake --install /home/saul/bumperbot_ws/build/bumperbot_description
[1.067s] Level 1:colcon.colcon_core.environment:checking '/home/saul/bumperbot_ws/install/bumperbot_description' for CMake config files
[1.067s] Level 1:colcon.colcon_core.shell:create_environment_hook('bumperbot_description', 'cmake_prefix_path')
[1.068s] INFO:colcon.colcon_core.shell:Creating environment hook '/home/saul/bumperbot_ws/install/bumperbot_description/share/bumperbot_description/hook/cmake_prefix_path.ps1'
[1.069s] INFO:colcon.colcon_core.shell:Creating environment descriptor '/home/saul/bumperbot_ws/install/bumperbot_description/share/bumperbot_description/hook/cmake_prefix_path.dsv'
[1.070s] INFO:colcon.colcon_core.shell:Creating environment hook '/home/saul/bumperbot_ws/install/bumperbot_description/share/bumperbot_description/hook/cmake_prefix_path.sh'
[1.071s] Level 1:colcon.colcon_core.environment:checking '/home/saul/bumperbot_ws/install/bumperbot_description/bin'
[1.071s] Level 1:colcon.colcon_core.environment:checking '/home/saul/bumperbot_ws/install/bumperbot_description/lib/pkgconfig/bumperbot_description.pc'
[1.071s] Level 1:colcon.colcon_core.environment:checking '/home/saul/bumperbot_ws/install/bumperbot_description/lib/python3.10/site-packages'
[1.072s] Level 1:colcon.colcon_core.environment:checking '/home/saul/bumperbot_ws/install/bumperbot_description/bin'
[1.073s] INFO:colcon.colcon_core.shell:Creating package script '/home/saul/bumperbot_ws/install/bumperbot_description/share/bumperbot_description/package.ps1'
[1.074s] INFO:colcon.colcon_core.shell:Creating package descriptor '/home/saul/bumperbot_ws/install/bumperbot_description/share/bumperbot_description/package.dsv'
[1.075s] INFO:colcon.colcon_core.shell:Creating package script '/home/saul/bumperbot_ws/install/bumperbot_description/share/bumperbot_description/package.sh'
[1.076s] INFO:colcon.colcon_core.shell:Creating package script '/home/saul/bumperbot_ws/install/bumperbot_description/share/bumperbot_description/package.bash'
[1.076s] INFO:colcon.colcon_core.shell:Creating package script '/home/saul/bumperbot_ws/install/bumperbot_description/share/bumperbot_description/package.zsh'
[1.077s] Level 1:colcon.colcon_core.environment:create_file_with_runtime_dependencies(/home/saul/bumperbot_ws/install/bumperbot_description/share/colcon-core/packages/bumperbot_description)
[1.078s] Level 1:colcon.colcon_core.environment:create_environment_scripts_only(bumperbot_description)
[1.078s] Level 1:colcon.colcon_core.environment:checking '/home/saul/bumperbot_ws/install/bumperbot_description' for CMake module files
[1.079s] Level 1:colcon.colcon_core.environment:checking '/home/saul/bumperbot_ws/install/bumperbot_description' for CMake config files
[1.079s] Level 1:colcon.colcon_core.shell:create_environment_hook('bumperbot_description', 'cmake_prefix_path')
[1.080s] INFO:colcon.colcon_core.shell:Creating environment hook '/home/saul/bumperbot_ws/install/bumperbot_description/share/bumperbot_description/hook/cmake_prefix_path.ps1'
[1.080s] INFO:colcon.colcon_core.shell:Creating environment descriptor '/home/saul/bumperbot_ws/install/bumperbot_description/share/bumperbot_description/hook/cmake_prefix_path.dsv'
[1.081s] INFO:colcon.colcon_core.shell:Creating environment hook '/home/saul/bumperbot_ws/install/bumperbot_description/share/bumperbot_description/hook/cmake_prefix_path.sh'
[1.081s] Level 1:colcon.colcon_core.environment:checking '/home/saul/bumperbot_ws/install/bumperbot_description/bin'
[1.081s] Level 1:colcon.colcon_core.environment:checking '/home/saul/bumperbot_ws/install/bumperbot_description/lib/pkgconfig/bumperbot_description.pc'
[1.082s] Level 1:colcon.colcon_core.environment:checking '/home/saul/bumperbot_ws/install/bumperbot_description/lib/python3.10/site-packages'
[1.082s] Level 1:colcon.colcon_core.environment:checking '/home/saul/bumperbot_ws/install/bumperbot_description/bin'
[1.083s] INFO:colcon.colcon_core.shell:Creating package script '/home/saul/bumperbot_ws/install/bumperbot_description/share/bumperbot_description/package.ps1'
[1.083s] INFO:colcon.colcon_core.shell:Creating package descriptor '/home/saul/bumperbot_ws/install/bumperbot_description/share/bumperbot_description/package.dsv'
[1.084s] INFO:colcon.colcon_core.shell:Creating package script '/home/saul/bumperbot_ws/install/bumperbot_description/share/bumperbot_description/package.sh'
[1.085s] INFO:colcon.colcon_core.shell:Creating package script '/home/saul/bumperbot_ws/install/bumperbot_description/share/bumperbot_description/package.bash'
[1.085s] INFO:colcon.colcon_core.shell:Creating package script '/home/saul/bumperbot_ws/install/bumperbot_description/share/bumperbot_description/package.zsh'
[1.086s] Level 1:colcon.colcon_core.environment:create_file_with_runtime_dependencies(/home/saul/bumperbot_ws/install/bumperbot_description/share/colcon-core/packages/bumperbot_description)
[1.539s] DEBUG:colcon.colcon_core.event_handler.log_command:Invoking command in '/home/saul/bumperbot_ws/src/bumperbot_py_examples': PYTHONPATH=/home/saul/bumperbot_ws/build/bumperbot_py_examples/prefix_override:/usr/lib/python3/dist-packages/colcon_core/task/python/colcon_distutils_commands:/home/saul/bumperbot_ws/install/bumperbot_py_examples/lib/python3.10/site-packages:${PYTHONPATH} /usr/bin/python3 -W ignore:setup.py install is deprecated -W ignore:easy_install command is deprecated setup.py egg_info --egg-base ../../build/bumperbot_py_examples build --build-base /home/saul/bumperbot_ws/build/bumperbot_py_examples/build install --record /home/saul/bumperbot_ws/build/bumperbot_py_examples/install.log --single-version-externally-managed install_data
[1.955s] Level 1:colcon.colcon_core.environment:checking '/home/saul/bumperbot_ws/install/bumperbot_py_examples' for CMake module files
[1.956s] DEBUG:colcon.colcon_core.event_handler.log_command:Invoked command in '/home/saul/bumperbot_ws/src/bumperbot_py_examples' returned '0': PYTHONPATH=/home/saul/bumperbot_ws/build/bumperbot_py_examples/prefix_override:/usr/lib/python3/dist-packages/colcon_core/task/python/colcon_distutils_commands:/home/saul/bumperbot_ws/install/bumperbot_py_examples/lib/python3.10/site-packages:${PYTHONPATH} /usr/bin/python3 -W ignore:setup.py install is deprecated -W ignore:easy_install command is deprecated setup.py egg_info --egg-base ../../build/bumperbot_py_examples build --build-base /home/saul/bumperbot_ws/build/bumperbot_py_examples/build install --record /home/saul/bumperbot_ws/build/bumperbot_py_examples/install.log --single-version-externally-managed install_data
[1.957s] Level 1:colcon.colcon_core.environment:checking '/home/saul/bumperbot_ws/install/bumperbot_py_examples' for CMake config files
[1.958s] Level 1:colcon.colcon_core.environment:checking '/home/saul/bumperbot_ws/install/bumperbot_py_examples/lib'
[1.958s] Level 1:colcon.colcon_core.environment:checking '/home/saul/bumperbot_ws/install/bumperbot_py_examples/bin'
[1.958s] Level 1:colcon.colcon_core.environment:checking '/home/saul/bumperbot_ws/install/bumperbot_py_examples/lib/pkgconfig/bumperbot_py_examples.pc'
[1.959s] Level 1:colcon.colcon_core.environment:checking '/home/saul/bumperbot_ws/install/bumperbot_py_examples/lib/python3.10/site-packages'
[1.959s] Level 1:colcon.colcon_core.shell:create_environment_hook('bumperbot_py_examples', 'pythonpath')
[1.959s] INFO:colcon.colcon_core.shell:Creating environment hook '/home/saul/bumperbot_ws/install/bumperbot_py_examples/share/bumperbot_py_examples/hook/pythonpath.ps1'
[1.960s] INFO:colcon.colcon_core.shell:Creating environment descriptor '/home/saul/bumperbot_ws/install/bumperbot_py_examples/share/bumperbot_py_examples/hook/pythonpath.dsv'
[1.961s] INFO:colcon.colcon_core.shell:Creating environment hook '/home/saul/bumperbot_ws/install/bumperbot_py_examples/share/bumperbot_py_examples/hook/pythonpath.sh'
[1.962s] Level 1:colcon.colcon_core.environment:checking '/home/saul/bumperbot_ws/install/bumperbot_py_examples/bin'
[1.963s] Level 1:colcon.colcon_core.environment:create_environment_scripts_only(bumperbot_py_examples)
[1.963s] INFO:colcon.colcon_core.shell:Creating package script '/home/saul/bumperbot_ws/install/bumperbot_py_examples/share/bumperbot_py_examples/package.ps1'
[1.965s] INFO:colcon.colcon_core.shell:Creating package descriptor '/home/saul/bumperbot_ws/install/bumperbot_py_examples/share/bumperbot_py_examples/package.dsv'
[1.967s] INFO:colcon.colcon_core.shell:Creating package script '/home/saul/bumperbot_ws/install/bumperbot_py_examples/share/bumperbot_py_examples/package.sh'
[1.968s] INFO:colcon.colcon_core.shell:Creating package script '/home/saul/bumperbot_ws/install/bumperbot_py_examples/share/bumperbot_py_examples/package.bash'
[1.970s] INFO:colcon.colcon_core.shell:Creating package script '/home/saul/bumperbot_ws/install/bumperbot_py_examples/share/bumperbot_py_examples/package.zsh'
[1.971s] Level 1:colcon.colcon_core.environment:create_file_with_runtime_dependencies(/home/saul/bumperbot_ws/install/bumperbot_py_examples/share/colcon-core/packages/bumperbot_py_examples)
[1.972s] DEBUG:colcon.colcon_parallel_executor.executor.parallel:closing loop
[1.972s] DEBUG:colcon.colcon_parallel_executor.executor.parallel:loop closed
[1.973s] DEBUG:colcon.colcon_parallel_executor.executor.parallel:run_until_complete finished with '0'
[1.973s] DEBUG:colcon.colcon_core.event_reactor:joining thread
[1.982s] INFO:colcon.colcon_core.plugin_system:Skipping extension 'colcon_notification.desktop_notification.terminal_notifier': Not used on non-Darwin systems
[1.983s] INFO:colcon.colcon_core.plugin_system:Skipping extension 'colcon_notification.desktop_notification.win32': Not used on non-Windows systems
[1.983s] INFO:colcon.colcon_notification.desktop_notification:Sending desktop notification using 'notify2'
[2.018s] DEBUG:colcon.colcon_core.event_reactor:joined thread
[2.019s] INFO:colcon.colcon_core.shell:Creating prefix script '/home/saul/bumperbot_ws/install/local_setup.ps1'
[2.022s] INFO:colcon.colcon_core.shell:Creating prefix util module '/home/saul/bumperbot_ws/install/_local_setup_util_ps1.py'
[2.028s] INFO:colcon.colcon_core.shell:Creating prefix chain script '/home/saul/bumperbot_ws/install/setup.ps1'
[2.033s] INFO:colcon.colcon_core.shell:Creating prefix script '/home/saul/bumperbot_ws/install/local_setup.sh'
[2.035s] INFO:colcon.colcon_core.shell:Creating prefix util module '/home/saul/bumperbot_ws/install/_local_setup_util_sh.py'
[2.037s] INFO:colcon.colcon_core.shell:Creating prefix chain script '/home/saul/bumperbot_ws/install/setup.sh'
[2.041s] INFO:colcon.colcon_core.shell:Creating prefix script '/home/saul/bumperbot_ws/install/local_setup.bash'
[2.043s] INFO:colcon.colcon_core.shell:Creating prefix chain script '/home/saul/bumperbot_ws/install/setup.bash'
[2.047s] INFO:colcon.colcon_core.shell:Creating prefix script '/home/saul/bumperbot_ws/install/local_setup.zsh'
[2.049s] INFO:colcon.colcon_core.shell:Creating prefix chain script '/home/saul/bumperbot_ws/install/setup.zsh'
