[0.015s] Invoking command in '/home/saul/bumperbot_ws/build/bumperbot_description': CMAKE_PREFIX_PATH=/opt/ros/humble /usr/bin/cmake --build /home/saul/bumperbot_ws/build/bumperbot_description -- -j8 -l8
[0.051s] -- Found ament_cmake: 1.3.12 (/opt/ros/humble/share/ament_cmake/cmake)
[0.252s] -- Found ament_lint_auto: 0.12.14 (/opt/ros/humble/share/ament_lint_auto/cmake)
[0.353s] -- Added test 'lint_cmake' to check CMake code style
[0.356s] -- Added test 'xmllint' to check XML markup files
[0.357s] -- Configuring done
[0.362s] -- Generating done
[0.365s] -- Build files have been written to: /home/saul/bumperbot_ws/build/bumperbot_description
[0.395s] Invoked command in '/home/saul/bumperbot_ws/build/bumperbot_description' returned '0': CMAKE_PREFIX_PATH=/opt/ros/humble /usr/bin/cmake --build /home/saul/bumperbot_ws/build/bumperbot_description -- -j8 -l8
[0.411s] Invoking command in '/home/saul/bumperbot_ws/build/bumperbot_description': CMAKE_PREFIX_PATH=/opt/ros/humble /usr/bin/cmake --install /home/saul/bumperbot_ws/build/bumperbot_description
[0.422s] -- Install configuration: ""
[0.423s] -- Installing: /home/saul/bumperbot_ws/install/bumperbot_description/share/bumperbot_description/meshes
[0.423s] -- Installing: /home/saul/bumperbot_ws/install/bumperbot_description/share/bumperbot_description/meshes/sasi.stl
[0.423s] -- Installing: /home/saul/bumperbot_ws/install/bumperbot_description/share/bumperbot_description/urdf
[0.424s] -- Installing: /home/saul/bumperbot_ws/install/bumperbot_description/share/bumperbot_description/urdf/bumperbot.urdf.xacro
[0.424s] -- Up-to-date: /home/saul/bumperbot_ws/install/bumperbot_description/share/ament_index/resource_index/package_run_dependencies/bumperbot_description
[0.424s] -- Up-to-date: /home/saul/bumperbot_ws/install/bumperbot_description/share/ament_index/resource_index/parent_prefix_path/bumperbot_description
[0.424s] -- Up-to-date: /home/saul/bumperbot_ws/install/bumperbot_description/share/bumperbot_description/environment/ament_prefix_path.sh
[0.424s] -- Installing: /home/saul/bumperbot_ws/install/bumperbot_description/share/bumperbot_description/environment/ament_prefix_path.dsv
[0.424s] -- Up-to-date: /home/saul/bumperbot_ws/install/bumperbot_description/share/bumperbot_description/environment/path.sh
[0.425s] -- Installing: /home/saul/bumperbot_ws/install/bumperbot_description/share/bumperbot_description/environment/path.dsv
[0.425s] -- Up-to-date: /home/saul/bumperbot_ws/install/bumperbot_description/share/bumperbot_description/local_setup.bash
[0.425s] -- Up-to-date: /home/saul/bumperbot_ws/install/bumperbot_description/share/bumperbot_description/local_setup.sh
[0.425s] -- Up-to-date: /home/saul/bumperbot_ws/install/bumperbot_description/share/bumperbot_description/local_setup.zsh
[0.425s] -- Installing: /home/saul/bumperbot_ws/install/bumperbot_description/share/bumperbot_description/local_setup.dsv
[0.425s] -- Installing: /home/saul/bumperbot_ws/install/bumperbot_description/share/bumperbot_description/package.dsv
[0.425s] -- Up-to-date: /home/saul/bumperbot_ws/install/bumperbot_description/share/ament_index/resource_index/packages/bumperbot_description
[0.425s] -- Up-to-date: /home/saul/bumperbot_ws/install/bumperbot_description/share/bumperbot_description/cmake/bumperbot_descriptionConfig.cmake
[0.425s] -- Up-to-date: /home/saul/bumperbot_ws/install/bumperbot_description/share/bumperbot_description/cmake/bumperbot_descriptionConfig-version.cmake
[0.426s] -- Up-to-date: /home/saul/bumperbot_ws/install/bumperbot_description/share/bumperbot_description/package.xml
[0.428s] Invoked command in '/home/saul/bumperbot_ws/build/bumperbot_description' returned '0': CMAKE_PREFIX_PATH=/opt/ros/humble /usr/bin/cmake --install /home/saul/bumperbot_ws/build/bumperbot_description
