[0.030s] Invoking command in '/home/saul/bumperbot_ws/build/bumperbot_firmware': CMAKE_PREFIX_PATH=/opt/ros/humble /usr/bin/cmake /home/saul/bumperbot_ws/src/bumperbot_firmware -DAMENT_CMAKE_SYMLINK_INSTALL=1 -DCMAKE_INSTALL_PREFIX=/home/saul/bumperbot_ws/install/bumperbot_firmware
[0.126s] -- The C compiler identification is GNU 11.4.0
[0.240s] -- The CXX compiler identification is GNU 11.4.0
[0.251s] -- Detecting C compiler ABI info
[0.369s] -- Detecting C compiler ABI info - done
[0.386s] -- Check for working C compiler: /usr/bin/cc - skipped
[0.387s] -- Detecting C compile features
[0.388s] -- Detecting C compile features - done
[0.394s] -- Detecting CXX compiler ABI info
[0.541s] -- Detecting CXX compiler ABI info - done
[0.562s] -- Check for working CXX compiler: /usr/bin/c++ - skipped
[0.562s] -- Detecting CXX compile features
[0.562s] -- Detecting CXX compile features - done
[0.564s] -- Found ament_cmake: 1.3.12 (/opt/ros/humble/share/ament_cmake/cmake)
[0.884s] -- Found Python3: /usr/bin/python3 (found version "3.10.12") found components: Interpreter 
[0.984s] -- Override CMake install command with custom implementation using symlinks instead of copying resources
[1.031s] -- Found rclcpp: 16.0.17 (/opt/ros/humble/share/rclcpp/cmake)
[1.089s] -- Found rosidl_generator_c: 3.1.8 (/opt/ros/humble/share/rosidl_generator_c/cmake)
[1.096s] -- Found rosidl_adapter: 3.1.8 (/opt/ros/humble/share/rosidl_adapter/cmake)
[1.108s] -- Found rosidl_generator_cpp: 3.1.8 (/opt/ros/humble/share/rosidl_generator_cpp/cmake)
[1.127s] -- Using all available rosidl_typesupport_c: rosidl_typesupport_fastrtps_c;rosidl_typesupport_introspection_c
[1.153s] -- Using all available rosidl_typesupport_cpp: rosidl_typesupport_fastrtps_cpp;rosidl_typesupport_introspection_cpp
[1.244s] -- Found rmw_implementation_cmake: 6.1.2 (/opt/ros/humble/share/rmw_implementation_cmake/cmake)
[1.248s] -- Found rmw_cyclonedds_cpp: 1.3.4 (/opt/ros/humble/share/rmw_cyclonedds_cpp/cmake)
[1.283s] -- Using RMW implementation 'rmw_cyclonedds_cpp' as default
[1.296s] -- Looking for pthread.h
[1.446s] -- Looking for pthread.h - found
[1.446s] -- Performing Test CMAKE_HAVE_LIBC_PTHREAD
[1.583s] -- Performing Test CMAKE_HAVE_LIBC_PTHREAD - Success
[1.586s] -- Found Threads: TRUE  
[1.681s] -- Found rclpy: 3.3.19 (/opt/ros/humble/share/rclpy/cmake)
[1.684s] -- Found hardware_interface: 2.53.0 (/opt/ros/humble/share/hardware_interface/cmake)
[2.011s] -- Found PkgConfig: /usr/bin/pkg-config (found version "0.29.2") 
[2.012s] -- Checking for module 'libserial'
[2.039s] --   Found libserial, version 1.0.0
[2.410s] -- Configuring done
[2.524s] -- Generating done
[2.541s] -- Build files have been written to: /home/saul/bumperbot_ws/build/bumperbot_firmware
[2.573s] Invoked command in '/home/saul/bumperbot_ws/build/bumperbot_firmware' returned '0': CMAKE_PREFIX_PATH=/opt/ros/humble /usr/bin/cmake /home/saul/bumperbot_ws/src/bumperbot_firmware -DAMENT_CMAKE_SYMLINK_INSTALL=1 -DCMAKE_INSTALL_PREFIX=/home/saul/bumperbot_ws/install/bumperbot_firmware
[2.575s] Invoking command in '/home/saul/bumperbot_ws/build/bumperbot_firmware': CMAKE_PREFIX_PATH=/opt/ros/humble /usr/bin/cmake --build /home/saul/bumperbot_ws/build/bumperbot_firmware -- -j8 -l8
[2.723s] [ 16%] [32mBuilding CXX object CMakeFiles/bumperbot_firmware.dir/src/bumperbot_interface.cpp.o[0m
[2.738s] [ 33%] [32mBuilding CXX object CMakeFiles/simple_serial_transmitter.dir/src/simple_serial_transmitter.cpp.o[0m
[2.739s] [ 33%] Built target ament_cmake_python_symlink_bumperbot_firmware
[2.743s] [ 50%] [32mBuilding CXX object CMakeFiles/simple_serial_receiver.dir/src/simple_serial_receiver.cpp.o[0m
[3.556s] running egg_info
[3.558s] creating bumperbot_firmware.egg-info
[3.558s] writing bumperbot_firmware.egg-info/PKG-INFO
[3.561s] writing dependency_links to bumperbot_firmware.egg-info/dependency_links.txt
[3.561s] writing top-level names to bumperbot_firmware.egg-info/top_level.txt
[3.561s] writing manifest file 'bumperbot_firmware.egg-info/SOURCES.txt'
[3.566s] reading manifest file 'bumperbot_firmware.egg-info/SOURCES.txt'
[3.568s] writing manifest file 'bumperbot_firmware.egg-info/SOURCES.txt'
[3.651s] [ 50%] Built target ament_cmake_python_build_bumperbot_firmware_egg
[20.509s] [ 66%] [32m[1mLinking CXX shared library libbumperbot_firmware.so[0m
[21.561s] [ 66%] Built target bumperbot_firmware
[24.720s] [ 83%] [32m[1mLinking CXX executable simple_serial_receiver[0m
[25.753s] [ 83%] Built target simple_serial_receiver
[39.783s] [100%] [32m[1mLinking CXX executable simple_serial_transmitter[0m
[41.513s] [100%] Built target simple_serial_transmitter
[41.551s] Invoked command in '/home/saul/bumperbot_ws/build/bumperbot_firmware' returned '0': CMAKE_PREFIX_PATH=/opt/ros/humble /usr/bin/cmake --build /home/saul/bumperbot_ws/build/bumperbot_firmware -- -j8 -l8
[41.553s] Invoking command in '/home/saul/bumperbot_ws/build/bumperbot_firmware': CMAKE_PREFIX_PATH=/opt/ros/humble /usr/bin/cmake --install /home/saul/bumperbot_ws/build/bumperbot_firmware
[41.577s] -- Install configuration: ""
[41.578s] -- Execute custom install script
[41.579s] -- Symlinking: /home/saul/bumperbot_ws/install/bumperbot_firmware/share/bumperbot_firmware/environment/pythonpath.sh
[41.607s] -- Symlinking: /home/saul/bumperbot_ws/install/bumperbot_firmware/share/bumperbot_firmware/environment/pythonpath.dsv
[41.629s] -- Symlinking: /home/saul/bumperbot_ws/install/bumperbot_firmware/local/lib/python3.10/dist-packages/bumperbot_firmware-0.0.0-py3.10.egg-info/PKG-INFO
[41.654s] -- Symlinking: /home/saul/bumperbot_ws/install/bumperbot_firmware/local/lib/python3.10/dist-packages/bumperbot_firmware-0.0.0-py3.10.egg-info/SOURCES.txt
[41.682s] -- Symlinking: /home/saul/bumperbot_ws/install/bumperbot_firmware/local/lib/python3.10/dist-packages/bumperbot_firmware-0.0.0-py3.10.egg-info/dependency_links.txt
[41.701s] -- Symlinking: /home/saul/bumperbot_ws/install/bumperbot_firmware/local/lib/python3.10/dist-packages/bumperbot_firmware-0.0.0-py3.10.egg-info/top_level.txt
[41.728s] -- Symlinking: /home/saul/bumperbot_ws/install/bumperbot_firmware/local/lib/python3.10/dist-packages/bumperbot_firmware/__init__.py
[41.758s] -- Symlinking: /home/saul/bumperbot_ws/install/bumperbot_firmware/local/lib/python3.10/dist-packages/bumperbot_firmware/mpu6050_driver.py
[41.786s] -- Symlinking: /home/saul/bumperbot_ws/install/bumperbot_firmware/local/lib/python3.10/dist-packages/bumperbot_firmware/simple_serial_receiver.py
[41.816s] -- Symlinking: /home/saul/bumperbot_ws/install/bumperbot_firmware/local/lib/python3.10/dist-packages/bumperbot_firmware/simple_serial_transmitter.py
[41.846s] -- Symlinking: /home/saul/bumperbot_ws/install/bumperbot_firmware/share/bumperbot_firmware//bumperbot_interface.xml
[41.877s] -- Symlinking: /home/saul/bumperbot_ws/install/bumperbot_firmware/lib/libbumperbot_firmware.so
[41.896s] -- Symlinking: /home/saul/bumperbot_ws/install/bumperbot_firmware/include/include/bumperbot_firmware/bumperbot_interface.hpp
[41.922s] -- Symlinking: /home/saul/bumperbot_ws/install/bumperbot_firmware/share/bumperbot_firmware/launch/hardware_interface.launch.py
[41.942s] -- Symlinking: /home/saul/bumperbot_ws/install/bumperbot_firmware/lib/bumperbot_firmware/simple_serial_transmitter.py
[41.968s] -- Symlinking: /home/saul/bumperbot_ws/install/bumperbot_firmware/lib/bumperbot_firmware/simple_serial_receiver.py
[41.986s] -- Symlinking: /home/saul/bumperbot_ws/install/bumperbot_firmware/lib/bumperbot_firmware/mpu6050_driver.py
[42.012s] -- Symlinking: /home/saul/bumperbot_ws/install/bumperbot_firmware/bin/simple_serial_receiver
[42.031s] -- Symlinking: /home/saul/bumperbot_ws/install/bumperbot_firmware/bin/simple_serial_transmitter
[42.057s] -- Symlinking: /home/saul/bumperbot_ws/install/bumperbot_firmware/share/bumperbot_firmware/environment/library_path.sh
[42.077s] -- Symlinking: /home/saul/bumperbot_ws/install/bumperbot_firmware/share/bumperbot_firmware/environment/library_path.dsv
[42.102s] -- Symlinking: /home/saul/bumperbot_ws/install/bumperbot_firmware/share/ament_index/resource_index/package_run_dependencies/bumperbot_firmware
[42.122s] -- Symlinking: /home/saul/bumperbot_ws/install/bumperbot_firmware/share/ament_index/resource_index/parent_prefix_path/bumperbot_firmware
[42.148s] -- Symlinking: /home/saul/bumperbot_ws/install/bumperbot_firmware/share/bumperbot_firmware/environment/ament_prefix_path.sh
[42.179s] -- Symlinking: /home/saul/bumperbot_ws/install/bumperbot_firmware/share/bumperbot_firmware/environment/ament_prefix_path.dsv
[42.211s] -- Symlinking: /home/saul/bumperbot_ws/install/bumperbot_firmware/share/bumperbot_firmware/environment/path.sh
[42.242s] -- Symlinking: /home/saul/bumperbot_ws/install/bumperbot_firmware/share/bumperbot_firmware/environment/path.dsv
[42.272s] -- Symlinking: /home/saul/bumperbot_ws/install/bumperbot_firmware/share/bumperbot_firmware/local_setup.bash
[42.303s] -- Symlinking: /home/saul/bumperbot_ws/install/bumperbot_firmware/share/bumperbot_firmware/local_setup.sh
[42.340s] -- Symlinking: /home/saul/bumperbot_ws/install/bumperbot_firmware/share/bumperbot_firmware/local_setup.zsh
[42.371s] -- Symlinking: /home/saul/bumperbot_ws/install/bumperbot_firmware/share/bumperbot_firmware/local_setup.dsv
[42.391s] -- Symlinking: /home/saul/bumperbot_ws/install/bumperbot_firmware/share/bumperbot_firmware/package.dsv
[42.417s] -- Symlinking: /home/saul/bumperbot_ws/install/bumperbot_firmware/share/ament_index/resource_index/packages/bumperbot_firmware
[42.436s] -- Symlinking: /home/saul/bumperbot_ws/install/bumperbot_firmware/share/ament_index/resource_index/hardware_interface__pluginlib__plugin/bumperbot_firmware
[42.462s] -- Symlinking: /home/saul/bumperbot_ws/install/bumperbot_firmware/share/bumperbot_firmware/cmake/ament_cmake_export_include_directories-extras.cmake
[42.481s] -- Symlinking: /home/saul/bumperbot_ws/install/bumperbot_firmware/share/bumperbot_firmware/cmake/ament_cmake_export_libraries-extras.cmake
[42.506s] -- Symlinking: /home/saul/bumperbot_ws/install/bumperbot_firmware/share/bumperbot_firmware/cmake/ament_cmake_export_dependencies-extras.cmake
[42.528s] -- Symlinking: /home/saul/bumperbot_ws/install/bumperbot_firmware/share/bumperbot_firmware/cmake/bumperbot_firmwareConfig.cmake
[42.555s] -- Symlinking: /home/saul/bumperbot_ws/install/bumperbot_firmware/share/bumperbot_firmware/cmake/bumperbot_firmwareConfig-version.cmake
[42.581s] -- Symlinking: /home/saul/bumperbot_ws/install/bumperbot_firmware/share/bumperbot_firmware/package.xml
[42.720s] Listing '/home/saul/bumperbot_ws/install/bumperbot_firmware/local/lib/python3.10/dist-packages/bumperbot_firmware'...
[42.721s] Compiling '/home/saul/bumperbot_ws/install/bumperbot_firmware/local/lib/python3.10/dist-packages/bumperbot_firmware/__init__.py'...
[42.721s] Compiling '/home/saul/bumperbot_ws/install/bumperbot_firmware/local/lib/python3.10/dist-packages/bumperbot_firmware/mpu6050_driver.py'...
[42.721s] Compiling '/home/saul/bumperbot_ws/install/bumperbot_firmware/local/lib/python3.10/dist-packages/bumperbot_firmware/simple_serial_receiver.py'...
[42.721s] Compiling '/home/saul/bumperbot_ws/install/bumperbot_firmware/local/lib/python3.10/dist-packages/bumperbot_firmware/simple_serial_transmitter.py'...
[42.745s] Invoked command in '/home/saul/bumperbot_ws/build/bumperbot_firmware' returned '0': CMAKE_PREFIX_PATH=/opt/ros/humble /usr/bin/cmake --install /home/saul/bumperbot_ws/build/bumperbot_firmware
