[0.037s] Invoking command in '/home/saul/bumperbot_ws/build/bumperbot_msgs': CMAKE_PREFIX_PATH=/opt/ros/humble /usr/bin/cmake /home/saul/bumperbot_ws/src/bumperbot_msgs -DAMENT_CMAKE_SYMLINK_INSTALL=1 -DCMAKE_INSTALL_PREFIX=/home/saul/bumperbot_ws/install/bumperbot_msgs
[0.154s] -- The C compiler identification is GNU 11.4.0
[0.280s] -- The CXX compiler identification is GNU 11.4.0
[0.294s] -- Detecting C compiler ABI info
[0.405s] -- Detecting C compiler ABI info - done
[0.426s] -- Check for working C compiler: /usr/bin/cc - skipped
[0.426s] -- Detecting C compile features
[0.427s] -- Detecting C compile features - done
[0.438s] -- Detecting CXX compiler ABI info
[0.580s] -- Detecting CXX compiler ABI info - done
[0.602s] -- Check for working CXX compiler: /usr/bin/c++ - skipped
[0.602s] -- Detecting CXX compile features
[0.602s] -- Detecting CXX compile features - done
[0.607s] -- Found ament_cmake: 1.3.12 (/opt/ros/humble/share/ament_cmake/cmake)
[0.877s] -- Found Python3: /usr/bin/python3 (found version "3.10.12") found components: Interpreter 
[1.018s] -- Override CMake install command with custom implementation using symlinks instead of copying resources
[1.061s] -- Found geometry_msgs: 4.9.0 (/opt/ros/humble/share/geometry_msgs/cmake)
[1.136s] -- Found rosidl_generator_c: 3.1.8 (/opt/ros/humble/share/rosidl_generator_c/cmake)
[1.148s] -- Found rosidl_adapter: 3.1.8 (/opt/ros/humble/share/rosidl_adapter/cmake)
[1.168s] -- Found rosidl_generator_cpp: 3.1.8 (/opt/ros/humble/share/rosidl_generator_cpp/cmake)
[1.195s] -- Using all available rosidl_typesupport_c: rosidl_typesupport_fastrtps_c;rosidl_typesupport_introspection_c
[1.233s] -- Using all available rosidl_typesupport_cpp: rosidl_typesupport_fastrtps_cpp;rosidl_typesupport_introspection_cpp
[1.317s] -- Found rosidl_default_generators: 1.2.0 (/opt/ros/humble/share/rosidl_default_generators/cmake)
[1.953s] -- Found ament_cmake_ros: 0.10.0 (/opt/ros/humble/share/ament_cmake_ros/cmake)
[3.293s] -- Using all available rosidl_typesupport_c: rosidl_typesupport_fastrtps_c;rosidl_typesupport_introspection_c
[3.899s] -- Using all available rosidl_typesupport_cpp: rosidl_typesupport_fastrtps_cpp;rosidl_typesupport_introspection_cpp
[3.953s] -- Found PythonInterp: /usr/bin/python3 (found suitable version "3.10.12", minimum required is "3.6") 
[3.958s] -- Found python_cmake_module: 0.10.0 (/opt/ros/humble/share/python_cmake_module/cmake)
[4.030s] -- Found PythonLibs: /usr/lib/x86_64-linux-gnu/libpython3.10.so (found suitable version "3.10.12", minimum required is "3.5") 
[4.031s] -- Using PYTHON_EXECUTABLE: /usr/bin/python3
[4.031s] -- Using PYTHON_INCLUDE_DIRS: /usr/include/python3.10
[4.033s] -- Using PYTHON_LIBRARIES: /usr/lib/x86_64-linux-gnu/libpython3.10.so
[4.086s] -- Found PythonExtra: .so  
[4.382s] -- Configuring done
[4.626s] -- Generating done
[4.660s] -- Build files have been written to: /home/saul/bumperbot_ws/build/bumperbot_msgs
[4.687s] Invoked command in '/home/saul/bumperbot_ws/build/bumperbot_msgs' returned '0': CMAKE_PREFIX_PATH=/opt/ros/humble /usr/bin/cmake /home/saul/bumperbot_ws/src/bumperbot_msgs -DAMENT_CMAKE_SYMLINK_INSTALL=1 -DCMAKE_INSTALL_PREFIX=/home/saul/bumperbot_ws/install/bumperbot_msgs
[4.688s] Invoking command in '/home/saul/bumperbot_ws/build/bumperbot_msgs': CMAKE_PREFIX_PATH=/opt/ros/humble /usr/bin/cmake --build /home/saul/bumperbot_ws/build/bumperbot_msgs -- -j8 -l8
[4.792s] [  2%] [34m[1mGenerating C code for ROS interfaces[0m
[4.860s] [  5%] [34m[1mGenerating C++ code for ROS interfaces[0m
[4.926s] [  5%] Built target ament_cmake_python_symlink_bumperbot_msgs
[6.155s] running egg_info
[6.158s] creating bumperbot_msgs.egg-info
[6.158s] writing bumperbot_msgs.egg-info/PKG-INFO
[6.158s] writing dependency_links to bumperbot_msgs.egg-info/dependency_links.txt
[6.158s] writing top-level names to bumperbot_msgs.egg-info/top_level.txt
[6.159s] writing manifest file 'bumperbot_msgs.egg-info/SOURCES.txt'
[6.166s] reading manifest file 'bumperbot_msgs.egg-info/SOURCES.txt'
[6.167s] writing manifest file 'bumperbot_msgs.egg-info/SOURCES.txt'
[6.246s] [  5%] Built target ament_cmake_python_build_bumperbot_msgs_egg
[6.290s] [  7%] [32mBuilding C object CMakeFiles/bumperbot_msgs__rosidl_generator_c.dir/rosidl_generator_c/bumperbot_msgs/srv/detail/get_transform__functions.c.o[0m
[6.297s] [ 10%] [32mBuilding C object CMakeFiles/bumperbot_msgs__rosidl_generator_c.dir/rosidl_generator_c/bumperbot_msgs/srv/detail/add_two_ints__functions.c.o[0m
[6.444s] [ 10%] Built target bumperbot_msgs__cpp
[6.491s] [ 12%] [34m[1mGenerating C++ type support dispatch for ROS interfaces[0m
[6.497s] [ 15%] [34m[1mGenerating C++ type support for eProsima Fast-RTPS[0m
[6.508s] [ 17%] [34m[1mGenerating C++ introspection for ROS interfaces[0m
[6.581s] [ 20%] [32m[1mLinking C shared library libbumperbot_msgs__rosidl_generator_c.so[0m
[6.787s] [ 20%] Built target bumperbot_msgs__rosidl_generator_c
[6.856s] [ 23%] [34m[1mGenerating C type support dispatch for ROS interfaces[0m
[6.891s] [ 25%] [34m[1mGenerating C type support for eProsima Fast-RTPS[0m
[6.891s] [ 28%] [34m[1mGenerating C introspection for ROS interfaces[0m
[8.668s] [ 33%] [32mBuilding CXX object CMakeFiles/bumperbot_msgs__rosidl_typesupport_c.dir/rosidl_typesupport_c/bumperbot_msgs/srv/get_transform__type_support.cpp.o[0m
[8.668s] [ 38%] [32mBuilding CXX object CMakeFiles/bumperbot_msgs__rosidl_typesupport_cpp.dir/rosidl_typesupport_cpp/bumperbot_msgs/srv/add_two_ints__type_support.cpp.o[0m
[8.668s] [ 41%] [32mBuilding CXX object CMakeFiles/bumperbot_msgs__rosidl_typesupport_introspection_cpp.dir/rosidl_typesupport_introspection_cpp/bumperbot_msgs/srv/detail/add_two_ints__type_support.cpp.o[0m
[8.677s] [ 35%] [32mBuilding CXX object CMakeFiles/bumperbot_msgs__rosidl_typesupport_cpp.dir/rosidl_typesupport_cpp/bumperbot_msgs/srv/get_transform__type_support.cpp.o[0m
[8.677s] [ 35%] [32mBuilding CXX object CMakeFiles/bumperbot_msgs__rosidl_typesupport_c.dir/rosidl_typesupport_c/bumperbot_msgs/srv/add_two_ints__type_support.cpp.o[0m
[8.828s] [ 43%] [32mBuilding CXX object CMakeFiles/bumperbot_msgs__rosidl_typesupport_introspection_cpp.dir/rosidl_typesupport_introspection_cpp/bumperbot_msgs/srv/detail/get_transform__type_support.cpp.o[0m
[8.837s] [ 46%] [32m[1mLinking CXX shared library libbumperbot_msgs__rosidl_typesupport_c.so[0m
[8.975s] [ 46%] Built target bumperbot_msgs__rosidl_typesupport_c
[9.067s] [ 48%] [32mBuilding C object CMakeFiles/bumperbot_msgs__rosidl_typesupport_introspection_c.dir/rosidl_typesupport_introspection_c/bumperbot_msgs/srv/detail/get_transform__type_support.c.o[0m
[9.097s] [ 51%] [32mBuilding C object CMakeFiles/bumperbot_msgs__rosidl_typesupport_introspection_c.dir/rosidl_typesupport_introspection_c/bumperbot_msgs/srv/detail/add_two_ints__type_support.c.o[0m
[9.377s] [ 53%] [32m[1mLinking C shared library libbumperbot_msgs__rosidl_typesupport_introspection_c.so[0m
[9.378s] [ 58%] [32mBuilding CXX object CMakeFiles/bumperbot_msgs__rosidl_typesupport_fastrtps_cpp.dir/rosidl_typesupport_fastrtps_cpp/bumperbot_msgs/srv/detail/dds_fastrtps/get_transform__type_support.cpp.o[0m
[9.379s] [ 58%] [32mBuilding CXX object CMakeFiles/bumperbot_msgs__rosidl_typesupport_fastrtps_cpp.dir/rosidl_typesupport_fastrtps_cpp/bumperbot_msgs/srv/detail/dds_fastrtps/add_two_ints__type_support.cpp.o[0m
[9.499s] [ 58%] Built target bumperbot_msgs__rosidl_typesupport_introspection_c
[9.764s] [ 61%] [32mBuilding CXX object CMakeFiles/bumperbot_msgs__rosidl_typesupport_fastrtps_c.dir/rosidl_typesupport_fastrtps_c/bumperbot_msgs/srv/detail/add_two_ints__type_support_c.cpp.o[0m
[9.782s] [ 64%] [32mBuilding CXX object CMakeFiles/bumperbot_msgs__rosidl_typesupport_fastrtps_c.dir/rosidl_typesupport_fastrtps_c/bumperbot_msgs/srv/detail/get_transform__type_support_c.cpp.o[0m
[10.864s] [ 66%] [32m[1mLinking CXX shared library libbumperbot_msgs__rosidl_typesupport_cpp.so[0m
[11.172s] [ 66%] Built target bumperbot_msgs__rosidl_typesupport_cpp
[12.187s] [ 69%] [32m[1mLinking CXX shared library libbumperbot_msgs__rosidl_typesupport_introspection_cpp.so[0m
[12.316s] [ 71%] [32m[1mLinking CXX shared library libbumperbot_msgs__rosidl_typesupport_fastrtps_c.so[0m
[12.486s] [ 74%] [32m[1mLinking CXX shared library libbumperbot_msgs__rosidl_typesupport_fastrtps_cpp.so[0m
[12.574s] [ 74%] Built target bumperbot_msgs__rosidl_typesupport_introspection_cpp
[12.879s] [ 74%] Built target bumperbot_msgs__rosidl_typesupport_fastrtps_c
[13.043s] [ 74%] Built target bumperbot_msgs__rosidl_typesupport_fastrtps_cpp
[13.124s] [ 74%] Built target bumperbot_msgs
[13.229s] [ 76%] [34m[1mGenerating Python code for ROS interfaces[0m
[16.565s] [ 76%] Built target bumperbot_msgs__py
[16.652s] [ 79%] [32mBuilding C object CMakeFiles/bumperbot_msgs__rosidl_generator_py.dir/rosidl_generator_py/bumperbot_msgs/srv/_add_two_ints_s.c.o[0m
[16.673s] [ 82%] [32mBuilding C object CMakeFiles/bumperbot_msgs__rosidl_generator_py.dir/rosidl_generator_py/bumperbot_msgs/srv/_get_transform_s.c.o[0m
[17.455s] [ 84%] [32m[1mLinking C shared library rosidl_generator_py/bumperbot_msgs/libbumperbot_msgs__rosidl_generator_py.so[0m
[17.675s] [ 84%] Built target bumperbot_msgs__rosidl_generator_py
[17.773s] [ 87%] [32mBuilding C object CMakeFiles/bumperbot_msgs__rosidl_typesupport_c__pyext.dir/rosidl_generator_py/bumperbot_msgs/_bumperbot_msgs_s.ep.rosidl_typesupport_c.c.o[0m
[17.810s] [ 89%] [32mBuilding C object CMakeFiles/bumperbot_msgs__rosidl_typesupport_fastrtps_c__pyext.dir/rosidl_generator_py/bumperbot_msgs/_bumperbot_msgs_s.ep.rosidl_typesupport_fastrtps_c.c.o[0m
[17.826s] [ 92%] [32mBuilding C object CMakeFiles/bumperbot_msgs__rosidl_typesupport_introspection_c__pyext.dir/rosidl_generator_py/bumperbot_msgs/_bumperbot_msgs_s.ep.rosidl_typesupport_introspection_c.c.o[0m
[18.513s] [ 94%] [32m[1mLinking C shared library rosidl_generator_py/bumperbot_msgs/bumperbot_msgs_s__rosidl_typesupport_c.cpython-310-x86_64-linux-gnu.so[0m
[18.536s] [ 97%] [32m[1mLinking C shared library rosidl_generator_py/bumperbot_msgs/bumperbot_msgs_s__rosidl_typesupport_introspection_c.cpython-310-x86_64-linux-gnu.so[0m
[18.940s] [ 97%] Built target bumperbot_msgs__rosidl_typesupport_c__pyext
[18.940s] [ 97%] Built target bumperbot_msgs__rosidl_typesupport_introspection_c__pyext
[19.010s] [100%] [32m[1mLinking C shared library rosidl_generator_py/bumperbot_msgs/bumperbot_msgs_s__rosidl_typesupport_fastrtps_c.cpython-310-x86_64-linux-gnu.so[0m
[19.248s] [100%] Built target bumperbot_msgs__rosidl_typesupport_fastrtps_c__pyext
[19.356s] Invoked command in '/home/saul/bumperbot_ws/build/bumperbot_msgs' returned '0': CMAKE_PREFIX_PATH=/opt/ros/humble /usr/bin/cmake --build /home/saul/bumperbot_ws/build/bumperbot_msgs -- -j8 -l8
[19.358s] Invoking command in '/home/saul/bumperbot_ws/build/bumperbot_msgs': CMAKE_PREFIX_PATH=/opt/ros/humble /usr/bin/cmake --install /home/saul/bumperbot_ws/build/bumperbot_msgs
[19.401s] -- Install configuration: ""
[19.403s] -- Execute custom install script
[19.405s] -- Symlinking: /home/saul/bumperbot_ws/install/bumperbot_msgs/share/ament_index/resource_index/rosidl_interfaces/bumperbot_msgs
[19.452s] -- Symlinking: /home/saul/bumperbot_ws/install/bumperbot_msgs/include/bumperbot_msgs/bumperbot_msgs/msg/rosidl_generator_c__visibility_control.h
[19.500s] -- Symlinking: /home/saul/bumperbot_ws/install/bumperbot_msgs/include/bumperbot_msgs/bumperbot_msgs/srv/add_two_ints.h
[19.565s] -- Symlinking: /home/saul/bumperbot_ws/install/bumperbot_msgs/include/bumperbot_msgs/bumperbot_msgs/srv/detail/add_two_ints__functions.h
[19.637s] -- Symlinking: /home/saul/bumperbot_ws/install/bumperbot_msgs/include/bumperbot_msgs/bumperbot_msgs/srv/detail/add_two_ints__struct.h
[19.695s] -- Symlinking: /home/saul/bumperbot_ws/install/bumperbot_msgs/include/bumperbot_msgs/bumperbot_msgs/srv/detail/add_two_ints__type_support.h
[19.734s] -- Symlinking: /home/saul/bumperbot_ws/install/bumperbot_msgs/include/bumperbot_msgs/bumperbot_msgs/srv/detail/get_transform__functions.h
[19.782s] -- Symlinking: /home/saul/bumperbot_ws/install/bumperbot_msgs/include/bumperbot_msgs/bumperbot_msgs/srv/detail/get_transform__struct.h
[19.823s] -- Symlinking: /home/saul/bumperbot_ws/install/bumperbot_msgs/include/bumperbot_msgs/bumperbot_msgs/srv/detail/get_transform__type_support.h
[19.870s] -- Symlinking: /home/saul/bumperbot_ws/install/bumperbot_msgs/include/bumperbot_msgs/bumperbot_msgs/srv/get_transform.h
[19.916s] -- Symlinking: /home/saul/bumperbot_ws/install/bumperbot_msgs/share/bumperbot_msgs/environment/library_path.sh
[19.954s] -- Symlinking: /home/saul/bumperbot_ws/install/bumperbot_msgs/share/bumperbot_msgs/environment/library_path.dsv
[19.990s] -- Symlinking: /home/saul/bumperbot_ws/install/bumperbot_msgs/include/bumperbot_msgs/bumperbot_msgs/msg/rosidl_typesupport_fastrtps_c__visibility_control.h
[20.030s] -- Symlinking: /home/saul/bumperbot_ws/install/bumperbot_msgs/include/bumperbot_msgs/bumperbot_msgs/srv/detail/add_two_ints__rosidl_typesupport_fastrtps_c.h
[20.068s] -- Symlinking: /home/saul/bumperbot_ws/install/bumperbot_msgs/include/bumperbot_msgs/bumperbot_msgs/srv/detail/get_transform__rosidl_typesupport_fastrtps_c.h
[20.126s] -- Symlinking: /home/saul/bumperbot_ws/install/bumperbot_msgs/include/bumperbot_msgs/bumperbot_msgs/msg/rosidl_generator_cpp__visibility_control.hpp
[20.173s] -- Symlinking: /home/saul/bumperbot_ws/install/bumperbot_msgs/include/bumperbot_msgs/bumperbot_msgs/srv/add_two_ints.hpp
[20.225s] -- Symlinking: /home/saul/bumperbot_ws/install/bumperbot_msgs/include/bumperbot_msgs/bumperbot_msgs/srv/detail/add_two_ints__builder.hpp
[20.263s] -- Symlinking: /home/saul/bumperbot_ws/install/bumperbot_msgs/include/bumperbot_msgs/bumperbot_msgs/srv/detail/add_two_ints__struct.hpp
[20.310s] -- Symlinking: /home/saul/bumperbot_ws/install/bumperbot_msgs/include/bumperbot_msgs/bumperbot_msgs/srv/detail/add_two_ints__traits.hpp
[20.360s] -- Symlinking: /home/saul/bumperbot_ws/install/bumperbot_msgs/include/bumperbot_msgs/bumperbot_msgs/srv/detail/add_two_ints__type_support.hpp
[20.405s] -- Symlinking: /home/saul/bumperbot_ws/install/bumperbot_msgs/include/bumperbot_msgs/bumperbot_msgs/srv/detail/get_transform__builder.hpp
[20.455s] -- Symlinking: /home/saul/bumperbot_ws/install/bumperbot_msgs/include/bumperbot_msgs/bumperbot_msgs/srv/detail/get_transform__struct.hpp
[20.493s] -- Symlinking: /home/saul/bumperbot_ws/install/bumperbot_msgs/include/bumperbot_msgs/bumperbot_msgs/srv/detail/get_transform__traits.hpp
[20.542s] -- Symlinking: /home/saul/bumperbot_ws/install/bumperbot_msgs/include/bumperbot_msgs/bumperbot_msgs/srv/detail/get_transform__type_support.hpp
[20.580s] -- Symlinking: /home/saul/bumperbot_ws/install/bumperbot_msgs/include/bumperbot_msgs/bumperbot_msgs/srv/get_transform.hpp
[20.627s] -- Symlinking: /home/saul/bumperbot_ws/install/bumperbot_msgs/include/bumperbot_msgs/bumperbot_msgs/msg/rosidl_typesupport_fastrtps_cpp__visibility_control.h
[20.678s] -- Symlinking: /home/saul/bumperbot_ws/install/bumperbot_msgs/include/bumperbot_msgs/bumperbot_msgs/srv/detail/add_two_ints__rosidl_typesupport_fastrtps_cpp.hpp
[20.724s] -- Symlinking: /home/saul/bumperbot_ws/install/bumperbot_msgs/include/bumperbot_msgs/bumperbot_msgs/srv/detail/get_transform__rosidl_typesupport_fastrtps_cpp.hpp
[20.763s] -- Symlinking: /home/saul/bumperbot_ws/install/bumperbot_msgs/include/bumperbot_msgs/bumperbot_msgs/msg/rosidl_typesupport_introspection_c__visibility_control.h
[20.801s] -- Symlinking: /home/saul/bumperbot_ws/install/bumperbot_msgs/include/bumperbot_msgs/bumperbot_msgs/srv/detail/add_two_ints__rosidl_typesupport_introspection_c.h
[20.872s] -- Symlinking: /home/saul/bumperbot_ws/install/bumperbot_msgs/include/bumperbot_msgs/bumperbot_msgs/srv/detail/get_transform__rosidl_typesupport_introspection_c.h
[20.948s] -- Symlinking: /home/saul/bumperbot_ws/install/bumperbot_msgs/include/bumperbot_msgs/bumperbot_msgs/srv/detail/add_two_ints__rosidl_typesupport_introspection_cpp.hpp
[21.055s] -- Symlinking: /home/saul/bumperbot_ws/install/bumperbot_msgs/include/bumperbot_msgs/bumperbot_msgs/srv/detail/get_transform__rosidl_typesupport_introspection_cpp.hpp
[21.130s] -- Symlinking: /home/saul/bumperbot_ws/install/bumperbot_msgs/share/bumperbot_msgs/environment/pythonpath.sh
[21.206s] -- Symlinking: /home/saul/bumperbot_ws/install/bumperbot_msgs/share/bumperbot_msgs/environment/pythonpath.dsv
[21.266s] -- Symlinking: /home/saul/bumperbot_ws/install/bumperbot_msgs/local/lib/python3.10/dist-packages/bumperbot_msgs-0.0.0-py3.10.egg-info/PKG-INFO
[21.314s] -- Symlinking: /home/saul/bumperbot_ws/install/bumperbot_msgs/local/lib/python3.10/dist-packages/bumperbot_msgs-0.0.0-py3.10.egg-info/SOURCES.txt
[21.352s] -- Symlinking: /home/saul/bumperbot_ws/install/bumperbot_msgs/local/lib/python3.10/dist-packages/bumperbot_msgs-0.0.0-py3.10.egg-info/dependency_links.txt
[21.398s] -- Symlinking: /home/saul/bumperbot_ws/install/bumperbot_msgs/local/lib/python3.10/dist-packages/bumperbot_msgs-0.0.0-py3.10.egg-info/top_level.txt
[21.439s] -- Symlinking: /home/saul/bumperbot_ws/install/bumperbot_msgs/local/lib/python3.10/dist-packages/bumperbot_msgs/__init__.py
[21.485s] -- Symlinking: /home/saul/bumperbot_ws/install/bumperbot_msgs/local/lib/python3.10/dist-packages/bumperbot_msgs/_bumperbot_msgs_s.ep.rosidl_typesupport_c.c
[21.545s] -- Symlinking: /home/saul/bumperbot_ws/install/bumperbot_msgs/local/lib/python3.10/dist-packages/bumperbot_msgs/_bumperbot_msgs_s.ep.rosidl_typesupport_fastrtps_c.c
[21.583s] -- Symlinking: /home/saul/bumperbot_ws/install/bumperbot_msgs/local/lib/python3.10/dist-packages/bumperbot_msgs/_bumperbot_msgs_s.ep.rosidl_typesupport_introspection_c.c
[21.621s] -- Symlinking: /home/saul/bumperbot_ws/install/bumperbot_msgs/local/lib/python3.10/dist-packages/bumperbot_msgs/bumperbot_msgs_s__rosidl_typesupport_c.cpython-310-x86_64-linux-gnu.so
[21.667s] -- Symlinking: /home/saul/bumperbot_ws/install/bumperbot_msgs/local/lib/python3.10/dist-packages/bumperbot_msgs/bumperbot_msgs_s__rosidl_typesupport_fastrtps_c.cpython-310-x86_64-linux-gnu.so
[21.704s] -- Symlinking: /home/saul/bumperbot_ws/install/bumperbot_msgs/local/lib/python3.10/dist-packages/bumperbot_msgs/bumperbot_msgs_s__rosidl_typesupport_introspection_c.cpython-310-x86_64-linux-gnu.so
[21.742s] -- Symlinking: /home/saul/bumperbot_ws/install/bumperbot_msgs/local/lib/python3.10/dist-packages/bumperbot_msgs/libbumperbot_msgs__rosidl_generator_py.so
[21.782s] -- Symlinking: /home/saul/bumperbot_ws/install/bumperbot_msgs/local/lib/python3.10/dist-packages/bumperbot_msgs/srv/__init__.py
[21.825s] -- Symlinking: /home/saul/bumperbot_ws/install/bumperbot_msgs/local/lib/python3.10/dist-packages/bumperbot_msgs/srv/_add_two_ints.py
[21.854s] -- Symlinking: /home/saul/bumperbot_ws/install/bumperbot_msgs/local/lib/python3.10/dist-packages/bumperbot_msgs/srv/_add_two_ints_s.c
[21.892s] -- Symlinking: /home/saul/bumperbot_ws/install/bumperbot_msgs/local/lib/python3.10/dist-packages/bumperbot_msgs/srv/_get_transform.py
[21.928s] -- Symlinking: /home/saul/bumperbot_ws/install/bumperbot_msgs/local/lib/python3.10/dist-packages/bumperbot_msgs/srv/_get_transform_s.c
[21.965s] -- Up-to-date symlink: /home/saul/bumperbot_ws/install/bumperbot_msgs/local/lib/python3.10/dist-packages/bumperbot_msgs/bumperbot_msgs_s__rosidl_typesupport_fastrtps_c.cpython-310-x86_64-linux-gnu.so
[21.973s] -- Up-to-date symlink: /home/saul/bumperbot_ws/install/bumperbot_msgs/local/lib/python3.10/dist-packages/bumperbot_msgs/bumperbot_msgs_s__rosidl_typesupport_introspection_c.cpython-310-x86_64-linux-gnu.so
[21.974s] -- Up-to-date symlink: /home/saul/bumperbot_ws/install/bumperbot_msgs/local/lib/python3.10/dist-packages/bumperbot_msgs/bumperbot_msgs_s__rosidl_typesupport_c.cpython-310-x86_64-linux-gnu.so
[21.975s] -- Symlinking: /home/saul/bumperbot_ws/install/bumperbot_msgs/share/bumperbot_msgs/srv/AddTwoInts.idl
[22.012s] -- Symlinking: /home/saul/bumperbot_ws/install/bumperbot_msgs/share/bumperbot_msgs/srv/GetTransform.idl
[22.049s] -- Symlinking: /home/saul/bumperbot_ws/install/bumperbot_msgs/share/bumperbot_msgs/srv/AddTwoInts.srv
[22.098s] -- Symlinking: /home/saul/bumperbot_ws/install/bumperbot_msgs/share/bumperbot_msgs/srv/AddTwoInts_Request.msg
[22.133s] -- Symlinking: /home/saul/bumperbot_ws/install/bumperbot_msgs/share/bumperbot_msgs/srv/AddTwoInts_Response.msg
[22.181s] -- Symlinking: /home/saul/bumperbot_ws/install/bumperbot_msgs/share/bumperbot_msgs/srv/GetTransform.srv
[22.210s] -- Symlinking: /home/saul/bumperbot_ws/install/bumperbot_msgs/share/bumperbot_msgs/srv/GetTransform_Request.msg
[22.280s] -- Symlinking: /home/saul/bumperbot_ws/install/bumperbot_msgs/share/bumperbot_msgs/srv/GetTransform_Response.msg
[22.319s] -- Symlinking: /home/saul/bumperbot_ws/install/bumperbot_msgs/share/ament_index/resource_index/package_run_dependencies/bumperbot_msgs
[22.381s] -- Symlinking: /home/saul/bumperbot_ws/install/bumperbot_msgs/share/ament_index/resource_index/parent_prefix_path/bumperbot_msgs
[22.418s] -- Symlinking: /home/saul/bumperbot_ws/install/bumperbot_msgs/share/bumperbot_msgs/environment/ament_prefix_path.sh
[22.465s] -- Symlinking: /home/saul/bumperbot_ws/install/bumperbot_msgs/share/bumperbot_msgs/environment/ament_prefix_path.dsv
[22.511s] -- Symlinking: /home/saul/bumperbot_ws/install/bumperbot_msgs/share/bumperbot_msgs/environment/path.sh
[22.541s] -- Symlinking: /home/saul/bumperbot_ws/install/bumperbot_msgs/share/bumperbot_msgs/environment/path.dsv
[22.600s] -- Symlinking: /home/saul/bumperbot_ws/install/bumperbot_msgs/share/bumperbot_msgs/local_setup.bash
[22.627s] -- Symlinking: /home/saul/bumperbot_ws/install/bumperbot_msgs/share/bumperbot_msgs/local_setup.sh
[22.659s] -- Symlinking: /home/saul/bumperbot_ws/install/bumperbot_msgs/share/bumperbot_msgs/local_setup.zsh
[22.695s] -- Symlinking: /home/saul/bumperbot_ws/install/bumperbot_msgs/share/bumperbot_msgs/local_setup.dsv
[22.733s] -- Symlinking: /home/saul/bumperbot_ws/install/bumperbot_msgs/share/bumperbot_msgs/package.dsv
[22.769s] -- Symlinking: /home/saul/bumperbot_ws/install/bumperbot_msgs/share/ament_index/resource_index/packages/bumperbot_msgs
[22.807s] -- Symlinking: /home/saul/bumperbot_ws/install/bumperbot_msgs/share/bumperbot_msgs/cmake/rosidl_cmake-extras.cmake
[22.844s] -- Symlinking: /home/saul/bumperbot_ws/install/bumperbot_msgs/share/bumperbot_msgs/cmake/ament_cmake_export_dependencies-extras.cmake
[22.883s] -- Symlinking: /home/saul/bumperbot_ws/install/bumperbot_msgs/share/bumperbot_msgs/cmake/ament_cmake_export_include_directories-extras.cmake
[22.920s] -- Symlinking: /home/saul/bumperbot_ws/install/bumperbot_msgs/share/bumperbot_msgs/cmake/ament_cmake_export_libraries-extras.cmake
[22.956s] -- Symlinking: /home/saul/bumperbot_ws/install/bumperbot_msgs/share/bumperbot_msgs/cmake/ament_cmake_export_targets-extras.cmake
[22.992s] -- Symlinking: /home/saul/bumperbot_ws/install/bumperbot_msgs/share/bumperbot_msgs/cmake/rosidl_cmake_export_typesupport_targets-extras.cmake
[23.029s] -- Symlinking: /home/saul/bumperbot_ws/install/bumperbot_msgs/share/bumperbot_msgs/cmake/rosidl_cmake_export_typesupport_libraries-extras.cmake
[23.065s] -- Symlinking: /home/saul/bumperbot_ws/install/bumperbot_msgs/share/bumperbot_msgs/cmake/bumperbot_msgsConfig.cmake
[23.102s] -- Symlinking: /home/saul/bumperbot_ws/install/bumperbot_msgs/share/bumperbot_msgs/cmake/bumperbot_msgsConfig-version.cmake
[23.140s] -- Symlinking: /home/saul/bumperbot_ws/install/bumperbot_msgs/share/bumperbot_msgs/package.xml
[23.177s] -- Installing: /home/saul/bumperbot_ws/install/bumperbot_msgs/lib/libbumperbot_msgs__rosidl_generator_c.so
[23.177s] -- Set runtime path of "/home/saul/bumperbot_ws/install/bumperbot_msgs/lib/libbumperbot_msgs__rosidl_generator_c.so" to ""
[23.178s] -- Installing: /home/saul/bumperbot_ws/install/bumperbot_msgs/lib/libbumperbot_msgs__rosidl_typesupport_fastrtps_c.so
[23.197s] -- Set runtime path of "/home/saul/bumperbot_ws/install/bumperbot_msgs/lib/libbumperbot_msgs__rosidl_typesupport_fastrtps_c.so" to ""
[23.197s] -- Installing: /home/saul/bumperbot_ws/install/bumperbot_msgs/lib/libbumperbot_msgs__rosidl_typesupport_fastrtps_cpp.so
[23.198s] -- Set runtime path of "/home/saul/bumperbot_ws/install/bumperbot_msgs/lib/libbumperbot_msgs__rosidl_typesupport_fastrtps_cpp.so" to ""
[23.198s] -- Installing: /home/saul/bumperbot_ws/install/bumperbot_msgs/lib/libbumperbot_msgs__rosidl_typesupport_introspection_c.so
[23.200s] -- Set runtime path of "/home/saul/bumperbot_ws/install/bumperbot_msgs/lib/libbumperbot_msgs__rosidl_typesupport_introspection_c.so" to ""
[23.200s] -- Installing: /home/saul/bumperbot_ws/install/bumperbot_msgs/lib/libbumperbot_msgs__rosidl_typesupport_c.so
[23.201s] -- Set runtime path of "/home/saul/bumperbot_ws/install/bumperbot_msgs/lib/libbumperbot_msgs__rosidl_typesupport_c.so" to ""
[23.201s] -- Installing: /home/saul/bumperbot_ws/install/bumperbot_msgs/lib/libbumperbot_msgs__rosidl_typesupport_introspection_cpp.so
[23.201s] -- Set runtime path of "/home/saul/bumperbot_ws/install/bumperbot_msgs/lib/libbumperbot_msgs__rosidl_typesupport_introspection_cpp.so" to ""
[23.201s] -- Installing: /home/saul/bumperbot_ws/install/bumperbot_msgs/lib/libbumperbot_msgs__rosidl_typesupport_cpp.so
[23.202s] -- Set runtime path of "/home/saul/bumperbot_ws/install/bumperbot_msgs/lib/libbumperbot_msgs__rosidl_typesupport_cpp.so" to ""
[23.393s] Listing '/home/saul/bumperbot_ws/install/bumperbot_msgs/local/lib/python3.10/dist-packages/bumperbot_msgs'...
[23.393s] Compiling '/home/saul/bumperbot_ws/install/bumperbot_msgs/local/lib/python3.10/dist-packages/bumperbot_msgs/__init__.py'...
[23.394s] Listing '/home/saul/bumperbot_ws/install/bumperbot_msgs/local/lib/python3.10/dist-packages/bumperbot_msgs/srv'...
[23.394s] Compiling '/home/saul/bumperbot_ws/install/bumperbot_msgs/local/lib/python3.10/dist-packages/bumperbot_msgs/srv/__init__.py'...
[23.394s] Compiling '/home/saul/bumperbot_ws/install/bumperbot_msgs/local/lib/python3.10/dist-packages/bumperbot_msgs/srv/_add_two_ints.py'...
[23.394s] Compiling '/home/saul/bumperbot_ws/install/bumperbot_msgs/local/lib/python3.10/dist-packages/bumperbot_msgs/srv/_get_transform.py'...
[23.419s] -- Installing: /home/saul/bumperbot_ws/install/bumperbot_msgs/lib/libbumperbot_msgs__rosidl_generator_py.so
[23.420s] -- Set runtime path of "/home/saul/bumperbot_ws/install/bumperbot_msgs/lib/libbumperbot_msgs__rosidl_generator_py.so" to ""
[23.420s] -- Installing: /home/saul/bumperbot_ws/install/bumperbot_msgs/share/bumperbot_msgs/cmake/export_bumperbot_msgs__rosidl_generator_cExport.cmake
[23.421s] -- Installing: /home/saul/bumperbot_ws/install/bumperbot_msgs/share/bumperbot_msgs/cmake/export_bumperbot_msgs__rosidl_generator_cExport-noconfig.cmake
[23.422s] -- Installing: /home/saul/bumperbot_ws/install/bumperbot_msgs/share/bumperbot_msgs/cmake/export_bumperbot_msgs__rosidl_typesupport_fastrtps_cExport.cmake
[23.423s] -- Installing: /home/saul/bumperbot_ws/install/bumperbot_msgs/share/bumperbot_msgs/cmake/export_bumperbot_msgs__rosidl_typesupport_fastrtps_cExport-noconfig.cmake
[23.423s] -- Installing: /home/saul/bumperbot_ws/install/bumperbot_msgs/share/bumperbot_msgs/cmake/export_bumperbot_msgs__rosidl_generator_cppExport.cmake
[23.431s] -- Installing: /home/saul/bumperbot_ws/install/bumperbot_msgs/share/bumperbot_msgs/cmake/export_bumperbot_msgs__rosidl_typesupport_fastrtps_cppExport.cmake
[23.432s] -- Installing: /home/saul/bumperbot_ws/install/bumperbot_msgs/share/bumperbot_msgs/cmake/export_bumperbot_msgs__rosidl_typesupport_fastrtps_cppExport-noconfig.cmake
[23.433s] -- Installing: /home/saul/bumperbot_ws/install/bumperbot_msgs/share/bumperbot_msgs/cmake/bumperbot_msgs__rosidl_typesupport_introspection_cExport.cmake
[23.433s] -- Installing: /home/saul/bumperbot_ws/install/bumperbot_msgs/share/bumperbot_msgs/cmake/bumperbot_msgs__rosidl_typesupport_introspection_cExport-noconfig.cmake
[23.434s] -- Installing: /home/saul/bumperbot_ws/install/bumperbot_msgs/share/bumperbot_msgs/cmake/bumperbot_msgs__rosidl_typesupport_cExport.cmake
[23.435s] -- Installing: /home/saul/bumperbot_ws/install/bumperbot_msgs/share/bumperbot_msgs/cmake/bumperbot_msgs__rosidl_typesupport_cExport-noconfig.cmake
[23.443s] -- Installing: /home/saul/bumperbot_ws/install/bumperbot_msgs/share/bumperbot_msgs/cmake/bumperbot_msgs__rosidl_typesupport_introspection_cppExport.cmake
[23.444s] -- Installing: /home/saul/bumperbot_ws/install/bumperbot_msgs/share/bumperbot_msgs/cmake/bumperbot_msgs__rosidl_typesupport_introspection_cppExport-noconfig.cmake
[23.445s] -- Installing: /home/saul/bumperbot_ws/install/bumperbot_msgs/share/bumperbot_msgs/cmake/bumperbot_msgs__rosidl_typesupport_cppExport.cmake
[23.445s] -- Installing: /home/saul/bumperbot_ws/install/bumperbot_msgs/share/bumperbot_msgs/cmake/bumperbot_msgs__rosidl_typesupport_cppExport-noconfig.cmake
[23.446s] -- Installing: /home/saul/bumperbot_ws/install/bumperbot_msgs/share/bumperbot_msgs/cmake/export_bumperbot_msgs__rosidl_generator_pyExport.cmake
[23.447s] -- Installing: /home/saul/bumperbot_ws/install/bumperbot_msgs/share/bumperbot_msgs/cmake/export_bumperbot_msgs__rosidl_generator_pyExport-noconfig.cmake
[23.467s] Invoked command in '/home/saul/bumperbot_ws/build/bumperbot_msgs' returned '0': CMAKE_PREFIX_PATH=/opt/ros/humble /usr/bin/cmake --install /home/saul/bumperbot_ws/build/bumperbot_msgs
