[0.982s] Invoking command in '/home/saul/bumperbot_ws/build/bumperbot_py_examples': PYTHONPATH=/home/saul/bumperbot_ws/build/bumperbot_py_examples/prefix_override:/usr/lib/python3/dist-packages/colcon_core/task/python/colcon_distutils_commands:/home/saul/bumperbot_ws/install/bumperbot_py_examples/lib/python3.10/site-packages:${PYTHONPATH} /usr/bin/python3 -W ignore:setup.py install is deprecated -W ignore:easy_install command is deprecated setup.py develop --editable --build-directory /home/saul/bumperbot_ws/build/bumperbot_py_examples/build --no-deps symlink_data
[1.396s] running develop
[1.675s] running egg_info
[1.675s] creating bumperbot_py_examples.egg-info
[1.675s] writing bumperbot_py_examples.egg-info/PKG-INFO
[1.675s] writing dependency_links to bumperbot_py_examples.egg-info/dependency_links.txt
[1.675s] writing entry points to bumperbot_py_examples.egg-info/entry_points.txt
[1.675s] writing requirements to bumperbot_py_examples.egg-info/requires.txt
[1.676s] writing top-level names to bumperbot_py_examples.egg-info/top_level.txt
[1.676s] writing manifest file 'bumperbot_py_examples.egg-info/SOURCES.txt'
[1.678s] reading manifest file 'bumperbot_py_examples.egg-info/SOURCES.txt'
[1.679s] writing manifest file 'bumperbot_py_examples.egg-info/SOURCES.txt'
[1.680s] running build_ext
[1.681s] Creating /home/saul/bumperbot_ws/install/bumperbot_py_examples/lib/python3.10/site-packages/bumperbot-py-examples.egg-link (link to .)
[1.682s] Installing simple_parameter script to /home/saul/bumperbot_ws/install/bumperbot_py_examples/lib/bumperbot_py_examples
[1.682s] Installing simple_publisher script to /home/saul/bumperbot_ws/install/bumperbot_py_examples/lib/bumperbot_py_examples
[1.682s] Installing simple_subscriber script to /home/saul/bumperbot_ws/install/bumperbot_py_examples/lib/bumperbot_py_examples
[1.682s] 
[1.683s] Installed /home/saul/bumperbot_ws/build/bumperbot_py_examples
[1.683s] running symlink_data
[1.683s] creating /home/saul/bumperbot_ws/install/bumperbot_py_examples/share/ament_index
[1.683s] creating /home/saul/bumperbot_ws/install/bumperbot_py_examples/share/ament_index/resource_index
[1.683s] creating /home/saul/bumperbot_ws/install/bumperbot_py_examples/share/ament_index/resource_index/packages
[1.683s] symbolically linking /home/saul/bumperbot_ws/build/bumperbot_py_examples/resource/bumperbot_py_examples -> /home/saul/bumperbot_ws/install/bumperbot_py_examples/share/ament_index/resource_index/packages
[1.683s] symbolically linking /home/saul/bumperbot_ws/build/bumperbot_py_examples/package.xml -> /home/saul/bumperbot_ws/install/bumperbot_py_examples/share/bumperbot_py_examples
[1.730s] Invoked command in '/home/saul/bumperbot_ws/build/bumperbot_py_examples' returned '0': PYTHONPATH=/home/saul/bumperbot_ws/build/bumperbot_py_examples/prefix_override:/usr/lib/python3/dist-packages/colcon_core/task/python/colcon_distutils_commands:/home/saul/bumperbot_ws/install/bumperbot_py_examples/lib/python3.10/site-packages:${PYTHONPATH} /usr/bin/python3 -W ignore:setup.py install is deprecated -W ignore:easy_install command is deprecated setup.py develop --editable --build-directory /home/saul/bumperbot_ws/build/bumperbot_py_examples/build --no-deps symlink_data
