[0.022s] Invoking command in '/home/saul/bumperbot_ws/build/bumperbot_description': CMAKE_PREFIX_PATH=/opt/ros/humble /usr/bin/cmake --build /home/saul/bumperbot_ws/build/bumperbot_description -- -j8 -l8
[0.080s] Invoked command in '/home/saul/bumperbot_ws/build/bumperbot_description' returned '0': CMAKE_PREFIX_PATH=/opt/ros/humble /usr/bin/cmake --build /home/saul/bumperbot_ws/build/bumperbot_description -- -j8 -l8
[0.095s] Invoking command in '/home/saul/bumperbot_ws/build/bumperbot_description': CMAKE_PREFIX_PATH=/opt/ros/humble /usr/bin/cmake --install /home/saul/bumperbot_ws/build/bumperbot_description
[0.106s] -- Install configuration: ""
[0.106s] -- Up-to-date: /home/saul/bumperbot_ws/install/bumperbot_description/share/bumperbot_description/meshes
[0.106s] -- Up-to-date: /home/saul/bumperbot_ws/install/bumperbot_description/share/bumperbot_description/meshes/wheel_left_link.STL
[0.107s] -- Up-to-date: /home/saul/bumperbot_ws/install/bumperbot_description/share/bumperbot_description/meshes/caster_front_link.STL
[0.107s] -- Up-to-date: /home/saul/bumperbot_ws/install/bumperbot_description/share/bumperbot_description/meshes/caster_rear_link.STL
[0.107s] -- Up-to-date: /home/saul/bumperbot_ws/install/bumperbot_description/share/bumperbot_description/meshes/sasi.STL
[0.107s] -- Up-to-date: /home/saul/bumperbot_ws/install/bumperbot_description/share/bumperbot_description/meshes/wheel_right_link.STL
[0.107s] -- Up-to-date: /home/saul/bumperbot_ws/install/bumperbot_description/share/bumperbot_description/meshes/imu_link.STL
[0.107s] -- Up-to-date: /home/saul/bumperbot_ws/install/bumperbot_description/share/bumperbot_description/urdf
[0.108s] -- Installing: /home/saul/bumperbot_ws/install/bumperbot_description/share/bumperbot_description/urdf/bumperbot.xacro
[0.108s] -- Up-to-date: /home/saul/bumperbot_ws/install/bumperbot_description/share/ament_index/resource_index/package_run_dependencies/bumperbot_description
[0.108s] -- Up-to-date: /home/saul/bumperbot_ws/install/bumperbot_description/share/ament_index/resource_index/parent_prefix_path/bumperbot_description
[0.108s] -- Up-to-date: /home/saul/bumperbot_ws/install/bumperbot_description/share/bumperbot_description/environment/ament_prefix_path.sh
[0.108s] -- Up-to-date: /home/saul/bumperbot_ws/install/bumperbot_description/share/bumperbot_description/environment/ament_prefix_path.dsv
[0.108s] -- Up-to-date: /home/saul/bumperbot_ws/install/bumperbot_description/share/bumperbot_description/environment/path.sh
[0.109s] -- Up-to-date: /home/saul/bumperbot_ws/install/bumperbot_description/share/bumperbot_description/environment/path.dsv
[0.109s] -- Up-to-date: /home/saul/bumperbot_ws/install/bumperbot_description/share/bumperbot_description/local_setup.bash
[0.109s] -- Up-to-date: /home/saul/bumperbot_ws/install/bumperbot_description/share/bumperbot_description/local_setup.sh
[0.109s] -- Up-to-date: /home/saul/bumperbot_ws/install/bumperbot_description/share/bumperbot_description/local_setup.zsh
[0.109s] -- Up-to-date: /home/saul/bumperbot_ws/install/bumperbot_description/share/bumperbot_description/local_setup.dsv
[0.109s] -- Installing: /home/saul/bumperbot_ws/install/bumperbot_description/share/bumperbot_description/package.dsv
[0.110s] -- Up-to-date: /home/saul/bumperbot_ws/install/bumperbot_description/share/ament_index/resource_index/packages/bumperbot_description
[0.111s] -- Up-to-date: /home/saul/bumperbot_ws/install/bumperbot_description/share/bumperbot_description/cmake/bumperbot_descriptionConfig.cmake
[0.111s] -- Up-to-date: /home/saul/bumperbot_ws/install/bumperbot_description/share/bumperbot_description/cmake/bumperbot_descriptionConfig-version.cmake
[0.111s] -- Up-to-date: /home/saul/bumperbot_ws/install/bumperbot_description/share/bumperbot_description/package.xml
[0.112s] Invoked command in '/home/saul/bumperbot_ws/build/bumperbot_description' returned '0': CMAKE_PREFIX_PATH=/opt/ros/humble /usr/bin/cmake --install /home/saul/bumperbot_ws/build/bumperbot_description
