[0.041s] Invoking command in '/home/saul/bumperbot_ws/build/bumperbot_controller': CMAKE_PREFIX_PATH=${CMAKE_PREFIX_PATH}:/home/saul/bumperbot_ws/install/bumperbot_py_examples:/opt/ros/humble /usr/bin/cmake --build /home/saul/bumperbot_ws/build/bumperbot_controller -- -j8 -l8
[0.295s] [ 50%] Built target noisy_controller
[0.296s] [ 50%] Built target ament_cmake_python_symlink_bumperbot_controller
[0.329s] [100%] Built target simple_controller
[0.810s] running egg_info
[0.811s] writing bumperbot_controller.egg-info/PKG-INFO
[0.812s] writing dependency_links to bumperbot_controller.egg-info/dependency_links.txt
[0.812s] writing top-level names to bumperbot_controller.egg-info/top_level.txt
[0.815s] reading manifest file 'bumperbot_controller.egg-info/SOURCES.txt'
[0.816s] writing manifest file 'bumperbot_controller.egg-info/SOURCES.txt'
[0.864s] [100%] Built target ament_cmake_python_build_bumperbot_controller_egg
[0.884s] Invoked command in '/home/saul/bumperbot_ws/build/bumperbot_controller' returned '0': CMAKE_PREFIX_PATH=${CMAKE_PREFIX_PATH}:/home/saul/bumperbot_ws/install/bumperbot_py_examples:/opt/ros/humble /usr/bin/cmake --build /home/saul/bumperbot_ws/build/bumperbot_controller -- -j8 -l8
[0.886s] Invoking command in '/home/saul/bumperbot_ws/build/bumperbot_controller': CMAKE_PREFIX_PATH=${CMAKE_PREFIX_PATH}:/home/saul/bumperbot_ws/install/bumperbot_py_examples:/opt/ros/humble /usr/bin/cmake --install /home/saul/bumperbot_ws/build/bumperbot_controller
[0.898s] -- Install configuration: ""
[0.898s] -- Execute custom install script
[0.899s] -- Up-to-date symlink: /home/saul/bumperbot_ws/install/bumperbot_controller/share/bumperbot_controller/environment/pythonpath.sh
[0.899s] -- Up-to-date symlink: /home/saul/bumperbot_ws/install/bumperbot_controller/share/bumperbot_controller/environment/pythonpath.dsv
[0.900s] -- Up-to-date symlink: /home/saul/bumperbot_ws/install/bumperbot_controller/local/lib/python3.10/dist-packages/bumperbot_controller-0.0.0-py3.10.egg-info/PKG-INFO
[0.900s] -- Up-to-date symlink: /home/saul/bumperbot_ws/install/bumperbot_controller/local/lib/python3.10/dist-packages/bumperbot_controller-0.0.0-py3.10.egg-info/SOURCES.txt
[0.900s] -- Up-to-date symlink: /home/saul/bumperbot_ws/install/bumperbot_controller/local/lib/python3.10/dist-packages/bumperbot_controller-0.0.0-py3.10.egg-info/dependency_links.txt
[0.900s] -- Up-to-date symlink: /home/saul/bumperbot_ws/install/bumperbot_controller/local/lib/python3.10/dist-packages/bumperbot_controller-0.0.0-py3.10.egg-info/top_level.txt
[0.901s] -- Up-to-date symlink: /home/saul/bumperbot_ws/install/bumperbot_controller/local/lib/python3.10/dist-packages/bumperbot_controller/__init__.py
[0.901s] -- Up-to-date symlink: /home/saul/bumperbot_ws/install/bumperbot_controller/local/lib/python3.10/dist-packages/bumperbot_controller/noisy_controller.py
[0.901s] -- Up-to-date symlink: /home/saul/bumperbot_ws/install/bumperbot_controller/local/lib/python3.10/dist-packages/bumperbot_controller/simple_controller.py
[0.901s] -- Up-to-date symlink: /home/saul/bumperbot_ws/install/bumperbot_controller/include/include/bumperbot_controller/noisy_controller.hpp
[0.902s] -- Up-to-date symlink: /home/saul/bumperbot_ws/install/bumperbot_controller/include/include/bumperbot_controller/simple_controller.hpp
[0.903s] -- Up-to-date symlink: /home/saul/bumperbot_ws/install/bumperbot_controller/lib/bumperbot_controller/simple_controller
[0.903s] -- Up-to-date symlink: /home/saul/bumperbot_ws/install/bumperbot_controller/lib/bumperbot_controller/noisy_controller
[0.904s] -- Up-to-date symlink: /home/saul/bumperbot_ws/install/bumperbot_controller/share/bumperbot_controller/launch/controller.launch.py
[0.905s] -- Up-to-date symlink: /home/saul/bumperbot_ws/install/bumperbot_controller/share/bumperbot_controller/launch/joystick_teleop.launch.py
[0.905s] -- Up-to-date symlink: /home/saul/bumperbot_ws/install/bumperbot_controller/share/bumperbot_controller/config/bumperbot_controllers.yaml
[0.907s] -- Up-to-date symlink: /home/saul/bumperbot_ws/install/bumperbot_controller/share/bumperbot_controller/config/joy_config.yaml
[0.908s] -- Up-to-date symlink: /home/saul/bumperbot_ws/install/bumperbot_controller/share/bumperbot_controller/config/joy_teleop.yaml
[0.908s] -- Up-to-date symlink: /home/saul/bumperbot_ws/install/bumperbot_controller/lib/bumperbot_controller/simple_controller.py
[0.908s] -- Up-to-date symlink: /home/saul/bumperbot_ws/install/bumperbot_controller/lib/bumperbot_controller/noisy_controller.py
[0.909s] -- Up-to-date symlink: /home/saul/bumperbot_ws/install/bumperbot_controller/share/ament_index/resource_index/package_run_dependencies/bumperbot_controller
[0.909s] -- Up-to-date symlink: /home/saul/bumperbot_ws/install/bumperbot_controller/share/ament_index/resource_index/parent_prefix_path/bumperbot_controller
[0.910s] -- Up-to-date symlink: /home/saul/bumperbot_ws/install/bumperbot_controller/share/bumperbot_controller/environment/ament_prefix_path.sh
[0.910s] -- Up-to-date symlink: /home/saul/bumperbot_ws/install/bumperbot_controller/share/bumperbot_controller/environment/ament_prefix_path.dsv
[0.911s] -- Up-to-date symlink: /home/saul/bumperbot_ws/install/bumperbot_controller/share/bumperbot_controller/environment/path.sh
[0.911s] -- Up-to-date symlink: /home/saul/bumperbot_ws/install/bumperbot_controller/share/bumperbot_controller/environment/path.dsv
[0.911s] -- Up-to-date symlink: /home/saul/bumperbot_ws/install/bumperbot_controller/share/bumperbot_controller/local_setup.bash
[0.911s] -- Up-to-date symlink: /home/saul/bumperbot_ws/install/bumperbot_controller/share/bumperbot_controller/local_setup.sh
[0.911s] -- Up-to-date symlink: /home/saul/bumperbot_ws/install/bumperbot_controller/share/bumperbot_controller/local_setup.zsh
[0.912s] -- Up-to-date symlink: /home/saul/bumperbot_ws/install/bumperbot_controller/share/bumperbot_controller/local_setup.dsv
[0.912s] -- Symlinking: /home/saul/bumperbot_ws/install/bumperbot_controller/share/bumperbot_controller/package.dsv
[0.920s] -- Up-to-date symlink: /home/saul/bumperbot_ws/install/bumperbot_controller/share/ament_index/resource_index/packages/bumperbot_controller
[0.921s] -- Up-to-date symlink: /home/saul/bumperbot_ws/install/bumperbot_controller/share/bumperbot_controller/cmake/bumperbot_controllerConfig.cmake
[0.921s] -- Up-to-date symlink: /home/saul/bumperbot_ws/install/bumperbot_controller/share/bumperbot_controller/cmake/bumperbot_controllerConfig-version.cmake
[0.922s] -- Up-to-date symlink: /home/saul/bumperbot_ws/install/bumperbot_controller/share/bumperbot_controller/package.xml
[0.971s] Listing '/home/saul/bumperbot_ws/install/bumperbot_controller/local/lib/python3.10/dist-packages/bumperbot_controller'...
[0.991s] Invoked command in '/home/saul/bumperbot_ws/build/bumperbot_controller' returned '0': CMAKE_PREFIX_PATH=${CMAKE_PREFIX_PATH}:/home/saul/bumperbot_ws/install/bumperbot_py_examples:/opt/ros/humble /usr/bin/cmake --install /home/saul/bumperbot_ws/build/bumperbot_controller
