[0.046s] Invoking command in '/home/saul/bumperbot_ws/build/bumperbot_msgs': CMAKE_PREFIX_PATH=${CMAKE_PREFIX_PATH}:/home/saul/bumperbot_ws/install/bumperbot_py_examples:/opt/ros/humble /usr/bin/cmake --build /home/saul/bumperbot_ws/build/bumperbot_msgs -- -j8 -l8
[0.091s] -- Found ament_cmake: 1.3.12 (/opt/ros/humble/share/ament_cmake/cmake)
[0.323s] -- Override CMake install command with custom implementation using symlinks instead of copying resources
[0.337s] -- Found geometry_msgs: 4.9.0 (/opt/ros/humble/share/geometry_msgs/cmake)
[0.385s] -- Found rosidl_generator_c: 3.1.8 (/opt/ros/humble/share/rosidl_generator_c/cmake)
[0.392s] -- Found rosidl_adapter: 3.1.8 (/opt/ros/humble/share/rosidl_adapter/cmake)
[0.406s] -- Found rosidl_generator_cpp: 3.1.8 (/opt/ros/humble/share/rosidl_generator_cpp/cmake)
[0.430s] -- Using all available rosidl_typesupport_c: rosidl_typesupport_fastrtps_c;rosidl_typesupport_introspection_c
[0.456s] -- Using all available rosidl_typesupport_cpp: rosidl_typesupport_fastrtps_cpp;rosidl_typesupport_introspection_cpp
[0.512s] -- Found rosidl_default_generators: 1.2.0 (/opt/ros/humble/share/rosidl_default_generators/cmake)
[1.045s] -- Found ament_cmake_ros: 0.10.0 (/opt/ros/humble/share/ament_cmake_ros/cmake)
[1.933s] -- Using all available rosidl_typesupport_c: rosidl_typesupport_fastrtps_c;rosidl_typesupport_introspection_c
[2.169s] -- Using all available rosidl_typesupport_cpp: rosidl_typesupport_fastrtps_cpp;rosidl_typesupport_introspection_cpp
[2.198s] -- Found python_cmake_module: 0.10.0 (/opt/ros/humble/share/python_cmake_module/cmake)
[2.228s] -- Using PYTHON_EXECUTABLE: /usr/bin/python3
[2.228s] -- Using PYTHON_INCLUDE_DIRS: /usr/include/python3.10
[2.228s] -- Using PYTHON_LIBRARIES: /usr/lib/x86_64-linux-gnu/libpython3.10.so
[2.303s] -- Configuring done
[2.350s] -- Generating done
[2.368s] -- Build files have been written to: /home/saul/bumperbot_ws/build/bumperbot_msgs
[2.400s] [35m[1mConsolidate compiler generated dependencies of target bumperbot_msgs__rosidl_generator_c[0m
[2.412s] [  2%] Built target bumperbot_msgs__cpp
[2.415s] [ 12%] Built target bumperbot_msgs__rosidl_generator_c
[2.428s] [ 12%] Built target ament_cmake_python_symlink_bumperbot_msgs
[2.432s] [35m[1mConsolidate compiler generated dependencies of target bumperbot_msgs__rosidl_typesupport_cpp[0m
[2.433s] [35m[1mConsolidate compiler generated dependencies of target bumperbot_msgs__rosidl_typesupport_fastrtps_cpp[0m
[2.433s] [35m[1mConsolidate compiler generated dependencies of target bumperbot_msgs__rosidl_typesupport_introspection_cpp[0m
[2.434s] [35m[1mConsolidate compiler generated dependencies of target bumperbot_msgs__rosidl_typesupport_c[0m
[2.434s] [35m[1mConsolidate compiler generated dependencies of target bumperbot_msgs__rosidl_typesupport_introspection_c[0m
[2.435s] [35m[1mConsolidate compiler generated dependencies of target bumperbot_msgs__rosidl_typesupport_fastrtps_c[0m
[2.457s] [ 23%] Built target bumperbot_msgs__rosidl_typesupport_c
[2.457s] [ 33%] Built target bumperbot_msgs__rosidl_typesupport_introspection_c
[2.461s] [ 53%] Built target bumperbot_msgs__rosidl_typesupport_cpp
[2.462s] [ 53%] Built target bumperbot_msgs__rosidl_typesupport_introspection_cpp
[2.462s] [ 64%] Built target bumperbot_msgs__rosidl_typesupport_fastrtps_cpp
[2.466s] [ 74%] Built target bumperbot_msgs__rosidl_typesupport_fastrtps_c
[2.492s] [ 74%] Built target bumperbot_msgs
[2.519s] [ 76%] Built target bumperbot_msgs__py
[2.532s] [35m[1mConsolidate compiler generated dependencies of target bumperbot_msgs__rosidl_generator_py[0m
[2.550s] [ 84%] Built target bumperbot_msgs__rosidl_generator_py
[2.564s] [35m[1mConsolidate compiler generated dependencies of target bumperbot_msgs__rosidl_typesupport_c__pyext[0m
[2.564s] [35m[1mConsolidate compiler generated dependencies of target bumperbot_msgs__rosidl_typesupport_introspection_c__pyext[0m
[2.568s] [35m[1mConsolidate compiler generated dependencies of target bumperbot_msgs__rosidl_typesupport_fastrtps_c__pyext[0m
[2.580s] [ 89%] Built target bumperbot_msgs__rosidl_typesupport_introspection_c__pyext
[2.581s] [ 94%] Built target bumperbot_msgs__rosidl_typesupport_c__pyext
[2.590s] [100%] Built target bumperbot_msgs__rosidl_typesupport_fastrtps_c__pyext
[2.824s] running egg_info
[2.825s] writing bumperbot_msgs.egg-info/PKG-INFO
[2.825s] writing dependency_links to bumperbot_msgs.egg-info/dependency_links.txt
[2.825s] writing top-level names to bumperbot_msgs.egg-info/top_level.txt
[2.828s] reading manifest file 'bumperbot_msgs.egg-info/SOURCES.txt'
[2.829s] writing manifest file 'bumperbot_msgs.egg-info/SOURCES.txt'
[2.862s] [100%] Built target ament_cmake_python_build_bumperbot_msgs_egg
