[1.570s] Invoking command in '/home/saul/bumperbot_ws/build/bumperbot_py_examples': PYTHONPATH=/home/saul/bumperbot_ws/build/bumperbot_py_examples/prefix_override:/usr/lib/python3/dist-packages/colcon_core/task/python/colcon_distutils_commands:/home/saul/bumperbot_ws/install/bumperbot_py_examples/lib/python3.10/site-packages:${PYTHONPATH} /usr/bin/python3 -W ignore:setup.py install is deprecated -W ignore:easy_install command is deprecated setup.py develop --uninstall --editable --build-directory /home/saul/bumperbot_ws/build/bumperbot_py_examples/build
[2.018s] running develop
[2.319s] Removing /home/saul/bumperbot_ws/install/bumperbot_py_examples/lib/python3.10/site-packages/bumperbot-py-examples.egg-link (link to .)
[2.361s] Invoked command in '/home/saul/bumperbot_ws/build/bumperbot_py_examples' returned '0': PYTHONPATH=/home/saul/bumperbot_ws/build/bumperbot_py_examples/prefix_override:/usr/lib/python3/dist-packages/colcon_core/task/python/colcon_distutils_commands:/home/saul/bumperbot_ws/install/bumperbot_py_examples/lib/python3.10/site-packages:${PYTHONPATH} /usr/bin/python3 -W ignore:setup.py install is deprecated -W ignore:easy_install command is deprecated setup.py develop --uninstall --editable --build-directory /home/saul/bumperbot_ws/build/bumperbot_py_examples/build
[2.364s] Invoking command in '/home/saul/bumperbot_ws/src/bumperbot_py_examples': PYTHONPATH=/home/saul/bumperbot_ws/build/bumperbot_py_examples/prefix_override:/usr/lib/python3/dist-packages/colcon_core/task/python/colcon_distutils_commands:/home/saul/bumperbot_ws/install/bumperbot_py_examples/lib/python3.10/site-packages:${PYTHONPATH} /usr/bin/python3 -W ignore:setup.py install is deprecated -W ignore:easy_install command is deprecated setup.py egg_info --egg-base ../../build/bumperbot_py_examples build --build-base /home/saul/bumperbot_ws/build/bumperbot_py_examples/build install --record /home/saul/bumperbot_ws/build/bumperbot_py_examples/install.log --single-version-externally-managed install_data --force
[2.739s] running egg_info
[2.740s] writing ../../build/bumperbot_py_examples/bumperbot_py_examples.egg-info/PKG-INFO
[2.740s] writing dependency_links to ../../build/bumperbot_py_examples/bumperbot_py_examples.egg-info/dependency_links.txt
[2.740s] writing entry points to ../../build/bumperbot_py_examples/bumperbot_py_examples.egg-info/entry_points.txt
[2.741s] writing requirements to ../../build/bumperbot_py_examples/bumperbot_py_examples.egg-info/requires.txt
[2.741s] writing top-level names to ../../build/bumperbot_py_examples/bumperbot_py_examples.egg-info/top_level.txt
[2.743s] reading manifest file '../../build/bumperbot_py_examples/bumperbot_py_examples.egg-info/SOURCES.txt'
[2.744s] writing manifest file '../../build/bumperbot_py_examples/bumperbot_py_examples.egg-info/SOURCES.txt'
[2.745s] running build
[2.745s] running build_py
[2.745s] creating /home/saul/bumperbot_ws/build/bumperbot_py_examples/build
[2.746s] creating /home/saul/bumperbot_ws/build/bumperbot_py_examples/build/lib
[2.746s] creating /home/saul/bumperbot_ws/build/bumperbot_py_examples/build/lib/bumperbot_py_examples
[2.746s] copying bumperbot_py_examples/simple_publisher.py -> /home/saul/bumperbot_ws/build/bumperbot_py_examples/build/lib/bumperbot_py_examples
[2.746s] copying bumperbot_py_examples/simple_parameter.py -> /home/saul/bumperbot_ws/build/bumperbot_py_examples/build/lib/bumperbot_py_examples
[2.764s] copying bumperbot_py_examples/simple_subscriber.py -> /home/saul/bumperbot_ws/build/bumperbot_py_examples/build/lib/bumperbot_py_examples
[2.773s] copying bumperbot_py_examples/__init__.py -> /home/saul/bumperbot_ws/build/bumperbot_py_examples/build/lib/bumperbot_py_examples
[2.773s] running install
[2.774s] running install_lib
[2.776s] creating /home/saul/bumperbot_ws/install/bumperbot_py_examples/lib/python3.10/site-packages/bumperbot_py_examples
[2.776s] copying /home/saul/bumperbot_ws/build/bumperbot_py_examples/build/lib/bumperbot_py_examples/simple_publisher.py -> /home/saul/bumperbot_ws/install/bumperbot_py_examples/lib/python3.10/site-packages/bumperbot_py_examples
[2.776s] copying /home/saul/bumperbot_ws/build/bumperbot_py_examples/build/lib/bumperbot_py_examples/simple_parameter.py -> /home/saul/bumperbot_ws/install/bumperbot_py_examples/lib/python3.10/site-packages/bumperbot_py_examples
[2.776s] copying /home/saul/bumperbot_ws/build/bumperbot_py_examples/build/lib/bumperbot_py_examples/simple_subscriber.py -> /home/saul/bumperbot_ws/install/bumperbot_py_examples/lib/python3.10/site-packages/bumperbot_py_examples
[2.776s] copying /home/saul/bumperbot_ws/build/bumperbot_py_examples/build/lib/bumperbot_py_examples/__init__.py -> /home/saul/bumperbot_ws/install/bumperbot_py_examples/lib/python3.10/site-packages/bumperbot_py_examples
[2.777s] byte-compiling /home/saul/bumperbot_ws/install/bumperbot_py_examples/lib/python3.10/site-packages/bumperbot_py_examples/simple_publisher.py to simple_publisher.cpython-310.pyc
[2.778s] byte-compiling /home/saul/bumperbot_ws/install/bumperbot_py_examples/lib/python3.10/site-packages/bumperbot_py_examples/simple_parameter.py to simple_parameter.cpython-310.pyc
[2.779s] byte-compiling /home/saul/bumperbot_ws/install/bumperbot_py_examples/lib/python3.10/site-packages/bumperbot_py_examples/simple_subscriber.py to simple_subscriber.cpython-310.pyc
[2.779s] byte-compiling /home/saul/bumperbot_ws/install/bumperbot_py_examples/lib/python3.10/site-packages/bumperbot_py_examples/__init__.py to __init__.cpython-310.pyc
[2.780s] running install_data
[2.780s] copying resource/bumperbot_py_examples -> /home/saul/bumperbot_ws/install/bumperbot_py_examples/share/ament_index/resource_index/packages
[2.780s] copying package.xml -> /home/saul/bumperbot_ws/install/bumperbot_py_examples/share/bumperbot_py_examples
[2.780s] running install_egg_info
[2.784s] Copying ../../build/bumperbot_py_examples/bumperbot_py_examples.egg-info to /home/saul/bumperbot_ws/install/bumperbot_py_examples/lib/python3.10/site-packages/bumperbot_py_examples-0.0.0-py3.10.egg-info
[2.793s] running install_scripts
[2.820s] Installing simple_parameter script to /home/saul/bumperbot_ws/install/bumperbot_py_examples/lib/bumperbot_py_examples
[2.824s] Installing simple_publisher script to /home/saul/bumperbot_ws/install/bumperbot_py_examples/lib/bumperbot_py_examples
[2.827s] Installing simple_subscriber script to /home/saul/bumperbot_ws/install/bumperbot_py_examples/lib/bumperbot_py_examples
[2.828s] writing list of installed files to '/home/saul/bumperbot_ws/build/bumperbot_py_examples/install.log'
[2.876s] Invoked command in '/home/saul/bumperbot_ws/src/bumperbot_py_examples' returned '0': PYTHONPATH=/home/saul/bumperbot_ws/build/bumperbot_py_examples/prefix_override:/usr/lib/python3/dist-packages/colcon_core/task/python/colcon_distutils_commands:/home/saul/bumperbot_ws/install/bumperbot_py_examples/lib/python3.10/site-packages:${PYTHONPATH} /usr/bin/python3 -W ignore:setup.py install is deprecated -W ignore:easy_install command is deprecated setup.py egg_info --egg-base ../../build/bumperbot_py_examples build --build-base /home/saul/bumperbot_ws/build/bumperbot_py_examples/build install --record /home/saul/bumperbot_ws/build/bumperbot_py_examples/install.log --single-version-externally-managed install_data --force
