[0.040s] Invoking command in '/home/saul/bumperbot_ws/build/bumperbot_controller': CMAKE_PREFIX_PATH=/opt/ros/humble /usr/bin/cmake /home/saul/bumperbot_ws/src/bumperbot_controller -DCMAKE_INSTALL_PREFIX=/home/saul/bumperbot_ws/install/bumperbot_controller
[0.673s] -- The C compiler identification is GNU 11.4.0
[1.174s] -- The CXX compiler identification is GNU 11.4.0
[1.189s] -- Detecting C compiler ABI info
[1.311s] -- Detecting C compiler ABI info - done
[1.329s] -- Check for working C compiler: /usr/bin/cc - skipped
[1.330s] -- Detecting C compile features
[1.332s] -- Detecting C compile features - done
[1.339s] -- Detecting CXX compiler ABI info
[1.470s] -- Detecting CXX compiler ABI info - done
[1.487s] -- Check for working CXX compiler: /usr/bin/c++ - skipped
[1.487s] -- Detecting CXX compile features
[1.488s] -- Detecting CXX compile features - done
[1.502s] -- Found ament_cmake: 1.3.12 (/opt/ros/humble/share/ament_cmake/cmake)
[1.727s] -- Found Python3: /usr/bin/python3 (found version "3.10.12") found components: Interpreter 
[1.855s] -- Found ament_lint_auto: 0.12.14 (/opt/ros/humble/share/ament_lint_auto/cmake)
[1.967s] -- Added test 'lint_cmake' to check CMake code style
[1.968s] -- Added test 'xmllint' to check XML markup files
[1.970s] -- Configuring done
[1.974s] -- Generating done
[1.976s] -- Build files have been written to: /home/saul/bumperbot_ws/build/bumperbot_controller
[1.982s] Invoked command in '/home/saul/bumperbot_ws/build/bumperbot_controller' returned '0': CMAKE_PREFIX_PATH=/opt/ros/humble /usr/bin/cmake /home/saul/bumperbot_ws/src/bumperbot_controller -DCMAKE_INSTALL_PREFIX=/home/saul/bumperbot_ws/install/bumperbot_controller
[1.984s] Invoking command in '/home/saul/bumperbot_ws/build/bumperbot_controller': CMAKE_PREFIX_PATH=/opt/ros/humble /usr/bin/cmake --build /home/saul/bumperbot_ws/build/bumperbot_controller -- -j8 -l8
[2.040s] Invoked command in '/home/saul/bumperbot_ws/build/bumperbot_controller' returned '0': CMAKE_PREFIX_PATH=/opt/ros/humble /usr/bin/cmake --build /home/saul/bumperbot_ws/build/bumperbot_controller -- -j8 -l8
[2.042s] Invoking command in '/home/saul/bumperbot_ws/build/bumperbot_controller': CMAKE_PREFIX_PATH=/opt/ros/humble /usr/bin/cmake --install /home/saul/bumperbot_ws/build/bumperbot_controller
[2.054s] -- Install configuration: ""
[2.054s] -- Installing: /home/saul/bumperbot_ws/install/bumperbot_controller/share/ament_index/resource_index/package_run_dependencies/bumperbot_controller
[2.054s] -- Installing: /home/saul/bumperbot_ws/install/bumperbot_controller/share/ament_index/resource_index/parent_prefix_path/bumperbot_controller
[2.055s] -- Installing: /home/saul/bumperbot_ws/install/bumperbot_controller/share/bumperbot_controller/environment/ament_prefix_path.sh
[2.055s] -- Installing: /home/saul/bumperbot_ws/install/bumperbot_controller/share/bumperbot_controller/environment/ament_prefix_path.dsv
[2.055s] -- Installing: /home/saul/bumperbot_ws/install/bumperbot_controller/share/bumperbot_controller/environment/path.sh
[2.055s] -- Installing: /home/saul/bumperbot_ws/install/bumperbot_controller/share/bumperbot_controller/environment/path.dsv
[2.055s] -- Installing: /home/saul/bumperbot_ws/install/bumperbot_controller/share/bumperbot_controller/local_setup.bash
[2.055s] -- Installing: /home/saul/bumperbot_ws/install/bumperbot_controller/share/bumperbot_controller/local_setup.sh
[2.056s] -- Installing: /home/saul/bumperbot_ws/install/bumperbot_controller/share/bumperbot_controller/local_setup.zsh
[2.056s] -- Installing: /home/saul/bumperbot_ws/install/bumperbot_controller/share/bumperbot_controller/local_setup.dsv
[2.056s] -- Installing: /home/saul/bumperbot_ws/install/bumperbot_controller/share/bumperbot_controller/package.dsv
[2.056s] -- Installing: /home/saul/bumperbot_ws/install/bumperbot_controller/share/ament_index/resource_index/packages/bumperbot_controller
[2.056s] -- Installing: /home/saul/bumperbot_ws/install/bumperbot_controller/share/bumperbot_controller/cmake/bumperbot_controllerConfig.cmake
[2.056s] -- Installing: /home/saul/bumperbot_ws/install/bumperbot_controller/share/bumperbot_controller/cmake/bumperbot_controllerConfig-version.cmake
[2.057s] -- Installing: /home/saul/bumperbot_ws/install/bumperbot_controller/share/bumperbot_controller/package.xml
[2.060s] Invoked command in '/home/saul/bumperbot_ws/build/bumperbot_controller' returned '0': CMAKE_PREFIX_PATH=/opt/ros/humble /usr/bin/cmake --install /home/saul/bumperbot_ws/build/bumperbot_controller
