[0.024s] Invoking command in '/home/saul/bumperbot_ws/build/bumperbot_description': CMAKE_PREFIX_PATH=/opt/ros/humble /usr/bin/cmake /home/saul/bumperbot_ws/src/bumperbot_description -DCMAKE_INSTALL_PREFIX=/home/saul/bumperbot_ws/install/bumperbot_description
[0.606s] -- The C compiler identification is GNU 11.4.0
[1.085s] -- The CXX compiler identification is GNU 11.4.0
[1.116s] -- Detecting C compiler ABI info
[1.269s] -- Detecting C compiler ABI info - done
[1.280s] -- Check for working C compiler: /usr/bin/cc - skipped
[1.281s] -- Detecting C compile features
[1.283s] -- Detecting C compile features - done
[1.291s] -- Detecting CXX compiler ABI info
[1.428s] -- Detecting CXX compiler ABI info - done
[1.441s] -- Check for working CXX compiler: /usr/bin/c++ - skipped
[1.441s] -- Detecting CXX compile features
[1.442s] -- Detecting CXX compile features - done
[1.456s] -- Found ament_cmake: 1.3.12 (/opt/ros/humble/share/ament_cmake/cmake)
[1.656s] -- Found Python3: /usr/bin/python3 (found version "3.10.12") found components: Interpreter 
[1.805s] -- Found ament_lint_auto: 0.12.14 (/opt/ros/humble/share/ament_lint_auto/cmake)
[1.927s] -- Added test 'lint_cmake' to check CMake code style
[1.930s] -- Added test 'xmllint' to check XML markup files
[1.934s] -- Configuring done
[1.937s] -- Generating done
[1.940s] -- Build files have been written to: /home/saul/bumperbot_ws/build/bumperbot_description
[1.946s] Invoked command in '/home/saul/bumperbot_ws/build/bumperbot_description' returned '0': CMAKE_PREFIX_PATH=/opt/ros/humble /usr/bin/cmake /home/saul/bumperbot_ws/src/bumperbot_description -DCMAKE_INSTALL_PREFIX=/home/saul/bumperbot_ws/install/bumperbot_description
[1.951s] Invoking command in '/home/saul/bumperbot_ws/build/bumperbot_description': CMAKE_PREFIX_PATH=/opt/ros/humble /usr/bin/cmake --build /home/saul/bumperbot_ws/build/bumperbot_description -- -j8 -l8
[2.008s] Invoked command in '/home/saul/bumperbot_ws/build/bumperbot_description' returned '0': CMAKE_PREFIX_PATH=/opt/ros/humble /usr/bin/cmake --build /home/saul/bumperbot_ws/build/bumperbot_description -- -j8 -l8
[2.023s] Invoking command in '/home/saul/bumperbot_ws/build/bumperbot_description': CMAKE_PREFIX_PATH=/opt/ros/humble /usr/bin/cmake --install /home/saul/bumperbot_ws/build/bumperbot_description
[2.034s] -- Install configuration: ""
[2.034s] -- Installing: /home/saul/bumperbot_ws/install/bumperbot_description/share/ament_index/resource_index/package_run_dependencies/bumperbot_description
[2.035s] -- Installing: /home/saul/bumperbot_ws/install/bumperbot_description/share/ament_index/resource_index/parent_prefix_path/bumperbot_description
[2.035s] -- Installing: /home/saul/bumperbot_ws/install/bumperbot_description/share/bumperbot_description/environment/ament_prefix_path.sh
[2.035s] -- Installing: /home/saul/bumperbot_ws/install/bumperbot_description/share/bumperbot_description/environment/ament_prefix_path.dsv
[2.036s] -- Installing: /home/saul/bumperbot_ws/install/bumperbot_description/share/bumperbot_description/environment/path.sh
[2.036s] -- Installing: /home/saul/bumperbot_ws/install/bumperbot_description/share/bumperbot_description/environment/path.dsv
[2.036s] -- Installing: /home/saul/bumperbot_ws/install/bumperbot_description/share/bumperbot_description/local_setup.bash
[2.036s] -- Installing: /home/saul/bumperbot_ws/install/bumperbot_description/share/bumperbot_description/local_setup.sh
[2.036s] -- Installing: /home/saul/bumperbot_ws/install/bumperbot_description/share/bumperbot_description/local_setup.zsh
[2.036s] -- Installing: /home/saul/bumperbot_ws/install/bumperbot_description/share/bumperbot_description/local_setup.dsv
[2.036s] -- Installing: /home/saul/bumperbot_ws/install/bumperbot_description/share/bumperbot_description/package.dsv
[2.037s] -- Installing: /home/saul/bumperbot_ws/install/bumperbot_description/share/ament_index/resource_index/packages/bumperbot_description
[2.037s] -- Installing: /home/saul/bumperbot_ws/install/bumperbot_description/share/bumperbot_description/cmake/bumperbot_descriptionConfig.cmake
[2.037s] -- Installing: /home/saul/bumperbot_ws/install/bumperbot_description/share/bumperbot_description/cmake/bumperbot_descriptionConfig-version.cmake
[2.037s] -- Installing: /home/saul/bumperbot_ws/install/bumperbot_description/share/bumperbot_description/package.xml
[2.041s] Invoked command in '/home/saul/bumperbot_ws/build/bumperbot_description' returned '0': CMAKE_PREFIX_PATH=/opt/ros/humble /usr/bin/cmake --install /home/saul/bumperbot_ws/build/bumperbot_description
