-- Found ament_cmake: 1.3.12 (/opt/ros/humble/share/ament_cmake/cmake)
-- Override CMake install command with custom implementation using symlinks instead of copying resources
-- Configuring done
-- Generating done
-- Build files have been written to: /home/saul/bumperbot_ws/build/bumperbot_bringup
-- Install configuration: ""
-- Execute custom install script
-- Up-to-date symlink: /home/saul/bumperbot_ws/install/bumperbot_bringup/share/bumperbot_bringup/launch/real_robot.launch.py
-- Up-to-date symlink: /home/saul/bumperbot_ws/install/bumperbot_bringup/share/bumperbot_bringup/launch/simulated_robot.launch.py
-- Up-to-date symlink: /home/saul/bumperbot_ws/install/bumperbot_bringup/share/ament_index/resource_index/package_run_dependencies/bumperbot_bringup
-- Up-to-date symlink: /home/saul/bumperbot_ws/install/bumperbot_bringup/share/ament_index/resource_index/parent_prefix_path/bumperbot_bringup
-- Up-to-date symlink: /home/saul/bumperbot_ws/install/bumperbot_bringup/share/bumperbot_bringup/environment/ament_prefix_path.sh
-- Up-to-date symlink: /home/saul/bumperbot_ws/install/bumperbot_bringup/share/bumperbot_bringup/environment/ament_prefix_path.dsv
-- Up-to-date symlink: /home/saul/bumperbot_ws/install/bumperbot_bringup/share/bumperbot_bringup/environment/path.sh
-- Up-to-date symlink: /home/saul/bumperbot_ws/install/bumperbot_bringup/share/bumperbot_bringup/environment/path.dsv
-- Up-to-date symlink: /home/saul/bumperbot_ws/install/bumperbot_bringup/share/bumperbot_bringup/local_setup.bash
-- Up-to-date symlink: /home/saul/bumperbot_ws/install/bumperbot_bringup/share/bumperbot_bringup/local_setup.sh
-- Up-to-date symlink: /home/saul/bumperbot_ws/install/bumperbot_bringup/share/bumperbot_bringup/local_setup.zsh
-- Up-to-date symlink: /home/saul/bumperbot_ws/install/bumperbot_bringup/share/bumperbot_bringup/local_setup.dsv
-- Symlinking: /home/saul/bumperbot_ws/install/bumperbot_bringup/share/bumperbot_bringup/package.dsv
-- Up-to-date symlink: /home/saul/bumperbot_ws/install/bumperbot_bringup/share/ament_index/resource_index/packages/bumperbot_bringup
-- Up-to-date symlink: /home/saul/bumperbot_ws/install/bumperbot_bringup/share/bumperbot_bringup/cmake/bumperbot_bringupConfig.cmake
-- Up-to-date symlink: /home/saul/bumperbot_ws/install/bumperbot_bringup/share/bumperbot_bringup/cmake/bumperbot_bringupConfig-version.cmake
-- Up-to-date symlink: /home/saul/bumperbot_ws/install/bumperbot_bringup/share/bumperbot_bringup/package.xml
