[0.043s] Invoking command in '/home/saul/bumperbot_ws/build/bumperbot_bringup': CMAKE_PREFIX_PATH=${CMAKE_PREFIX_PATH}:/home/saul/bumperbot_ws/install/bumperbot_py_examples:/opt/ros/humble /usr/bin/cmake /home/saul/bumperbot_ws/src/bumperbot_bringup -DAMENT_CMAKE_SYMLINK_INSTALL=1 -DCMAKE_INSTALL_PREFIX=/home/saul/bumperbot_ws/install/bumperbot_bringup
[0.067s] -- Found ament_cmake: 1.3.12 (/opt/ros/humble/share/ament_cmake/cmake)
[0.444s] -- Override CMake install command with custom implementation using symlinks instead of copying resources
[0.605s] -- Configuring done
[0.608s] -- Generating done
[0.610s] -- Build files have been written to: /home/saul/bumperbot_ws/build/bumperbot_bringup
[0.613s] Invoked command in '/home/saul/bumperbot_ws/build/bumperbot_bringup' returned '0': CMAKE_PREFIX_PATH=${CMAKE_PREFIX_PATH}:/home/saul/bumperbot_ws/install/bumperbot_py_examples:/opt/ros/humble /usr/bin/cmake /home/saul/bumperbot_ws/src/bumperbot_bringup -DAMENT_CMAKE_SYMLINK_INSTALL=1 -DCMAKE_INSTALL_PREFIX=/home/saul/bumperbot_ws/install/bumperbot_bringup
[0.615s] Invoking command in '/home/saul/bumperbot_ws/build/bumperbot_bringup': CMAKE_PREFIX_PATH=${CMAKE_PREFIX_PATH}:/home/saul/bumperbot_ws/install/bumperbot_py_examples:/opt/ros/humble /usr/bin/cmake --build /home/saul/bumperbot_ws/build/bumperbot_bringup -- -j8 -l8
[0.667s] Invoked command in '/home/saul/bumperbot_ws/build/bumperbot_bringup' returned '0': CMAKE_PREFIX_PATH=${CMAKE_PREFIX_PATH}:/home/saul/bumperbot_ws/install/bumperbot_py_examples:/opt/ros/humble /usr/bin/cmake --build /home/saul/bumperbot_ws/build/bumperbot_bringup -- -j8 -l8
[0.669s] Invoking command in '/home/saul/bumperbot_ws/build/bumperbot_bringup': CMAKE_PREFIX_PATH=${CMAKE_PREFIX_PATH}:/home/saul/bumperbot_ws/install/bumperbot_py_examples:/opt/ros/humble /usr/bin/cmake --install /home/saul/bumperbot_ws/build/bumperbot_bringup
[0.679s] -- Install configuration: ""
[0.680s] -- Execute custom install script
[0.681s] -- Up-to-date symlink: /home/saul/bumperbot_ws/install/bumperbot_bringup/share/bumperbot_bringup/launch/real_robot.launch.py
[0.681s] -- Up-to-date symlink: /home/saul/bumperbot_ws/install/bumperbot_bringup/share/bumperbot_bringup/launch/simulated_robot.launch.py
[0.681s] -- Up-to-date symlink: /home/saul/bumperbot_ws/install/bumperbot_bringup/share/ament_index/resource_index/package_run_dependencies/bumperbot_bringup
[0.682s] -- Up-to-date symlink: /home/saul/bumperbot_ws/install/bumperbot_bringup/share/ament_index/resource_index/parent_prefix_path/bumperbot_bringup
[0.682s] -- Up-to-date symlink: /home/saul/bumperbot_ws/install/bumperbot_bringup/share/bumperbot_bringup/environment/ament_prefix_path.sh
[0.682s] -- Up-to-date symlink: /home/saul/bumperbot_ws/install/bumperbot_bringup/share/bumperbot_bringup/environment/ament_prefix_path.dsv
[0.683s] -- Up-to-date symlink: /home/saul/bumperbot_ws/install/bumperbot_bringup/share/bumperbot_bringup/environment/path.sh
[0.683s] -- Up-to-date symlink: /home/saul/bumperbot_ws/install/bumperbot_bringup/share/bumperbot_bringup/environment/path.dsv
[0.683s] -- Up-to-date symlink: /home/saul/bumperbot_ws/install/bumperbot_bringup/share/bumperbot_bringup/local_setup.bash
[0.683s] -- Up-to-date symlink: /home/saul/bumperbot_ws/install/bumperbot_bringup/share/bumperbot_bringup/local_setup.sh
[0.684s] -- Up-to-date symlink: /home/saul/bumperbot_ws/install/bumperbot_bringup/share/bumperbot_bringup/local_setup.zsh
[0.684s] -- Up-to-date symlink: /home/saul/bumperbot_ws/install/bumperbot_bringup/share/bumperbot_bringup/local_setup.dsv
[0.684s] -- Symlinking: /home/saul/bumperbot_ws/install/bumperbot_bringup/share/bumperbot_bringup/package.dsv
[0.696s] -- Up-to-date symlink: /home/saul/bumperbot_ws/install/bumperbot_bringup/share/ament_index/resource_index/packages/bumperbot_bringup
[0.696s] -- Up-to-date symlink: /home/saul/bumperbot_ws/install/bumperbot_bringup/share/bumperbot_bringup/cmake/bumperbot_bringupConfig.cmake
[0.696s] -- Up-to-date symlink: /home/saul/bumperbot_ws/install/bumperbot_bringup/share/bumperbot_bringup/cmake/bumperbot_bringupConfig-version.cmake
[0.697s] -- Up-to-date symlink: /home/saul/bumperbot_ws/install/bumperbot_bringup/share/bumperbot_bringup/package.xml
[0.699s] Invoked command in '/home/saul/bumperbot_ws/build/bumperbot_bringup' returned '0': CMAKE_PREFIX_PATH=${CMAKE_PREFIX_PATH}:/home/saul/bumperbot_ws/install/bumperbot_py_examples:/opt/ros/humble /usr/bin/cmake --install /home/saul/bumperbot_ws/build/bumperbot_bringup
