[0.055s] Invoking command in '/home/saul/bumperbot_ws/build/bumperbot_cpp_examples': AMENT_PREFIX_PATH=/home/saul/bumperbot_ws/install/bumperbot_msgs:${AMENT_PREFIX_PATH} CMAKE_PREFIX_PATH=/home/saul/bumperbot_ws/install/bumperbot_msgs:/opt/ros/humble LD_LIBRARY_PATH=/home/saul/bumperbot_ws/install/bumperbot_msgs/lib:/usr/lib/x86_64-linux-gnu/gazebo-11/plugins:/opt/ros/humble/opt/rviz_ogre_vendor/lib:/opt/ros/humble/lib/x86_64-linux-gnu:/opt/ros/humble/lib:/usr/share/gazebo/../../lib/x86_64-linux-gnu/gazebo-11/plugins PYTHONPATH=/home/saul/bumperbot_ws/install/bumperbot_msgs/local/lib/python3.10/dist-packages:${PYTHONPATH} /usr/bin/cmake /home/saul/bumperbot_ws/src/bumperbot_cpp_examples -DAMENT_CMAKE_SYMLINK_INSTALL=1 -DCMAKE_INSTALL_PREFIX=/home/saul/bumperbot_ws/install/bumperbot_cpp_examples
[0.335s] -- The C compiler identification is GNU 11.4.0
[0.658s] -- The CXX compiler identification is GNU 11.4.0
[0.735s] -- Detecting C compiler ABI info
[1.159s] -- Detecting C compiler ABI info - done
[1.198s] -- Check for working C compiler: /usr/bin/cc - skipped
[1.199s] -- Detecting C compile features
[1.202s] -- Detecting C compile features - done
[1.220s] -- Detecting CXX compiler ABI info
[1.632s] -- Detecting CXX compiler ABI info - done
[1.667s] -- Check for working CXX compiler: /usr/bin/c++ - skipped
[1.669s] -- Detecting CXX compile features
[1.669s] -- Detecting CXX compile features - done
[1.683s] -- Found ament_cmake: 1.3.12 (/opt/ros/humble/share/ament_cmake/cmake)
[2.327s] -- Found Python3: /usr/bin/python3 (found version "3.10.12") found components: Interpreter 
[2.643s] -- Override CMake install command with custom implementation using symlinks instead of copying resources
[2.766s] -- Found rclcpp: 16.0.17 (/opt/ros/humble/share/rclcpp/cmake)
[2.955s] -- Found rosidl_generator_c: 3.1.8 (/opt/ros/humble/share/rosidl_generator_c/cmake)
[2.981s] -- Found rosidl_adapter: 3.1.8 (/opt/ros/humble/share/rosidl_adapter/cmake)
[3.026s] -- Found rosidl_generator_cpp: 3.1.8 (/opt/ros/humble/share/rosidl_generator_cpp/cmake)
[3.083s] -- Using all available rosidl_typesupport_c: rosidl_typesupport_fastrtps_c;rosidl_typesupport_introspection_c
[3.159s] -- Using all available rosidl_typesupport_cpp: rosidl_typesupport_fastrtps_cpp;rosidl_typesupport_introspection_cpp
[3.358s] -- Found rmw_implementation_cmake: 6.1.2 (/opt/ros/humble/share/rmw_implementation_cmake/cmake)
[3.373s] -- Found rmw_cyclonedds_cpp: 1.3.4 (/opt/ros/humble/share/rmw_cyclonedds_cpp/cmake)
[3.463s] -- Using RMW implementation 'rmw_cyclonedds_cpp' as default
[3.504s] -- Looking for pthread.h
[3.776s] -- Looking for pthread.h - found
[3.778s] -- Performing Test CMAKE_HAVE_LIBC_PTHREAD
[4.093s] -- Performing Test CMAKE_HAVE_LIBC_PTHREAD - Success
[4.103s] -- Found Threads: TRUE  
[4.368s] -- Found turtlesim: 1.4.3 (/opt/ros/humble/share/turtlesim/cmake)
[4.570s] -- Found bumperbot_msgs: 0.0.0 (/home/saul/bumperbot_ws/install/bumperbot_msgs/share/bumperbot_msgs/cmake)
[4.716s] -- Found tf2: 0.25.18 (/opt/ros/humble/share/tf2/cmake)
[4.757s] -- Found tf2_ros: 0.25.18 (/opt/ros/humble/share/tf2_ros/cmake)
[5.091s] -- Found rclcpp_lifecycle: 16.0.17 (/opt/ros/humble/share/rclcpp_lifecycle/cmake)
[5.597s] -- Configuring done
[5.759s] -- Generating done
[5.826s] -- Build files have been written to: /home/saul/bumperbot_ws/build/bumperbot_cpp_examples
[5.894s] Invoked command in '/home/saul/bumperbot_ws/build/bumperbot_cpp_examples' returned '0': AMENT_PREFIX_PATH=/home/saul/bumperbot_ws/install/bumperbot_msgs:${AMENT_PREFIX_PATH} CMAKE_PREFIX_PATH=/home/saul/bumperbot_ws/install/bumperbot_msgs:/opt/ros/humble LD_LIBRARY_PATH=/home/saul/bumperbot_ws/install/bumperbot_msgs/lib:/usr/lib/x86_64-linux-gnu/gazebo-11/plugins:/opt/ros/humble/opt/rviz_ogre_vendor/lib:/opt/ros/humble/lib/x86_64-linux-gnu:/opt/ros/humble/lib:/usr/share/gazebo/../../lib/x86_64-linux-gnu/gazebo-11/plugins PYTHONPATH=/home/saul/bumperbot_ws/install/bumperbot_msgs/local/lib/python3.10/dist-packages:${PYTHONPATH} /usr/bin/cmake /home/saul/bumperbot_ws/src/bumperbot_cpp_examples -DAMENT_CMAKE_SYMLINK_INSTALL=1 -DCMAKE_INSTALL_PREFIX=/home/saul/bumperbot_ws/install/bumperbot_cpp_examples
[5.905s] Invoking command in '/home/saul/bumperbot_ws/build/bumperbot_cpp_examples': AMENT_PREFIX_PATH=/home/saul/bumperbot_ws/install/bumperbot_msgs:${AMENT_PREFIX_PATH} CMAKE_PREFIX_PATH=/home/saul/bumperbot_ws/install/bumperbot_msgs:/opt/ros/humble LD_LIBRARY_PATH=/home/saul/bumperbot_ws/install/bumperbot_msgs/lib:/usr/lib/x86_64-linux-gnu/gazebo-11/plugins:/opt/ros/humble/opt/rviz_ogre_vendor/lib:/opt/ros/humble/lib/x86_64-linux-gnu:/opt/ros/humble/lib:/usr/share/gazebo/../../lib/x86_64-linux-gnu/gazebo-11/plugins PYTHONPATH=/home/saul/bumperbot_ws/install/bumperbot_msgs/local/lib/python3.10/dist-packages:${PYTHONPATH} /usr/bin/cmake --build /home/saul/bumperbot_ws/build/bumperbot_cpp_examples -- -j8 -l8
[6.147s] [  6%] [32mBuilding CXX object CMakeFiles/simple_publisher.dir/src/simple_publisher.cpp.o[0m
[23.193s] [ 12%] [32m[1mLinking CXX executable simple_publisher[0m
[23.636s] [ 12%] Built target simple_publisher
[23.674s] [ 18%] [32mBuilding CXX object CMakeFiles/simple_lifecycle_node.dir/src/simple_lifecycle_node.cpp.o[0m
[40.024s] [ 25%] [32m[1mLinking CXX executable simple_lifecycle_node[0m
[40.569s] [ 25%] Built target simple_lifecycle_node
[40.601s] [ 31%] [32mBuilding CXX object CMakeFiles/simple_service_client.dir/src/simple_service_client.cpp.o[0m
[40.604s] [ 43%] [32mBuilding CXX object CMakeFiles/simple_service_server.dir/src/simple_service_server.cpp.o[0m
[40.605s] [ 43%] [32mBuilding CXX object CMakeFiles/simple_turtlesim_kinematics.dir/src/simple_turtlesim_kinematics.cpp.o[0m
[40.605s] [ 50%] [32mBuilding CXX object CMakeFiles/simple_tf_kinematics.dir/src/simple_tf_kinematics.cpp.o[0m
[40.608s] [ 56%] [32mBuilding CXX object CMakeFiles/simple_parameter.dir/src/simple_parameter.cpp.o[0m
[46.863s] [ 62%] [32m[1mLinking CXX executable simple_parameter[0m
[47.109s] [ 62%] Built target simple_parameter
[47.174s] [ 68%] [32mBuilding CXX object CMakeFiles/simple_subscriber.dir/src/simple_subscriber.cpp.o[0m
[48.371s] [ 75%] [32m[1mLinking CXX executable simple_service_server[0m
[48.952s] [ 75%] Built target simple_service_server
[50.115s] [ 81%] [32m[1mLinking CXX executable simple_service_client[0m
[50.681s] [ 81%] Built target simple_service_client
[54.434s] [ 87%] [32m[1mLinking CXX executable simple_tf_kinematics[0m
[55.180s] [ 87%] Built target simple_tf_kinematics
[62.903s] [ 93%] [32m[1mLinking CXX executable simple_turtlesim_kinematics[0m
[63.669s] [ 93%] Built target simple_turtlesim_kinematics
[67.445s] [100%] [32m[1mLinking CXX executable simple_subscriber[0m
[68.102s] [100%] Built target simple_subscriber
[68.123s] Invoked command in '/home/saul/bumperbot_ws/build/bumperbot_cpp_examples' returned '0': AMENT_PREFIX_PATH=/home/saul/bumperbot_ws/install/bumperbot_msgs:${AMENT_PREFIX_PATH} CMAKE_PREFIX_PATH=/home/saul/bumperbot_ws/install/bumperbot_msgs:/opt/ros/humble LD_LIBRARY_PATH=/home/saul/bumperbot_ws/install/bumperbot_msgs/lib:/usr/lib/x86_64-linux-gnu/gazebo-11/plugins:/opt/ros/humble/opt/rviz_ogre_vendor/lib:/opt/ros/humble/lib/x86_64-linux-gnu:/opt/ros/humble/lib:/usr/share/gazebo/../../lib/x86_64-linux-gnu/gazebo-11/plugins PYTHONPATH=/home/saul/bumperbot_ws/install/bumperbot_msgs/local/lib/python3.10/dist-packages:${PYTHONPATH} /usr/bin/cmake --build /home/saul/bumperbot_ws/build/bumperbot_cpp_examples -- -j8 -l8
[68.126s] Invoking command in '/home/saul/bumperbot_ws/build/bumperbot_cpp_examples': AMENT_PREFIX_PATH=/home/saul/bumperbot_ws/install/bumperbot_msgs:${AMENT_PREFIX_PATH} CMAKE_PREFIX_PATH=/home/saul/bumperbot_ws/install/bumperbot_msgs:/opt/ros/humble LD_LIBRARY_PATH=/home/saul/bumperbot_ws/install/bumperbot_msgs/lib:/usr/lib/x86_64-linux-gnu/gazebo-11/plugins:/opt/ros/humble/opt/rviz_ogre_vendor/lib:/opt/ros/humble/lib/x86_64-linux-gnu:/opt/ros/humble/lib:/usr/share/gazebo/../../lib/x86_64-linux-gnu/gazebo-11/plugins PYTHONPATH=/home/saul/bumperbot_ws/install/bumperbot_msgs/local/lib/python3.10/dist-packages:${PYTHONPATH} /usr/bin/cmake --install /home/saul/bumperbot_ws/build/bumperbot_cpp_examples
[68.134s] -- Install configuration: ""
[68.135s] -- Execute custom install script
[68.136s] -- Symlinking: /home/saul/bumperbot_ws/install/bumperbot_cpp_examples/include/include/bumperbot_cpp_examples/simple_tf_kinematics.hpp
[68.154s] -- Symlinking: /home/saul/bumperbot_ws/install/bumperbot_cpp_examples/include/include/bumperbot_cpp_examples/simple_turtlesim_kinematics.hpp
[68.164s] -- Symlinking: /home/saul/bumperbot_ws/install/bumperbot_cpp_examples/lib/bumperbot_cpp_examples/simple_publisher
[68.181s] -- Symlinking: /home/saul/bumperbot_ws/install/bumperbot_cpp_examples/lib/bumperbot_cpp_examples/simple_subscriber
[68.194s] -- Symlinking: /home/saul/bumperbot_ws/install/bumperbot_cpp_examples/lib/bumperbot_cpp_examples/simple_parameter
[68.212s] -- Symlinking: /home/saul/bumperbot_ws/install/bumperbot_cpp_examples/lib/bumperbot_cpp_examples/simple_turtlesim_kinematics
[68.223s] -- Symlinking: /home/saul/bumperbot_ws/install/bumperbot_cpp_examples/lib/bumperbot_cpp_examples/simple_service_server
[68.240s] -- Symlinking: /home/saul/bumperbot_ws/install/bumperbot_cpp_examples/lib/bumperbot_cpp_examples/simple_service_client
[68.252s] -- Symlinking: /home/saul/bumperbot_ws/install/bumperbot_cpp_examples/lib/bumperbot_cpp_examples/simple_tf_kinematics
[68.263s] -- Symlinking: /home/saul/bumperbot_ws/install/bumperbot_cpp_examples/lib/bumperbot_cpp_examples/simple_lifecycle_node
[68.282s] -- Symlinking: /home/saul/bumperbot_ws/install/bumperbot_cpp_examples/share/ament_index/resource_index/package_run_dependencies/bumperbot_cpp_examples
[68.300s] -- Symlinking: /home/saul/bumperbot_ws/install/bumperbot_cpp_examples/share/ament_index/resource_index/parent_prefix_path/bumperbot_cpp_examples
[68.311s] -- Symlinking: /home/saul/bumperbot_ws/install/bumperbot_cpp_examples/share/bumperbot_cpp_examples/environment/ament_prefix_path.sh
[68.323s] -- Symlinking: /home/saul/bumperbot_ws/install/bumperbot_cpp_examples/share/bumperbot_cpp_examples/environment/ament_prefix_path.dsv
[68.340s] -- Symlinking: /home/saul/bumperbot_ws/install/bumperbot_cpp_examples/share/bumperbot_cpp_examples/environment/path.sh
[68.350s] -- Symlinking: /home/saul/bumperbot_ws/install/bumperbot_cpp_examples/share/bumperbot_cpp_examples/environment/path.dsv
[68.368s] -- Symlinking: /home/saul/bumperbot_ws/install/bumperbot_cpp_examples/share/bumperbot_cpp_examples/local_setup.bash
[68.379s] -- Symlinking: /home/saul/bumperbot_ws/install/bumperbot_cpp_examples/share/bumperbot_cpp_examples/local_setup.sh
[68.398s] -- Symlinking: /home/saul/bumperbot_ws/install/bumperbot_cpp_examples/share/bumperbot_cpp_examples/local_setup.zsh
[68.409s] -- Symlinking: /home/saul/bumperbot_ws/install/bumperbot_cpp_examples/share/bumperbot_cpp_examples/local_setup.dsv
[68.427s] -- Symlinking: /home/saul/bumperbot_ws/install/bumperbot_cpp_examples/share/bumperbot_cpp_examples/package.dsv
[68.437s] -- Symlinking: /home/saul/bumperbot_ws/install/bumperbot_cpp_examples/share/ament_index/resource_index/packages/bumperbot_cpp_examples
[68.456s] -- Symlinking: /home/saul/bumperbot_ws/install/bumperbot_cpp_examples/share/bumperbot_cpp_examples/cmake/bumperbot_cpp_examplesConfig.cmake
[68.466s] -- Symlinking: /home/saul/bumperbot_ws/install/bumperbot_cpp_examples/share/bumperbot_cpp_examples/cmake/bumperbot_cpp_examplesConfig-version.cmake
[68.484s] -- Symlinking: /home/saul/bumperbot_ws/install/bumperbot_cpp_examples/share/bumperbot_cpp_examples/package.xml
[68.499s] Invoked command in '/home/saul/bumperbot_ws/build/bumperbot_cpp_examples' returned '0': AMENT_PREFIX_PATH=/home/saul/bumperbot_ws/install/bumperbot_msgs:${AMENT_PREFIX_PATH} CMAKE_PREFIX_PATH=/home/saul/bumperbot_ws/install/bumperbot_msgs:/opt/ros/humble LD_LIBRARY_PATH=/home/saul/bumperbot_ws/install/bumperbot_msgs/lib:/usr/lib/x86_64-linux-gnu/gazebo-11/plugins:/opt/ros/humble/opt/rviz_ogre_vendor/lib:/opt/ros/humble/lib/x86_64-linux-gnu:/opt/ros/humble/lib:/usr/share/gazebo/../../lib/x86_64-linux-gnu/gazebo-11/plugins PYTHONPATH=/home/saul/bumperbot_ws/install/bumperbot_msgs/local/lib/python3.10/dist-packages:${PYTHONPATH} /usr/bin/cmake --install /home/saul/bumperbot_ws/build/bumperbot_cpp_examples
