[1.075s] Invoking command in '/home/saul/bumperbot_ws/build/bumperbot_py_examples': CMAKE_PREFIX_PATH=/home/saul/bumperbot_ws/install/bumperbot_msgs:/home/saul/bumperbot_ws/install/bumperbot_cpp_examples:/home/saul/bumperbot_ws/install/bumperbot_localization:/home/saul/bumperbot_ws/install/bumperbot_firmware:/home/saul/bumperbot_ws/install/bumperbot_description:/home/saul/bumperbot_ws/install/bumperbot_controller:/home/saul/bumperbot_ws/install/bumperbot_bringup LD_LIBRARY_PATH=/home/saul/bumperbot_ws/install/bumperbot_msgs/lib:/home/saul/bumperbot_ws/install/bumperbot_firmware/lib:/usr/lib/x86_64-linux-gnu/gazebo-11/plugins:/opt/ros/humble/opt/rviz_ogre_vendor/lib:/opt/ros/humble/lib/x86_64-linux-gnu:/opt/ros/humble/lib:/usr/share/gazebo/../../lib/x86_64-linux-gnu/gazebo-11/plugins PYTHONPATH=/home/saul/bumperbot_ws/build/bumperbot_py_examples/prefix_override:/usr/lib/python3/dist-packages/colcon_core/task/python/colcon_distutils_commands:/home/saul/bumperbot_ws/install/bumperbot_py_examples/lib/python3.10/site-packages:${PYTHONPATH} /usr/bin/python3 -W ignore:setup.py install is deprecated -W ignore:easy_install command is deprecated setup.py develop --editable --build-directory /home/saul/bumperbot_ws/build/bumperbot_py_examples/build --no-deps symlink_data
[1.485s] running develop
[1.761s] running egg_info
[1.762s] writing bumperbot_py_examples.egg-info/PKG-INFO
[1.762s] writing dependency_links to bumperbot_py_examples.egg-info/dependency_links.txt
[1.762s] writing entry points to bumperbot_py_examples.egg-info/entry_points.txt
[1.762s] writing requirements to bumperbot_py_examples.egg-info/requires.txt
[1.763s] writing top-level names to bumperbot_py_examples.egg-info/top_level.txt
[1.765s] reading manifest file 'bumperbot_py_examples.egg-info/SOURCES.txt'
[1.766s] writing manifest file 'bumperbot_py_examples.egg-info/SOURCES.txt'
[1.767s] running build_ext
[1.768s] Creating /home/saul/bumperbot_ws/install/bumperbot_py_examples/lib/python3.10/site-packages/bumperbot-py-examples.egg-link (link to .)
[1.769s] Installing simple_lifecycle_node script to /home/saul/bumperbot_ws/install/bumperbot_py_examples/lib/bumperbot_py_examples
[1.769s] Installing simple_parameter script to /home/saul/bumperbot_ws/install/bumperbot_py_examples/lib/bumperbot_py_examples
[1.769s] Installing simple_publisher script to /home/saul/bumperbot_ws/install/bumperbot_py_examples/lib/bumperbot_py_examples
[1.770s] Installing simple_service_client script to /home/saul/bumperbot_ws/install/bumperbot_py_examples/lib/bumperbot_py_examples
[1.770s] Installing simple_service_server script to /home/saul/bumperbot_ws/install/bumperbot_py_examples/lib/bumperbot_py_examples
[1.770s] Installing simple_subscriber script to /home/saul/bumperbot_ws/install/bumperbot_py_examples/lib/bumperbot_py_examples
[1.770s] Installing simple_tf_kinematics script to /home/saul/bumperbot_ws/install/bumperbot_py_examples/lib/bumperbot_py_examples
[1.770s] Installing simple_turtlesim_kinematics script to /home/saul/bumperbot_ws/install/bumperbot_py_examples/lib/bumperbot_py_examples
[1.770s] 
[1.771s] Installed /home/saul/bumperbot_ws/build/bumperbot_py_examples
[1.771s] running symlink_data
[1.810s] Invoked command in '/home/saul/bumperbot_ws/build/bumperbot_py_examples' returned '0': CMAKE_PREFIX_PATH=/home/saul/bumperbot_ws/install/bumperbot_msgs:/home/saul/bumperbot_ws/install/bumperbot_cpp_examples:/home/saul/bumperbot_ws/install/bumperbot_localization:/home/saul/bumperbot_ws/install/bumperbot_firmware:/home/saul/bumperbot_ws/install/bumperbot_description:/home/saul/bumperbot_ws/install/bumperbot_controller:/home/saul/bumperbot_ws/install/bumperbot_bringup LD_LIBRARY_PATH=/home/saul/bumperbot_ws/install/bumperbot_msgs/lib:/home/saul/bumperbot_ws/install/bumperbot_firmware/lib:/usr/lib/x86_64-linux-gnu/gazebo-11/plugins:/opt/ros/humble/opt/rviz_ogre_vendor/lib:/opt/ros/humble/lib/x86_64-linux-gnu:/opt/ros/humble/lib:/usr/share/gazebo/../../lib/x86_64-linux-gnu/gazebo-11/plugins PYTHONPATH=/home/saul/bumperbot_ws/build/bumperbot_py_examples/prefix_override:/usr/lib/python3/dist-packages/colcon_core/task/python/colcon_distutils_commands:/home/saul/bumperbot_ws/install/bumperbot_py_examples/lib/python3.10/site-packages:${PYTHONPATH} /usr/bin/python3 -W ignore:setup.py install is deprecated -W ignore:easy_install command is deprecated setup.py develop --editable --build-directory /home/saul/bumperbot_ws/build/bumperbot_py_examples/build --no-deps symlink_data
