[0.032s] Invoking command in '/home/saul/bumperbot_ws/build/bumperbot_bringup': CMAKE_PREFIX_PATH=/opt/ros/humble /usr/bin/cmake /home/saul/bumperbot_ws/src/bumperbot_bringup -DAMENT_CMAKE_SYMLINK_INSTALL=1 -DCMAKE_INSTALL_PREFIX=/home/saul/bumperbot_ws/install/bumperbot_bringup
[0.127s] -- The C compiler identification is GNU 11.4.0
[0.242s] -- The CXX compiler identification is GNU 11.4.0
[0.255s] -- Detecting C compiler ABI info
[0.384s] -- Detecting C compiler ABI info - done
[0.404s] -- Check for working C compiler: /usr/bin/cc - skipped
[0.404s] -- Detecting C compile features
[0.405s] -- Detecting C compile features - done
[0.411s] -- Detecting CXX compiler ABI info
[0.540s] -- Detecting CXX compiler ABI info - done
[0.555s] -- Check for working CXX compiler: /usr/bin/c++ - skipped
[0.555s] -- Detecting CXX compile features
[0.556s] -- Detecting CXX compile features - done
[0.563s] -- Found ament_cmake: 1.3.12 (/opt/ros/humble/share/ament_cmake/cmake)
[0.861s] -- Found Python3: /usr/bin/python3 (found version "3.10.12") found components: Interpreter 
[0.997s] -- Override CMake install command with custom implementation using symlinks instead of copying resources
[1.193s] -- Configuring done
[1.195s] -- Generating done
[1.198s] -- Build files have been written to: /home/saul/bumperbot_ws/build/bumperbot_bringup
[1.207s] Invoked command in '/home/saul/bumperbot_ws/build/bumperbot_bringup' returned '0': CMAKE_PREFIX_PATH=/opt/ros/humble /usr/bin/cmake /home/saul/bumperbot_ws/src/bumperbot_bringup -DAMENT_CMAKE_SYMLINK_INSTALL=1 -DCMAKE_INSTALL_PREFIX=/home/saul/bumperbot_ws/install/bumperbot_bringup
[1.211s] Invoking command in '/home/saul/bumperbot_ws/build/bumperbot_bringup': CMAKE_PREFIX_PATH=/opt/ros/humble /usr/bin/cmake --build /home/saul/bumperbot_ws/build/bumperbot_bringup -- -j8 -l8
[1.286s] Invoked command in '/home/saul/bumperbot_ws/build/bumperbot_bringup' returned '0': CMAKE_PREFIX_PATH=/opt/ros/humble /usr/bin/cmake --build /home/saul/bumperbot_ws/build/bumperbot_bringup -- -j8 -l8
[1.305s] Invoking command in '/home/saul/bumperbot_ws/build/bumperbot_bringup': CMAKE_PREFIX_PATH=/opt/ros/humble /usr/bin/cmake --install /home/saul/bumperbot_ws/build/bumperbot_bringup
[1.318s] -- Install configuration: ""
[1.319s] -- Execute custom install script
[1.320s] -- Symlinking: /home/saul/bumperbot_ws/install/bumperbot_bringup/share/bumperbot_bringup/launch/real_robot.launch.py
[1.342s] -- Symlinking: /home/saul/bumperbot_ws/install/bumperbot_bringup/share/bumperbot_bringup/launch/simulated_robot.launch.py
[1.354s] -- Symlinking: /home/saul/bumperbot_ws/install/bumperbot_bringup/share/ament_index/resource_index/package_run_dependencies/bumperbot_bringup
[1.370s] -- Symlinking: /home/saul/bumperbot_ws/install/bumperbot_bringup/share/ament_index/resource_index/parent_prefix_path/bumperbot_bringup
[1.383s] -- Symlinking: /home/saul/bumperbot_ws/install/bumperbot_bringup/share/bumperbot_bringup/environment/ament_prefix_path.sh
[1.395s] -- Symlinking: /home/saul/bumperbot_ws/install/bumperbot_bringup/share/bumperbot_bringup/environment/ament_prefix_path.dsv
[1.407s] -- Symlinking: /home/saul/bumperbot_ws/install/bumperbot_bringup/share/bumperbot_bringup/environment/path.sh
[1.421s] -- Symlinking: /home/saul/bumperbot_ws/install/bumperbot_bringup/share/bumperbot_bringup/environment/path.dsv
[1.440s] -- Symlinking: /home/saul/bumperbot_ws/install/bumperbot_bringup/share/bumperbot_bringup/local_setup.bash
[1.457s] -- Symlinking: /home/saul/bumperbot_ws/install/bumperbot_bringup/share/bumperbot_bringup/local_setup.sh
[1.472s] -- Symlinking: /home/saul/bumperbot_ws/install/bumperbot_bringup/share/bumperbot_bringup/local_setup.zsh
[1.486s] -- Symlinking: /home/saul/bumperbot_ws/install/bumperbot_bringup/share/bumperbot_bringup/local_setup.dsv
[1.498s] -- Symlinking: /home/saul/bumperbot_ws/install/bumperbot_bringup/share/bumperbot_bringup/package.dsv
[1.512s] -- Symlinking: /home/saul/bumperbot_ws/install/bumperbot_bringup/share/ament_index/resource_index/packages/bumperbot_bringup
[1.530s] -- Symlinking: /home/saul/bumperbot_ws/install/bumperbot_bringup/share/bumperbot_bringup/cmake/bumperbot_bringupConfig.cmake
[1.547s] -- Symlinking: /home/saul/bumperbot_ws/install/bumperbot_bringup/share/bumperbot_bringup/cmake/bumperbot_bringupConfig-version.cmake
[1.560s] -- Symlinking: /home/saul/bumperbot_ws/install/bumperbot_bringup/share/bumperbot_bringup/package.xml
[1.584s] Invoked command in '/home/saul/bumperbot_ws/build/bumperbot_bringup' returned '0': CMAKE_PREFIX_PATH=/opt/ros/humble /usr/bin/cmake --install /home/saul/bumperbot_ws/build/bumperbot_bringup
