[0.040s] Invoking command in '/home/saul/bumperbot_ws/build/bumperbot_firmware': CMAKE_PREFIX_PATH=${CMAKE_PREFIX_PATH}:/home/saul/bumperbot_ws/install/bumperbot_py_examples:/opt/ros/humble /usr/bin/cmake --build /home/saul/bumperbot_ws/build/bumperbot_firmware -- -j8 -l8
[0.234s] [  0%] Built target ament_cmake_python_symlink_bumperbot_firmware
[0.277s] [ 33%] Built target simple_serial_transmitter
[0.296s] [ 66%] Built target simple_serial_receiver
[0.303s] [100%] Built target bumperbot_firmware
[0.875s] running egg_info
[0.876s] writing bumperbot_firmware.egg-info/PKG-INFO
[0.876s] writing dependency_links to bumperbot_firmware.egg-info/dependency_links.txt
[0.877s] writing top-level names to bumperbot_firmware.egg-info/top_level.txt
[0.881s] reading manifest file 'bumperbot_firmware.egg-info/SOURCES.txt'
[0.882s] writing manifest file 'bumperbot_firmware.egg-info/SOURCES.txt'
[0.942s] [100%] Built target ament_cmake_python_build_bumperbot_firmware_egg
[0.965s] Invoked command in '/home/saul/bumperbot_ws/build/bumperbot_firmware' returned '0': CMAKE_PREFIX_PATH=${CMAKE_PREFIX_PATH}:/home/saul/bumperbot_ws/install/bumperbot_py_examples:/opt/ros/humble /usr/bin/cmake --build /home/saul/bumperbot_ws/build/bumperbot_firmware -- -j8 -l8
[0.972s] Invoking command in '/home/saul/bumperbot_ws/build/bumperbot_firmware': CMAKE_PREFIX_PATH=${CMAKE_PREFIX_PATH}:/home/saul/bumperbot_ws/install/bumperbot_py_examples:/opt/ros/humble /usr/bin/cmake --install /home/saul/bumperbot_ws/build/bumperbot_firmware
[0.995s] -- Install configuration: ""
[0.996s] -- Execute custom install script
[0.997s] -- Up-to-date symlink: /home/saul/bumperbot_ws/install/bumperbot_firmware/share/bumperbot_firmware/environment/pythonpath.sh
[0.997s] -- Up-to-date symlink: /home/saul/bumperbot_ws/install/bumperbot_firmware/share/bumperbot_firmware/environment/pythonpath.dsv
[0.998s] -- Up-to-date symlink: /home/saul/bumperbot_ws/install/bumperbot_firmware/local/lib/python3.10/dist-packages/bumperbot_firmware-0.0.0-py3.10.egg-info/PKG-INFO
[0.998s] -- Up-to-date symlink: /home/saul/bumperbot_ws/install/bumperbot_firmware/local/lib/python3.10/dist-packages/bumperbot_firmware-0.0.0-py3.10.egg-info/SOURCES.txt
[0.999s] -- Up-to-date symlink: /home/saul/bumperbot_ws/install/bumperbot_firmware/local/lib/python3.10/dist-packages/bumperbot_firmware-0.0.0-py3.10.egg-info/dependency_links.txt
[1.000s] -- Up-to-date symlink: /home/saul/bumperbot_ws/install/bumperbot_firmware/local/lib/python3.10/dist-packages/bumperbot_firmware-0.0.0-py3.10.egg-info/top_level.txt
[1.000s] -- Up-to-date symlink: /home/saul/bumperbot_ws/install/bumperbot_firmware/local/lib/python3.10/dist-packages/bumperbot_firmware/__init__.py
[1.001s] -- Up-to-date symlink: /home/saul/bumperbot_ws/install/bumperbot_firmware/local/lib/python3.10/dist-packages/bumperbot_firmware/mpu6050_driver.py
[1.001s] -- Up-to-date symlink: /home/saul/bumperbot_ws/install/bumperbot_firmware/local/lib/python3.10/dist-packages/bumperbot_firmware/simple_serial_receiver.py
[1.002s] -- Up-to-date symlink: /home/saul/bumperbot_ws/install/bumperbot_firmware/local/lib/python3.10/dist-packages/bumperbot_firmware/simple_serial_transmitter.py
[1.003s] -- Up-to-date symlink: /home/saul/bumperbot_ws/install/bumperbot_firmware/share/bumperbot_firmware//bumperbot_interface.xml
[1.004s] -- Up-to-date symlink: /home/saul/bumperbot_ws/install/bumperbot_firmware/lib/libbumperbot_firmware.so
[1.004s] -- Up-to-date symlink: /home/saul/bumperbot_ws/install/bumperbot_firmware/include/include/bumperbot_firmware/bumperbot_interface.hpp
[1.004s] -- Up-to-date symlink: /home/saul/bumperbot_ws/install/bumperbot_firmware/share/bumperbot_firmware/launch/hardware_interface.launch.py
[1.004s] -- Up-to-date symlink: /home/saul/bumperbot_ws/install/bumperbot_firmware/lib/bumperbot_firmware/simple_serial_transmitter.py
[1.004s] -- Up-to-date symlink: /home/saul/bumperbot_ws/install/bumperbot_firmware/lib/bumperbot_firmware/simple_serial_receiver.py
[1.005s] -- Up-to-date symlink: /home/saul/bumperbot_ws/install/bumperbot_firmware/lib/bumperbot_firmware/mpu6050_driver.py
[1.005s] -- Up-to-date symlink: /home/saul/bumperbot_ws/install/bumperbot_firmware/bin/simple_serial_receiver
[1.006s] -- Up-to-date symlink: /home/saul/bumperbot_ws/install/bumperbot_firmware/bin/simple_serial_transmitter
[1.006s] -- Up-to-date symlink: /home/saul/bumperbot_ws/install/bumperbot_firmware/share/bumperbot_firmware/environment/library_path.sh
[1.006s] -- Up-to-date symlink: /home/saul/bumperbot_ws/install/bumperbot_firmware/share/bumperbot_firmware/environment/library_path.dsv
[1.006s] -- Up-to-date symlink: /home/saul/bumperbot_ws/install/bumperbot_firmware/share/ament_index/resource_index/package_run_dependencies/bumperbot_firmware
[1.007s] -- Up-to-date symlink: /home/saul/bumperbot_ws/install/bumperbot_firmware/share/ament_index/resource_index/parent_prefix_path/bumperbot_firmware
[1.007s] -- Up-to-date symlink: /home/saul/bumperbot_ws/install/bumperbot_firmware/share/bumperbot_firmware/environment/ament_prefix_path.sh
[1.007s] -- Up-to-date symlink: /home/saul/bumperbot_ws/install/bumperbot_firmware/share/bumperbot_firmware/environment/ament_prefix_path.dsv
[1.007s] -- Up-to-date symlink: /home/saul/bumperbot_ws/install/bumperbot_firmware/share/bumperbot_firmware/environment/path.sh
[1.008s] -- Up-to-date symlink: /home/saul/bumperbot_ws/install/bumperbot_firmware/share/bumperbot_firmware/environment/path.dsv
[1.008s] -- Up-to-date symlink: /home/saul/bumperbot_ws/install/bumperbot_firmware/share/bumperbot_firmware/local_setup.bash
[1.008s] -- Up-to-date symlink: /home/saul/bumperbot_ws/install/bumperbot_firmware/share/bumperbot_firmware/local_setup.sh
[1.008s] -- Up-to-date symlink: /home/saul/bumperbot_ws/install/bumperbot_firmware/share/bumperbot_firmware/local_setup.zsh
[1.009s] -- Up-to-date symlink: /home/saul/bumperbot_ws/install/bumperbot_firmware/share/bumperbot_firmware/local_setup.dsv
[1.009s] -- Symlinking: /home/saul/bumperbot_ws/install/bumperbot_firmware/share/bumperbot_firmware/package.dsv
[1.015s] -- Up-to-date symlink: /home/saul/bumperbot_ws/install/bumperbot_firmware/share/ament_index/resource_index/packages/bumperbot_firmware
[1.015s] -- Up-to-date symlink: /home/saul/bumperbot_ws/install/bumperbot_firmware/share/ament_index/resource_index/hardware_interface__pluginlib__plugin/bumperbot_firmware
[1.015s] -- Up-to-date symlink: /home/saul/bumperbot_ws/install/bumperbot_firmware/share/bumperbot_firmware/cmake/ament_cmake_export_include_directories-extras.cmake
[1.015s] -- Up-to-date symlink: /home/saul/bumperbot_ws/install/bumperbot_firmware/share/bumperbot_firmware/cmake/ament_cmake_export_libraries-extras.cmake
[1.016s] -- Up-to-date symlink: /home/saul/bumperbot_ws/install/bumperbot_firmware/share/bumperbot_firmware/cmake/ament_cmake_export_dependencies-extras.cmake
[1.016s] -- Up-to-date symlink: /home/saul/bumperbot_ws/install/bumperbot_firmware/share/bumperbot_firmware/cmake/bumperbot_firmwareConfig.cmake
[1.016s] -- Up-to-date symlink: /home/saul/bumperbot_ws/install/bumperbot_firmware/share/bumperbot_firmware/cmake/bumperbot_firmwareConfig-version.cmake
[1.016s] -- Up-to-date symlink: /home/saul/bumperbot_ws/install/bumperbot_firmware/share/bumperbot_firmware/package.xml
[1.055s] Listing '/home/saul/bumperbot_ws/install/bumperbot_firmware/local/lib/python3.10/dist-packages/bumperbot_firmware'...
[1.064s] Invoked command in '/home/saul/bumperbot_ws/build/bumperbot_firmware' returned '0': CMAKE_PREFIX_PATH=${CMAKE_PREFIX_PATH}:/home/saul/bumperbot_ws/install/bumperbot_py_examples:/opt/ros/humble /usr/bin/cmake --install /home/saul/bumperbot_ws/build/bumperbot_firmware
