[0.029s] Invoking command in '/home/saul/bumperbot_ws/build/bumperbot_controller': CMAKE_PREFIX_PATH=${CMAKE_PREFIX_PATH}:/home/saul/bumperbot_ws/install/bumperbot_py_examples:/opt/ros/humble /usr/bin/cmake --build /home/saul/bumperbot_ws/build/bumperbot_controller -- -j8 -l8
[0.462s] Invoked command in '/home/saul/bumperbot_ws/build/bumperbot_controller' returned '0': CMAKE_PREFIX_PATH=${CMAKE_PREFIX_PATH}:/home/saul/bumperbot_ws/install/bumperbot_py_examples:/opt/ros/humble /usr/bin/cmake --build /home/saul/bumperbot_ws/build/bumperbot_controller -- -j8 -l8
[0.478s] Invoking command in '/home/saul/bumperbot_ws/build/bumperbot_controller': CMAKE_PREFIX_PATH=${CMAKE_PREFIX_PATH}:/home/saul/bumperbot_ws/install/bumperbot_py_examples:/opt/ros/humble /usr/bin/cmake --install /home/saul/bumperbot_ws/build/bumperbot_controller
[0.489s] -- Install configuration: ""
[0.489s] -- Up-to-date: /home/saul/bumperbot_ws/install/bumperbot_controller/share/bumperbot_controller/config
[0.489s] -- Up-to-date: /home/saul/bumperbot_ws/install/bumperbot_controller/share/bumperbot_controller/config/bumperbot_controller.yaml
[0.490s] -- Up-to-date: /home/saul/bumperbot_ws/install/bumperbot_controller/share/bumperbot_controller/launch
[0.490s] -- Up-to-date: /home/saul/bumperbot_ws/install/bumperbot_controller/share/bumperbot_controller/launch/controller.launch.py
[0.490s] -- Up-to-date: /home/saul/bumperbot_ws/install/bumperbot_controller/share/ament_index/resource_index/package_run_dependencies/bumperbot_controller
[0.490s] -- Up-to-date: /home/saul/bumperbot_ws/install/bumperbot_controller/share/ament_index/resource_index/parent_prefix_path/bumperbot_controller
[0.490s] -- Up-to-date: /home/saul/bumperbot_ws/install/bumperbot_controller/share/bumperbot_controller/environment/ament_prefix_path.sh
[0.490s] -- Up-to-date: /home/saul/bumperbot_ws/install/bumperbot_controller/share/bumperbot_controller/environment/ament_prefix_path.dsv
[0.490s] -- Up-to-date: /home/saul/bumperbot_ws/install/bumperbot_controller/share/bumperbot_controller/environment/path.sh
[0.491s] -- Up-to-date: /home/saul/bumperbot_ws/install/bumperbot_controller/share/bumperbot_controller/environment/path.dsv
[0.491s] -- Up-to-date: /home/saul/bumperbot_ws/install/bumperbot_controller/share/bumperbot_controller/local_setup.bash
[0.491s] -- Up-to-date: /home/saul/bumperbot_ws/install/bumperbot_controller/share/bumperbot_controller/local_setup.sh
[0.491s] -- Up-to-date: /home/saul/bumperbot_ws/install/bumperbot_controller/share/bumperbot_controller/local_setup.zsh
[0.491s] -- Up-to-date: /home/saul/bumperbot_ws/install/bumperbot_controller/share/bumperbot_controller/local_setup.dsv
[0.491s] -- Installing: /home/saul/bumperbot_ws/install/bumperbot_controller/share/bumperbot_controller/package.dsv
[0.492s] -- Up-to-date: /home/saul/bumperbot_ws/install/bumperbot_controller/share/ament_index/resource_index/packages/bumperbot_controller
[0.492s] -- Up-to-date: /home/saul/bumperbot_ws/install/bumperbot_controller/share/bumperbot_controller/cmake/bumperbot_controllerConfig.cmake
[0.492s] -- Up-to-date: /home/saul/bumperbot_ws/install/bumperbot_controller/share/bumperbot_controller/cmake/bumperbot_controllerConfig-version.cmake
[0.492s] -- Up-to-date: /home/saul/bumperbot_ws/install/bumperbot_controller/share/bumperbot_controller/package.xml
[0.500s] Invoked command in '/home/saul/bumperbot_ws/build/bumperbot_controller' returned '0': CMAKE_PREFIX_PATH=${CMAKE_PREFIX_PATH}:/home/saul/bumperbot_ws/install/bumperbot_py_examples:/opt/ros/humble /usr/bin/cmake --install /home/saul/bumperbot_ws/build/bumperbot_controller
