[0.040s] Invoking command in '/home/saul/bumperbot_ws/build/bumperbot_controller': CMAKE_PREFIX_PATH=${CMAKE_PREFIX_PATH}:/home/saul/bumperbot_ws/install/bumperbot_py_examples:/opt/ros/humble /usr/bin/cmake --build /home/saul/bumperbot_ws/build/bumperbot_controller -- -j8 -l8
[0.082s] -- Found ament_cmake: 1.3.12 (/opt/ros/humble/share/ament_cmake/cmake)
[0.316s] -- Override CMake install command with custom implementation using symlinks instead of copying resources
[0.327s] -- Found rclcpp: 16.0.17 (/opt/ros/humble/share/rclcpp/cmake)
[0.377s] -- Found rosidl_generator_c: 3.1.8 (/opt/ros/humble/share/rosidl_generator_c/cmake)
[0.382s] -- Found rosidl_adapter: 3.1.8 (/opt/ros/humble/share/rosidl_adapter/cmake)
[0.394s] -- Found rosidl_generator_cpp: 3.1.8 (/opt/ros/humble/share/rosidl_generator_cpp/cmake)
[0.409s] -- Using all available rosidl_typesupport_c: rosidl_typesupport_fastrtps_c;rosidl_typesupport_introspection_c
[0.429s] -- Using all available rosidl_typesupport_cpp: rosidl_typesupport_fastrtps_cpp;rosidl_typesupport_introspection_cpp
[0.478s] -- Found rmw_implementation_cmake: 6.1.2 (/opt/ros/humble/share/rmw_implementation_cmake/cmake)
[0.481s] -- Found rmw_cyclonedds_cpp: 1.3.4 (/opt/ros/humble/share/rmw_cyclonedds_cpp/cmake)
[0.507s] -- Using RMW implementation 'rmw_cyclonedds_cpp' as default
[0.622s] -- Found rclpy: 3.3.19 (/opt/ros/humble/share/rclpy/cmake)
[0.622s] -- Found geometry_msgs: 4.9.0 (/opt/ros/humble/share/geometry_msgs/cmake)
[0.648s] -- Found sensor_msgs: 4.9.0 (/opt/ros/humble/share/sensor_msgs/cmake)
[0.671s] -- Found nav_msgs: 4.9.0 (/opt/ros/humble/share/nav_msgs/cmake)
[0.693s] -- Found tf2_ros: 0.25.18 (/opt/ros/humble/share/tf2_ros/cmake)
[1.018s] -- Configuring done
[1.042s] -- Generating done
[1.052s] -- Build files have been written to: /home/saul/bumperbot_ws/build/bumperbot_controller
[1.090s] [35m[1mConsolidate compiler generated dependencies of target noisy_controller[0m
[1.091s] [35m[1mConsolidate compiler generated dependencies of target simple_controller[0m
[1.123s] [  0%] Built target ament_cmake_python_symlink_bumperbot_controller
[1.124s] [ 50%] Built target noisy_controller
[1.134s] [100%] Built target simple_controller
[1.631s] running egg_info
[1.631s] writing bumperbot_controller.egg-info/PKG-INFO
[1.644s] writing dependency_links to bumperbot_controller.egg-info/dependency_links.txt
[1.650s] writing top-level names to bumperbot_controller.egg-info/top_level.txt
[1.653s] reading manifest file 'bumperbot_controller.egg-info/SOURCES.txt'
[1.653s] writing manifest file 'bumperbot_controller.egg-info/SOURCES.txt'
[1.689s] [100%] Built target ament_cmake_python_build_bumperbot_controller_egg
