[3.805s] Invoking command in '/home/saul/bumperbot_ws/build/bumperbot_py_examples': AMENT_PREFIX_PATH=/home/saul/bumperbot_ws/install/bumperbot_msgs:${AMENT_PREFIX_PATH} CMAKE_PREFIX_PATH=/home/saul/bumperbot_ws/install/bumperbot_msgs LD_LIBRARY_PATH=/home/saul/bumperbot_ws/install/bumperbot_msgs/lib:/usr/lib/x86_64-linux-gnu/gazebo-11/plugins:/opt/ros/humble/opt/rviz_ogre_vendor/lib:/opt/ros/humble/lib/x86_64-linux-gnu:/opt/ros/humble/lib:/usr/share/gazebo/../../lib/x86_64-linux-gnu/gazebo-11/plugins PYTHONPATH=/home/saul/bumperbot_ws/build/bumperbot_py_examples/prefix_override:/usr/lib/python3/dist-packages/colcon_core/task/python/colcon_distutils_commands:/home/saul/bumperbot_ws/install/bumperbot_py_examples/lib/python3.10/site-packages:/home/saul/bumperbot_ws/install/bumperbot_msgs/local/lib/python3.10/dist-packages:${PYTHONPATH} /usr/bin/python3 -W ignore:setup.py install is deprecated -W ignore:easy_install command is deprecated setup.py develop --editable --build-directory /home/saul/bumperbot_ws/build/bumperbot_py_examples/build --no-deps symlink_data
[5.249s] running develop
[6.291s] running egg_info
[6.291s] creating bumperbot_py_examples.egg-info
[6.293s] writing bumperbot_py_examples.egg-info/PKG-INFO
[6.295s] writing dependency_links to bumperbot_py_examples.egg-info/dependency_links.txt
[6.302s] writing entry points to bumperbot_py_examples.egg-info/entry_points.txt
[6.307s] writing requirements to bumperbot_py_examples.egg-info/requires.txt
[6.307s] writing top-level names to bumperbot_py_examples.egg-info/top_level.txt
[6.308s] writing manifest file 'bumperbot_py_examples.egg-info/SOURCES.txt'
[6.317s] reading manifest file 'bumperbot_py_examples.egg-info/SOURCES.txt'
[6.319s] writing manifest file 'bumperbot_py_examples.egg-info/SOURCES.txt'
[6.332s] running build_ext
[6.333s] Creating /home/saul/bumperbot_ws/install/bumperbot_py_examples/lib/python3.10/site-packages/bumperbot-py-examples.egg-link (link to .)
[6.334s] Installing simple_lifecycle_node script to /home/saul/bumperbot_ws/install/bumperbot_py_examples/lib/bumperbot_py_examples
[6.335s] Installing simple_parameter script to /home/saul/bumperbot_ws/install/bumperbot_py_examples/lib/bumperbot_py_examples
[6.343s] Installing simple_publisher script to /home/saul/bumperbot_ws/install/bumperbot_py_examples/lib/bumperbot_py_examples
[6.344s] Installing simple_service_client script to /home/saul/bumperbot_ws/install/bumperbot_py_examples/lib/bumperbot_py_examples
[6.346s] Installing simple_service_server script to /home/saul/bumperbot_ws/install/bumperbot_py_examples/lib/bumperbot_py_examples
[6.347s] Installing simple_subscriber script to /home/saul/bumperbot_ws/install/bumperbot_py_examples/lib/bumperbot_py_examples
[6.348s] Installing simple_tf_kinematics script to /home/saul/bumperbot_ws/install/bumperbot_py_examples/lib/bumperbot_py_examples
[6.349s] Installing simple_turtlesim_kinematics script to /home/saul/bumperbot_ws/install/bumperbot_py_examples/lib/bumperbot_py_examples
[6.357s] 
[6.358s] Installed /home/saul/bumperbot_ws/build/bumperbot_py_examples
[6.358s] running symlink_data
[6.359s] creating /home/saul/bumperbot_ws/install/bumperbot_py_examples/share/ament_index
[6.359s] creating /home/saul/bumperbot_ws/install/bumperbot_py_examples/share/ament_index/resource_index
[6.359s] creating /home/saul/bumperbot_ws/install/bumperbot_py_examples/share/ament_index/resource_index/packages
[6.359s] symbolically linking /home/saul/bumperbot_ws/build/bumperbot_py_examples/resource/bumperbot_py_examples -> /home/saul/bumperbot_ws/install/bumperbot_py_examples/share/ament_index/resource_index/packages
[6.359s] symbolically linking /home/saul/bumperbot_ws/build/bumperbot_py_examples/package.xml -> /home/saul/bumperbot_ws/install/bumperbot_py_examples/share/bumperbot_py_examples
[6.529s] Invoked command in '/home/saul/bumperbot_ws/build/bumperbot_py_examples' returned '0': AMENT_PREFIX_PATH=/home/saul/bumperbot_ws/install/bumperbot_msgs:${AMENT_PREFIX_PATH} CMAKE_PREFIX_PATH=/home/saul/bumperbot_ws/install/bumperbot_msgs LD_LIBRARY_PATH=/home/saul/bumperbot_ws/install/bumperbot_msgs/lib:/usr/lib/x86_64-linux-gnu/gazebo-11/plugins:/opt/ros/humble/opt/rviz_ogre_vendor/lib:/opt/ros/humble/lib/x86_64-linux-gnu:/opt/ros/humble/lib:/usr/share/gazebo/../../lib/x86_64-linux-gnu/gazebo-11/plugins PYTHONPATH=/home/saul/bumperbot_ws/build/bumperbot_py_examples/prefix_override:/usr/lib/python3/dist-packages/colcon_core/task/python/colcon_distutils_commands:/home/saul/bumperbot_ws/install/bumperbot_py_examples/lib/python3.10/site-packages:/home/saul/bumperbot_ws/install/bumperbot_msgs/local/lib/python3.10/dist-packages:${PYTHONPATH} /usr/bin/python3 -W ignore:setup.py install is deprecated -W ignore:easy_install command is deprecated setup.py develop --editable --build-directory /home/saul/bumperbot_ws/build/bumperbot_py_examples/build --no-deps symlink_data
