[0.018s] Invoking command in '/home/saul/bumperbot_ws/build/bumperbot_cpp_examples': CMAKE_PREFIX_PATH=/home/saul/bumperbot_ws/install/bumperbot_msgs:/home/saul/bumperbot_ws/install/bumperbot_cpp_examples:/home/saul/bumperbot_ws/install/bumperbot_localization:/home/saul/bumperbot_ws/install/bumperbot_firmware:/home/saul/bumperbot_ws/install/bumperbot_description:/home/saul/bumperbot_ws/install/bumperbot_controller:/home/saul/bumperbot_ws/install/bumperbot_bringup:/home/saul/bumperbot_ws/install/bumperbot_py_examples:/opt/ros/humble LD_LIBRARY_PATH=/home/saul/bumperbot_ws/install/bumperbot_msgs/lib:/home/saul/bumperbot_ws/install/bumperbot_firmware/lib:/usr/lib/x86_64-linux-gnu/gazebo-11/plugins:/opt/ros/humble/opt/rviz_ogre_vendor/lib:/opt/ros/humble/lib/x86_64-linux-gnu:/opt/ros/humble/lib:/usr/share/gazebo/../../lib/x86_64-linux-gnu/gazebo-11/plugins /usr/bin/cmake --build /home/saul/bumperbot_ws/build/bumperbot_cpp_examples -- -j8 -l8
[0.051s] -- Found ament_cmake: 1.3.12 (/opt/ros/humble/share/ament_cmake/cmake)
[0.215s] -- Override CMake install command with custom implementation using symlinks instead of copying resources
[0.225s] -- Found rclcpp: 16.0.17 (/opt/ros/humble/share/rclcpp/cmake)
[0.261s] -- Found rosidl_generator_c: 3.1.8 (/opt/ros/humble/share/rosidl_generator_c/cmake)
[0.265s] -- Found rosidl_adapter: 3.1.8 (/opt/ros/humble/share/rosidl_adapter/cmake)
[0.274s] -- Found rosidl_generator_cpp: 3.1.8 (/opt/ros/humble/share/rosidl_generator_cpp/cmake)
[0.287s] -- Using all available rosidl_typesupport_c: rosidl_typesupport_fastrtps_c;rosidl_typesupport_introspection_c
[0.306s] -- Using all available rosidl_typesupport_cpp: rosidl_typesupport_fastrtps_cpp;rosidl_typesupport_introspection_cpp
[0.350s] -- Found rmw_implementation_cmake: 6.1.2 (/opt/ros/humble/share/rmw_implementation_cmake/cmake)
[0.352s] -- Found rmw_cyclonedds_cpp: 1.3.4 (/opt/ros/humble/share/rmw_cyclonedds_cpp/cmake)
[0.376s] -- Using RMW implementation 'rmw_cyclonedds_cpp' as default
[0.448s] -- Found turtlesim: 1.4.3 (/opt/ros/humble/share/turtlesim/cmake)
[0.502s] -- Found bumperbot_msgs: 0.0.0 (/home/saul/bumperbot_ws/install/bumperbot_msgs/share/bumperbot_msgs/cmake)
[0.540s] -- Found tf2: 0.25.18 (/opt/ros/humble/share/tf2/cmake)
[0.546s] -- Found tf2_ros: 0.25.18 (/opt/ros/humble/share/tf2_ros/cmake)
[0.624s] -- Found rclcpp_lifecycle: 16.0.17 (/opt/ros/humble/share/rclcpp_lifecycle/cmake)
[0.762s] -- Configuring done
[0.806s] -- Generating done
[0.822s] -- Build files have been written to: /home/saul/bumperbot_ws/build/bumperbot_cpp_examples
[0.870s] [35m[1mConsolidate compiler generated dependencies of target simple_service_server[0m
[0.870s] [35m[1mConsolidate compiler generated dependencies of target simple_turtlesim_kinematics[0m
[0.871s] [35m[1mConsolidate compiler generated dependencies of target simple_service_client[0m
[0.871s] [35m[1mConsolidate compiler generated dependencies of target simple_subscriber[0m
[0.871s] [35m[1mConsolidate compiler generated dependencies of target simple_lifecycle_node[0m
[0.871s] [35m[1mConsolidate compiler generated dependencies of target simple_parameter[0m
[0.871s] [35m[1mConsolidate compiler generated dependencies of target simple_publisher[0m
[0.871s] [35m[1mConsolidate compiler generated dependencies of target simple_tf_kinematics[0m
[0.897s] [ 37%] Built target simple_lifecycle_node
[0.897s] [ 37%] Built target simple_turtlesim_kinematics
[0.897s] [ 37%] Built target simple_service_server
[0.904s] [ 50%] Built target simple_service_client
[0.910s] [ 62%] Built target simple_parameter
[0.911s] [ 75%] Built target simple_tf_kinematics
[0.913s] [ 87%] Built target simple_subscriber
[0.917s] [100%] Built target simple_publisher
[0.931s] Invoked command in '/home/saul/bumperbot_ws/build/bumperbot_cpp_examples' returned '0': CMAKE_PREFIX_PATH=/home/saul/bumperbot_ws/install/bumperbot_msgs:/home/saul/bumperbot_ws/install/bumperbot_cpp_examples:/home/saul/bumperbot_ws/install/bumperbot_localization:/home/saul/bumperbot_ws/install/bumperbot_firmware:/home/saul/bumperbot_ws/install/bumperbot_description:/home/saul/bumperbot_ws/install/bumperbot_controller:/home/saul/bumperbot_ws/install/bumperbot_bringup:/home/saul/bumperbot_ws/install/bumperbot_py_examples:/opt/ros/humble LD_LIBRARY_PATH=/home/saul/bumperbot_ws/install/bumperbot_msgs/lib:/home/saul/bumperbot_ws/install/bumperbot_firmware/lib:/usr/lib/x86_64-linux-gnu/gazebo-11/plugins:/opt/ros/humble/opt/rviz_ogre_vendor/lib:/opt/ros/humble/lib/x86_64-linux-gnu:/opt/ros/humble/lib:/usr/share/gazebo/../../lib/x86_64-linux-gnu/gazebo-11/plugins /usr/bin/cmake --build /home/saul/bumperbot_ws/build/bumperbot_cpp_examples -- -j8 -l8
[0.932s] Invoking command in '/home/saul/bumperbot_ws/build/bumperbot_cpp_examples': CMAKE_PREFIX_PATH=/home/saul/bumperbot_ws/install/bumperbot_msgs:/home/saul/bumperbot_ws/install/bumperbot_cpp_examples:/home/saul/bumperbot_ws/install/bumperbot_localization:/home/saul/bumperbot_ws/install/bumperbot_firmware:/home/saul/bumperbot_ws/install/bumperbot_description:/home/saul/bumperbot_ws/install/bumperbot_controller:/home/saul/bumperbot_ws/install/bumperbot_bringup:/home/saul/bumperbot_ws/install/bumperbot_py_examples:/opt/ros/humble LD_LIBRARY_PATH=/home/saul/bumperbot_ws/install/bumperbot_msgs/lib:/home/saul/bumperbot_ws/install/bumperbot_firmware/lib:/usr/lib/x86_64-linux-gnu/gazebo-11/plugins:/opt/ros/humble/opt/rviz_ogre_vendor/lib:/opt/ros/humble/lib/x86_64-linux-gnu:/opt/ros/humble/lib:/usr/share/gazebo/../../lib/x86_64-linux-gnu/gazebo-11/plugins /usr/bin/cmake --install /home/saul/bumperbot_ws/build/bumperbot_cpp_examples
[0.941s] -- Install configuration: ""
[0.942s] -- Execute custom install script
[0.942s] -- Up-to-date symlink: /home/saul/bumperbot_ws/install/bumperbot_cpp_examples/include/include/bumperbot_cpp_examples/simple_tf_kinematics.hpp
[0.943s] -- Up-to-date symlink: /home/saul/bumperbot_ws/install/bumperbot_cpp_examples/include/include/bumperbot_cpp_examples/simple_turtlesim_kinematics.hpp
[0.943s] -- Up-to-date symlink: /home/saul/bumperbot_ws/install/bumperbot_cpp_examples/lib/bumperbot_cpp_examples/simple_publisher
[0.943s] -- Up-to-date symlink: /home/saul/bumperbot_ws/install/bumperbot_cpp_examples/lib/bumperbot_cpp_examples/simple_subscriber
[0.943s] -- Up-to-date symlink: /home/saul/bumperbot_ws/install/bumperbot_cpp_examples/lib/bumperbot_cpp_examples/simple_parameter
[0.943s] -- Up-to-date symlink: /home/saul/bumperbot_ws/install/bumperbot_cpp_examples/lib/bumperbot_cpp_examples/simple_turtlesim_kinematics
[0.944s] -- Up-to-date symlink: /home/saul/bumperbot_ws/install/bumperbot_cpp_examples/lib/bumperbot_cpp_examples/simple_service_server
[0.944s] -- Up-to-date symlink: /home/saul/bumperbot_ws/install/bumperbot_cpp_examples/lib/bumperbot_cpp_examples/simple_service_client
[0.944s] -- Up-to-date symlink: /home/saul/bumperbot_ws/install/bumperbot_cpp_examples/lib/bumperbot_cpp_examples/simple_tf_kinematics
[0.944s] -- Up-to-date symlink: /home/saul/bumperbot_ws/install/bumperbot_cpp_examples/lib/bumperbot_cpp_examples/simple_lifecycle_node
[0.945s] -- Up-to-date symlink: /home/saul/bumperbot_ws/install/bumperbot_cpp_examples/share/ament_index/resource_index/package_run_dependencies/bumperbot_cpp_examples
[0.945s] -- Up-to-date symlink: /home/saul/bumperbot_ws/install/bumperbot_cpp_examples/share/ament_index/resource_index/parent_prefix_path/bumperbot_cpp_examples
[0.945s] -- Up-to-date symlink: /home/saul/bumperbot_ws/install/bumperbot_cpp_examples/share/bumperbot_cpp_examples/environment/ament_prefix_path.sh
[0.945s] -- Up-to-date symlink: /home/saul/bumperbot_ws/install/bumperbot_cpp_examples/share/bumperbot_cpp_examples/environment/ament_prefix_path.dsv
[0.945s] -- Up-to-date symlink: /home/saul/bumperbot_ws/install/bumperbot_cpp_examples/share/bumperbot_cpp_examples/environment/path.sh
[0.946s] -- Up-to-date symlink: /home/saul/bumperbot_ws/install/bumperbot_cpp_examples/share/bumperbot_cpp_examples/environment/path.dsv
[0.946s] -- Up-to-date symlink: /home/saul/bumperbot_ws/install/bumperbot_cpp_examples/share/bumperbot_cpp_examples/local_setup.bash
[0.946s] -- Up-to-date symlink: /home/saul/bumperbot_ws/install/bumperbot_cpp_examples/share/bumperbot_cpp_examples/local_setup.sh
[0.946s] -- Up-to-date symlink: /home/saul/bumperbot_ws/install/bumperbot_cpp_examples/share/bumperbot_cpp_examples/local_setup.zsh
[0.946s] -- Up-to-date symlink: /home/saul/bumperbot_ws/install/bumperbot_cpp_examples/share/bumperbot_cpp_examples/local_setup.dsv
[0.947s] -- Symlinking: /home/saul/bumperbot_ws/install/bumperbot_cpp_examples/share/bumperbot_cpp_examples/package.dsv
[0.958s] -- Up-to-date symlink: /home/saul/bumperbot_ws/install/bumperbot_cpp_examples/share/ament_index/resource_index/packages/bumperbot_cpp_examples
[0.958s] -- Up-to-date symlink: /home/saul/bumperbot_ws/install/bumperbot_cpp_examples/share/bumperbot_cpp_examples/cmake/bumperbot_cpp_examplesConfig.cmake
[0.958s] -- Up-to-date symlink: /home/saul/bumperbot_ws/install/bumperbot_cpp_examples/share/bumperbot_cpp_examples/cmake/bumperbot_cpp_examplesConfig-version.cmake
[0.958s] -- Up-to-date symlink: /home/saul/bumperbot_ws/install/bumperbot_cpp_examples/share/bumperbot_cpp_examples/package.xml
[0.961s] Invoked command in '/home/saul/bumperbot_ws/build/bumperbot_cpp_examples' returned '0': CMAKE_PREFIX_PATH=/home/saul/bumperbot_ws/install/bumperbot_msgs:/home/saul/bumperbot_ws/install/bumperbot_cpp_examples:/home/saul/bumperbot_ws/install/bumperbot_localization:/home/saul/bumperbot_ws/install/bumperbot_firmware:/home/saul/bumperbot_ws/install/bumperbot_description:/home/saul/bumperbot_ws/install/bumperbot_controller:/home/saul/bumperbot_ws/install/bumperbot_bringup:/home/saul/bumperbot_ws/install/bumperbot_py_examples:/opt/ros/humble LD_LIBRARY_PATH=/home/saul/bumperbot_ws/install/bumperbot_msgs/lib:/home/saul/bumperbot_ws/install/bumperbot_firmware/lib:/usr/lib/x86_64-linux-gnu/gazebo-11/plugins:/opt/ros/humble/opt/rviz_ogre_vendor/lib:/opt/ros/humble/lib/x86_64-linux-gnu:/opt/ros/humble/lib:/usr/share/gazebo/../../lib/x86_64-linux-gnu/gazebo-11/plugins /usr/bin/cmake --install /home/saul/bumperbot_ws/build/bumperbot_cpp_examples
